000 (42232593.007.000) 2026-02-26 15:14:01 Job submitted from host: <10.5.0.107:9618?addrs=10.5.0.107-9618&alias=sugwg-login.syr.edu&noUDP&sock=schedd_873_6244>
...
001 (42232593.007.000) 2026-02-26 15:14:33 Job executing on host: <10.5.212.57:9618?addrs=10.5.212.57-9618&alias=OG-NODE-10-5-212-57&noUDP&sock=startd_1508_f0e8>
...
006 (42232593.007.000) 2026-02-26 15:14:41 Image size of job updated: 64780
	36  -  MemoryUsage of job (MB)
	36004  -  ResidentSetSize of job (KB)
...
006 (42232593.007.000) 2026-02-26 15:19:41 Image size of job updated: 1576720
	330  -  MemoryUsage of job (MB)
	337176  -  ResidentSetSize of job (KB)
...
006 (42232593.007.000) 2026-02-26 15:29:42 Image size of job updated: 1611540
	347  -  MemoryUsage of job (MB)
	354660  -  ResidentSetSize of job (KB)
...
006 (42232593.007.000) 2026-02-26 15:34:43 Image size of job updated: 1611540
	417  -  MemoryUsage of job (MB)
	426800  -  ResidentSetSize of job (KB)
...
006 (42232593.007.000) 2026-02-26 15:39:43 Image size of job updated: 1611540
	687  -  MemoryUsage of job (MB)
	702984  -  ResidentSetSize of job (KB)
...
006 (42232593.007.000) 2026-02-26 15:48:57 Image size of job updated: 1615768
	687  -  MemoryUsage of job (MB)
	702984  -  ResidentSetSize of job (KB)
...
005 (42232593.007.000) 2026-02-26 15:48:57 Job terminated.
	(1) Normal termination (return value 0)
		Usr 0 00:32:57, Sys 0 00:03:12  -  Run Remote Usage
		Usr 0 00:00:00, Sys 0 00:00:00  -  Run Local Usage
		Usr 0 00:32:57, Sys 0 00:03:12  -  Total Remote Usage
		Usr 0 00:00:00, Sys 0 00:00:00  -  Total Local Usage
	0  -  Run Bytes Sent By Job
	0  -  Run Bytes Received By Job
	0  -  Total Bytes Sent By Job
	0  -  Total Bytes Received By Job
	Partitionable Resources :    Usage  Request Allocated 
	   Cpus                 :     1.04        6         6 
	   Disk (KB)            :     1           1     20927 
	   Memory (MB)          :   687        2048      2048 

	Job terminated of its own accord at 2026-02-26T20:48:57Z with exit-code 0.
...
