000 (42232593.005.000) 2026-02-26 15:14:01 Job submitted from host: <10.5.0.107:9618?addrs=10.5.0.107-9618&alias=sugwg-login.syr.edu&noUDP&sock=schedd_873_6244>
...
001 (42232593.005.000) 2026-02-26 15:14:43 Job executing on host: <10.5.180.40:9618?addrs=10.5.180.40-9618&alias=CRUSH-OG-10-5-180-40&noUDP&sock=startd_1531_b796>
...
006 (42232593.005.000) 2026-02-26 15:14:51 Image size of job updated: 291088
	42  -  MemoryUsage of job (MB)
	42000  -  ResidentSetSize of job (KB)
...
006 (42232593.005.000) 2026-02-26 15:19:51 Image size of job updated: 1678624
	426  -  MemoryUsage of job (MB)
	436084  -  ResidentSetSize of job (KB)
...
006 (42232593.005.000) 2026-02-26 15:39:54 Image size of job updated: 1678624
	430  -  MemoryUsage of job (MB)
	439760  -  ResidentSetSize of job (KB)
...
005 (42232593.005.000) 2026-02-26 15:49:28 Job terminated.
	(1) Normal termination (return value 0)
		Usr 0 00:32:31, Sys 0 00:03:09  -  Run Remote Usage
		Usr 0 00:00:00, Sys 0 00:00:00  -  Run Local Usage
		Usr 0 00:32:31, Sys 0 00:03:09  -  Total Remote Usage
		Usr 0 00:00:00, Sys 0 00:00:00  -  Total Local Usage
	0  -  Run Bytes Sent By Job
	0  -  Run Bytes Received By Job
	0  -  Total Bytes Sent By Job
	0  -  Total Bytes Received By Job
	Partitionable Resources :    Usage  Request Allocated 
	   Cpus                 :     1.01        6         6 
	   Disk (KB)            :     1           1     27316 
	   Memory (MB)          :   430        2048      2048 

	Job terminated of its own accord at 2026-02-26T20:49:28Z with exit-code 0.
...
