000 (42232593.003.000) 2026-02-26 15:14:01 Job submitted from host: <10.5.0.107:9618?addrs=10.5.0.107-9618&alias=sugwg-login.syr.edu&noUDP&sock=schedd_873_6244>
...
001 (42232593.003.000) 2026-02-26 15:14:32 Job executing on host: <10.5.4.2:9618?addrs=10.5.4.2-9618&alias=AS-PRIEVELAB04-S1-its-u20-nfs-20210413&noUDP&sock=startd_897_d88a>
...
006 (42232593.003.000) 2026-02-26 15:14:41 Image size of job updated: 62576
	34  -  MemoryUsage of job (MB)
	34196  -  ResidentSetSize of job (KB)
...
006 (42232593.003.000) 2026-02-26 15:19:42 Image size of job updated: 1514784
	787  -  MemoryUsage of job (MB)
	805116  -  ResidentSetSize of job (KB)
...
006 (42232593.003.000) 2026-02-26 15:24:42 Image size of job updated: 1606928
	787  -  MemoryUsage of job (MB)
	805116  -  ResidentSetSize of job (KB)
...
005 (42232593.003.000) 2026-02-26 15:33:26 Job terminated.
	(1) Normal termination (return value 0)
		Usr 0 00:23:34, Sys 0 00:00:58  -  Run Remote Usage
		Usr 0 00:00:00, Sys 0 00:00:00  -  Run Local Usage
		Usr 0 00:23:34, Sys 0 00:00:58  -  Total Remote Usage
		Usr 0 00:00:00, Sys 0 00:00:00  -  Total Local Usage
	0  -  Run Bytes Sent By Job
	0  -  Run Bytes Received By Job
	0  -  Total Bytes Sent By Job
	0  -  Total Bytes Received By Job
	Partitionable Resources :    Usage  Request Allocated 
	   Cpus                 :     1.40        6         6 
	   Disk (KB)            :     1           1     31084 
	   Memory (MB)          :   787        2048      2048 

	Job terminated of its own accord at 2026-02-26T20:33:26Z with exit-code 0.
...
