000 (42232593.002.000) 2026-02-26 15:14:01 Job submitted from host: <10.5.0.107:9618?addrs=10.5.0.107-9618&alias=sugwg-login.syr.edu&noUDP&sock=schedd_873_6244>
...
001 (42232593.002.000) 2026-02-26 15:14:43 Job executing on host: <10.5.229.40:9618?addrs=10.5.229.40-9618&alias=CRUSH-OG-10-5-229-40&noUDP&sock=startd_1282_ec81>
...
006 (42232593.002.000) 2026-02-26 15:14:51 Image size of job updated: 338288
	36  -  MemoryUsage of job (MB)
	36076  -  ResidentSetSize of job (KB)
...
006 (42232593.002.000) 2026-02-26 15:19:51 Image size of job updated: 1514196
	264  -  MemoryUsage of job (MB)
	269540  -  ResidentSetSize of job (KB)
...
006 (42232593.002.000) 2026-02-26 15:24:52 Image size of job updated: 1611992
	264  -  MemoryUsage of job (MB)
	269540  -  ResidentSetSize of job (KB)
...
006 (42232593.002.000) 2026-02-26 15:29:53 Image size of job updated: 1611992
	819  -  MemoryUsage of job (MB)
	837992  -  ResidentSetSize of job (KB)
...
005 (42232593.002.000) 2026-02-26 15:56:21 Job terminated.
	(1) Normal termination (return value 0)
		Usr 0 00:39:31, Sys 0 00:03:37  -  Run Remote Usage
		Usr 0 00:00:00, Sys 0 00:00:00  -  Run Local Usage
		Usr 0 00:39:31, Sys 0 00:03:37  -  Total Remote Usage
		Usr 0 00:00:00, Sys 0 00:00:00  -  Total Local Usage
	0  -  Run Bytes Sent By Job
	0  -  Run Bytes Received By Job
	0  -  Total Bytes Sent By Job
	0  -  Total Bytes Received By Job
	Partitionable Resources :    Usage  Request Allocated 
	   Cpus                 :     1.06        6         6 
	   Disk (KB)            :     1           1     27405 
	   Memory (MB)          :   819        2048      2048 

	Job terminated of its own accord at 2026-02-26T20:56:21Z with exit-code 0.
...
