000 (42232593.001.000) 2026-02-26 15:14:01 Job submitted from host: <10.5.0.107:9618?addrs=10.5.0.107-9618&alias=sugwg-login.syr.edu&noUDP&sock=schedd_873_6244>
...
001 (42232593.001.000) 2026-02-26 15:14:38 Job executing on host: <10.5.197.47:9618?addrs=10.5.197.47-9618&alias=OG-NODE-10-5-197-47&noUDP&sock=startd_1535_75f7>
...
006 (42232593.001.000) 2026-02-26 15:14:46 Image size of job updated: 281652
	42  -  MemoryUsage of job (MB)
	42176  -  ResidentSetSize of job (KB)
...
006 (42232593.001.000) 2026-02-26 15:19:46 Image size of job updated: 1177896
	473  -  MemoryUsage of job (MB)
	484312  -  ResidentSetSize of job (KB)
...
006 (42232593.001.000) 2026-02-26 15:24:46 Image size of job updated: 1556776
	473  -  MemoryUsage of job (MB)
	484312  -  ResidentSetSize of job (KB)
...
006 (42232593.001.000) 2026-02-26 15:29:47 Image size of job updated: 1558820
	473  -  MemoryUsage of job (MB)
	484312  -  ResidentSetSize of job (KB)
...
006 (42232593.001.000) 2026-02-26 15:34:47 Image size of job updated: 1620264
	473  -  MemoryUsage of job (MB)
	484312  -  ResidentSetSize of job (KB)
...
005 (42232593.001.000) 2026-02-26 16:01:16 Job terminated.
	(1) Normal termination (return value 0)
		Usr 0 00:44:28, Sys 0 00:03:33  -  Run Remote Usage
		Usr 0 00:00:00, Sys 0 00:00:00  -  Run Local Usage
		Usr 0 00:44:28, Sys 0 00:03:33  -  Total Remote Usage
		Usr 0 00:00:00, Sys 0 00:00:00  -  Total Local Usage
	0  -  Run Bytes Sent By Job
	0  -  Run Bytes Received By Job
	0  -  Total Bytes Sent By Job
	0  -  Total Bytes Received By Job
	Partitionable Resources :    Usage  Request Allocated 
	   Cpus                 :     1.03        6         6 
	   Disk (KB)            :     1           1     23543 
	   Memory (MB)          :   473        2048      2048 

	Job terminated of its own accord at 2026-02-26T21:01:16Z with exit-code 0.
...
