000 (42232593.000.000) 2026-02-26 15:14:01 Job submitted from host: <10.5.0.107:9618?addrs=10.5.0.107-9618&alias=sugwg-login.syr.edu&noUDP&sock=schedd_873_6244>
...
001 (42232593.000.000) 2026-02-26 15:14:43 Job executing on host: <10.5.222.251:9618?addrs=10.5.222.251-9618&alias=CRUSH-OG-10-5-222-251&noUDP&sock=startd_1534_c65e>
...
006 (42232593.000.000) 2026-02-26 15:14:51 Image size of job updated: 66224
	37  -  MemoryUsage of job (MB)
	37580  -  ResidentSetSize of job (KB)
...
006 (42232593.000.000) 2026-02-26 15:19:51 Image size of job updated: 1642328
	450  -  MemoryUsage of job (MB)
	460004  -  ResidentSetSize of job (KB)
...
006 (42232593.000.000) 2026-02-26 15:29:53 Image size of job updated: 1642328
	615  -  MemoryUsage of job (MB)
	629680  -  ResidentSetSize of job (KB)
...
006 (42232593.000.000) 2026-02-26 15:34:53 Image size of job updated: 1642328
	621  -  MemoryUsage of job (MB)
	635824  -  ResidentSetSize of job (KB)
...
005 (42232593.000.000) 2026-02-26 15:49:01 Job terminated.
	(1) Normal termination (return value 0)
		Usr 0 00:32:05, Sys 0 00:03:09  -  Run Remote Usage
		Usr 0 00:00:00, Sys 0 00:00:00  -  Run Local Usage
		Usr 0 00:32:05, Sys 0 00:03:09  -  Total Remote Usage
		Usr 0 00:00:00, Sys 0 00:00:00  -  Total Local Usage
	0  -  Run Bytes Sent By Job
	0  -  Run Bytes Received By Job
	0  -  Total Bytes Sent By Job
	0  -  Total Bytes Received By Job
	Partitionable Resources :    Usage  Request Allocated 
	   Cpus                 :     1.03        6         6 
	   Disk (KB)            :     1           1     27352 
	   Memory (MB)          :   621        2048      2048 

	Job terminated of its own accord at 2026-02-26T20:49:01Z with exit-code 0.
...
