000 (42232593.006.000) 2026-02-26 15:14:01 Job submitted from host: <10.5.0.107:9618?addrs=10.5.0.107-9618&alias=sugwg-login.syr.edu&noUDP&sock=schedd_873_6244>
...
001 (42232593.006.000) 2026-02-26 15:14:38 Job executing on host: <10.5.196.11:9618?addrs=10.5.196.11-9618&alias=OG-NODE-10-5-196-11&noUDP&sock=startd_1515_be12>
...
006 (42232593.006.000) 2026-02-26 15:14:46 Image size of job updated: 102792
	65  -  MemoryUsage of job (MB)
	65832  -  ResidentSetSize of job (KB)
...
006 (42232593.006.000) 2026-02-26 15:19:46 Image size of job updated: 1554168
	226  -  MemoryUsage of job (MB)
	230552  -  ResidentSetSize of job (KB)
...
006 (42232593.006.000) 2026-02-26 15:24:47 Image size of job updated: 1554168
	252  -  MemoryUsage of job (MB)
	257744  -  ResidentSetSize of job (KB)
...
006 (42232593.006.000) 2026-02-26 15:29:48 Image size of job updated: 1554168
	487  -  MemoryUsage of job (MB)
	497792  -  ResidentSetSize of job (KB)
...
006 (42232593.006.000) 2026-02-26 15:34:48 Image size of job updated: 1615612
	917  -  MemoryUsage of job (MB)
	937992  -  ResidentSetSize of job (KB)
...
005 (42232593.006.000) 2026-02-26 15:48:13 Job terminated.
	(1) Normal termination (return value 0)
		Usr 0 00:32:17, Sys 0 00:02:59  -  Run Remote Usage
		Usr 0 00:00:00, Sys 0 00:00:00  -  Run Local Usage
		Usr 0 00:32:17, Sys 0 00:02:59  -  Total Remote Usage
		Usr 0 00:00:00, Sys 0 00:00:00  -  Total Local Usage
	0  -  Run Bytes Sent By Job
	0  -  Run Bytes Received By Job
	0  -  Total Bytes Sent By Job
	0  -  Total Bytes Received By Job
	Partitionable Resources :    Usage  Request Allocated 
	   Cpus                 :     1.05        6         6 
	   Disk (KB)            :     1           1     21846 
	   Memory (MB)          :   917        2048      2048 

	Job terminated of its own accord at 2026-02-26T20:48:12Z with exit-code 0.
...
