000 (42257296.000.000) 2026-02-27 10:25:27 Job submitted from host: <10.5.0.107:9618?addrs=10.5.0.107-9618&alias=sugwg-login.syr.edu&noUDP&sock=schedd_873_6244>
...
001 (42257296.000.000) 2026-02-27 10:25:52 Job executing on host: <10.5.239.211:9618?addrs=10.5.239.211-9618&alias=CRUSH-OG-10-5-239-211&noUDP&sock=startd_1531_b796>
...
006 (42257296.000.000) 2026-02-27 10:26:01 Image size of job updated: 341296
	42  -  MemoryUsage of job (MB)
	42364  -  ResidentSetSize of job (KB)
...
006 (42257296.000.000) 2026-02-27 10:31:02 Image size of job updated: 1636168
	276  -  MemoryUsage of job (MB)
	282468  -  ResidentSetSize of job (KB)
...
006 (42257296.000.000) 2026-02-27 10:36:03 Image size of job updated: 1636168
	364  -  MemoryUsage of job (MB)
	371868  -  ResidentSetSize of job (KB)
...
006 (42257296.000.000) 2026-02-27 10:46:03 Image size of job updated: 1636168
	465  -  MemoryUsage of job (MB)
	475496  -  ResidentSetSize of job (KB)
...
006 (42257296.000.000) 2026-02-27 10:51:04 Image size of job updated: 1636168
	498  -  MemoryUsage of job (MB)
	509664  -  ResidentSetSize of job (KB)
...
006 (42257296.000.000) 2026-02-27 10:56:04 Image size of job updated: 1636168
	738  -  MemoryUsage of job (MB)
	755160  -  ResidentSetSize of job (KB)
...
005 (42257296.000.000) 2026-02-27 11:00:25 Job terminated.
	(1) Normal termination (return value 0)
		Usr 0 00:32:28, Sys 0 00:02:58  -  Run Remote Usage
		Usr 0 00:00:00, Sys 0 00:00:00  -  Run Local Usage
		Usr 0 00:32:28, Sys 0 00:02:58  -  Total Remote Usage
		Usr 0 00:00:00, Sys 0 00:00:00  -  Total Local Usage
	0  -  Run Bytes Sent By Job
	0  -  Run Bytes Received By Job
	0  -  Total Bytes Sent By Job
	0  -  Total Bytes Received By Job
	Partitionable Resources :    Usage  Request Allocated 
	   Cpus                 :     1.01        6         6 
	   Disk (KB)            :     1           1     27426 
	   Memory (MB)          :   738        2048      2048 

	Job terminated of its own accord at 2026-02-27T16:00:25Z with exit-code 0.
...
