000 (42257296.008.000) 2026-02-27 10:25:28 Job submitted from host: <10.5.0.107:9618?addrs=10.5.0.107-9618&alias=sugwg-login.syr.edu&noUDP&sock=schedd_873_6244>
...
001 (42257296.008.000) 2026-02-27 10:25:52 Job executing on host: <10.5.219.99:9618?addrs=10.5.219.99-9618&alias=CRUSH-OG-10-5-219-99&noUDP&sock=startd_1537_d527>
...
006 (42257296.008.000) 2026-02-27 10:26:01 Image size of job updated: 359224
	50  -  MemoryUsage of job (MB)
	50932  -  ResidentSetSize of job (KB)
...
006 (42257296.008.000) 2026-02-27 10:31:02 Image size of job updated: 1614276
	719  -  MemoryUsage of job (MB)
	735668  -  ResidentSetSize of job (KB)
...
006 (42257296.008.000) 2026-02-27 10:36:03 Image size of job updated: 1614276
	729  -  MemoryUsage of job (MB)
	745908  -  ResidentSetSize of job (KB)
...
006 (42257296.008.000) 2026-02-27 10:46:04 Image size of job updated: 1642376
	729  -  MemoryUsage of job (MB)
	745908  -  ResidentSetSize of job (KB)
...
005 (42257296.008.000) 2026-02-27 11:00:28 Job terminated.
	(1) Normal termination (return value 0)
		Usr 0 00:32:51, Sys 0 00:03:06  -  Run Remote Usage
		Usr 0 00:00:00, Sys 0 00:00:00  -  Run Local Usage
		Usr 0 00:32:51, Sys 0 00:03:06  -  Total Remote Usage
		Usr 0 00:00:00, Sys 0 00:00:00  -  Total Local Usage
	0  -  Run Bytes Sent By Job
	0  -  Run Bytes Received By Job
	0  -  Total Bytes Sent By Job
	0  -  Total Bytes Received By Job
	Partitionable Resources :    Usage  Request Allocated 
	   Cpus                 :     1.11        6         6 
	   Disk (KB)            :     1           1     27361 
	   Memory (MB)          :   729        2048      2048 

	Job terminated of its own accord at 2026-02-27T16:00:28Z with exit-code 0.
...
