000 (42257296.004.000) 2026-02-27 10:25:27 Job submitted from host: <10.5.0.107:9618?addrs=10.5.0.107-9618&alias=sugwg-login.syr.edu&noUDP&sock=schedd_873_6244>
...
001 (42257296.004.000) 2026-02-27 10:25:52 Job executing on host: <10.5.155.34:9618?addrs=10.5.155.34-9618&alias=CRUSH-OG-10-5-155-34&noUDP&sock=startd_1520_2c0b>
...
006 (42257296.004.000) 2026-02-27 10:26:01 Image size of job updated: 360356
	53  -  MemoryUsage of job (MB)
	53796  -  ResidentSetSize of job (KB)
...
006 (42257296.004.000) 2026-02-27 10:31:02 Image size of job updated: 1611564
	342  -  MemoryUsage of job (MB)
	350156  -  ResidentSetSize of job (KB)
...
006 (42257296.004.000) 2026-02-27 10:36:03 Image size of job updated: 1611564
	372  -  MemoryUsage of job (MB)
	379960  -  ResidentSetSize of job (KB)
...
006 (42257296.004.000) 2026-02-27 10:41:03 Image size of job updated: 1611564
	396  -  MemoryUsage of job (MB)
	404984  -  ResidentSetSize of job (KB)
...
006 (42257296.004.000) 2026-02-27 10:46:04 Image size of job updated: 1611564
	688  -  MemoryUsage of job (MB)
	704064  -  ResidentSetSize of job (KB)
...
005 (42257296.004.000) 2026-02-27 11:00:41 Job terminated.
	(1) Normal termination (return value 0)
		Usr 0 00:33:12, Sys 0 00:03:09  -  Run Remote Usage
		Usr 0 00:00:00, Sys 0 00:00:00  -  Run Local Usage
		Usr 0 00:33:12, Sys 0 00:03:09  -  Total Remote Usage
		Usr 0 00:00:00, Sys 0 00:00:00  -  Total Local Usage
	0  -  Run Bytes Sent By Job
	0  -  Run Bytes Received By Job
	0  -  Total Bytes Sent By Job
	0  -  Total Bytes Received By Job
	Partitionable Resources :    Usage  Request Allocated 
	   Cpus                 :     1.05        6         6 
	   Disk (KB)            :     1           1     27994 
	   Memory (MB)          :   688        2048      2048 

	Job terminated of its own accord at 2026-02-27T16:00:41Z with exit-code 0.
...
