000 (42257296.005.000) 2026-02-27 10:25:27 Job submitted from host: <10.5.0.107:9618?addrs=10.5.0.107-9618&alias=sugwg-login.syr.edu&noUDP&sock=schedd_873_6244>
...
001 (42257296.005.000) 2026-02-27 10:25:47 Job executing on host: <10.5.213.84:9618?addrs=10.5.213.84-9618&alias=OG-NODE-10-5-213-84&noUDP&sock=startd_1603_1a67>
...
006 (42257296.005.000) 2026-02-27 10:25:56 Image size of job updated: 714244
	92  -  MemoryUsage of job (MB)
	93860  -  ResidentSetSize of job (KB)
...
006 (42257296.005.000) 2026-02-27 10:30:57 Image size of job updated: 1514792
	623  -  MemoryUsage of job (MB)
	637104  -  ResidentSetSize of job (KB)
...
006 (42257296.005.000) 2026-02-27 10:35:57 Image size of job updated: 1642216
	635  -  MemoryUsage of job (MB)
	649392  -  ResidentSetSize of job (KB)
...
006 (42257296.005.000) 2026-02-27 11:01:00 Image size of job updated: 1646312
	635  -  MemoryUsage of job (MB)
	649392  -  ResidentSetSize of job (KB)
...
005 (42257296.005.000) 2026-02-27 11:05:38 Job terminated.
	(1) Normal termination (return value 0)
		Usr 0 00:37:40, Sys 0 00:04:15  -  Run Remote Usage
		Usr 0 00:00:00, Sys 0 00:00:00  -  Run Local Usage
		Usr 0 00:37:40, Sys 0 00:04:15  -  Total Remote Usage
		Usr 0 00:00:00, Sys 0 00:00:00  -  Total Local Usage
	0  -  Run Bytes Sent By Job
	0  -  Run Bytes Received By Job
	0  -  Total Bytes Sent By Job
	0  -  Total Bytes Received By Job
	Partitionable Resources :    Usage  Request Allocated 
	   Cpus                 :     1.01        6         6 
	   Disk (KB)            :     1           1     16788 
	   Memory (MB)          :   635        2048      2048 

	Job terminated of its own accord at 2026-02-27T16:05:37Z with exit-code 0.
...
