000 (42257296.009.000) 2026-02-27 10:25:28 Job submitted from host: <10.5.0.107:9618?addrs=10.5.0.107-9618&alias=sugwg-login.syr.edu&noUDP&sock=schedd_873_6244>
...
001 (42257296.009.000) 2026-02-27 10:25:42 Job executing on host: <10.5.200.184:9618?addrs=10.5.200.184-9618&alias=OG-NODE-10-5-200-184&noUDP&sock=startd_1888_96e5>
...
006 (42257296.009.000) 2026-02-27 10:25:50 Image size of job updated: 376268
	62  -  MemoryUsage of job (MB)
	62528  -  ResidentSetSize of job (KB)
...
006 (42257296.009.000) 2026-02-27 10:30:50 Image size of job updated: 1182140
	328  -  MemoryUsage of job (MB)
	335016  -  ResidentSetSize of job (KB)
...
006 (42257296.009.000) 2026-02-27 10:35:51 Image size of job updated: 1640260
	373  -  MemoryUsage of job (MB)
	381088  -  ResidentSetSize of job (KB)
...
006 (42257296.009.000) 2026-02-27 10:45:51 Image size of job updated: 1642436
	399  -  MemoryUsage of job (MB)
	407864  -  ResidentSetSize of job (KB)
...
006 (42257296.009.000) 2026-02-27 10:50:52 Image size of job updated: 1642436
	507  -  MemoryUsage of job (MB)
	518732  -  ResidentSetSize of job (KB)
...
006 (42257296.009.000) 2026-02-27 11:10:54 Image size of job updated: 1644548
	507  -  MemoryUsage of job (MB)
	518732  -  ResidentSetSize of job (KB)
...
005 (42257296.009.000) 2026-02-27 11:14:41 Job terminated.
	(1) Normal termination (return value 0)
		Usr 0 00:46:12, Sys 0 00:05:12  -  Run Remote Usage
		Usr 0 00:00:00, Sys 0 00:00:00  -  Run Local Usage
		Usr 0 00:46:12, Sys 0 00:05:12  -  Total Remote Usage
		Usr 0 00:00:00, Sys 0 00:00:00  -  Total Local Usage
	0  -  Run Bytes Sent By Job
	0  -  Run Bytes Received By Job
	0  -  Total Bytes Sent By Job
	0  -  Total Bytes Received By Job
	Partitionable Resources :    Usage  Request Allocated 
	   Cpus                 :     1.05        6         6 
	   Disk (KB)            :     1           1     17155 
	   Memory (MB)          :   507        2048      2048 

	Job terminated of its own accord at 2026-02-27T16:14:41Z with exit-code 0.
...
