000 (42257296.002.000) 2026-02-27 10:25:27 Job submitted from host: <10.5.0.107:9618?addrs=10.5.0.107-9618&alias=sugwg-login.syr.edu&noUDP&sock=schedd_873_6244>
...
001 (42257296.002.000) 2026-02-27 10:25:52 Job executing on host: <10.5.210.88:9618?addrs=10.5.210.88-9618&alias=CRUSH-OG-10-5-210-88&noUDP&sock=startd_1261_8503>
...
006 (42257296.002.000) 2026-02-27 10:26:01 Image size of job updated: 108820
	67  -  MemoryUsage of job (MB)
	68164  -  ResidentSetSize of job (KB)
...
006 (42257296.002.000) 2026-02-27 10:31:02 Image size of job updated: 1612504
	430  -  MemoryUsage of job (MB)
	439880  -  ResidentSetSize of job (KB)
...
006 (42257296.002.000) 2026-02-27 10:46:03 Image size of job updated: 1612504
	942  -  MemoryUsage of job (MB)
	963956  -  ResidentSetSize of job (KB)
...
006 (42257296.002.000) 2026-02-27 11:11:06 Image size of job updated: 1642204
	942  -  MemoryUsage of job (MB)
	963956  -  ResidentSetSize of job (KB)
...
006 (42257296.002.000) 2026-02-27 11:46:09 Image size of job updated: 1644252
	942  -  MemoryUsage of job (MB)
	963956  -  ResidentSetSize of job (KB)
...
005 (42257296.002.000) 2026-02-27 11:54:10 Job terminated.
	(1) Normal termination (return value 0)
		Usr 0 01:24:39, Sys 0 00:05:40  -  Run Remote Usage
		Usr 0 00:00:00, Sys 0 00:00:00  -  Run Local Usage
		Usr 0 01:24:39, Sys 0 00:05:40  -  Total Remote Usage
		Usr 0 00:00:00, Sys 0 00:00:00  -  Total Local Usage
	0  -  Run Bytes Sent By Job
	0  -  Run Bytes Received By Job
	0  -  Total Bytes Sent By Job
	0  -  Total Bytes Received By Job
	Partitionable Resources :    Usage  Request Allocated 
	   Cpus                 :     1.00        6         6 
	   Disk (KB)            :     1           1     27409 
	   Memory (MB)          :   942        2048      2048 

	Job terminated of its own accord at 2026-02-27T16:54:10Z with exit-code 0.
...
