time to parse 0.0010406970977783203
time to create parser 0.05386233329772949
time to load model 41.837164640426636
using analytic approximation
0.0018182069761678576
time to create parser 0.033943891525268555
time to load model 40.5091392993927
using analytic approximation
0.0014936060179024935
time to create parser 0.02114725112915039
time to load model 42.439669132232666
using analytic approximation
0.0012202049838379025
time to create parser 0.02075028419494629
time to load model 40.73548626899719
using analytic approximation
0.0012347049778327346
time to create parser 0.021006345748901367
time to load model 40.76081848144531
using analytic approximation
0.001503205974586308
time to create parser 0.029151439666748047
time to load model 40.67673850059509
using analytic approximation
0.001177903963252902
time to create parser 0.022163867950439453
time to load model 40.810455083847046
using analytic approximation
0.0012000049464404583
time to create parser 0.02137017250061035
time to load model 41.450645446777344
using analytic approximation
0.0014612050727009773
time to create parser 0.021392822265625
time to load model 40.250972270965576
using analytic approximation
0.0014050060417503119
time to create parser 0.026424407958984375
time to load model 40.777673959732056
using analytic approximation
0.0011538040125742555
time to create parser 0.026632308959960938
time to load model 40.786357164382935
using analytic approximation
0.0013270049821585417
time to create parser 0.017914772033691406
time to load model 40.73685836791992
using analytic approximation
0.001213504932820797
time to create parser 0.01701974868774414
time to load model 40.45413112640381
using analytic approximation
0.0012897050473839045
time to create parser 0.033454179763793945
time to load model 40.546897411346436
using analytic approximation
0.0013848049566149712
time to create parser 0.03756976127624512
time to load model 40.974133014678955
using analytic approximation
0.0016987069975584745
time to create parser 0.026266813278198242
time to load model 40.9167697429657
using analytic approximation
0.0013133049942553043
time to create parser 0.01781463623046875
time to load model 40.687049865722656
using analytic approximation
0.0011002050014212728
time to create parser 0.02326059341430664
time to load model 40.638444662094116
using analytic approximation
0.0014601059956476092
time to create parser 0.02408289909362793
time to load model 42.07648825645447
using analytic approximation
0.00115310400724411
time to create parser 0.01878499984741211
time to load model 40.65868878364563
using analytic approximation
0.0014182060258463025
time to create parser 0.017868995666503906
time to load model 40.86493134498596
using analytic approximation
0.0013515049358829856
time to create parser 0.01941084861755371
time to load model 41.99400544166565
using analytic approximation
0.0011145039461553097
time to create parser 0.02859640121459961
time to load model 42.42723488807678
using analytic approximation
0.0014168050838634372
time to create parser 0.029031038284301758
time to load model 41.699371099472046
using analytic approximation
0.0013180050300434232
time to create parser 0.025957345962524414
time to load model 42.914894342422485
using analytic approximation
0.001498806057497859
time to create parser 0.018624544143676758
time to load model 42.51146960258484
using analytic approximation
0.0011738049797713757
time to create parser 0.02180647850036621
time to load model 40.61884069442749
using analytic approximation
0.0013535059988498688
time to create parser 0.021463871002197266
time to load model 41.20302200317383
using analytic approximation
0.0014524059370160103
time to create parser 0.020712852478027344
time to load model 40.49777841567993
using analytic approximation
0.001328304992057383
time to create parser 0.018542766571044922
time to load model 41.008662939071655
using analytic approximation
0.0011580049758777022
time to create parser 0.02646660804748535
time to load model 40.88424062728882
using analytic approximation
0.0013374050613492727
time to create parser 0.023495912551879883
time to load model 40.515878438949585
using analytic approximation
0.0011625050101429224
time to create parser 0.017699241638183594
time to load model 40.52927541732788
using analytic approximation
0.0013415049761533737
time to create parser 0.027033567428588867
time to load model 40.76099109649658
using analytic approximation
0.001339504960924387
time to create parser 0.022370576858520508
time to load model 40.84262132644653
using analytic approximation
0.0014216048875823617
time to create parser 0.019223928451538086
time to load model 40.6330463886261
using analytic approximation
0.0013291049981489778
time to create parser 0.02333545684814453
time to load model 40.4981005191803
using analytic approximation
0.0011027039727196097
time to create parser 0.019568204879760742
time to load model 42.06290030479431
using analytic approximation
0.001539306016638875
time to create parser 0.020650386810302734
time to load model 41.10012984275818
using analytic approximation
0.001283905003219843
time to create parser 0.029633283615112305
time to load model 42.511916637420654
using analytic approximation
0.0011587050976231694
time to create parser 0.024945974349975586
time to load model 41.34082078933716
using analytic approximation
0.0013095050817355514
time to create parser 0.019664764404296875
time to load model 43.135655641555786
using analytic approximation
0.0011670039966702461
time to create parser 0.017197847366333008
time to load model 40.54930257797241
using analytic approximation
0.0013442049967125058
time to create parser 0.021180391311645508
time to load model 42.06440353393555
using analytic approximation
0.0012916050618514419
time to create parser 0.016978979110717773
time to load model 40.724358797073364
using analytic approximation
0.0013351049274206161
time to create parser 0.018777132034301758
time to load model 41.77310395240784
using analytic approximation
0.001333905034698546
time to create parser 0.530808687210083
time to load model 41.979264974594116
using analytic approximation
0.0011245050700381398
time to create parser 0.019520998001098633
time to load model 40.70954155921936
using analytic approximation
0.001364105031825602
time to create parser 0.020817279815673828
time to load model 40.57703399658203
using analytic approximation
0.001325904973782599
