000 (42162721.003.000) 2026-02-19 17:57:23 Job submitted from host: <10.5.0.107:9618?addrs=10.5.0.107-9618&alias=sugwg-login.syr.edu&noUDP&sock=schedd_873_6244>
...
001 (42162721.003.000) 2026-02-19 17:57:50 Job executing on host: <10.5.212.158:9618?addrs=10.5.212.158-9618&alias=OG-NODE-10-5-212-158&noUDP&sock=startd_1597_fcd6>
...
006 (42162721.003.000) 2026-02-19 17:57:58 Image size of job updated: 292124
	125  -  MemoryUsage of job (MB)
	127576  -  ResidentSetSize of job (KB)
...
006 (42162721.003.000) 2026-02-19 18:01:48 Image size of job updated: 1507988
	297  -  MemoryUsage of job (MB)
	303140  -  ResidentSetSize of job (KB)
...
004 (42162721.003.000) 2026-02-19 18:01:48 Job was evicted.
	(0) CPU times
		Usr 0 00:03:27, Sys 0 00:00:32  -  Run Remote Usage
		Usr 0 00:00:00, Sys 0 00:00:00  -  Run Local Usage
	0  -  Run Bytes Sent By Job
	0  -  Run Bytes Received By Job
	Partitionable Resources :    Usage  Request Allocated 
	   Cpus                 :     1.01        6         6 
	   Disk (KB)            :     1           1     17169 
	   Memory (MB)          :   297        2048      2048 
...
009 (42162721.003.000) 2026-02-19 18:01:48 Job was aborted.
	via condor_rm (by user vjadhavy)
...
000 (42162724.003.000) 2026-02-19 18:02:54 Job submitted from host: <10.5.0.107:9618?addrs=10.5.0.107-9618&alias=sugwg-login.syr.edu&noUDP&sock=schedd_873_6244>
...
001 (42162724.003.000) 2026-02-19 18:03:04 Job executing on host: <10.5.250.229:9618?addrs=10.5.250.229-9618&alias=CRUSH-OG-10-5-250-229&noUDP&sock=startd_1542_4320>
...
006 (42162724.003.000) 2026-02-19 18:03:12 Image size of job updated: 696648
	90  -  MemoryUsage of job (MB)
	92136  -  ResidentSetSize of job (KB)
...
006 (42162724.003.000) 2026-02-19 18:08:12 Image size of job updated: 1507328
	588  -  MemoryUsage of job (MB)
	601600  -  ResidentSetSize of job (KB)
...
006 (42162724.003.000) 2026-02-19 18:13:13 Image size of job updated: 1622272
	596  -  MemoryUsage of job (MB)
	609792  -  ResidentSetSize of job (KB)
...
006 (42162724.003.000) 2026-02-19 18:18:13 Image size of job updated: 1622272
	909  -  MemoryUsage of job (MB)
	930808  -  ResidentSetSize of job (KB)
...
006 (42162724.003.000) 2026-02-19 18:23:13 Image size of job updated: 1622272
	913  -  MemoryUsage of job (MB)
	934240  -  ResidentSetSize of job (KB)
...
006 (42162724.003.000) 2026-02-19 18:28:14 Image size of job updated: 1637636
	913  -  MemoryUsage of job (MB)
	934240  -  ResidentSetSize of job (KB)
...
006 (42162724.003.000) 2026-02-19 18:38:57 Image size of job updated: 1650436
	913  -  MemoryUsage of job (MB)
	934240  -  ResidentSetSize of job (KB)
...
005 (42162724.003.000) 2026-02-19 18:38:57 Job terminated.
	(1) Normal termination (return value 0)
		Usr 0 00:33:53, Sys 0 00:03:12  -  Run Remote Usage
		Usr 0 00:00:00, Sys 0 00:00:00  -  Run Local Usage
		Usr 0 00:33:53, Sys 0 00:03:12  -  Total Remote Usage
		Usr 0 00:00:00, Sys 0 00:00:00  -  Total Local Usage
	0  -  Run Bytes Sent By Job
	0  -  Run Bytes Received By Job
	0  -  Total Bytes Sent By Job
	0  -  Total Bytes Received By Job
	Partitionable Resources :    Usage  Request Allocated 
	   Cpus                 :     1.05        6         6 
	   Disk (KB)            :     1           1     27376 
	   Memory (MB)          :   913        2048      2048 

	Job terminated of its own accord at 2026-02-19T23:38:57Z with exit-code 0.
...
