000 (42162721.005.000) 2026-02-19 17:57:23 Job submitted from host: <10.5.0.107:9618?addrs=10.5.0.107-9618&alias=sugwg-login.syr.edu&noUDP&sock=schedd_873_6244>
...
001 (42162721.005.000) 2026-02-19 17:57:50 Job executing on host: <10.5.200.41:9618?addrs=10.5.200.41-9618&alias=OG-NODE-10-5-200-41&noUDP&sock=startd_1509_a080>
...
006 (42162721.005.000) 2026-02-19 17:57:58 Image size of job updated: 90924
	59  -  MemoryUsage of job (MB)
	60036  -  ResidentSetSize of job (KB)
...
006 (42162721.005.000) 2026-02-19 18:01:48 Image size of job updated: 1642212
	251  -  MemoryUsage of job (MB)
	256800  -  ResidentSetSize of job (KB)
...
004 (42162721.005.000) 2026-02-19 18:01:48 Job was evicted.
	(0) CPU times
		Usr 0 00:03:24, Sys 0 00:00:23  -  Run Remote Usage
		Usr 0 00:00:00, Sys 0 00:00:00  -  Run Local Usage
	0  -  Run Bytes Sent By Job
	0  -  Run Bytes Received By Job
	Partitionable Resources :    Usage  Request Allocated 
	   Cpus                 :     1.04        6         6 
	   Disk (KB)            :     1           1     13635 
	   Memory (MB)          :   251        2048      2048 
...
009 (42162721.005.000) 2026-02-19 18:01:48 Job was aborted.
	via condor_rm (by user vjadhavy)
...
000 (42162724.005.000) 2026-02-19 18:02:54 Job submitted from host: <10.5.0.107:9618?addrs=10.5.0.107-9618&alias=sugwg-login.syr.edu&noUDP&sock=schedd_873_6244>
...
001 (42162724.005.000) 2026-02-19 18:03:04 Job executing on host: <10.5.235.215:9618?addrs=10.5.235.215-9618&alias=CRUSH-OG-10-5-235-215&noUDP&sock=startd_1533_16c6>
...
006 (42162724.005.000) 2026-02-19 18:03:12 Image size of job updated: 228200
	157  -  MemoryUsage of job (MB)
	159824  -  ResidentSetSize of job (KB)
...
006 (42162724.005.000) 2026-02-19 18:08:12 Image size of job updated: 1615560
	854  -  MemoryUsage of job (MB)
	874260  -  ResidentSetSize of job (KB)
...
005 (42162724.005.000) 2026-02-19 18:37:06 Job terminated.
	(1) Normal termination (return value 0)
		Usr 0 00:32:06, Sys 0 00:03:12  -  Run Remote Usage
		Usr 0 00:00:00, Sys 0 00:00:00  -  Run Local Usage
		Usr 0 00:32:06, Sys 0 00:03:12  -  Total Remote Usage
		Usr 0 00:00:00, Sys 0 00:00:00  -  Total Local Usage
	0  -  Run Bytes Sent By Job
	0  -  Run Bytes Received By Job
	0  -  Total Bytes Sent By Job
	0  -  Total Bytes Received By Job
	Partitionable Resources :    Usage  Request Allocated 
	   Cpus                 :     1.05        6         6 
	   Disk (KB)            :     1           1     27346 
	   Memory (MB)          :   854        2048      2048 

	Job terminated of its own accord at 2026-02-19T23:37:06Z with exit-code 0.
...
