000 (42162721.001.000) 2026-02-19 17:57:23 Job submitted from host: <10.5.0.107:9618?addrs=10.5.0.107-9618&alias=sugwg-login.syr.edu&noUDP&sock=schedd_873_6244>
...
001 (42162721.001.000) 2026-02-19 17:57:54 Job executing on host: <10.5.235.215:9618?addrs=10.5.235.215-9618&alias=CRUSH-OG-10-5-235-215&noUDP&sock=startd_1533_16c6>
...
006 (42162721.001.000) 2026-02-19 17:58:03 Image size of job updated: 432304
	71  -  MemoryUsage of job (MB)
	72312  -  ResidentSetSize of job (KB)
...
006 (42162721.001.000) 2026-02-19 18:01:48 Image size of job updated: 1675008
	362  -  MemoryUsage of job (MB)
	370160  -  ResidentSetSize of job (KB)
...
004 (42162721.001.000) 2026-02-19 18:01:48 Job was evicted.
	(0) CPU times
		Usr 0 00:03:29, Sys 0 00:00:19  -  Run Remote Usage
		Usr 0 00:00:00, Sys 0 00:00:00  -  Run Local Usage
	0  -  Run Bytes Sent By Job
	0  -  Run Bytes Received By Job
	Partitionable Resources :    Usage  Request Allocated 
	   Cpus                 :     1.05        6         6 
	   Disk (KB)            :     1           1     27346 
	   Memory (MB)          :   362        2048      2048 
...
009 (42162721.001.000) 2026-02-19 18:01:48 Job was aborted.
	via condor_rm (by user vjadhavy)
...
000 (42162724.001.000) 2026-02-19 18:02:54 Job submitted from host: <10.5.0.107:9618?addrs=10.5.0.107-9618&alias=sugwg-login.syr.edu&noUDP&sock=schedd_873_6244>
...
001 (42162724.001.000) 2026-02-19 18:03:09 Job executing on host: <10.5.206.201:9618?addrs=10.5.206.201-9618&alias=CRUSH-OG-10-5-206-201&noUDP&sock=startd_1523_3ad4>
...
006 (42162724.001.000) 2026-02-19 18:03:18 Image size of job updated: 363296
	62  -  MemoryUsage of job (MB)
	63464  -  ResidentSetSize of job (KB)
...
006 (42162724.001.000) 2026-02-19 18:08:19 Image size of job updated: 1615552
	252  -  MemoryUsage of job (MB)
	257348  -  ResidentSetSize of job (KB)
...
006 (42162724.001.000) 2026-02-19 18:13:20 Image size of job updated: 1615552
	371  -  MemoryUsage of job (MB)
	379800  -  ResidentSetSize of job (KB)
...
006 (42162724.001.000) 2026-02-19 18:18:20 Image size of job updated: 1615552
	378  -  MemoryUsage of job (MB)
	386084  -  ResidentSetSize of job (KB)
...
006 (42162724.001.000) 2026-02-19 18:38:16 Image size of job updated: 1618724
	378  -  MemoryUsage of job (MB)
	386084  -  ResidentSetSize of job (KB)
...
005 (42162724.001.000) 2026-02-19 18:38:16 Job terminated.
	(1) Normal termination (return value 0)
		Usr 0 00:32:35, Sys 0 00:03:28  -  Run Remote Usage
		Usr 0 00:00:00, Sys 0 00:00:00  -  Run Local Usage
		Usr 0 00:32:35, Sys 0 00:03:28  -  Total Remote Usage
		Usr 0 00:00:00, Sys 0 00:00:00  -  Total Local Usage
	0  -  Run Bytes Sent By Job
	0  -  Run Bytes Received By Job
	0  -  Total Bytes Sent By Job
	0  -  Total Bytes Received By Job
	Partitionable Resources :    Usage  Request Allocated 
	   Cpus                 :     1.00        6         6 
	   Disk (KB)            :     1           1     29745 
	   Memory (MB)          :   378        2048      2048 

	Job terminated of its own accord at 2026-02-19T23:38:16Z with exit-code 0.
...
