000 (42162721.004.000) 2026-02-19 17:57:23 Job submitted from host: <10.5.0.107:9618?addrs=10.5.0.107-9618&alias=sugwg-login.syr.edu&noUDP&sock=schedd_873_6244>
...
001 (42162721.004.000) 2026-02-19 17:57:50 Job executing on host: <10.5.173.157:9618?addrs=10.5.173.157-9618&alias=OG-NODE-10-5-173-157&noUDP&sock=startd_1740_12e1>
...
006 (42162721.004.000) 2026-02-19 17:57:58 Image size of job updated: 670864
	81  -  MemoryUsage of job (MB)
	82376  -  ResidentSetSize of job (KB)
...
006 (42162721.004.000) 2026-02-19 18:01:48 Image size of job updated: 1572484
	237  -  MemoryUsage of job (MB)
	242588  -  ResidentSetSize of job (KB)
...
004 (42162721.004.000) 2026-02-19 18:01:48 Job was evicted.
	(0) CPU times
		Usr 0 00:02:49, Sys 0 00:01:01  -  Run Remote Usage
		Usr 0 00:00:00, Sys 0 00:00:00  -  Run Local Usage
	0  -  Run Bytes Sent By Job
	0  -  Run Bytes Received By Job
	Partitionable Resources :    Usage  Request Allocated 
	   Cpus                 :     0.44        6         6 
	   Disk (KB)            :     1           1     23548 
	   Memory (MB)          :   237        2048      2048 
...
009 (42162721.004.000) 2026-02-19 18:01:48 Job was aborted.
	via condor_rm (by user vjadhavy)
...
000 (42162724.004.000) 2026-02-19 18:02:54 Job submitted from host: <10.5.0.107:9618?addrs=10.5.0.107-9618&alias=sugwg-login.syr.edu&noUDP&sock=schedd_873_6244>
...
001 (42162724.004.000) 2026-02-19 18:02:59 Job executing on host: <10.5.197.125:9618?addrs=10.5.197.125-9618&alias=OG-NODE-10-5-197-125&noUDP&sock=startd_1544_a251>
...
006 (42162724.004.000) 2026-02-19 18:03:08 Image size of job updated: 152028
	97  -  MemoryUsage of job (MB)
	98568  -  ResidentSetSize of job (KB)
...
006 (42162724.004.000) 2026-02-19 18:08:09 Image size of job updated: 1611488
	201  -  MemoryUsage of job (MB)
	205260  -  ResidentSetSize of job (KB)
...
006 (42162724.004.000) 2026-02-19 18:18:10 Image size of job updated: 1611488
	358  -  MemoryUsage of job (MB)
	365720  -  ResidentSetSize of job (KB)
...
006 (42162724.004.000) 2026-02-19 18:23:10 Image size of job updated: 1611488
	431  -  MemoryUsage of job (MB)
	440768  -  ResidentSetSize of job (KB)
...
006 (42162724.004.000) 2026-02-19 18:28:11 Image size of job updated: 1611488
	433  -  MemoryUsage of job (MB)
	442816  -  ResidentSetSize of job (KB)
...
006 (42162724.004.000) 2026-02-19 18:43:12 Image size of job updated: 1615584
	433  -  MemoryUsage of job (MB)
	442816  -  ResidentSetSize of job (KB)
...
005 (42162724.004.000) 2026-02-19 18:44:22 Job terminated.
	(1) Normal termination (return value 0)
		Usr 0 00:39:04, Sys 0 00:03:55  -  Run Remote Usage
		Usr 0 00:00:00, Sys 0 00:00:00  -  Run Local Usage
		Usr 0 00:39:04, Sys 0 00:03:55  -  Total Remote Usage
		Usr 0 00:00:00, Sys 0 00:00:00  -  Total Local Usage
	0  -  Run Bytes Sent By Job
	0  -  Run Bytes Received By Job
	0  -  Total Bytes Sent By Job
	0  -  Total Bytes Received By Job
	Partitionable Resources :    Usage  Request Allocated 
	   Cpus                 :     1.06        6         6 
	   Disk (KB)            :     1           1     23543 
	   Memory (MB)          :   433        2048      2048 

	Job terminated of its own accord at 2026-02-19T23:44:22Z with exit-code 0.
...
