000 (42162721.008.000) 2026-02-19 17:57:23 Job submitted from host: <10.5.0.107:9618?addrs=10.5.0.107-9618&alias=sugwg-login.syr.edu&noUDP&sock=schedd_873_6244>
...
001 (42162721.008.000) 2026-02-19 17:57:50 Job executing on host: <10.5.203.190:9618?addrs=10.5.203.190-9618&alias=OG-NODE-10-5-203-190&noUDP&sock=startd_1506_91b7>
...
006 (42162721.008.000) 2026-02-19 17:57:58 Image size of job updated: 378092
	60  -  MemoryUsage of job (MB)
	60584  -  ResidentSetSize of job (KB)
...
006 (42162721.008.000) 2026-02-19 18:01:48 Image size of job updated: 1674992
	271  -  MemoryUsage of job (MB)
	276632  -  ResidentSetSize of job (KB)
...
004 (42162721.008.000) 2026-02-19 18:01:48 Job was evicted.
	(0) CPU times
		Usr 0 00:03:21, Sys 0 00:00:26  -  Run Remote Usage
		Usr 0 00:00:00, Sys 0 00:00:00  -  Run Local Usage
	0  -  Run Bytes Sent By Job
	0  -  Run Bytes Received By Job
	Partitionable Resources :    Usage  Request Allocated 
	   Cpus                 :     1.00        6         6 
	   Disk (KB)            :     1           1     20018 
	   Memory (MB)          :   271        2048      2048 
...
009 (42162721.008.000) 2026-02-19 18:01:48 Job was aborted.
	via condor_rm (by user vjadhavy)
...
000 (42162724.008.000) 2026-02-19 18:02:54 Job submitted from host: <10.5.0.107:9618?addrs=10.5.0.107-9618&alias=sugwg-login.syr.edu&noUDP&sock=schedd_873_6244>
...
001 (42162724.008.000) 2026-02-19 18:02:59 Job executing on host: <10.5.173.157:9618?addrs=10.5.173.157-9618&alias=OG-NODE-10-5-173-157&noUDP&sock=startd_1740_12e1>
...
006 (42162724.008.000) 2026-02-19 18:03:08 Image size of job updated: 110860
	68  -  MemoryUsage of job (MB)
	69148  -  ResidentSetSize of job (KB)
...
006 (42162724.008.000) 2026-02-19 18:08:09 Image size of job updated: 1580772
	309  -  MemoryUsage of job (MB)
	316052  -  ResidentSetSize of job (KB)
...
006 (42162724.008.000) 2026-02-19 18:13:10 Image size of job updated: 1580772
	315  -  MemoryUsage of job (MB)
	321600  -  ResidentSetSize of job (KB)
...
006 (42162724.008.000) 2026-02-19 18:18:10 Image size of job updated: 1615592
	315  -  MemoryUsage of job (MB)
	321600  -  ResidentSetSize of job (KB)
...
006 (42162724.008.000) 2026-02-19 18:23:10 Image size of job updated: 1615592
	402  -  MemoryUsage of job (MB)
	411204  -  ResidentSetSize of job (KB)
...
006 (42162724.008.000) 2026-02-19 18:28:11 Image size of job updated: 1615592
	918  -  MemoryUsage of job (MB)
	939528  -  ResidentSetSize of job (KB)
...
006 (42162724.008.000) 2026-02-19 18:43:12 Image size of job updated: 1619688
	918  -  MemoryUsage of job (MB)
	939528  -  ResidentSetSize of job (KB)
...
005 (42162724.008.000) 2026-02-19 18:51:16 Job terminated.
	(1) Normal termination (return value 0)
		Usr 0 00:42:22, Sys 0 00:06:44  -  Run Remote Usage
		Usr 0 00:00:00, Sys 0 00:00:00  -  Run Local Usage
		Usr 0 00:42:22, Sys 0 00:06:44  -  Total Remote Usage
		Usr 0 00:00:00, Sys 0 00:00:00  -  Total Local Usage
	0  -  Run Bytes Sent By Job
	0  -  Run Bytes Received By Job
	0  -  Total Bytes Sent By Job
	0  -  Total Bytes Received By Job
	Partitionable Resources :    Usage  Request Allocated 
	   Cpus                 :     1.01        6         6 
	   Disk (KB)            :     1           1     23548 
	   Memory (MB)          :   918        2048      2048 

	Job terminated of its own accord at 2026-02-19T23:51:16Z with exit-code 0.
...
