000 (42162721.000.000) 2026-02-19 17:57:23 Job submitted from host: <10.5.0.107:9618?addrs=10.5.0.107-9618&alias=sugwg-login.syr.edu&noUDP&sock=schedd_873_6244>
...
001 (42162721.000.000) 2026-02-19 17:57:50 Job executing on host: <10.5.200.37:9618?addrs=10.5.200.37-9618&alias=OG-NODE-10-5-200-37&noUDP&sock=startd_1502_d356>
...
006 (42162721.000.000) 2026-02-19 17:57:58 Image size of job updated: 277780
	34  -  MemoryUsage of job (MB)
	34272  -  ResidentSetSize of job (KB)
...
006 (42162721.000.000) 2026-02-19 18:01:48 Image size of job updated: 1504024
	384  -  MemoryUsage of job (MB)
	392776  -  ResidentSetSize of job (KB)
...
004 (42162721.000.000) 2026-02-19 18:01:48 Job was evicted.
	(0) CPU times
		Usr 0 00:03:14, Sys 0 00:00:23  -  Run Remote Usage
		Usr 0 00:00:00, Sys 0 00:00:00  -  Run Local Usage
	0  -  Run Bytes Sent By Job
	0  -  Run Bytes Received By Job
	Partitionable Resources :    Usage  Request Allocated 
	   Cpus                 :     1.00        6         6 
	   Disk (KB)            :     1           1     17567 
	   Memory (MB)          :   384        2048      2048 
...
009 (42162721.000.000) 2026-02-19 18:01:48 Job was aborted.
	via condor_rm (by user vjadhavy)
...
000 (42162724.000.000) 2026-02-19 18:02:54 Job submitted from host: <10.5.0.107:9618?addrs=10.5.0.107-9618&alias=sugwg-login.syr.edu&noUDP&sock=schedd_873_6244>
...
001 (42162724.000.000) 2026-02-19 18:03:04 Job executing on host: <10.5.215.96:9618?addrs=10.5.215.96-9618&alias=OG-NODE-10-5-215-96&noUDP&sock=startd_1236_5f25>
...
006 (42162724.000.000) 2026-02-19 18:03:13 Image size of job updated: 325860
	40  -  MemoryUsage of job (MB)
	40304  -  ResidentSetSize of job (KB)
...
006 (42162724.000.000) 2026-02-19 18:08:14 Image size of job updated: 1613584
	489  -  MemoryUsage of job (MB)
	500100  -  ResidentSetSize of job (KB)
...
006 (42162724.000.000) 2026-02-19 18:13:14 Image size of job updated: 1675832
	490  -  MemoryUsage of job (MB)
	501552  -  ResidentSetSize of job (KB)
...
006 (42162724.000.000) 2026-02-19 18:23:15 Image size of job updated: 1675832
	866  -  MemoryUsage of job (MB)
	886104  -  ResidentSetSize of job (KB)
...
005 (42162724.000.000) 2026-02-19 18:46:46 Job terminated.
	(1) Normal termination (return value 0)
		Usr 0 00:41:09, Sys 0 00:03:44  -  Run Remote Usage
		Usr 0 00:00:00, Sys 0 00:00:00  -  Run Local Usage
		Usr 0 00:41:09, Sys 0 00:03:44  -  Total Remote Usage
		Usr 0 00:00:00, Sys 0 00:00:00  -  Total Local Usage
	0  -  Run Bytes Sent By Job
	0  -  Run Bytes Received By Job
	0  -  Total Bytes Sent By Job
	0  -  Total Bytes Received By Job
	Partitionable Resources :    Usage  Request Allocated 
	   Cpus                 :     1.06        6         6 
	   Disk (KB)            :     1           1     19228 
	   Memory (MB)          :   866        2048      2048 

	Job terminated of its own accord at 2026-02-19T23:46:46Z with exit-code 0.
...
