000 (42087896.000.000) 2026-02-17 08:36:49 Job submitted from host: <10.5.0.107:9618?addrs=10.5.0.107-9618&alias=sugwg-login.syr.edu&noUDP&sock=schedd_873_6244>
...
001 (42087896.000.000) 2026-02-17 08:37:40 Job executing on host: <10.5.212.18:9618?addrs=10.5.212.18-9618&alias=OG-NODE-10-5-212-18&noUDP&sock=startd_1505_e21f>
...
006 (42087896.000.000) 2026-02-17 08:37:49 Image size of job updated: 73472
	44  -  MemoryUsage of job (MB)
	44300  -  ResidentSetSize of job (KB)
...
006 (42087896.000.000) 2026-02-17 08:42:50 Image size of job updated: 1581164
	329  -  MemoryUsage of job (MB)
	336692  -  ResidentSetSize of job (KB)
...
006 (42087896.000.000) 2026-02-17 08:47:51 Image size of job updated: 1638032
	329  -  MemoryUsage of job (MB)
	336692  -  ResidentSetSize of job (KB)
...
006 (42087896.000.000) 2026-02-17 08:52:51 Image size of job updated: 1638032
	393  -  MemoryUsage of job (MB)
	402360  -  ResidentSetSize of job (KB)
...
006 (42087896.000.000) 2026-02-17 08:57:51 Image size of job updated: 1646352
	393  -  MemoryUsage of job (MB)
	402360  -  ResidentSetSize of job (KB)
...
006 (42087896.000.000) 2026-02-17 09:02:52 Image size of job updated: 1646352
	931  -  MemoryUsage of job (MB)
	952768  -  ResidentSetSize of job (KB)
...
005 (42087896.000.000) 2026-02-17 09:12:41 Job terminated.
	(1) Normal termination (return value 1)
		Usr 0 00:32:36, Sys 0 00:03:14  -  Run Remote Usage
		Usr 0 00:00:00, Sys 0 00:00:00  -  Run Local Usage
		Usr 0 00:32:36, Sys 0 00:03:14  -  Total Remote Usage
		Usr 0 00:00:00, Sys 0 00:00:00  -  Total Local Usage
	0  -  Run Bytes Sent By Job
	0  -  Run Bytes Received By Job
	0  -  Total Bytes Sent By Job
	0  -  Total Bytes Received By Job
	Partitionable Resources :    Usage  Request Allocated 
	   Cpus                 :     1.05        6         6 
	   Disk (KB)            :     1           1     20467 
	   Memory (MB)          :   931        2048      2048 

	Job terminated of its own accord at 2026-02-17T14:12:39Z with exit-code 1.
...
