000 (42232594.001.000) 2026-02-26 15:14:57 Job submitted from host: <10.5.0.107:9618?addrs=10.5.0.107-9618&alias=sugwg-login.syr.edu&noUDP&sock=schedd_873_6244>
...
001 (42232594.001.000) 2026-02-26 15:15:10 Job executing on host: <10.5.179.21:9618?addrs=10.5.179.21-9618&alias=OG-NODE-10-5-179-21&noUDP&sock=startd_1509_a080>
...
006 (42232594.001.000) 2026-02-26 15:15:18 Image size of job updated: 82900
	52  -  MemoryUsage of job (MB)
	52672  -  ResidentSetSize of job (KB)
...
006 (42232594.001.000) 2026-02-26 15:20:18 Image size of job updated: 1642160
	312  -  MemoryUsage of job (MB)
	318996  -  ResidentSetSize of job (KB)
...
006 (42232594.001.000) 2026-02-26 15:25:19 Image size of job updated: 1642160
	319  -  MemoryUsage of job (MB)
	325652  -  ResidentSetSize of job (KB)
...
006 (42232594.001.000) 2026-02-26 15:35:20 Image size of job updated: 1642160
	429  -  MemoryUsage of job (MB)
	438460  -  ResidentSetSize of job (KB)
...
005 (42232594.001.000) 2026-02-26 15:48:42 Job terminated.
	(1) Normal termination (return value 0)
		Usr 0 00:31:54, Sys 0 00:03:05  -  Run Remote Usage
		Usr 0 00:00:00, Sys 0 00:00:00  -  Run Local Usage
		Usr 0 00:31:54, Sys 0 00:03:05  -  Total Remote Usage
		Usr 0 00:00:00, Sys 0 00:00:00  -  Total Local Usage
	0  -  Run Bytes Sent By Job
	0  -  Run Bytes Received By Job
	0  -  Total Bytes Sent By Job
	0  -  Total Bytes Received By Job
	Partitionable Resources :    Usage  Request Allocated 
	   Cpus                 :     1.06        6         6 
	   Disk (KB)            :     1           1     20795 
	   Memory (MB)          :   429        2048      2048 

	Job terminated of its own accord at 2026-02-26T20:48:42Z with exit-code 0.
...
