000 (42232594.004.000) 2026-02-26 15:14:57 Job submitted from host: <10.5.0.107:9618?addrs=10.5.0.107-9618&alias=sugwg-login.syr.edu&noUDP&sock=schedd_873_6244>
...
001 (42232594.004.000) 2026-02-26 15:15:10 Job executing on host: <10.5.200.170:9618?addrs=10.5.200.170-9618&alias=OG-NODE-10-5-200-170&noUDP&sock=startd_1511_ffb1>
...
006 (42232594.004.000) 2026-02-26 15:15:18 Image size of job updated: 364648
	53  -  MemoryUsage of job (MB)
	54160  -  ResidentSetSize of job (KB)
...
006 (42232594.004.000) 2026-02-26 15:20:18 Image size of job updated: 1604880
	292  -  MemoryUsage of job (MB)
	298116  -  ResidentSetSize of job (KB)
...
006 (42232594.004.000) 2026-02-26 15:35:20 Image size of job updated: 1604880
	350  -  MemoryUsage of job (MB)
	357956  -  ResidentSetSize of job (KB)
...
006 (42232594.004.000) 2026-02-26 15:45:22 Image size of job updated: 1604880
	718  -  MemoryUsage of job (MB)
	735216  -  ResidentSetSize of job (KB)
...
006 (42232594.004.000) 2026-02-26 15:48:44 Image size of job updated: 1604880
	724  -  MemoryUsage of job (MB)
	740892  -  ResidentSetSize of job (KB)
...
005 (42232594.004.000) 2026-02-26 15:48:44 Job terminated.
	(1) Normal termination (return value 0)
		Usr 0 00:31:54, Sys 0 00:03:07  -  Run Remote Usage
		Usr 0 00:00:00, Sys 0 00:00:00  -  Run Local Usage
		Usr 0 00:31:54, Sys 0 00:03:07  -  Total Remote Usage
		Usr 0 00:00:00, Sys 0 00:00:00  -  Total Local Usage
	0  -  Run Bytes Sent By Job
	0  -  Run Bytes Received By Job
	0  -  Total Bytes Sent By Job
	0  -  Total Bytes Received By Job
	Partitionable Resources :    Usage  Request Allocated 
	   Cpus                 :     1.05        6         6 
	   Disk (KB)            :     1           1     20952 
	   Memory (MB)          :   724        2048      2048 

	Job terminated of its own accord at 2026-02-26T20:48:44Z with exit-code 0.
...
