000 (42232594.005.000) 2026-02-26 15:14:57 Job submitted from host: <10.5.0.107:9618?addrs=10.5.0.107-9618&alias=sugwg-login.syr.edu&noUDP&sock=schedd_873_6244>
...
001 (42232594.005.000) 2026-02-26 15:15:10 Job executing on host: <10.5.208.201:9618?addrs=10.5.208.201-9618&alias=OG-NODE-10-5-208-201&noUDP&sock=startd_1505_e21f>
...
006 (42232594.005.000) 2026-02-26 15:15:18 Image size of job updated: 279824
	42  -  MemoryUsage of job (MB)
	42352  -  ResidentSetSize of job (KB)
...
006 (42232594.005.000) 2026-02-26 15:20:18 Image size of job updated: 1514800
	226  -  MemoryUsage of job (MB)
	230668  -  ResidentSetSize of job (KB)
...
006 (42232594.005.000) 2026-02-26 15:25:19 Image size of job updated: 1552220
	226  -  MemoryUsage of job (MB)
	230668  -  ResidentSetSize of job (KB)
...
006 (42232594.005.000) 2026-02-26 15:30:19 Image size of job updated: 1554264
	326  -  MemoryUsage of job (MB)
	333600  -  ResidentSetSize of job (KB)
...
006 (42232594.005.000) 2026-02-26 15:40:20 Image size of job updated: 1554264
	469  -  MemoryUsage of job (MB)
	480132  -  ResidentSetSize of job (KB)
...
006 (42232594.005.000) 2026-02-26 15:45:21 Image size of job updated: 1624160
	469  -  MemoryUsage of job (MB)
	480132  -  ResidentSetSize of job (KB)
...
005 (42232594.005.000) 2026-02-26 15:47:57 Job terminated.
	(1) Normal termination (return value 0)
		Usr 0 00:31:02, Sys 0 00:03:00  -  Run Remote Usage
		Usr 0 00:00:00, Sys 0 00:00:00  -  Run Local Usage
		Usr 0 00:31:02, Sys 0 00:03:00  -  Total Remote Usage
		Usr 0 00:00:00, Sys 0 00:00:00  -  Total Local Usage
	0  -  Run Bytes Sent By Job
	0  -  Run Bytes Received By Job
	0  -  Total Bytes Sent By Job
	0  -  Total Bytes Received By Job
	Partitionable Resources :    Usage  Request Allocated 
	   Cpus                 :     1.07        6         6 
	   Disk (KB)            :     1           1     18698 
	   Memory (MB)          :   469        2048      2048 

	Job terminated of its own accord at 2026-02-26T20:47:57Z with exit-code 0.
...
