000 (42232594.008.000) 2026-02-26 15:14:57 Job submitted from host: <10.5.0.107:9618?addrs=10.5.0.107-9618&alias=sugwg-login.syr.edu&noUDP&sock=schedd_873_6244>
...
001 (42232594.008.000) 2026-02-26 15:15:10 Job executing on host: <10.5.199.78:9618?addrs=10.5.199.78-9618&alias=OG-NODE-10-5-199-78&noUDP&sock=startd_1499_c48e>
...
006 (42232594.008.000) 2026-02-26 15:15:18 Image size of job updated: 84484
	54  -  MemoryUsage of job (MB)
	54520  -  ResidentSetSize of job (KB)
...
006 (42232594.008.000) 2026-02-26 15:20:18 Image size of job updated: 1675944
	476  -  MemoryUsage of job (MB)
	487392  -  ResidentSetSize of job (KB)
...
006 (42232594.008.000) 2026-02-26 15:25:19 Image size of job updated: 1675944
	477  -  MemoryUsage of job (MB)
	487920  -  ResidentSetSize of job (KB)
...
005 (42232594.008.000) 2026-02-26 15:48:04 Job terminated.
	(1) Normal termination (return value 0)
		Usr 0 00:31:40, Sys 0 00:02:57  -  Run Remote Usage
		Usr 0 00:00:00, Sys 0 00:00:00  -  Run Local Usage
		Usr 0 00:31:40, Sys 0 00:02:57  -  Total Remote Usage
		Usr 0 00:00:00, Sys 0 00:00:00  -  Total Local Usage
	0  -  Run Bytes Sent By Job
	0  -  Run Bytes Received By Job
	0  -  Total Bytes Sent By Job
	0  -  Total Bytes Received By Job
	Partitionable Resources :    Usage  Request Allocated 
	   Cpus                 :     1.05        6         6 
	   Disk (KB)            :     1           1     17768 
	   Memory (MB)          :   477        2048      2048 

	Job terminated of its own accord at 2026-02-26T20:48:04Z with exit-code 0.
...
