000 (42232594.009.000) 2026-02-26 15:14:57 Job submitted from host: <10.5.0.107:9618?addrs=10.5.0.107-9618&alias=sugwg-login.syr.edu&noUDP&sock=schedd_873_6244>
...
001 (42232594.009.000) 2026-02-26 15:15:05 Job executing on host: <10.5.212.18:9618?addrs=10.5.212.18-9618&alias=OG-NODE-10-5-212-18&noUDP&sock=startd_1505_e21f>
...
006 (42232594.009.000) 2026-02-26 15:15:13 Image size of job updated: 68952
	40  -  MemoryUsage of job (MB)
	40440  -  ResidentSetSize of job (KB)
...
006 (42232594.009.000) 2026-02-26 15:20:13 Image size of job updated: 1634488
	229  -  MemoryUsage of job (MB)
	233820  -  ResidentSetSize of job (KB)
...
006 (42232594.009.000) 2026-02-26 15:25:13 Image size of job updated: 1634488
	244  -  MemoryUsage of job (MB)
	248964  -  ResidentSetSize of job (KB)
...
006 (42232594.009.000) 2026-02-26 15:30:14 Image size of job updated: 1634488
	394  -  MemoryUsage of job (MB)
	403428  -  ResidentSetSize of job (KB)
...
006 (42232594.009.000) 2026-02-26 15:35:14 Image size of job updated: 1634488
	857  -  MemoryUsage of job (MB)
	876560  -  ResidentSetSize of job (KB)
...
005 (42232594.009.000) 2026-02-26 15:48:47 Job terminated.
	(1) Normal termination (return value 0)
		Usr 0 00:32:13, Sys 0 00:03:09  -  Run Remote Usage
		Usr 0 00:00:00, Sys 0 00:00:00  -  Run Local Usage
		Usr 0 00:32:13, Sys 0 00:03:09  -  Total Remote Usage
		Usr 0 00:00:00, Sys 0 00:00:00  -  Total Local Usage
	0  -  Run Bytes Sent By Job
	0  -  Run Bytes Received By Job
	0  -  Total Bytes Sent By Job
	0  -  Total Bytes Received By Job
	Partitionable Resources :    Usage  Request Allocated 
	   Cpus                 :     1.02        6         6 
	   Disk (KB)            :     1           1     20467 
	   Memory (MB)          :   857        2048      2048 

	Job terminated of its own accord at 2026-02-26T20:48:47Z with exit-code 0.
...
