000 (42232594.003.000) 2026-02-26 15:14:57 Job submitted from host: <10.5.0.107:9618?addrs=10.5.0.107-9618&alias=sugwg-login.syr.edu&noUDP&sock=schedd_873_6244>
...
001 (42232594.003.000) 2026-02-26 15:15:10 Job executing on host: <10.5.209.37:9618?addrs=10.5.209.37-9618&alias=OG-NODE-10-5-209-37&noUDP&sock=startd_1512_af49>
...
006 (42232594.003.000) 2026-02-26 15:15:18 Image size of job updated: 274132
	42  -  MemoryUsage of job (MB)
	42080  -  ResidentSetSize of job (KB)
...
006 (42232594.003.000) 2026-02-26 15:20:18 Image size of job updated: 1640308
	428  -  MemoryUsage of job (MB)
	437720  -  ResidentSetSize of job (KB)
...
005 (42232594.003.000) 2026-02-26 15:48:00 Job terminated.
	(1) Normal termination (return value 0)
		Usr 0 00:31:23, Sys 0 00:03:05  -  Run Remote Usage
		Usr 0 00:00:00, Sys 0 00:00:00  -  Run Local Usage
		Usr 0 00:31:23, Sys 0 00:03:05  -  Total Remote Usage
		Usr 0 00:00:00, Sys 0 00:00:00  -  Total Local Usage
	0  -  Run Bytes Sent By Job
	0  -  Run Bytes Received By Job
	0  -  Total Bytes Sent By Job
	0  -  Total Bytes Received By Job
	Partitionable Resources :    Usage  Request Allocated 
	   Cpus                 :     1.13        6         6 
	   Disk (KB)            :     1           1     18004 
	   Memory (MB)          :   428        2048      2048 

	Job terminated of its own accord at 2026-02-26T20:48:00Z with exit-code 0.
...
