000 (42232594.000.000) 2026-02-26 15:14:57 Job submitted from host: <10.5.0.107:9618?addrs=10.5.0.107-9618&alias=sugwg-login.syr.edu&noUDP&sock=schedd_873_6244>
...
001 (42232594.000.000) 2026-02-26 15:15:15 Job executing on host: <10.5.255.116:9618?addrs=10.5.255.116-9618&alias=CRUSH-OG-10-5-255-116&noUDP&sock=startd_1535_75f7>
...
006 (42232594.000.000) 2026-02-26 15:15:23 Image size of job updated: 678436
	69  -  MemoryUsage of job (MB)
	70048  -  ResidentSetSize of job (KB)
...
006 (42232594.000.000) 2026-02-26 15:20:23 Image size of job updated: 1676568
	768  -  MemoryUsage of job (MB)
	786048  -  ResidentSetSize of job (KB)
...
006 (42232594.000.000) 2026-02-26 15:25:24 Image size of job updated: 1676568
	781  -  MemoryUsage of job (MB)
	799000  -  ResidentSetSize of job (KB)
...
005 (42232594.000.000) 2026-02-26 15:50:35 Job terminated.
	(1) Normal termination (return value 0)
		Usr 0 00:34:09, Sys 0 00:03:15  -  Run Remote Usage
		Usr 0 00:00:00, Sys 0 00:00:00  -  Run Local Usage
		Usr 0 00:34:09, Sys 0 00:03:15  -  Total Remote Usage
		Usr 0 00:00:00, Sys 0 00:00:00  -  Total Local Usage
	0  -  Run Bytes Sent By Job
	0  -  Run Bytes Received By Job
	0  -  Total Bytes Sent By Job
	0  -  Total Bytes Received By Job
	Partitionable Resources :    Usage  Request Allocated 
	   Cpus                 :     1.00        6         6 
	   Disk (KB)            :     1           1     26800 
	   Memory (MB)          :   781        2048      2048 

	Job terminated of its own accord at 2026-02-26T20:50:35Z with exit-code 0.
...
