000 (42232594.007.000) 2026-02-26 15:14:57 Job submitted from host: <10.5.0.107:9618?addrs=10.5.0.107-9618&alias=sugwg-login.syr.edu&noUDP&sock=schedd_873_6244>
...
001 (42232594.007.000) 2026-02-26 15:15:05 Job executing on host: <10.5.216.39:9618?addrs=10.5.216.39-9618&alias=OG-NODE-10-5-216-39&noUDP&sock=startd_1514_0e79>
...
006 (42232594.007.000) 2026-02-26 15:15:13 Image size of job updated: 67988
	39  -  MemoryUsage of job (MB)
	39080  -  ResidentSetSize of job (KB)
...
006 (42232594.007.000) 2026-02-26 15:20:13 Image size of job updated: 1582596
	348  -  MemoryUsage of job (MB)
	355956  -  ResidentSetSize of job (KB)
...
006 (42232594.007.000) 2026-02-26 15:30:15 Image size of job updated: 1582596
	393  -  MemoryUsage of job (MB)
	401784  -  ResidentSetSize of job (KB)
...
006 (42232594.007.000) 2026-02-26 15:40:15 Image size of job updated: 1593556
	393  -  MemoryUsage of job (MB)
	401784  -  ResidentSetSize of job (KB)
...
005 (42232594.007.000) 2026-02-26 15:49:14 Job terminated.
	(1) Normal termination (return value 0)
		Usr 0 00:32:26, Sys 0 00:03:20  -  Run Remote Usage
		Usr 0 00:00:00, Sys 0 00:00:00  -  Run Local Usage
		Usr 0 00:32:26, Sys 0 00:03:20  -  Total Remote Usage
		Usr 0 00:00:00, Sys 0 00:00:00  -  Total Local Usage
	0  -  Run Bytes Sent By Job
	0  -  Run Bytes Received By Job
	0  -  Total Bytes Sent By Job
	0  -  Total Bytes Received By Job
	Partitionable Resources :    Usage  Request Allocated 
	   Cpus                 :     1.01        6         6 
	   Disk (KB)            :     1           1     20139 
	   Memory (MB)          :   393        2048      2048 

	Job terminated of its own accord at 2026-02-26T20:49:14Z with exit-code 0.
...
