000 (42162722.009.000) 2026-02-19 17:59:32 Job submitted from host: <10.5.0.107:9618?addrs=10.5.0.107-9618&alias=sugwg-login.syr.edu&noUDP&sock=schedd_873_6244>
...
001 (42162722.009.000) 2026-02-19 18:00:01 Job executing on host: <10.5.228.156:9618?addrs=10.5.228.156-9618&alias=CRUSH-OG-10-5-228-156&noUDP&sock=startd_1531_b796>
...
006 (42162722.009.000) 2026-02-19 18:00:10 Image size of job updated: 104900
	66  -  MemoryUsage of job (MB)
	66752  -  ResidentSetSize of job (KB)
...
006 (42162722.009.000) 2026-02-19 18:05:11 Image size of job updated: 1550104
	416  -  MemoryUsage of job (MB)
	425212  -  ResidentSetSize of job (KB)
...
006 (42162722.009.000) 2026-02-19 18:10:11 Image size of job updated: 1553784
	416  -  MemoryUsage of job (MB)
	425212  -  ResidentSetSize of job (KB)
...
006 (42162722.009.000) 2026-02-19 18:15:12 Image size of job updated: 1614716
	416  -  MemoryUsage of job (MB)
	425212  -  ResidentSetSize of job (KB)
...
006 (42162722.009.000) 2026-02-19 18:20:13 Image size of job updated: 1614716
	459  -  MemoryUsage of job (MB)
	469984  -  ResidentSetSize of job (KB)
...
006 (42162722.009.000) 2026-02-19 18:25:13 Image size of job updated: 1614716
	918  -  MemoryUsage of job (MB)
	939320  -  ResidentSetSize of job (KB)
...
005 (42162722.009.000) 2026-02-19 18:33:18 Job terminated.
	(1) Normal termination (return value 0)
		Usr 0 00:31:02, Sys 0 00:03:09  -  Run Remote Usage
		Usr 0 00:00:00, Sys 0 00:00:00  -  Run Local Usage
		Usr 0 00:31:02, Sys 0 00:03:09  -  Total Remote Usage
		Usr 0 00:00:00, Sys 0 00:00:00  -  Total Local Usage
	0  -  Run Bytes Sent By Job
	0  -  Run Bytes Received By Job
	0  -  Total Bytes Sent By Job
	0  -  Total Bytes Received By Job
	Partitionable Resources :    Usage  Request Allocated 
	   Cpus                 :     1.01        6         6 
	   Disk (KB)            :     1           1     27416 
	   Memory (MB)          :   918        2048      2048 

	Job terminated of its own accord at 2026-02-19T23:33:18Z with exit-code 0.
...
