000 (42162722.006.000) 2026-02-19 17:59:32 Job submitted from host: <10.5.0.107:9618?addrs=10.5.0.107-9618&alias=sugwg-login.syr.edu&noUDP&sock=schedd_873_6244>
...
001 (42162722.006.000) 2026-02-19 18:00:01 Job executing on host: <10.5.180.40:9618?addrs=10.5.180.40-9618&alias=CRUSH-OG-10-5-180-40&noUDP&sock=startd_1531_b796>
...
006 (42162722.006.000) 2026-02-19 18:00:10 Image size of job updated: 669412
	73  -  MemoryUsage of job (MB)
	73816  -  ResidentSetSize of job (KB)
...
006 (42162722.006.000) 2026-02-19 18:05:11 Image size of job updated: 1512112
	450  -  MemoryUsage of job (MB)
	459816  -  ResidentSetSize of job (KB)
...
006 (42162722.006.000) 2026-02-19 18:15:11 Image size of job updated: 1549488
	450  -  MemoryUsage of job (MB)
	459816  -  ResidentSetSize of job (KB)
...
006 (42162722.006.000) 2026-02-19 18:20:12 Image size of job updated: 1613044
	450  -  MemoryUsage of job (MB)
	459816  -  ResidentSetSize of job (KB)
...
005 (42162722.006.000) 2026-02-19 18:33:56 Job terminated.
	(1) Normal termination (return value 0)
		Usr 0 00:31:54, Sys 0 00:03:01  -  Run Remote Usage
		Usr 0 00:00:00, Sys 0 00:00:00  -  Run Local Usage
		Usr 0 00:31:54, Sys 0 00:03:01  -  Total Remote Usage
		Usr 0 00:00:00, Sys 0 00:00:00  -  Total Local Usage
	0  -  Run Bytes Sent By Job
	0  -  Run Bytes Received By Job
	0  -  Total Bytes Sent By Job
	0  -  Total Bytes Received By Job
	Partitionable Resources :    Usage  Request Allocated 
	   Cpus                 :     1.00        6         6 
	   Disk (KB)            :     1           1     27316 
	   Memory (MB)          :   450        2048      2048 

	Job terminated of its own accord at 2026-02-19T23:33:56Z with exit-code 0.
...
