000 (42162722.003.000) 2026-02-19 17:59:32 Job submitted from host: <10.5.0.107:9618?addrs=10.5.0.107-9618&alias=sugwg-login.syr.edu&noUDP&sock=schedd_873_6244>
...
001 (42162722.003.000) 2026-02-19 17:59:56 Job executing on host: <10.5.203.85:9618?addrs=10.5.203.85-9618&alias=OG-NODE-10-5-203-85&noUDP&sock=startd_1620_c383>
...
006 (42162722.003.000) 2026-02-19 18:00:05 Image size of job updated: 369284
	81  -  MemoryUsage of job (MB)
	82652  -  ResidentSetSize of job (KB)
...
006 (42162722.003.000) 2026-02-19 18:05:06 Image size of job updated: 1569576
	305  -  MemoryUsage of job (MB)
	311500  -  ResidentSetSize of job (KB)
...
006 (42162722.003.000) 2026-02-19 18:10:06 Image size of job updated: 1611572
	305  -  MemoryUsage of job (MB)
	311500  -  ResidentSetSize of job (KB)
...
006 (42162722.003.000) 2026-02-19 18:15:07 Image size of job updated: 1611572
	765  -  MemoryUsage of job (MB)
	782596  -  ResidentSetSize of job (KB)
...
006 (42162722.003.000) 2026-02-19 18:20:08 Image size of job updated: 1611572
	769  -  MemoryUsage of job (MB)
	786688  -  ResidentSetSize of job (KB)
...
006 (42162722.003.000) 2026-02-19 18:25:08 Image size of job updated: 1613684
	769  -  MemoryUsage of job (MB)
	786688  -  ResidentSetSize of job (KB)
...
005 (42162722.003.000) 2026-02-19 18:36:42 Job terminated.
	(1) Normal termination (return value 0)
		Usr 0 00:34:42, Sys 0 00:03:11  -  Run Remote Usage
		Usr 0 00:00:00, Sys 0 00:00:00  -  Run Local Usage
		Usr 0 00:34:42, Sys 0 00:03:11  -  Total Remote Usage
		Usr 0 00:00:00, Sys 0 00:00:00  -  Total Local Usage
	0  -  Run Bytes Sent By Job
	0  -  Run Bytes Received By Job
	0  -  Total Bytes Sent By Job
	0  -  Total Bytes Received By Job
	Partitionable Resources :    Usage  Request Allocated 
	   Cpus                 :     1.02        6         6 
	   Disk (KB)            :     1           1     17227 
	   Memory (MB)          :   769        2048      2048 

	Job terminated of its own accord at 2026-02-19T23:36:42Z with exit-code 0.
...
