000 (42162722.005.000) 2026-02-19 17:59:32 Job submitted from host: <10.5.0.107:9618?addrs=10.5.0.107-9618&alias=sugwg-login.syr.edu&noUDP&sock=schedd_873_6244>
...
001 (42162722.005.000) 2026-02-19 17:59:56 Job executing on host: <10.5.199.78:9618?addrs=10.5.199.78-9618&alias=OG-NODE-10-5-199-78&noUDP&sock=startd_1497_655d>
...
006 (42162722.005.000) 2026-02-19 18:00:05 Image size of job updated: 92520
	61  -  MemoryUsage of job (MB)
	61632  -  ResidentSetSize of job (KB)
...
006 (42162722.005.000) 2026-02-19 18:05:06 Image size of job updated: 1638640
	278  -  MemoryUsage of job (MB)
	283920  -  ResidentSetSize of job (KB)
...
006 (42162722.005.000) 2026-02-19 18:15:07 Image size of job updated: 1638640
	382  -  MemoryUsage of job (MB)
	390596  -  ResidentSetSize of job (KB)
...
006 (42162722.005.000) 2026-02-19 18:30:08 Image size of job updated: 1638640
	537  -  MemoryUsage of job (MB)
	549084  -  ResidentSetSize of job (KB)
...
006 (42162722.005.000) 2026-02-19 18:35:10 Image size of job updated: 1638640
	538  -  MemoryUsage of job (MB)
	550272  -  ResidentSetSize of job (KB)
...
005 (42162722.005.000) 2026-02-19 18:35:20 Job terminated.
	(1) Normal termination (return value 0)
		Usr 0 00:32:51, Sys 0 00:03:27  -  Run Remote Usage
		Usr 0 00:00:00, Sys 0 00:00:00  -  Run Local Usage
		Usr 0 00:32:51, Sys 0 00:03:27  -  Total Remote Usage
		Usr 0 00:00:00, Sys 0 00:00:00  -  Total Local Usage
	0  -  Run Bytes Sent By Job
	0  -  Run Bytes Received By Job
	0  -  Total Bytes Sent By Job
	0  -  Total Bytes Received By Job
	Partitionable Resources :    Usage  Request Allocated 
	   Cpus                 :     1.16        6         6 
	   Disk (KB)            :     1           1     18223 
	   Memory (MB)          :   538        2048      2048 

	Job terminated of its own accord at 2026-02-19T23:35:20Z with exit-code 0.
...
