000 (42162722.007.000) 2026-02-19 17:59:32 Job submitted from host: <10.5.0.107:9618?addrs=10.5.0.107-9618&alias=sugwg-login.syr.edu&noUDP&sock=schedd_873_6244>
...
001 (42162722.007.000) 2026-02-19 18:00:09 Job executing on host: <10.5.243.238:9618?addrs=10.5.243.238-9618&alias=OG-NODE-10-5-243-238&noUDP&sock=startd_1602_6acf>
...
006 (42162722.007.000) 2026-02-19 18:00:18 Image size of job updated: 294556
	74  -  MemoryUsage of job (MB)
	75504  -  ResidentSetSize of job (KB)
...
006 (42162722.007.000) 2026-02-19 18:05:19 Image size of job updated: 1573012
	250  -  MemoryUsage of job (MB)
	255480  -  ResidentSetSize of job (KB)
...
006 (42162722.007.000) 2026-02-19 18:10:20 Image size of job updated: 1617624
	275  -  MemoryUsage of job (MB)
	281144  -  ResidentSetSize of job (KB)
...
006 (42162722.007.000) 2026-02-19 18:15:20 Image size of job updated: 1617624
	741  -  MemoryUsage of job (MB)
	757872  -  ResidentSetSize of job (KB)
...
006 (42162722.007.000) 2026-02-19 18:35:11 Image size of job updated: 1620796
	741  -  MemoryUsage of job (MB)
	757872  -  ResidentSetSize of job (KB)
...
005 (42162722.007.000) 2026-02-19 18:35:11 Job terminated.
	(1) Normal termination (return value 0)
		Usr 0 00:33:07, Sys 0 00:02:57  -  Run Remote Usage
		Usr 0 00:00:00, Sys 0 00:00:00  -  Run Local Usage
		Usr 0 00:33:07, Sys 0 00:02:57  -  Total Remote Usage
		Usr 0 00:00:00, Sys 0 00:00:00  -  Total Local Usage
	0  -  Run Bytes Sent By Job
	0  -  Run Bytes Received By Job
	0  -  Total Bytes Sent By Job
	0  -  Total Bytes Received By Job
	Partitionable Resources :    Usage  Request Allocated 
	   Cpus                 :     1.00        6         6 
	   Disk (KB)            :     1           1     16855 
	   Memory (MB)          :   741        2048      2048 

	Job terminated of its own accord at 2026-02-19T23:35:11Z with exit-code 0.
...
