000 (42162725.009.000) 2026-02-19 18:04:25 Job submitted from host: <10.5.0.107:9618?addrs=10.5.0.107-9618&alias=sugwg-login.syr.edu&noUDP&sock=schedd_873_6244>
...
001 (42162725.009.000) 2026-02-19 18:04:48 Job executing on host: <10.5.206.39:9618?addrs=10.5.206.39-9618&alias=CRUSH-OG-10-5-206-39&noUDP&sock=startd_1370_48d6>
...
006 (42162725.009.000) 2026-02-19 18:04:57 Image size of job updated: 199976
	133  -  MemoryUsage of job (MB)
	136088  -  ResidentSetSize of job (KB)
...
006 (42162725.009.000) 2026-02-19 18:09:58 Image size of job updated: 1640252
	325  -  MemoryUsage of job (MB)
	331988  -  ResidentSetSize of job (KB)
...
006 (42162725.009.000) 2026-02-19 18:14:58 Image size of job updated: 1640252
	415  -  MemoryUsage of job (MB)
	424508  -  ResidentSetSize of job (KB)
...
006 (42162725.009.000) 2026-02-19 18:19:58 Image size of job updated: 1643576
	430  -  MemoryUsage of job (MB)
	440072  -  ResidentSetSize of job (KB)
...
006 (42162725.009.000) 2026-02-19 18:24:59 Image size of job updated: 1643576
	869  -  MemoryUsage of job (MB)
	889700  -  ResidentSetSize of job (KB)
...
005 (42162725.009.000) 2026-02-19 18:27:57 Job terminated.
	(1) Normal termination (return value 0)
		Usr 0 00:21:16, Sys 0 00:02:54  -  Run Remote Usage
		Usr 0 00:00:00, Sys 0 00:00:00  -  Run Local Usage
		Usr 0 00:21:16, Sys 0 00:02:54  -  Total Remote Usage
		Usr 0 00:00:00, Sys 0 00:00:00  -  Total Local Usage
	0  -  Run Bytes Sent By Job
	0  -  Run Bytes Received By Job
	0  -  Total Bytes Sent By Job
	0  -  Total Bytes Received By Job
	Partitionable Resources :    Usage  Request Allocated 
	   Cpus                 :     1.04        6         6 
	   Disk (KB)            :     1           1     27589 
	   Memory (MB)          :   869        2048      2048 

	Job terminated of its own accord at 2026-02-19T23:27:57Z with exit-code 0.
...
