000 (42162725.003.000) 2026-02-19 18:04:25 Job submitted from host: <10.5.0.107:9618?addrs=10.5.0.107-9618&alias=sugwg-login.syr.edu&noUDP&sock=schedd_873_6244>
...
001 (42162725.003.000) 2026-02-19 18:04:43 Job executing on host: <10.5.199.117:9618?addrs=10.5.199.117-9618&alias=OG-NODE-10-5-199-117&noUDP&sock=startd_1499_c48e>
...
006 (42162725.003.000) 2026-02-19 18:04:52 Image size of job updated: 362136
	59  -  MemoryUsage of job (MB)
	60112  -  ResidentSetSize of job (KB)
...
006 (42162725.003.000) 2026-02-19 18:09:52 Image size of job updated: 1611700
	336  -  MemoryUsage of job (MB)
	343484  -  ResidentSetSize of job (KB)
...
006 (42162725.003.000) 2026-02-19 18:24:54 Image size of job updated: 1611700
	856  -  MemoryUsage of job (MB)
	875884  -  ResidentSetSize of job (KB)
...
005 (42162725.003.000) 2026-02-19 18:39:58 Job terminated.
	(1) Normal termination (return value 0)
		Usr 0 00:32:37, Sys 0 00:03:39  -  Run Remote Usage
		Usr 0 00:00:00, Sys 0 00:00:00  -  Run Local Usage
		Usr 0 00:32:37, Sys 0 00:03:39  -  Total Remote Usage
		Usr 0 00:00:00, Sys 0 00:00:00  -  Total Local Usage
	0  -  Run Bytes Sent By Job
	0  -  Run Bytes Received By Job
	0  -  Total Bytes Sent By Job
	0  -  Total Bytes Received By Job
	Partitionable Resources :    Usage  Request Allocated 
	   Cpus                 :     1.00        6         6 
	   Disk (KB)            :     1           1     14366 
	   Memory (MB)          :   856        2048      2048 

	Job terminated of its own accord at 2026-02-19T23:39:58Z with exit-code 0.
...
