000 (42162725.004.000) 2026-02-19 18:04:25 Job submitted from host: <10.5.0.107:9618?addrs=10.5.0.107-9618&alias=sugwg-login.syr.edu&noUDP&sock=schedd_873_6244>
...
001 (42162725.004.000) 2026-02-19 18:04:43 Job executing on host: <10.5.158.59:9618?addrs=10.5.158.59-9618&alias=CRUSH-OG-10-5-158-59&noUDP&sock=startd_1528_a8cd>
...
006 (42162725.004.000) 2026-02-19 18:04:52 Image size of job updated: 776184
	154  -  MemoryUsage of job (MB)
	156688  -  ResidentSetSize of job (KB)
...
006 (42162725.004.000) 2026-02-19 18:09:53 Image size of job updated: 1547912
	363  -  MemoryUsage of job (MB)
	370876  -  ResidentSetSize of job (KB)
...
006 (42162725.004.000) 2026-02-19 18:14:53 Image size of job updated: 1611400
	751  -  MemoryUsage of job (MB)
	768728  -  ResidentSetSize of job (KB)
...
006 (42162725.004.000) 2026-02-19 18:29:55 Image size of job updated: 1619848
	751  -  MemoryUsage of job (MB)
	768728  -  ResidentSetSize of job (KB)
...
006 (42162725.004.000) 2026-02-19 18:39:55 Image size of job updated: 1619848
	913  -  MemoryUsage of job (MB)
	934328  -  ResidentSetSize of job (KB)
...
005 (42162725.004.000) 2026-02-19 18:43:53 Job terminated.
	(1) Normal termination (return value 0)
		Usr 0 00:36:47, Sys 0 00:03:34  -  Run Remote Usage
		Usr 0 00:00:00, Sys 0 00:00:00  -  Run Local Usage
		Usr 0 00:36:47, Sys 0 00:03:34  -  Total Remote Usage
		Usr 0 00:00:00, Sys 0 00:00:00  -  Total Local Usage
	0  -  Run Bytes Sent By Job
	0  -  Run Bytes Received By Job
	0  -  Total Bytes Sent By Job
	0  -  Total Bytes Received By Job
	Partitionable Resources :    Usage  Request Allocated 
	   Cpus                 :     1.00        6         6 
	   Disk (KB)            :     1           1     28164 
	   Memory (MB)          :   913        2048      2048 

	Job terminated of its own accord at 2026-02-19T23:43:53Z with exit-code 0.
...
