000 (42162725.005.000) 2026-02-19 18:04:25 Job submitted from host: <10.5.0.107:9618?addrs=10.5.0.107-9618&alias=sugwg-login.syr.edu&noUDP&sock=schedd_873_6244>
...
001 (42162725.005.000) 2026-02-19 18:04:43 Job executing on host: <10.5.209.116:9618?addrs=10.5.209.116-9618&alias=CRUSH-OG-10-5-209-116&noUDP&sock=startd_1536_258f>
...
006 (42162725.005.000) 2026-02-19 18:04:52 Image size of job updated: 763976
	131  -  MemoryUsage of job (MB)
	133396  -  ResidentSetSize of job (KB)
...
006 (42162725.005.000) 2026-02-19 18:09:53 Image size of job updated: 1621548
	316  -  MemoryUsage of job (MB)
	323216  -  ResidentSetSize of job (KB)
...
006 (42162725.005.000) 2026-02-19 18:14:54 Image size of job updated: 1621548
	344  -  MemoryUsage of job (MB)
	351236  -  ResidentSetSize of job (KB)
...
006 (42162725.005.000) 2026-02-19 18:19:54 Image size of job updated: 1621548
	847  -  MemoryUsage of job (MB)
	866648  -  ResidentSetSize of job (KB)
...
005 (42162725.005.000) 2026-02-19 18:38:06 Job terminated.
	(1) Normal termination (return value 0)
		Usr 0 00:31:24, Sys 0 00:03:07  -  Run Remote Usage
		Usr 0 00:00:00, Sys 0 00:00:00  -  Run Local Usage
		Usr 0 00:31:24, Sys 0 00:03:07  -  Total Remote Usage
		Usr 0 00:00:00, Sys 0 00:00:00  -  Total Local Usage
	0  -  Run Bytes Sent By Job
	0  -  Run Bytes Received By Job
	0  -  Total Bytes Sent By Job
	0  -  Total Bytes Received By Job
	Partitionable Resources :    Usage  Request Allocated 
	   Cpus                 :     1.06        6         6 
	   Disk (KB)            :     1           1     27738 
	   Memory (MB)          :   847        2048      2048 

	Job terminated of its own accord at 2026-02-19T23:38:06Z with exit-code 0.
...
