000 (42162725.006.000) 2026-02-19 18:04:25 Job submitted from host: <10.5.0.107:9618?addrs=10.5.0.107-9618&alias=sugwg-login.syr.edu&noUDP&sock=schedd_873_6244>
...
001 (42162725.006.000) 2026-02-19 18:04:38 Job executing on host: <10.5.212.158:9618?addrs=10.5.212.158-9618&alias=OG-NODE-10-5-212-158&noUDP&sock=startd_1597_fcd6>
...
006 (42162725.006.000) 2026-02-19 18:04:47 Image size of job updated: 297276
	153  -  MemoryUsage of job (MB)
	156012  -  ResidentSetSize of job (KB)
...
006 (42162725.006.000) 2026-02-19 18:09:48 Image size of job updated: 1554200
	237  -  MemoryUsage of job (MB)
	242040  -  ResidentSetSize of job (KB)
...
006 (42162725.006.000) 2026-02-19 18:14:48 Image size of job updated: 1617724
	321  -  MemoryUsage of job (MB)
	327732  -  ResidentSetSize of job (KB)
...
006 (42162725.006.000) 2026-02-19 18:19:48 Image size of job updated: 1617724
	371  -  MemoryUsage of job (MB)
	379208  -  ResidentSetSize of job (KB)
...
006 (42162725.006.000) 2026-02-19 18:34:50 Image size of job updated: 1621820
	458  -  MemoryUsage of job (MB)
	468348  -  ResidentSetSize of job (KB)
...
006 (42162725.006.000) 2026-02-19 18:38:18 Image size of job updated: 1621820
	458  -  MemoryUsage of job (MB)
	468876  -  ResidentSetSize of job (KB)
...
005 (42162725.006.000) 2026-02-19 18:38:18 Job terminated.
	(1) Normal termination (return value 0)
		Usr 0 00:31:05, Sys 0 00:03:42  -  Run Remote Usage
		Usr 0 00:00:00, Sys 0 00:00:00  -  Run Local Usage
		Usr 0 00:31:05, Sys 0 00:03:42  -  Total Remote Usage
		Usr 0 00:00:00, Sys 0 00:00:00  -  Total Local Usage
	0  -  Run Bytes Sent By Job
	0  -  Run Bytes Received By Job
	0  -  Total Bytes Sent By Job
	0  -  Total Bytes Received By Job
	Partitionable Resources :    Usage  Request Allocated 
	   Cpus                 :     1.00        6         6 
	   Disk (KB)            :     1           1     17169 
	   Memory (MB)          :   458        2048      2048 

	Job terminated of its own accord at 2026-02-19T23:38:18Z with exit-code 0.
...
