000 (42162725.000.000) 2026-02-19 18:04:25 Job submitted from host: <10.5.0.107:9618?addrs=10.5.0.107-9618&alias=sugwg-login.syr.edu&noUDP&sock=schedd_873_6244>
...
001 (42162725.000.000) 2026-02-19 18:04:43 Job executing on host: <10.5.212.224:9618?addrs=10.5.212.224-9618&alias=CRUSH-OG-10-5-212-224&noUDP&sock=startd_1219_b609>
...
006 (42162725.000.000) 2026-02-19 18:04:52 Image size of job updated: 358404
	78  -  MemoryUsage of job (MB)
	78916  -  ResidentSetSize of job (KB)
...
006 (42162725.000.000) 2026-02-19 18:09:53 Image size of job updated: 1676980
	389  -  MemoryUsage of job (MB)
	397792  -  ResidentSetSize of job (KB)
...
006 (42162725.000.000) 2026-02-19 18:19:54 Image size of job updated: 1676980
	540  -  MemoryUsage of job (MB)
	551976  -  ResidentSetSize of job (KB)
...
006 (42162725.000.000) 2026-02-19 18:24:54 Image size of job updated: 1676980
	540  -  MemoryUsage of job (MB)
	552108  -  ResidentSetSize of job (KB)
...
005 (42162725.000.000) 2026-02-19 18:29:29 Job terminated.
	(1) Normal termination (return value 0)
		Usr 0 00:22:13, Sys 0 00:03:08  -  Run Remote Usage
		Usr 0 00:00:00, Sys 0 00:00:00  -  Run Local Usage
		Usr 0 00:22:13, Sys 0 00:03:08  -  Total Remote Usage
		Usr 0 00:00:00, Sys 0 00:00:00  -  Total Local Usage
	0  -  Run Bytes Sent By Job
	0  -  Run Bytes Received By Job
	0  -  Total Bytes Sent By Job
	0  -  Total Bytes Received By Job
	Partitionable Resources :    Usage  Request Allocated 
	   Cpus                 :     1.00        6         6 
	   Disk (KB)            :     1           1     28182 
	   Memory (MB)          :   540        2048      2048 

	Job terminated of its own accord at 2026-02-19T23:29:29Z with exit-code 0.
...
