000 (42162725.007.000) 2026-02-19 18:04:25 Job submitted from host: <10.5.0.107:9618?addrs=10.5.0.107-9618&alias=sugwg-login.syr.edu&noUDP&sock=schedd_873_6244>
...
001 (42162725.007.000) 2026-02-19 18:04:38 Job executing on host: <10.5.203.190:9618?addrs=10.5.203.190-9618&alias=OG-NODE-10-5-203-190&noUDP&sock=startd_1506_91b7>
...
006 (42162725.007.000) 2026-02-19 18:04:47 Image size of job updated: 722400
	123  -  MemoryUsage of job (MB)
	125012  -  ResidentSetSize of job (KB)
...
006 (42162725.007.000) 2026-02-19 18:09:48 Image size of job updated: 1511264
	228  -  MemoryUsage of job (MB)
	232736  -  ResidentSetSize of job (KB)
...
006 (42162725.007.000) 2026-02-19 18:14:48 Image size of job updated: 1611620
	495  -  MemoryUsage of job (MB)
	506248  -  ResidentSetSize of job (KB)
...
006 (42162725.007.000) 2026-02-19 18:29:50 Image size of job updated: 1611620
	688  -  MemoryUsage of job (MB)
	703884  -  ResidentSetSize of job (KB)
...
005 (42162725.007.000) 2026-02-19 18:38:08 Job terminated.
	(1) Normal termination (return value 0)
		Usr 0 00:31:18, Sys 0 00:03:19  -  Run Remote Usage
		Usr 0 00:00:00, Sys 0 00:00:00  -  Run Local Usage
		Usr 0 00:31:18, Sys 0 00:03:19  -  Total Remote Usage
		Usr 0 00:00:00, Sys 0 00:00:00  -  Total Local Usage
	0  -  Run Bytes Sent By Job
	0  -  Run Bytes Received By Job
	0  -  Total Bytes Sent By Job
	0  -  Total Bytes Received By Job
	Partitionable Resources :    Usage  Request Allocated 
	   Cpus                 :     1.03        6         6 
	   Disk (KB)            :     1           1     20018 
	   Memory (MB)          :   688        2048      2048 

	Job terminated of its own accord at 2026-02-19T23:38:08Z with exit-code 0.
...
000 (42162735.000.000) 2026-02-19 23:32:57 Job submitted from host: <10.5.0.107:9618?addrs=10.5.0.107-9618&alias=sugwg-login.syr.edu&noUDP&sock=schedd_873_6244>
...
001 (42162735.000.000) 2026-02-19 23:33:16 Job executing on host: <10.5.206.243:9618?addrs=10.5.206.243-9618&alias=CRUSH-OG-10-5-206-243&noUDP&sock=startd_1531_b796>
...
006 (42162735.000.000) 2026-02-19 23:33:25 Image size of job updated: 362020
	75  -  MemoryUsage of job (MB)
	76596  -  ResidentSetSize of job (KB)
...
006 (42162735.000.000) 2026-02-19 23:38:26 Image size of job updated: 1573100
	348  -  MemoryUsage of job (MB)
	356348  -  ResidentSetSize of job (KB)
...
006 (42162735.000.000) 2026-02-19 23:53:28 Image size of job updated: 1573100
	367  -  MemoryUsage of job (MB)
	375600  -  ResidentSetSize of job (KB)
...
006 (42162735.000.000) 2026-02-20 00:03:30 Image size of job updated: 1613552
	367  -  MemoryUsage of job (MB)
	375600  -  ResidentSetSize of job (KB)
...
006 (42162735.000.000) 2026-02-20 00:13:30 Image size of job updated: 1613552
	415  -  MemoryUsage of job (MB)
	424268  -  ResidentSetSize of job (KB)
...
006 (42162735.000.000) 2026-02-20 00:14:26 Image size of job updated: 1613552
	420  -  MemoryUsage of job (MB)
	429284  -  ResidentSetSize of job (KB)
...
005 (42162735.000.000) 2026-02-20 00:14:26 Job terminated.
	(1) Normal termination (return value 0)
		Usr 0 00:38:10, Sys 0 00:03:39  -  Run Remote Usage
		Usr 0 00:00:00, Sys 0 00:00:00  -  Run Local Usage
		Usr 0 00:38:10, Sys 0 00:03:39  -  Total Remote Usage
		Usr 0 00:00:00, Sys 0 00:00:00  -  Total Local Usage
	0  -  Run Bytes Sent By Job
	0  -  Run Bytes Received By Job
	0  -  Total Bytes Sent By Job
	0  -  Total Bytes Received By Job
	Partitionable Resources :    Usage  Request Allocated 
	   Cpus                 :     1.00        6         6 
	   Disk (KB)            :     1           1     27397 
	   Memory (MB)          :   420        2048      2048 

	Job terminated of its own accord at 2026-02-20T05:14:26Z with exit-code 0.
...
