000 (42233294.000.000) 2026-02-26 15:58:26 Job submitted from host: <10.5.0.107:9618?addrs=10.5.0.107-9618&alias=sugwg-login.syr.edu&noUDP&sock=schedd_873_6244>
...
001 (42233294.000.000) 2026-02-26 15:58:59 Job executing on host: <10.5.209.37:9618?addrs=10.5.209.37-9618&alias=OG-NODE-10-5-209-37&noUDP&sock=startd_1512_af49>
...
006 (42233294.000.000) 2026-02-26 15:59:07 Image size of job updated: 696684
	93  -  MemoryUsage of job (MB)
	94720  -  ResidentSetSize of job (KB)
...
006 (42233294.000.000) 2026-02-26 16:04:07 Image size of job updated: 1649964
	323  -  MemoryUsage of job (MB)
	330380  -  ResidentSetSize of job (KB)
...
006 (42233294.000.000) 2026-02-26 16:14:08 Image size of job updated: 1649964
	340  -  MemoryUsage of job (MB)
	347544  -  ResidentSetSize of job (KB)
...
006 (42233294.000.000) 2026-02-26 16:19:09 Image size of job updated: 1649964
	343  -  MemoryUsage of job (MB)
	351040  -  ResidentSetSize of job (KB)
...
005 (42233294.000.000) 2026-02-26 16:31:43 Job terminated.
	(1) Normal termination (return value 0)
		Usr 0 00:31:13, Sys 0 00:02:57  -  Run Remote Usage
		Usr 0 00:00:00, Sys 0 00:00:00  -  Run Local Usage
		Usr 0 00:31:13, Sys 0 00:02:57  -  Total Remote Usage
		Usr 0 00:00:00, Sys 0 00:00:00  -  Total Local Usage
	0  -  Run Bytes Sent By Job
	0  -  Run Bytes Received By Job
	0  -  Total Bytes Sent By Job
	0  -  Total Bytes Received By Job
	Partitionable Resources :    Usage  Request Allocated 
	   Cpus                 :     1.05        6         6 
	   Disk (KB)            :     1           1     18004 
	   Memory (MB)          :   343        2048      2048 

	Job terminated of its own accord at 2026-02-26T21:31:43Z with exit-code 0.
...
