000 (42233294.004.000) 2026-02-26 15:58:26 Job submitted from host: <10.5.0.107:9618?addrs=10.5.0.107-9618&alias=sugwg-login.syr.edu&noUDP&sock=schedd_873_6244>
...
001 (42233294.004.000) 2026-02-26 15:58:59 Job executing on host: <10.5.199.78:9618?addrs=10.5.199.78-9618&alias=OG-NODE-10-5-199-78&noUDP&sock=startd_1499_c48e>
...
006 (42233294.004.000) 2026-02-26 15:59:07 Image size of job updated: 744048
	155  -  MemoryUsage of job (MB)
	157844  -  ResidentSetSize of job (KB)
...
006 (42233294.004.000) 2026-02-26 16:04:07 Image size of job updated: 1508292
	378  -  MemoryUsage of job (MB)
	386888  -  ResidentSetSize of job (KB)
...
006 (42233294.004.000) 2026-02-26 16:09:07 Image size of job updated: 1613708
	378  -  MemoryUsage of job (MB)
	386888  -  ResidentSetSize of job (KB)
...
006 (42233294.004.000) 2026-02-26 16:14:08 Image size of job updated: 1613708
	423  -  MemoryUsage of job (MB)
	432564  -  ResidentSetSize of job (KB)
...
005 (42233294.004.000) 2026-02-26 16:31:50 Job terminated.
	(1) Normal termination (return value 0)
		Usr 0 00:31:51, Sys 0 00:03:01  -  Run Remote Usage
		Usr 0 00:00:00, Sys 0 00:00:00  -  Run Local Usage
		Usr 0 00:31:51, Sys 0 00:03:01  -  Total Remote Usage
		Usr 0 00:00:00, Sys 0 00:00:00  -  Total Local Usage
	0  -  Run Bytes Sent By Job
	0  -  Run Bytes Received By Job
	0  -  Total Bytes Sent By Job
	0  -  Total Bytes Received By Job
	Partitionable Resources :    Usage  Request Allocated 
	   Cpus                 :     1.02        6         6 
	   Disk (KB)            :     1           1     17768 
	   Memory (MB)          :   423        2048      2048 

	Job terminated of its own accord at 2026-02-26T21:31:50Z with exit-code 0.
...
