000 (42233294.006.000) 2026-02-26 15:58:26 Job submitted from host: <10.5.0.107:9618?addrs=10.5.0.107-9618&alias=sugwg-login.syr.edu&noUDP&sock=schedd_873_6244>
...
001 (42233294.006.000) 2026-02-26 15:59:04 Job executing on host: <10.5.234.210:9618?addrs=10.5.234.210-9618&alias=OG-NODE-10-5-234-210&noUDP&sock=startd_1505_e21f>
...
006 (42233294.006.000) 2026-02-26 15:59:12 Image size of job updated: 70140
	41  -  MemoryUsage of job (MB)
	41100  -  ResidentSetSize of job (KB)
...
006 (42233294.006.000) 2026-02-26 16:04:12 Image size of job updated: 1146052
	507  -  MemoryUsage of job (MB)
	518564  -  ResidentSetSize of job (KB)
...
006 (42233294.006.000) 2026-02-26 16:09:13 Image size of job updated: 1677332
	507  -  MemoryUsage of job (MB)
	518564  -  ResidentSetSize of job (KB)
...
006 (42233294.006.000) 2026-02-26 16:29:15 Image size of job updated: 1677332
	771  -  MemoryUsage of job (MB)
	788932  -  ResidentSetSize of job (KB)
...
005 (42233294.006.000) 2026-02-26 16:53:23 Job terminated.
	(1) Normal termination (return value 0)
		Usr 0 00:51:48, Sys 0 00:04:35  -  Run Remote Usage
		Usr 0 00:00:00, Sys 0 00:00:00  -  Run Local Usage
		Usr 0 00:51:48, Sys 0 00:04:35  -  Total Remote Usage
		Usr 0 00:00:00, Sys 0 00:00:00  -  Total Local Usage
	0  -  Run Bytes Sent By Job
	0  -  Run Bytes Received By Job
	0  -  Total Bytes Sent By Job
	0  -  Total Bytes Received By Job
	Partitionable Resources :    Usage  Request Allocated 
	   Cpus                 :     1.00        6         6 
	   Disk (KB)            :     1           1     18930 
	   Memory (MB)          :   771        2048      2048 

	Job terminated of its own accord at 2026-02-26T21:53:23Z with exit-code 0.
...
