000 (42233294.005.000) 2026-02-26 15:58:26 Job submitted from host: <10.5.0.107:9618?addrs=10.5.0.107-9618&alias=sugwg-login.syr.edu&noUDP&sock=schedd_873_6244>
...
001 (42233294.005.000) 2026-02-26 15:58:59 Job executing on host: <10.5.212.18:9618?addrs=10.5.212.18-9618&alias=OG-NODE-10-5-212-18&noUDP&sock=startd_1505_e21f>
...
006 (42233294.005.000) 2026-02-26 15:59:07 Image size of job updated: 88212
	87  -  MemoryUsage of job (MB)
	88212  -  ResidentSetSize of job (KB)
...
006 (42233294.005.000) 2026-02-26 16:04:07 Image size of job updated: 1613476
	343  -  MemoryUsage of job (MB)
	350372  -  ResidentSetSize of job (KB)
...
006 (42233294.005.000) 2026-02-26 16:14:08 Image size of job updated: 1613476
	400  -  MemoryUsage of job (MB)
	409164  -  ResidentSetSize of job (KB)
...
006 (42233294.005.000) 2026-02-26 16:19:09 Image size of job updated: 1621220
	406  -  MemoryUsage of job (MB)
	415520  -  ResidentSetSize of job (KB)
...
006 (42233294.005.000) 2026-02-26 16:24:09 Image size of job updated: 1621220
	418  -  MemoryUsage of job (MB)
	427808  -  ResidentSetSize of job (KB)
...
006 (42233294.005.000) 2026-02-26 16:29:10 Image size of job updated: 1645284
	418  -  MemoryUsage of job (MB)
	427808  -  ResidentSetSize of job (KB)
...
006 (42233294.005.000) 2026-02-26 16:31:54 Image size of job updated: 1649260
	418  -  MemoryUsage of job (MB)
	427808  -  ResidentSetSize of job (KB)
...
005 (42233294.005.000) 2026-02-26 16:31:54 Job terminated.
	(1) Normal termination (return value 0)
		Usr 0 00:31:16, Sys 0 00:03:05  -  Run Remote Usage
		Usr 0 00:00:00, Sys 0 00:00:00  -  Run Local Usage
		Usr 0 00:31:16, Sys 0 00:03:05  -  Total Remote Usage
		Usr 0 00:00:00, Sys 0 00:00:00  -  Total Local Usage
	0  -  Run Bytes Sent By Job
	0  -  Run Bytes Received By Job
	0  -  Total Bytes Sent By Job
	0  -  Total Bytes Received By Job
	Partitionable Resources :    Usage  Request Allocated 
	   Cpus                 :     1.04        6         6 
	   Disk (KB)            :     1           1     20467 
	   Memory (MB)          :   418        2048      2048 

	Job terminated of its own accord at 2026-02-26T21:31:54Z with exit-code 0.
...
