000 (42233294.009.000) 2026-02-26 15:58:26 Job submitted from host: <10.5.0.107:9618?addrs=10.5.0.107-9618&alias=sugwg-login.syr.edu&noUDP&sock=schedd_873_6244>
...
001 (42233294.009.000) 2026-02-26 15:59:04 Job executing on host: <10.5.177.69:9618?addrs=10.5.177.69-9618&alias=OG-NODE-10-5-177-69&noUDP&sock=startd_1504_3287>
...
006 (42233294.009.000) 2026-02-26 15:59:12 Image size of job updated: 131660
	80  -  MemoryUsage of job (MB)
	81764  -  ResidentSetSize of job (KB)
...
006 (42233294.009.000) 2026-02-26 16:04:12 Image size of job updated: 1199568
	353  -  MemoryUsage of job (MB)
	361012  -  ResidentSetSize of job (KB)
...
006 (42233294.009.000) 2026-02-26 16:09:13 Image size of job updated: 1640284
	816  -  MemoryUsage of job (MB)
	835136  -  ResidentSetSize of job (KB)
...
005 (42233294.009.000) 2026-02-26 16:36:09 Job terminated.
	(1) Normal termination (return value 0)
		Usr 0 00:35:02, Sys 0 00:03:49  -  Run Remote Usage
		Usr 0 00:00:00, Sys 0 00:00:00  -  Run Local Usage
		Usr 0 00:35:02, Sys 0 00:03:49  -  Total Remote Usage
		Usr 0 00:00:00, Sys 0 00:00:00  -  Total Local Usage
	0  -  Run Bytes Sent By Job
	0  -  Run Bytes Received By Job
	0  -  Total Bytes Sent By Job
	0  -  Total Bytes Received By Job
	Partitionable Resources :    Usage  Request Allocated 
	   Cpus                 :     1.08        6         6 
	   Disk (KB)            :     1           1     14560 
	   Memory (MB)          :   816        2048      2048 

	Job terminated of its own accord at 2026-02-26T21:36:09Z with exit-code 0.
...
