000 (42233294.002.000) 2026-02-26 15:58:26 Job submitted from host: <10.5.0.107:9618?addrs=10.5.0.107-9618&alias=sugwg-login.syr.edu&noUDP&sock=schedd_873_6244>
...
001 (42233294.002.000) 2026-02-26 15:58:59 Job executing on host: <10.5.208.201:9618?addrs=10.5.208.201-9618&alias=OG-NODE-10-5-208-201&noUDP&sock=startd_1505_e21f>
...
006 (42233294.002.000) 2026-02-26 15:59:07 Image size of job updated: 87560
	86  -  MemoryUsage of job (MB)
	87560  -  ResidentSetSize of job (KB)
...
006 (42233294.002.000) 2026-02-26 16:04:07 Image size of job updated: 1677176
	854  -  MemoryUsage of job (MB)
	873540  -  ResidentSetSize of job (KB)
...
006 (42233294.002.000) 2026-02-26 16:14:08 Image size of job updated: 1677176
	858  -  MemoryUsage of job (MB)
	878072  -  ResidentSetSize of job (KB)
...
005 (42233294.002.000) 2026-02-26 16:32:09 Job terminated.
	(1) Normal termination (return value 0)
		Usr 0 00:31:50, Sys 0 00:03:04  -  Run Remote Usage
		Usr 0 00:00:00, Sys 0 00:00:00  -  Run Local Usage
		Usr 0 00:31:50, Sys 0 00:03:04  -  Total Remote Usage
		Usr 0 00:00:00, Sys 0 00:00:00  -  Total Local Usage
	0  -  Run Bytes Sent By Job
	0  -  Run Bytes Received By Job
	0  -  Total Bytes Sent By Job
	0  -  Total Bytes Received By Job
	Partitionable Resources :    Usage  Request Allocated 
	   Cpus                 :     1.01        6         6 
	   Disk (KB)            :     1           1     18698 
	   Memory (MB)          :   858        2048      2048 

	Job terminated of its own accord at 2026-02-26T21:32:09Z with exit-code 0.
...
