000 (42233294.001.000) 2026-02-26 15:58:26 Job submitted from host: <10.5.0.107:9618?addrs=10.5.0.107-9618&alias=sugwg-login.syr.edu&noUDP&sock=schedd_873_6244>
...
001 (42233294.001.000) 2026-02-26 15:58:59 Job executing on host: <10.5.200.170:9618?addrs=10.5.200.170-9618&alias=OG-NODE-10-5-200-170&noUDP&sock=startd_1511_ffb1>
...
006 (42233294.001.000) 2026-02-26 15:59:07 Image size of job updated: 87292
	86  -  MemoryUsage of job (MB)
	87292  -  ResidentSetSize of job (KB)
...
006 (42233294.001.000) 2026-02-26 16:04:07 Image size of job updated: 1236136
	774  -  MemoryUsage of job (MB)
	792224  -  ResidentSetSize of job (KB)
...
006 (42233294.001.000) 2026-02-26 16:09:07 Image size of job updated: 1648552
	774  -  MemoryUsage of job (MB)
	792224  -  ResidentSetSize of job (KB)
...
006 (42233294.001.000) 2026-02-26 16:24:09 Image size of job updated: 1648552
	876  -  MemoryUsage of job (MB)
	896068  -  ResidentSetSize of job (KB)
...
006 (42233294.001.000) 2026-02-26 16:29:09 Image size of job updated: 1648552
	880  -  MemoryUsage of job (MB)
	900292  -  ResidentSetSize of job (KB)
...
005 (42233294.001.000) 2026-02-26 16:32:07 Job terminated.
	(1) Normal termination (return value 0)
		Usr 0 00:32:14, Sys 0 00:02:48  -  Run Remote Usage
		Usr 0 00:00:00, Sys 0 00:00:00  -  Run Local Usage
		Usr 0 00:32:14, Sys 0 00:02:48  -  Total Remote Usage
		Usr 0 00:00:00, Sys 0 00:00:00  -  Total Local Usage
	0  -  Run Bytes Sent By Job
	0  -  Run Bytes Received By Job
	0  -  Total Bytes Sent By Job
	0  -  Total Bytes Received By Job
	Partitionable Resources :    Usage  Request Allocated 
	   Cpus                 :     1.07        6         6 
	   Disk (KB)            :     1           1     20952 
	   Memory (MB)          :   880        2048      2048 

	Job terminated of its own accord at 2026-02-26T21:32:07Z with exit-code 0.
...
