000 (42233294.003.000) 2026-02-26 15:58:26 Job submitted from host: <10.5.0.107:9618?addrs=10.5.0.107-9618&alias=sugwg-login.syr.edu&noUDP&sock=schedd_873_6244>
...
001 (42233294.003.000) 2026-02-26 15:58:59 Job executing on host: <10.5.216.39:9618?addrs=10.5.216.39-9618&alias=OG-NODE-10-5-216-39&noUDP&sock=startd_1514_0e79>
...
006 (42233294.003.000) 2026-02-26 15:59:07 Image size of job updated: 101336
	99  -  MemoryUsage of job (MB)
	101336  -  ResidentSetSize of job (KB)
...
006 (42233294.003.000) 2026-02-26 16:04:07 Image size of job updated: 1550492
	787  -  MemoryUsage of job (MB)
	804968  -  ResidentSetSize of job (KB)
...
006 (42233294.003.000) 2026-02-26 16:14:08 Image size of job updated: 1552188
	787  -  MemoryUsage of job (MB)
	804968  -  ResidentSetSize of job (KB)
...
006 (42233294.003.000) 2026-02-26 16:24:09 Image size of job updated: 1613632
	787  -  MemoryUsage of job (MB)
	804968  -  ResidentSetSize of job (KB)
...
005 (42233294.003.000) 2026-02-26 16:32:06 Job terminated.
	(1) Normal termination (return value 0)
		Usr 0 00:31:55, Sys 0 00:02:59  -  Run Remote Usage
		Usr 0 00:00:00, Sys 0 00:00:00  -  Run Local Usage
		Usr 0 00:31:55, Sys 0 00:02:59  -  Total Remote Usage
		Usr 0 00:00:00, Sys 0 00:00:00  -  Total Local Usage
	0  -  Run Bytes Sent By Job
	0  -  Run Bytes Received By Job
	0  -  Total Bytes Sent By Job
	0  -  Total Bytes Received By Job
	Partitionable Resources :    Usage  Request Allocated 
	   Cpus                 :     1.05        6         6 
	   Disk (KB)            :     1           1     20139 
	   Memory (MB)          :   787        2048      2048 

	Job terminated of its own accord at 2026-02-26T21:32:06Z with exit-code 0.
...
