000 (41516224.009.000) 2026-02-13 13:57:31 Job submitted from host: <10.5.0.107:9618?addrs=10.5.0.107-9618&alias=sugwg-login.syr.edu&noUDP&sock=schedd_873_6244>
...
001 (41516224.009.000) 2026-02-13 13:58:16 Job executing on host: <10.5.186.128:9618?addrs=10.5.186.128-9618&alias=CRUSH-OG-10-5-186-128&noUDP&sock=startd_1546_0181>
...
007 (41516224.009.000) 2026-02-13 13:58:16 Shadow exception!
	Error from slot1_11@CRUSH-OG-10-5-186-128: Failed to execute '/home/vjadhavy/hmphase/hm-phase-marg/outputs/noise/hm_2/run_model.sh' with arguments 90 100: (errno=13: 'Permission denied')
	0  -  Run Bytes Sent By Job
	0  -  Run Bytes Received By Job
...
012 (41516224.009.000) 2026-02-13 13:58:16 Job was held.
	Error from slot1_11@CRUSH-OG-10-5-186-128: Failed to execute '/home/vjadhavy/hmphase/hm-phase-marg/outputs/noise/hm_2/run_model.sh' with arguments 90 100: (errno=13: 'Permission denied')
	Code 6 Subcode 13
...
009 (41516224.009.000) 2026-02-13 13:59:23 Job was aborted.
	via condor_rm (by user vjadhavy)
...
000 (41516576.009.000) 2026-02-13 13:59:51 Job submitted from host: <10.5.0.107:9618?addrs=10.5.0.107-9618&alias=sugwg-login.syr.edu&noUDP&sock=schedd_873_6244>
...
001 (41516576.009.000) 2026-02-13 14:00:52 Job executing on host: <10.5.207.193:9618?addrs=10.5.207.193-9618&alias=CRUSH-OG-10-5-207-193&noUDP&sock=startd_1533_16c6>
...
006 (41516576.009.000) 2026-02-13 14:00:52 Image size of job updated: 1
	0  -  MemoryUsage of job (MB)
	0  -  ResidentSetSize of job (KB)
...
005 (41516576.009.000) 2026-02-13 14:00:52 Job terminated.
	(1) Normal termination (return value 0)
		Usr 0 00:00:00, Sys 0 00:00:00  -  Run Remote Usage
		Usr 0 00:00:00, Sys 0 00:00:00  -  Run Local Usage
		Usr 0 00:00:00, Sys 0 00:00:00  -  Total Remote Usage
		Usr 0 00:00:00, Sys 0 00:00:00  -  Total Local Usage
	0  -  Run Bytes Sent By Job
	0  -  Run Bytes Received By Job
	0  -  Total Bytes Sent By Job
	0  -  Total Bytes Received By Job
	Partitionable Resources :    Usage  Request Allocated 
	   Cpus                 :                 6         6 
	   Disk (KB)            :        1        1     28986 
	   Memory (MB)          :        0     2048      2048 

	Job terminated of its own accord at 2026-02-13T19:00:52Z with exit-code 0.
...
000 (41518279.009.000) 2026-02-13 14:11:00 Job submitted from host: <10.5.0.107:9618?addrs=10.5.0.107-9618&alias=sugwg-login.syr.edu&noUDP&sock=schedd_873_6244>
...
001 (41518279.009.000) 2026-02-13 14:11:49 Job executing on host: <10.5.212.218:9618?addrs=10.5.212.218-9618&alias=OG-NODE-10-5-212-218&noUDP&sock=startd_1517_1d42>
...
006 (41518279.009.000) 2026-02-13 14:11:57 Image size of job updated: 22792
	15  -  MemoryUsage of job (MB)
	14872  -  ResidentSetSize of job (KB)
...
006 (41518279.009.000) 2026-02-13 14:12:56 Image size of job updated: 774808
	15  -  MemoryUsage of job (MB)
	14872  -  ResidentSetSize of job (KB)
...
005 (41518279.009.000) 2026-02-13 14:12:56 Job terminated.
	(1) Normal termination (return value 2)
		Usr 0 00:00:06, Sys 0 00:00:01  -  Run Remote Usage
		Usr 0 00:00:00, Sys 0 00:00:00  -  Run Local Usage
		Usr 0 00:00:06, Sys 0 00:00:01  -  Total Remote Usage
		Usr 0 00:00:00, Sys 0 00:00:00  -  Total Local Usage
	0  -  Run Bytes Sent By Job
	0  -  Run Bytes Received By Job
	0  -  Total Bytes Sent By Job
	0  -  Total Bytes Received By Job
	Partitionable Resources :    Usage  Request Allocated 
	   Cpus                 :                 6         6 
	   Disk (KB)            :        1        1     21067 
	   Memory (MB)          :       15     2048      2048 

	Job terminated of its own accord at 2026-02-13T19:12:56Z with exit-code 2.
...
000 (41894418.009.000) 2026-02-15 18:31:14 Job submitted from host: <10.5.0.107:9618?addrs=10.5.0.107-9618&alias=sugwg-login.syr.edu&noUDP&sock=schedd_873_6244>
...
001 (41894418.009.000) 2026-02-15 18:31:40 Job executing on host: <10.5.214.39:9618?addrs=10.5.214.39-9618&alias=OG-NODE-10-5-214-39&noUDP&sock=startd_1508_f0e8>
...
006 (41894418.009.000) 2026-02-15 18:31:48 Image size of job updated: 298908
	126  -  MemoryUsage of job (MB)
	128660  -  ResidentSetSize of job (KB)
...
005 (41894418.009.000) 2026-02-15 18:31:50 Job terminated.
	(1) Normal termination (return value 1)
		Usr 0 00:00:04, Sys 0 00:00:00  -  Run Remote Usage
		Usr 0 00:00:00, Sys 0 00:00:00  -  Run Local Usage
		Usr 0 00:00:04, Sys 0 00:00:00  -  Total Remote Usage
		Usr 0 00:00:00, Sys 0 00:00:00  -  Total Local Usage
	0  -  Run Bytes Sent By Job
	0  -  Run Bytes Received By Job
	0  -  Total Bytes Sent By Job
	0  -  Total Bytes Received By Job
	Partitionable Resources :    Usage  Request Allocated 
	   Cpus                 :                 6         6 
	   Disk (KB)            :        1        1     19022 
	   Memory (MB)          :      126     2048      2048 

	Job terminated of its own accord at 2026-02-15T23:31:50Z with exit-code 1.
...
000 (41894520.009.000) 2026-02-15 18:38:02 Job submitted from host: <10.5.0.107:9618?addrs=10.5.0.107-9618&alias=sugwg-login.syr.edu&noUDP&sock=schedd_873_6244>
...
001 (41894520.009.000) 2026-02-15 18:38:43 Job executing on host: <10.5.173.165:9618?addrs=10.5.173.165-9618&alias=OG-NODE-10-5-173-165&noUDP&sock=startd_1525_9a04>
...
006 (41894520.009.000) 2026-02-15 18:38:52 Image size of job updated: 723388
	124  -  MemoryUsage of job (MB)
	125988  -  ResidentSetSize of job (KB)
...
006 (41894520.009.000) 2026-02-15 18:38:54 Image size of job updated: 723388
	124  -  MemoryUsage of job (MB)
	126120  -  ResidentSetSize of job (KB)
...
005 (41894520.009.000) 2026-02-15 18:38:54 Job terminated.
	(1) Normal termination (return value 1)
		Usr 0 00:00:05, Sys 0 00:00:01  -  Run Remote Usage
		Usr 0 00:00:00, Sys 0 00:00:00  -  Run Local Usage
		Usr 0 00:00:05, Sys 0 00:00:01  -  Total Remote Usage
		Usr 0 00:00:00, Sys 0 00:00:00  -  Total Local Usage
	0  -  Run Bytes Sent By Job
	0  -  Run Bytes Received By Job
	0  -  Total Bytes Sent By Job
	0  -  Total Bytes Received By Job
	Partitionable Resources :    Usage  Request Allocated 
	   Cpus                 :                 6         6 
	   Disk (KB)            :        1        1     20177 
	   Memory (MB)          :      124     2048      2048 

	Job terminated of its own accord at 2026-02-15T23:38:54Z with exit-code 1.
...
