000 (41516224.005.000) 2026-02-13 13:57:31 Job submitted from host: <10.5.0.107:9618?addrs=10.5.0.107-9618&alias=sugwg-login.syr.edu&noUDP&sock=schedd_873_6244>
...
001 (41516224.005.000) 2026-02-13 13:58:11 Job executing on host: <10.5.201.163:9618?addrs=10.5.201.163-9618&alias=OG-NODE-10-5-201-163&noUDP&sock=startd_1250_f979>
...
007 (41516224.005.000) 2026-02-13 13:58:11 Shadow exception!
	Error from slot1_31@OG-NODE-10-5-201-163: Failed to execute '/home/vjadhavy/hmphase/hm-phase-marg/outputs/noise/hm_2/run_model.sh' with arguments 50 60: (errno=13: 'Permission denied')
	0  -  Run Bytes Sent By Job
	0  -  Run Bytes Received By Job
...
012 (41516224.005.000) 2026-02-13 13:58:11 Job was held.
	Error from slot1_31@OG-NODE-10-5-201-163: Failed to execute '/home/vjadhavy/hmphase/hm-phase-marg/outputs/noise/hm_2/run_model.sh' with arguments 50 60: (errno=13: 'Permission denied')
	Code 6 Subcode 13
...
009 (41516224.005.000) 2026-02-13 13:59:23 Job was aborted.
	via condor_rm (by user vjadhavy)
...
000 (41516576.005.000) 2026-02-13 13:59:51 Job submitted from host: <10.5.0.107:9618?addrs=10.5.0.107-9618&alias=sugwg-login.syr.edu&noUDP&sock=schedd_873_6244>
...
001 (41516576.005.000) 2026-02-13 14:00:52 Job executing on host: <10.5.207.68:9618?addrs=10.5.207.68-9618&alias=CRUSH-OG-10-5-207-68&noUDP&sock=startd_1357_5e1b>
...
006 (41516576.005.000) 2026-02-13 14:00:52 Image size of job updated: 1
	0  -  MemoryUsage of job (MB)
	0  -  ResidentSetSize of job (KB)
...
005 (41516576.005.000) 2026-02-13 14:00:52 Job terminated.
	(1) Normal termination (return value 0)
		Usr 0 00:00:00, Sys 0 00:00:00  -  Run Remote Usage
		Usr 0 00:00:00, Sys 0 00:00:00  -  Run Local Usage
		Usr 0 00:00:00, Sys 0 00:00:00  -  Total Remote Usage
		Usr 0 00:00:00, Sys 0 00:00:00  -  Total Local Usage
	0  -  Run Bytes Sent By Job
	0  -  Run Bytes Received By Job
	0  -  Total Bytes Sent By Job
	0  -  Total Bytes Received By Job
	Partitionable Resources :    Usage  Request Allocated 
	   Cpus                 :                 6         6 
	   Disk (KB)            :        1        1     27781 
	   Memory (MB)          :        0     2048      2048 

	Job terminated of its own accord at 2026-02-13T19:00:52Z with exit-code 0.
...
000 (41518279.005.000) 2026-02-13 14:11:00 Job submitted from host: <10.5.0.107:9618?addrs=10.5.0.107-9618&alias=sugwg-login.syr.edu&noUDP&sock=schedd_873_6244>
...
001 (41518279.005.000) 2026-02-13 14:11:54 Job executing on host: <10.5.196.224:9618?addrs=10.5.196.224-9618&alias=CRUSH-OG-10-5-196-224&noUDP&sock=startd_1530_07fd>
...
006 (41518279.005.000) 2026-02-13 14:12:02 Image size of job updated: 283396
	23  -  MemoryUsage of job (MB)
	22984  -  ResidentSetSize of job (KB)
...
006 (41518279.005.000) 2026-02-13 14:12:56 Image size of job updated: 753388
	23  -  MemoryUsage of job (MB)
	22984  -  ResidentSetSize of job (KB)
...
005 (41518279.005.000) 2026-02-13 14:12:56 Job terminated.
	(1) Normal termination (return value 2)
		Usr 0 00:00:07, Sys 0 00:00:01  -  Run Remote Usage
		Usr 0 00:00:00, Sys 0 00:00:00  -  Run Local Usage
		Usr 0 00:00:07, Sys 0 00:00:01  -  Total Remote Usage
		Usr 0 00:00:00, Sys 0 00:00:00  -  Total Local Usage
	0  -  Run Bytes Sent By Job
	0  -  Run Bytes Received By Job
	0  -  Total Bytes Sent By Job
	0  -  Total Bytes Received By Job
	Partitionable Resources :    Usage  Request Allocated 
	   Cpus                 :                 6         6 
	   Disk (KB)            :        1        1     27367 
	   Memory (MB)          :       23     2048      2048 

	Job terminated of its own accord at 2026-02-13T19:12:56Z with exit-code 2.
...
000 (41894418.005.000) 2026-02-15 18:31:14 Job submitted from host: <10.5.0.107:9618?addrs=10.5.0.107-9618&alias=sugwg-login.syr.edu&noUDP&sock=schedd_873_6244>
...
001 (41894418.005.000) 2026-02-15 18:31:40 Job executing on host: <10.5.172.33:9618?addrs=10.5.172.33-9618&alias=OG-NODE-10-5-172-33&noUDP&sock=startd_3636_9271>
...
006 (41894418.005.000) 2026-02-15 18:31:48 Image size of job updated: 339052
	129  -  MemoryUsage of job (MB)
	131728  -  ResidentSetSize of job (KB)
...
006 (41894418.005.000) 2026-02-15 18:31:50 Image size of job updated: 790172
	135  -  MemoryUsage of job (MB)
	138040  -  ResidentSetSize of job (KB)
...
005 (41894418.005.000) 2026-02-15 18:31:50 Job terminated.
	(1) Normal termination (return value 1)
		Usr 0 00:00:04, Sys 0 00:00:01  -  Run Remote Usage
		Usr 0 00:00:00, Sys 0 00:00:00  -  Run Local Usage
		Usr 0 00:00:04, Sys 0 00:00:01  -  Total Remote Usage
		Usr 0 00:00:00, Sys 0 00:00:00  -  Total Local Usage
	0  -  Run Bytes Sent By Job
	0  -  Run Bytes Received By Job
	0  -  Total Bytes Sent By Job
	0  -  Total Bytes Received By Job
	Partitionable Resources :    Usage  Request Allocated 
	   Cpus                 :                 6         6 
	   Disk (KB)            :        1        1     18827 
	   Memory (MB)          :      135     2048      2048 

	Job terminated of its own accord at 2026-02-15T23:31:50Z with exit-code 1.
...
000 (41894520.005.000) 2026-02-15 18:38:02 Job submitted from host: <10.5.0.107:9618?addrs=10.5.0.107-9618&alias=sugwg-login.syr.edu&noUDP&sock=schedd_873_6244>
...
001 (41894520.005.000) 2026-02-15 18:38:43 Job executing on host: <10.5.206.99:9618?addrs=10.5.206.99-9618&alias=CRUSH-OG-10-5-206-99&noUDP&sock=startd_1271_60f6>
...
006 (41894520.005.000) 2026-02-15 18:38:52 Image size of job updated: 723392
	101  -  MemoryUsage of job (MB)
	102484  -  ResidentSetSize of job (KB)
...
005 (41894520.005.000) 2026-02-15 18:38:56 Job terminated.
	(1) Normal termination (return value 1)
		Usr 0 00:00:08, Sys 0 00:00:01  -  Run Remote Usage
		Usr 0 00:00:00, Sys 0 00:00:00  -  Run Local Usage
		Usr 0 00:00:08, Sys 0 00:00:01  -  Total Remote Usage
		Usr 0 00:00:00, Sys 0 00:00:00  -  Total Local Usage
	0  -  Run Bytes Sent By Job
	0  -  Run Bytes Received By Job
	0  -  Total Bytes Sent By Job
	0  -  Total Bytes Received By Job
	Partitionable Resources :    Usage  Request Allocated 
	   Cpus                 :     0.81        6         6 
	   Disk (KB)            :     1           1     28125 
	   Memory (MB)          :   101        2048      2048 

	Job terminated of its own accord at 2026-02-15T23:38:56Z with exit-code 1.
...
