000 (41516224.007.000) 2026-02-13 13:57:31 Job submitted from host: <10.5.0.107:9618?addrs=10.5.0.107-9618&alias=sugwg-login.syr.edu&noUDP&sock=schedd_873_6244>
...
001 (41516224.007.000) 2026-02-13 13:58:16 Job executing on host: <10.5.196.224:9618?addrs=10.5.196.224-9618&alias=CRUSH-OG-10-5-196-224&noUDP&sock=startd_1530_07fd>
...
007 (41516224.007.000) 2026-02-13 13:58:16 Shadow exception!
	Error from slot1_26@CRUSH-OG-10-5-196-224: Failed to execute '/home/vjadhavy/hmphase/hm-phase-marg/outputs/noise/hm_2/run_model.sh' with arguments 70 80: (errno=13: 'Permission denied')
	0  -  Run Bytes Sent By Job
	0  -  Run Bytes Received By Job
...
012 (41516224.007.000) 2026-02-13 13:58:16 Job was held.
	Error from slot1_26@CRUSH-OG-10-5-196-224: Failed to execute '/home/vjadhavy/hmphase/hm-phase-marg/outputs/noise/hm_2/run_model.sh' with arguments 70 80: (errno=13: 'Permission denied')
	Code 6 Subcode 13
...
009 (41516224.007.000) 2026-02-13 13:59:23 Job was aborted.
	via condor_rm (by user vjadhavy)
...
000 (41516576.007.000) 2026-02-13 13:59:51 Job submitted from host: <10.5.0.107:9618?addrs=10.5.0.107-9618&alias=sugwg-login.syr.edu&noUDP&sock=schedd_873_6244>
...
001 (41516576.007.000) 2026-02-13 14:00:47 Job executing on host: <10.5.212.218:9618?addrs=10.5.212.218-9618&alias=OG-NODE-10-5-212-218&noUDP&sock=startd_1517_1d42>
...
006 (41516576.007.000) 2026-02-13 14:00:47 Image size of job updated: 1
	0  -  MemoryUsage of job (MB)
	0  -  ResidentSetSize of job (KB)
...
005 (41516576.007.000) 2026-02-13 14:00:47 Job terminated.
	(1) Normal termination (return value 0)
		Usr 0 00:00:00, Sys 0 00:00:00  -  Run Remote Usage
		Usr 0 00:00:00, Sys 0 00:00:00  -  Run Local Usage
		Usr 0 00:00:00, Sys 0 00:00:00  -  Total Remote Usage
		Usr 0 00:00:00, Sys 0 00:00:00  -  Total Local Usage
	0  -  Run Bytes Sent By Job
	0  -  Run Bytes Received By Job
	0  -  Total Bytes Sent By Job
	0  -  Total Bytes Received By Job
	Partitionable Resources :    Usage  Request Allocated 
	   Cpus                 :                 6         6 
	   Disk (KB)            :        1        1     21067 
	   Memory (MB)          :        0     2048      2048 

	Job terminated of its own accord at 2026-02-13T19:00:47Z with exit-code 0.
...
000 (41518279.007.000) 2026-02-13 14:11:00 Job submitted from host: <10.5.0.107:9618?addrs=10.5.0.107-9618&alias=sugwg-login.syr.edu&noUDP&sock=schedd_873_6244>
...
001 (41518279.007.000) 2026-02-13 14:11:54 Job executing on host: <10.5.213.76:9618?addrs=10.5.213.76-9618&alias=CRUSH-OG-10-5-213-76&noUDP&sock=startd_1524_ea6c>
...
006 (41518279.007.000) 2026-02-13 14:12:02 Image size of job updated: 326828
	23  -  MemoryUsage of job (MB)
	22804  -  ResidentSetSize of job (KB)
...
006 (41518279.007.000) 2026-02-13 14:12:57 Image size of job updated: 812392
	23  -  MemoryUsage of job (MB)
	22804  -  ResidentSetSize of job (KB)
...
005 (41518279.007.000) 2026-02-13 14:12:57 Job terminated.
	(1) Normal termination (return value 2)
		Usr 0 00:00:07, Sys 0 00:00:01  -  Run Remote Usage
		Usr 0 00:00:00, Sys 0 00:00:00  -  Run Local Usage
		Usr 0 00:00:07, Sys 0 00:00:01  -  Total Remote Usage
		Usr 0 00:00:00, Sys 0 00:00:00  -  Total Local Usage
	0  -  Run Bytes Sent By Job
	0  -  Run Bytes Received By Job
	0  -  Total Bytes Sent By Job
	0  -  Total Bytes Received By Job
	Partitionable Resources :    Usage  Request Allocated 
	   Cpus                 :                 6         6 
	   Disk (KB)            :        1        1     27410 
	   Memory (MB)          :       23     2048      2048 

	Job terminated of its own accord at 2026-02-13T19:12:57Z with exit-code 2.
...
000 (41894418.007.000) 2026-02-15 18:31:14 Job submitted from host: <10.5.0.107:9618?addrs=10.5.0.107-9618&alias=sugwg-login.syr.edu&noUDP&sock=schedd_873_6244>
...
001 (41894418.007.000) 2026-02-15 18:31:45 Job executing on host: <10.5.199.34:9618?addrs=10.5.199.34-9618&alias=OG-NODE-10-5-199-34&noUDP&sock=startd_1509_a080>
...
006 (41894418.007.000) 2026-02-15 18:31:54 Image size of job updated: 329024
	53  -  MemoryUsage of job (MB)
	53944  -  ResidentSetSize of job (KB)
...
006 (41894418.007.000) 2026-02-15 18:32:14 Image size of job updated: 742964
	53  -  MemoryUsage of job (MB)
	53944  -  ResidentSetSize of job (KB)
...
005 (41894418.007.000) 2026-02-15 18:32:14 Job terminated.
	(1) Normal termination (return value 1)
		Usr 0 00:00:07, Sys 0 00:00:01  -  Run Remote Usage
		Usr 0 00:00:00, Sys 0 00:00:00  -  Run Local Usage
		Usr 0 00:00:07, Sys 0 00:00:01  -  Total Remote Usage
		Usr 0 00:00:00, Sys 0 00:00:00  -  Total Local Usage
	0  -  Run Bytes Sent By Job
	0  -  Run Bytes Received By Job
	0  -  Total Bytes Sent By Job
	0  -  Total Bytes Received By Job
	Partitionable Resources :    Usage  Request Allocated 
	   Cpus                 :                 6         6 
	   Disk (KB)            :        1        1     19748 
	   Memory (MB)          :       53     2048      2048 

	Job terminated of its own accord at 2026-02-15T23:32:14Z with exit-code 1.
...
000 (41894520.007.000) 2026-02-15 18:38:02 Job submitted from host: <10.5.0.107:9618?addrs=10.5.0.107-9618&alias=sugwg-login.syr.edu&noUDP&sock=schedd_873_6244>
...
001 (41894520.007.000) 2026-02-15 18:38:40 Job executing on host: <10.5.214.39:9618?addrs=10.5.214.39-9618&alias=OG-NODE-10-5-214-39&noUDP&sock=startd_1508_f0e8>
...
006 (41894520.007.000) 2026-02-15 18:38:49 Image size of job updated: 370640
	143  -  MemoryUsage of job (MB)
	146148  -  ResidentSetSize of job (KB)
...
005 (41894520.007.000) 2026-02-15 18:38:50 Job terminated.
	(1) Normal termination (return value 1)
		Usr 0 00:00:05, Sys 0 00:00:00  -  Run Remote Usage
		Usr 0 00:00:00, Sys 0 00:00:00  -  Run Local Usage
		Usr 0 00:00:05, Sys 0 00:00:00  -  Total Remote Usage
		Usr 0 00:00:00, Sys 0 00:00:00  -  Total Local Usage
	0  -  Run Bytes Sent By Job
	0  -  Run Bytes Received By Job
	0  -  Total Bytes Sent By Job
	0  -  Total Bytes Received By Job
	Partitionable Resources :    Usage  Request Allocated 
	   Cpus                 :                 6         6 
	   Disk (KB)            :        1        1     19022 
	   Memory (MB)          :      143     2048      2048 

	Job terminated of its own accord at 2026-02-15T23:38:50Z with exit-code 1.
...
