000 (42162604.006.000) 2026-02-19 17:07:45 Job submitted from host: <10.5.0.107:9618?addrs=10.5.0.107-9618&alias=sugwg-login.syr.edu&noUDP&sock=schedd_873_6244>
...
001 (42162604.006.000) 2026-02-19 17:08:08 Job executing on host: <10.5.184.202:9618?addrs=10.5.184.202-9618&alias=CRUSH-OG-10-5-184-202&noUDP&sock=startd_1521_dba3>
...
006 (42162604.006.000) 2026-02-19 17:08:18 Image size of job updated: 12012
	7  -  MemoryUsage of job (MB)
	6468  -  ResidentSetSize of job (KB)
...
006 (42162604.006.000) 2026-02-19 17:13:19 Image size of job updated: 807780
	137  -  MemoryUsage of job (MB)
	140064  -  ResidentSetSize of job (KB)
...
006 (42162604.006.000) 2026-02-19 17:18:19 Image size of job updated: 1577244
	390  -  MemoryUsage of job (MB)
	398776  -  ResidentSetSize of job (KB)
...
006 (42162604.006.000) 2026-02-19 17:33:22 Image size of job updated: 1577244
	482  -  MemoryUsage of job (MB)
	492596  -  ResidentSetSize of job (KB)
...
006 (42162604.006.000) 2026-02-19 17:43:23 Image size of job updated: 1642088
	482  -  MemoryUsage of job (MB)
	492596  -  ResidentSetSize of job (KB)
...
006 (42162604.006.000) 2026-02-19 18:03:25 Image size of job updated: 1642088
	853  -  MemoryUsage of job (MB)
	872576  -  ResidentSetSize of job (KB)
...
006 (42162604.006.000) 2026-02-19 18:08:26 Image size of job updated: 1642088
	856  -  MemoryUsage of job (MB)
	876484  -  ResidentSetSize of job (KB)
...
006 (42162604.006.000) 2026-02-19 18:38:28 Image size of job updated: 1642088
	857  -  MemoryUsage of job (MB)
	877444  -  ResidentSetSize of job (KB)
...
006 (42162604.006.000) 2026-02-19 22:13:50 Image size of job updated: 1642088
	916  -  MemoryUsage of job (MB)
	937696  -  ResidentSetSize of job (KB)
...
004 (42162604.006.000) 2026-02-19 23:29:41 Job was evicted.
	(0) CPU times
		Usr 0 05:21:51, Sys 0 00:56:09  -  Run Remote Usage
		Usr 0 00:00:00, Sys 0 00:00:00  -  Run Local Usage
	0  -  Run Bytes Sent By Job
	0  -  Run Bytes Received By Job
	Partitionable Resources :    Usage  Request Allocated 
	   Cpus                 :     1.00        6         6 
	   Disk (KB)            :     1           1     27438 
	   Memory (MB)          :   916        2048      2048 
...
009 (42162604.006.000) 2026-02-19 23:29:41 Job was aborted.
	via condor_rm (by user vjadhavy)
...
000 (42162733.000.000) 2026-02-19 23:31:26 Job submitted from host: <10.5.0.107:9618?addrs=10.5.0.107-9618&alias=sugwg-login.syr.edu&noUDP&sock=schedd_873_6244>
...
001 (42162733.000.000) 2026-02-19 23:31:59 Job executing on host: <10.5.241.145:9618?addrs=10.5.241.145-9618&alias=CRUSH-OG-10-5-241-145&noUDP&sock=startd_1536_258f>
...
006 (42162733.000.000) 2026-02-19 23:32:08 Image size of job updated: 281824
	42  -  MemoryUsage of job (MB)
	42956  -  ResidentSetSize of job (KB)
...
006 (42162733.000.000) 2026-02-19 23:37:09 Image size of job updated: 1642608
	634  -  MemoryUsage of job (MB)
	648856  -  ResidentSetSize of job (KB)
...
006 (42162733.000.000) 2026-02-19 23:42:10 Image size of job updated: 1642608
	638  -  MemoryUsage of job (MB)
	652552  -  ResidentSetSize of job (KB)
...
005 (42162733.000.000) 2026-02-20 00:06:23 Job terminated.
	(1) Normal termination (return value 0)
		Usr 0 00:32:03, Sys 0 00:03:15  -  Run Remote Usage
		Usr 0 00:00:00, Sys 0 00:00:00  -  Run Local Usage
		Usr 0 00:32:03, Sys 0 00:03:15  -  Total Remote Usage
		Usr 0 00:00:00, Sys 0 00:00:00  -  Total Local Usage
	0  -  Run Bytes Sent By Job
	0  -  Run Bytes Received By Job
	0  -  Total Bytes Sent By Job
	0  -  Total Bytes Received By Job
	Partitionable Resources :    Usage  Request Allocated 
	   Cpus                 :     1.06        6         6 
	   Disk (KB)            :     1           1     27480 
	   Memory (MB)          :   638        2048      2048 

	Job terminated of its own accord at 2026-02-20T05:06:23Z with exit-code 0.
...
