000 (42162604.008.000) 2026-02-19 17:07:45 Job submitted from host: <10.5.0.107:9618?addrs=10.5.0.107-9618&alias=sugwg-login.syr.edu&noUDP&sock=schedd_873_6244>
...
001 (42162604.008.000) 2026-02-19 17:08:05 Job executing on host: <10.5.212.224:9618?addrs=10.5.212.224-9618&alias=CRUSH-OG-10-5-212-224&noUDP&sock=startd_1219_b609>
...
006 (42162604.008.000) 2026-02-19 17:08:14 Image size of job updated: 287192
	214  -  MemoryUsage of job (MB)
	218948  -  ResidentSetSize of job (KB)
...
006 (42162604.008.000) 2026-02-19 17:13:15 Image size of job updated: 1615652
	228  -  MemoryUsage of job (MB)
	233068  -  ResidentSetSize of job (KB)
...
006 (42162604.008.000) 2026-02-19 17:23:15 Image size of job updated: 1615652
	369  -  MemoryUsage of job (MB)
	377660  -  ResidentSetSize of job (KB)
...
006 (42162604.008.000) 2026-02-19 17:28:16 Image size of job updated: 1618824
	369  -  MemoryUsage of job (MB)
	377660  -  ResidentSetSize of job (KB)
...
005 (42162604.008.000) 2026-02-19 17:32:06 Job terminated.
	(1) Normal termination (return value 0)
		Usr 0 00:21:43, Sys 0 00:03:01  -  Run Remote Usage
		Usr 0 00:00:00, Sys 0 00:00:00  -  Run Local Usage
		Usr 0 00:21:43, Sys 0 00:03:01  -  Total Remote Usage
		Usr 0 00:00:00, Sys 0 00:00:00  -  Total Local Usage
	0  -  Run Bytes Sent By Job
	0  -  Run Bytes Received By Job
	0  -  Total Bytes Sent By Job
	0  -  Total Bytes Received By Job
	Partitionable Resources :    Usage  Request Allocated 
	   Cpus                 :     1.04        6         6 
	   Disk (KB)            :     1           1     28182 
	   Memory (MB)          :   369        2048      2048 

	Job terminated of its own accord at 2026-02-19T22:32:06Z with exit-code 0.
...
