000 (42162604.007.000) 2026-02-19 17:07:45 Job submitted from host: <10.5.0.107:9618?addrs=10.5.0.107-9618&alias=sugwg-login.syr.edu&noUDP&sock=schedd_873_6244>
...
001 (42162604.007.000) 2026-02-19 17:08:05 Job executing on host: <10.5.202.21:9618?addrs=10.5.202.21-9618&alias=CRUSH-OG-10-5-202-21&noUDP&sock=startd_1539_3457>
...
006 (42162604.007.000) 2026-02-19 17:08:14 Image size of job updated: 138812
	86  -  MemoryUsage of job (MB)
	87596  -  ResidentSetSize of job (KB)
...
006 (42162604.007.000) 2026-02-19 17:13:15 Image size of job updated: 1591204
	287  -  MemoryUsage of job (MB)
	293008  -  ResidentSetSize of job (KB)
...
006 (42162604.007.000) 2026-02-19 17:18:15 Image size of job updated: 1652648
	287  -  MemoryUsage of job (MB)
	293328  -  ResidentSetSize of job (KB)
...
006 (42162604.007.000) 2026-02-19 17:23:16 Image size of job updated: 1652648
	365  -  MemoryUsage of job (MB)
	373224  -  ResidentSetSize of job (KB)
...
006 (42162604.007.000) 2026-02-19 17:28:17 Image size of job updated: 1652648
	477  -  MemoryUsage of job (MB)
	487996  -  ResidentSetSize of job (KB)
...
006 (42162604.007.000) 2026-02-19 17:33:17 Image size of job updated: 1652648
	493  -  MemoryUsage of job (MB)
	503992  -  ResidentSetSize of job (KB)
...
006 (42162604.007.000) 2026-02-19 17:43:19 Image size of job updated: 1652648
	784  -  MemoryUsage of job (MB)
	802668  -  ResidentSetSize of job (KB)
...
006 (42162604.007.000) 2026-02-19 17:43:26 Image size of job updated: 1652648
	788  -  MemoryUsage of job (MB)
	806760  -  ResidentSetSize of job (KB)
...
005 (42162604.007.000) 2026-02-19 17:43:27 Job terminated.
	(1) Normal termination (return value 0)
		Usr 0 00:33:32, Sys 0 00:03:05  -  Run Remote Usage
		Usr 0 00:00:00, Sys 0 00:00:00  -  Run Local Usage
		Usr 0 00:33:32, Sys 0 00:03:05  -  Total Remote Usage
		Usr 0 00:00:00, Sys 0 00:00:00  -  Total Local Usage
	0  -  Run Bytes Sent By Job
	0  -  Run Bytes Received By Job
	0  -  Total Bytes Sent By Job
	0  -  Total Bytes Received By Job
	Partitionable Resources :    Usage  Request Allocated 
	   Cpus                 :     1.05        6         6 
	   Disk (KB)            :     1           1     27335 
	   Memory (MB)          :   788        2048      2048 

	Job terminated of its own accord at 2026-02-19T22:43:26Z with exit-code 0.
...
