000 (42162604.002.000) 2026-02-19 17:07:45 Job submitted from host: <10.5.0.107:9618?addrs=10.5.0.107-9618&alias=sugwg-login.syr.edu&noUDP&sock=schedd_873_6244>
...
001 (42162604.002.000) 2026-02-19 17:08:00 Job executing on host: <10.5.199.15:9618?addrs=10.5.199.15-9618&alias=OG-NODE-10-5-199-15&noUDP&sock=startd_2048_560c>
...
006 (42162604.002.000) 2026-02-19 17:08:09 Image size of job updated: 381468
	143  -  MemoryUsage of job (MB)
	145936  -  ResidentSetSize of job (KB)
...
006 (42162604.002.000) 2026-02-19 17:13:10 Image size of job updated: 1578204
	351  -  MemoryUsage of job (MB)
	358460  -  ResidentSetSize of job (KB)
...
006 (42162604.002.000) 2026-02-19 17:18:10 Image size of job updated: 1594052
	351  -  MemoryUsage of job (MB)
	358460  -  ResidentSetSize of job (KB)
...
006 (42162604.002.000) 2026-02-19 17:23:11 Image size of job updated: 1627844
	351  -  MemoryUsage of job (MB)
	358460  -  ResidentSetSize of job (KB)
...
006 (42162604.002.000) 2026-02-19 17:33:12 Image size of job updated: 1627844
	732  -  MemoryUsage of job (MB)
	749508  -  ResidentSetSize of job (KB)
...
005 (42162604.002.000) 2026-02-19 17:35:20 Job terminated.
	(1) Normal termination (return value 0)
		Usr 0 00:28:57, Sys 0 00:02:37  -  Run Remote Usage
		Usr 0 00:00:00, Sys 0 00:00:00  -  Run Local Usage
		Usr 0 00:28:57, Sys 0 00:02:37  -  Total Remote Usage
		Usr 0 00:00:00, Sys 0 00:00:00  -  Total Local Usage
	0  -  Run Bytes Sent By Job
	0  -  Run Bytes Received By Job
	0  -  Total Bytes Sent By Job
	0  -  Total Bytes Received By Job
	Partitionable Resources :    Usage  Request Allocated 
	   Cpus                 :     1.28        6         6 
	   Disk (KB)            :     1           1     16947 
	   Memory (MB)          :   732        2048      2048 

	Job terminated of its own accord at 2026-02-19T22:35:20Z with exit-code 0.
...
