000 (42162604.009.000) 2026-02-19 17:07:45 Job submitted from host: <10.5.0.107:9618?addrs=10.5.0.107-9618&alias=sugwg-login.syr.edu&noUDP&sock=schedd_873_6244>
...
001 (42162604.009.000) 2026-02-19 17:08:05 Job executing on host: <10.5.148.21:9618?addrs=10.5.148.21-9618&alias=CRUSH-OG-10-5-148-21&noUDP&sock=startd_1528_a8cd>
...
006 (42162604.009.000) 2026-02-19 17:08:14 Image size of job updated: 718900
	121  -  MemoryUsage of job (MB)
	123280  -  ResidentSetSize of job (KB)
...
006 (42162604.009.000) 2026-02-19 17:13:15 Image size of job updated: 1614288
	374  -  MemoryUsage of job (MB)
	382228  -  ResidentSetSize of job (KB)
...
006 (42162604.009.000) 2026-02-19 17:33:16 Image size of job updated: 1614288
	681  -  MemoryUsage of job (MB)
	697128  -  ResidentSetSize of job (KB)
...
006 (42162604.009.000) 2026-02-19 17:38:16 Image size of job updated: 1614288
	683  -  MemoryUsage of job (MB)
	698976  -  ResidentSetSize of job (KB)
...
006 (42162604.009.000) 2026-02-19 17:41:52 Image size of job updated: 1619696
	683  -  MemoryUsage of job (MB)
	698976  -  ResidentSetSize of job (KB)
...
005 (42162604.009.000) 2026-02-19 17:41:52 Job terminated.
	(1) Normal termination (return value 0)
		Usr 0 00:31:17, Sys 0 00:03:34  -  Run Remote Usage
		Usr 0 00:00:00, Sys 0 00:00:00  -  Run Local Usage
		Usr 0 00:31:17, Sys 0 00:03:34  -  Total Remote Usage
		Usr 0 00:00:00, Sys 0 00:00:00  -  Total Local Usage
	0  -  Run Bytes Sent By Job
	0  -  Run Bytes Received By Job
	0  -  Total Bytes Sent By Job
	0  -  Total Bytes Received By Job
	Partitionable Resources :    Usage  Request Allocated 
	   Cpus                 :     1.05        6         6 
	   Disk (KB)            :     1           1     28345 
	   Memory (MB)          :   683        2048      2048 

	Job terminated of its own accord at 2026-02-19T22:41:52Z with exit-code 0.
...
