000 (42162604.000.000) 2026-02-19 17:07:45 Job submitted from host: <10.5.0.107:9618?addrs=10.5.0.107-9618&alias=sugwg-login.syr.edu&noUDP&sock=schedd_873_6244>
...
001 (42162604.000.000) 2026-02-19 17:08:05 Job executing on host: <10.5.206.77:9618?addrs=10.5.206.77-9618&alias=CRUSH-OG-10-5-206-77&noUDP&sock=startd_1546_0181>
...
006 (42162604.000.000) 2026-02-19 17:08:14 Image size of job updated: 782192
	145  -  MemoryUsage of job (MB)
	147668  -  ResidentSetSize of job (KB)
...
006 (42162604.000.000) 2026-02-19 17:13:15 Image size of job updated: 1638068
	716  -  MemoryUsage of job (MB)
	732516  -  ResidentSetSize of job (KB)
...
006 (42162604.000.000) 2026-02-19 17:18:15 Image size of job updated: 1638068
	718  -  MemoryUsage of job (MB)
	734364  -  ResidentSetSize of job (KB)
...
005 (42162604.000.000) 2026-02-19 17:42:41 Job terminated.
	(1) Normal termination (return value 0)
		Usr 0 00:32:46, Sys 0 00:03:07  -  Run Remote Usage
		Usr 0 00:00:00, Sys 0 00:00:00  -  Run Local Usage
		Usr 0 00:32:46, Sys 0 00:03:07  -  Total Remote Usage
		Usr 0 00:00:00, Sys 0 00:00:00  -  Total Local Usage
	0  -  Run Bytes Sent By Job
	0  -  Run Bytes Received By Job
	0  -  Total Bytes Sent By Job
	0  -  Total Bytes Received By Job
	Partitionable Resources :    Usage  Request Allocated 
	   Cpus                 :     1.06        6         6 
	   Disk (KB)            :     1           1     27428 
	   Memory (MB)          :   718        2048      2048 

	Job terminated of its own accord at 2026-02-19T22:42:41Z with exit-code 0.
...
