000 (42162604.001.000) 2026-02-19 17:07:45 Job submitted from host: <10.5.0.107:9618?addrs=10.5.0.107-9618&alias=sugwg-login.syr.edu&noUDP&sock=schedd_873_6244>
...
001 (42162604.001.000) 2026-02-19 17:08:10 Job executing on host: <10.5.206.243:9618?addrs=10.5.206.243-9618&alias=CRUSH-OG-10-5-206-243&noUDP&sock=startd_1531_b796>
...
006 (42162604.001.000) 2026-02-19 17:08:20 Image size of job updated: 354032
	61  -  MemoryUsage of job (MB)
	62456  -  ResidentSetSize of job (KB)
...
006 (42162604.001.000) 2026-02-19 17:13:20 Image size of job updated: 1640556
	413  -  MemoryUsage of job (MB)
	422004  -  ResidentSetSize of job (KB)
...
006 (42162604.001.000) 2026-02-19 17:23:21 Image size of job updated: 1640556
	417  -  MemoryUsage of job (MB)
	426044  -  ResidentSetSize of job (KB)
...
006 (42162604.001.000) 2026-02-19 17:28:22 Image size of job updated: 1640556
	422  -  MemoryUsage of job (MB)
	431852  -  ResidentSetSize of job (KB)
...
005 (42162604.001.000) 2026-02-19 17:45:07 Job terminated.
	(1) Normal termination (return value 0)
		Usr 0 00:34:21, Sys 0 00:03:27  -  Run Remote Usage
		Usr 0 00:00:00, Sys 0 00:00:00  -  Run Local Usage
		Usr 0 00:34:21, Sys 0 00:03:27  -  Total Remote Usage
		Usr 0 00:00:00, Sys 0 00:00:00  -  Total Local Usage
	0  -  Run Bytes Sent By Job
	0  -  Run Bytes Received By Job
	0  -  Total Bytes Sent By Job
	0  -  Total Bytes Received By Job
	Partitionable Resources :    Usage  Request Allocated 
	   Cpus                 :     1.06        6         6 
	   Disk (KB)            :     1           1     27397 
	   Memory (MB)          :   422        2048      2048 

	Job terminated of its own accord at 2026-02-19T22:45:07Z with exit-code 0.
...
