WARNING:root:No sampling_params section read from config file
WARNING:root:No sampling_params section read from config file
WARNING:root:No sampling_params section read from config file
WARNING:root:No sampling_params section read from config file
WARNING:root:No sampling_params section read from config file
WARNING:root:No sampling_params section read from config file
WARNING:root:No sampling_params section read from config file
WARNING:root:No sampling_params section read from config file
WARNING:root:No sampling_params section read from config file
WARNING:root:No sampling_params section read from config file
WARNING:root:No sampling_params section read from config file
WARNING:root:No sampling_params section read from config file
WARNING:root:No sampling_params section read from config file
WARNING:root:No sampling_params section read from config file
WARNING:root:No sampling_params section read from config file
WARNING:root:No sampling_params section read from config file
WARNING:root:No sampling_params section read from config file
WARNING:root:No sampling_params section read from config file
WARNING:root:No sampling_params section read from config file
WARNING:root:No sampling_params section read from config file
WARNING:root:No sampling_params section read from config file
WARNING:root:No sampling_params section read from config file
WARNING:root:No sampling_params section read from config file
WARNING:root:No sampling_params section read from config file
WARNING:root:No sampling_params section read from config file
WARNING:root:No sampling_params section read from config file
WARNING:root:No sampling_params section read from config file
WARNING:root:No sampling_params section read from config file
WARNING:root:No sampling_params section read from config file
WARNING:root:No sampling_params section read from config file
WARNING:root:No sampling_params section read from config file
WARNING:root:No sampling_params section read from config file
WARNING:root:No sampling_params section read from config file
WARNING:root:No sampling_params section read from config file
WARNING:root:No sampling_params section read from config file
WARNING:root:No sampling_params section read from config file
WARNING:root:No sampling_params section read from config file
WARNING:root:No sampling_params section read from config file
WARNING:root:No sampling_params section read from config file
WARNING:root:No sampling_params section read from config file
WARNING:root:No sampling_params section read from config file
WARNING:root:No sampling_params section read from config file
WARNING:root:No sampling_params section read from config file
WARNING:root:No sampling_params section read from config file
WARNING:root:No sampling_params section read from config file
WARNING:root:No sampling_params section read from config file
WARNING:root:No sampling_params section read from config file
WARNING:root:No sampling_params section read from config file
WARNING:root:No sampling_params section read from config file
WARNING:root:No sampling_params section read from config file
Traceback (most recent call last):
  File "/home/vjadhavy/hmphase/hm-phase-marg/helper_functions/run_hm_model.py", line 146, in <module>
    run_model()
  File "/home/vjadhavy/hmphase/hm-phase-marg/helper_functions/run_hm_model.py", line 131, in run_model
    cp = create_parser(injection_file=f'{inj_path}/injection_{i}.hdf',
         ^^^^^^^^^^^^^^^^^^^^^^^^^^^^^^^^^^^^^^^^^^^^^^^^^^^^^^^^^^^^^
  File "/home/vjadhavy/hmphase/hm-phase-marg/helper_functions/run_hm_model.py", line 31, in create_parser
    inj = h5py.File(injection_file,'r')
          ^^^^^^^^^^^^^^^^^^^^^^^^^^^^^
  File "/home/vjadhavy/miniconda3/envs/hmphasemarg/lib/python3.11/site-packages/h5py/_hl/files.py", line 566, in __init__
    fid = make_fid(name, mode, userblock_size, fapl, fcpl, swmr=swmr)
          ^^^^^^^^^^^^^^^^^^^^^^^^^^^^^^^^^^^^^^^^^^^^^^^^^^^^^^^^^^^
  File "/home/vjadhavy/miniconda3/envs/hmphasemarg/lib/python3.11/site-packages/h5py/_hl/files.py", line 241, in make_fid
    fid = h5f.open(name, flags, fapl=fapl)
          ^^^^^^^^^^^^^^^^^^^^^^^^^^^^^^^^
  File "h5py/_objects.pyx", line 54, in h5py._objects.with_phil.wrapper
  File "h5py/_objects.pyx", line 55, in h5py._objects.with_phil.wrapper
  File "h5py/h5f.pyx", line 104, in h5py.h5f.open
FileNotFoundError: [Errno 2] Unable to synchronously open file (unable to open file: name = '../../../../injections/hm_pop/injection_50.hdf', errno = 2, error message = 'No such file or directory', flags = 0, o_flags = 0)
