000 (42087937.000.000) 2026-02-17 08:39:00 Job submitted from host: <10.5.0.107:9618?addrs=10.5.0.107-9618&alias=sugwg-login.syr.edu&noUDP&sock=schedd_873_6244>
...
001 (42087937.000.000) 2026-02-17 08:39:36 Job executing on host: <10.5.219.162:9618?addrs=10.5.219.162-9618&alias=OG-NODE-10-5-219-162&noUDP&sock=startd_1503_82ef>
...
006 (42087937.000.000) 2026-02-17 08:39:45 Image size of job updated: 325568
	41  -  MemoryUsage of job (MB)
	41152  -  ResidentSetSize of job (KB)
...
006 (42087937.000.000) 2026-02-17 08:44:46 Image size of job updated: 1638164
	446  -  MemoryUsage of job (MB)
	456064  -  ResidentSetSize of job (KB)
...
006 (42087937.000.000) 2026-02-17 09:09:48 Image size of job updated: 1638164
	863  -  MemoryUsage of job (MB)
	883180  -  ResidentSetSize of job (KB)
...
006 (42087937.000.000) 2026-02-17 09:14:48 Image size of job updated: 1638164
	865  -  MemoryUsage of job (MB)
	885292  -  ResidentSetSize of job (KB)
...
005 (42087937.000.000) 2026-02-17 09:17:29 Job terminated.
	(1) Normal termination (return value 1)
		Usr 0 00:34:29, Sys 0 00:04:08  -  Run Remote Usage
		Usr 0 00:00:00, Sys 0 00:00:00  -  Run Local Usage
		Usr 0 00:34:29, Sys 0 00:04:08  -  Total Remote Usage
		Usr 0 00:00:00, Sys 0 00:00:00  -  Total Local Usage
	0  -  Run Bytes Sent By Job
	0  -  Run Bytes Received By Job
	0  -  Total Bytes Sent By Job
	0  -  Total Bytes Received By Job
	Partitionable Resources :    Usage  Request Allocated 
	   Cpus                 :     1.05        6         6 
	   Disk (KB)            :     1           1     14793 
	   Memory (MB)          :   865        2048      2048 

	Job terminated of its own accord at 2026-02-17T14:17:24Z with exit-code 1.
...
