000 (42165124.000.000) 2026-02-20 10:38:12 Job submitted from host: <10.5.0.107:9618?addrs=10.5.0.107-9618&alias=sugwg-login.syr.edu&noUDP&sock=schedd_873_6244>
...
001 (42165124.000.000) 2026-02-20 10:38:42 Job executing on host: <10.5.141.84:9618?addrs=10.5.141.84-9618&alias=CRUSH-OG-10-5-141-84&noUDP&sock=startd_1527_f935>
...
006 (42165124.000.000) 2026-02-20 10:38:50 Image size of job updated: 69216
	39  -  MemoryUsage of job (MB)
	39780  -  ResidentSetSize of job (KB)
...
006 (42165124.000.000) 2026-02-20 10:43:50 Image size of job updated: 1660256
	689  -  MemoryUsage of job (MB)
	705432  -  ResidentSetSize of job (KB)
...
006 (42165124.000.000) 2026-02-20 10:48:51 Image size of job updated: 1660256
	693  -  MemoryUsage of job (MB)
	709524  -  ResidentSetSize of job (KB)
...
005 (42165124.000.000) 2026-02-20 11:13:29 Job terminated.
	(1) Normal termination (return value 0)
		Usr 0 00:32:36, Sys 0 00:03:09  -  Run Remote Usage
		Usr 0 00:00:00, Sys 0 00:00:00  -  Run Local Usage
		Usr 0 00:32:36, Sys 0 00:03:09  -  Total Remote Usage
		Usr 0 00:00:00, Sys 0 00:00:00  -  Total Local Usage
	0  -  Run Bytes Sent By Job
	0  -  Run Bytes Received By Job
	0  -  Total Bytes Sent By Job
	0  -  Total Bytes Received By Job
	Partitionable Resources :    Usage  Request Allocated 
	   Cpus                 :     1.07        6         6 
	   Disk (KB)            :     1           1     27386 
	   Memory (MB)          :   693        2048      2048 

	Job terminated of its own accord at 2026-02-20T16:13:29Z with exit-code 0.
...
