000 (42165124.009.000) 2026-02-20 10:38:12 Job submitted from host: <10.5.0.107:9618?addrs=10.5.0.107-9618&alias=sugwg-login.syr.edu&noUDP&sock=schedd_873_6244>
...
001 (42165124.009.000) 2026-02-20 10:38:39 Job executing on host: <10.5.230.73:9618?addrs=10.5.230.73-9618&alias=OG-NODE-10-5-230-73&noUDP&sock=startd_1510_5018>
...
006 (42165124.009.000) 2026-02-20 10:38:47 Image size of job updated: 355828
	39  -  MemoryUsage of job (MB)
	39700  -  ResidentSetSize of job (KB)
...
006 (42165124.009.000) 2026-02-20 10:43:47 Image size of job updated: 1567536
	414  -  MemoryUsage of job (MB)
	423352  -  ResidentSetSize of job (KB)
...
006 (42165124.009.000) 2026-02-20 10:48:48 Image size of job updated: 1611464
	414  -  MemoryUsage of job (MB)
	423352  -  ResidentSetSize of job (KB)
...
006 (42165124.009.000) 2026-02-20 11:03:49 Image size of job updated: 1611464
	431  -  MemoryUsage of job (MB)
	441068  -  ResidentSetSize of job (KB)
...
005 (42165124.009.000) 2026-02-20 11:13:17 Job terminated.
	(1) Normal termination (return value 0)
		Usr 0 00:31:31, Sys 0 00:03:53  -  Run Remote Usage
		Usr 0 00:00:00, Sys 0 00:00:00  -  Run Local Usage
		Usr 0 00:31:31, Sys 0 00:03:53  -  Total Remote Usage
		Usr 0 00:00:00, Sys 0 00:00:00  -  Total Local Usage
	0  -  Run Bytes Sent By Job
	0  -  Run Bytes Received By Job
	0  -  Total Bytes Sent By Job
	0  -  Total Bytes Received By Job
	Partitionable Resources :    Usage  Request Allocated 
	   Cpus                 :     1.05        6         6 
	   Disk (KB)            :     1           1     15992 
	   Memory (MB)          :   431        2048      2048 

	Job terminated of its own accord at 2026-02-20T16:13:17Z with exit-code 0.
...
000 (42165149.009.000) 2026-02-20 11:54:50 Job submitted from host: <10.5.0.107:9618?addrs=10.5.0.107-9618&alias=sugwg-login.syr.edu&noUDP&sock=schedd_873_6244>
...
001 (42165149.009.000) 2026-02-20 11:55:26 Job executing on host: <10.5.208.227:9618?addrs=10.5.208.227-9618&alias=CRUSH-OG-10-5-208-227&noUDP&sock=startd_1534_c65e>
...
006 (42165149.009.000) 2026-02-20 11:55:35 Image size of job updated: 363488
	51  -  MemoryUsage of job (MB)
	51224  -  ResidentSetSize of job (KB)
...
006 (42165149.009.000) 2026-02-20 12:00:36 Image size of job updated: 1577660
	304  -  MemoryUsage of job (MB)
	310900  -  ResidentSetSize of job (KB)
...
006 (42165149.009.000) 2026-02-20 12:05:36 Image size of job updated: 1647360
	854  -  MemoryUsage of job (MB)
	873932  -  ResidentSetSize of job (KB)
...
005 (42165149.009.000) 2026-02-20 12:33:25 Job terminated.
	(1) Normal termination (return value 0)
		Usr 0 00:35:22, Sys 0 00:03:31  -  Run Remote Usage
		Usr 0 00:00:00, Sys 0 00:00:00  -  Run Local Usage
		Usr 0 00:35:22, Sys 0 00:03:31  -  Total Remote Usage
		Usr 0 00:00:00, Sys 0 00:00:00  -  Total Local Usage
	0  -  Run Bytes Sent By Job
	0  -  Run Bytes Received By Job
	0  -  Total Bytes Sent By Job
	0  -  Total Bytes Received By Job
	Partitionable Resources :    Usage  Request Allocated 
	   Cpus                 :     1.04        6         6 
	   Disk (KB)            :     1           1     27326 
	   Memory (MB)          :   854        2048      2048 

	Job terminated of its own accord at 2026-02-20T17:33:25Z with exit-code 0.
...
