000 (42165124.003.000) 2026-02-20 10:38:12 Job submitted from host: <10.5.0.107:9618?addrs=10.5.0.107-9618&alias=sugwg-login.syr.edu&noUDP&sock=schedd_873_6244>
...
001 (42165124.003.000) 2026-02-20 10:38:42 Job executing on host: <10.5.186.72:9618?addrs=10.5.186.72-9618&alias=CRUSH-OG-10-5-186-72&noUDP&sock=startd_1522_8b3b>
...
006 (42165124.003.000) 2026-02-20 10:38:50 Image size of job updated: 68912
	39  -  MemoryUsage of job (MB)
	39476  -  ResidentSetSize of job (KB)
...
006 (42165124.003.000) 2026-02-20 10:43:50 Image size of job updated: 1474188
	373  -  MemoryUsage of job (MB)
	381392  -  ResidentSetSize of job (KB)
...
006 (42165124.003.000) 2026-02-20 10:48:51 Image size of job updated: 1606964
	415  -  MemoryUsage of job (MB)
	424020  -  ResidentSetSize of job (KB)
...
006 (42165124.003.000) 2026-02-20 10:53:51 Image size of job updated: 1606964
	909  -  MemoryUsage of job (MB)
	930064  -  ResidentSetSize of job (KB)
...
005 (42165124.003.000) 2026-02-20 11:14:20 Job terminated.
	(1) Normal termination (return value 0)
		Usr 0 00:33:26, Sys 0 00:03:14  -  Run Remote Usage
		Usr 0 00:00:00, Sys 0 00:00:00  -  Run Local Usage
		Usr 0 00:33:26, Sys 0 00:03:14  -  Total Remote Usage
		Usr 0 00:00:00, Sys 0 00:00:00  -  Total Local Usage
	0  -  Run Bytes Sent By Job
	0  -  Run Bytes Received By Job
	0  -  Total Bytes Sent By Job
	0  -  Total Bytes Received By Job
	Partitionable Resources :    Usage  Request Allocated 
	   Cpus                 :     1.00        6         6 
	   Disk (KB)            :     1           1     27428 
	   Memory (MB)          :   909        2048      2048 

	Job terminated of its own accord at 2026-02-20T16:14:20Z with exit-code 0.
...
