000 (42165124.006.000) 2026-02-20 10:38:12 Job submitted from host: <10.5.0.107:9618?addrs=10.5.0.107-9618&alias=sugwg-login.syr.edu&noUDP&sock=schedd_873_6244>
...
001 (42165124.006.000) 2026-02-20 10:38:37 Job executing on host: <10.5.201.169:9618?addrs=10.5.201.169-9618&alias=OG-NODE-10-5-201-169&noUDP&sock=startd_1507_4150>
...
006 (42165124.006.000) 2026-02-20 10:38:45 Image size of job updated: 279624
	43  -  MemoryUsage of job (MB)
	43636  -  ResidentSetSize of job (KB)
...
006 (42165124.006.000) 2026-02-20 10:43:45 Image size of job updated: 1578980
	354  -  MemoryUsage of job (MB)
	361868  -  ResidentSetSize of job (KB)
...
006 (42165124.006.000) 2026-02-20 10:48:46 Image size of job updated: 1638200
	354  -  MemoryUsage of job (MB)
	361868  -  ResidentSetSize of job (KB)
...
006 (42165124.006.000) 2026-02-20 10:58:47 Image size of job updated: 1638200
	417  -  MemoryUsage of job (MB)
	426748  -  ResidentSetSize of job (KB)
...
006 (42165124.006.000) 2026-02-20 11:03:48 Image size of job updated: 1638200
	734  -  MemoryUsage of job (MB)
	750596  -  ResidentSetSize of job (KB)
...
005 (42165124.006.000) 2026-02-20 11:13:51 Job terminated.
	(1) Normal termination (return value 0)
		Usr 0 00:32:57, Sys 0 00:03:12  -  Run Remote Usage
		Usr 0 00:00:00, Sys 0 00:00:00  -  Run Local Usage
		Usr 0 00:32:57, Sys 0 00:03:12  -  Total Remote Usage
		Usr 0 00:00:00, Sys 0 00:00:00  -  Total Local Usage
	0  -  Run Bytes Sent By Job
	0  -  Run Bytes Received By Job
	0  -  Total Bytes Sent By Job
	0  -  Total Bytes Received By Job
	Partitionable Resources :    Usage  Request Allocated 
	   Cpus                 :     1.06        6         6 
	   Disk (KB)            :     1           1     19480 
	   Memory (MB)          :   734        2048      2048 

	Job terminated of its own accord at 2026-02-20T16:13:51Z with exit-code 0.
...
000 (42165149.006.000) 2026-02-20 11:54:50 Job submitted from host: <10.5.0.107:9618?addrs=10.5.0.107-9618&alias=sugwg-login.syr.edu&noUDP&sock=schedd_873_6244>
...
001 (42165149.006.000) 2026-02-20 11:55:26 Job executing on host: <10.5.217.21:9618?addrs=10.5.217.21-9618&alias=CRUSH-OG-10-5-217-21&noUDP&sock=startd_1533_16c6>
...
006 (42165149.006.000) 2026-02-20 11:55:35 Image size of job updated: 109348
	67  -  MemoryUsage of job (MB)
	68428  -  ResidentSetSize of job (KB)
...
006 (42165149.006.000) 2026-02-20 12:00:36 Image size of job updated: 1679056
	263  -  MemoryUsage of job (MB)
	268744  -  ResidentSetSize of job (KB)
...
006 (42165149.006.000) 2026-02-20 12:05:36 Image size of job updated: 1679056
	717  -  MemoryUsage of job (MB)
	733772  -  ResidentSetSize of job (KB)
...
005 (42165149.006.000) 2026-02-20 12:29:50 Job terminated.
	(1) Normal termination (return value 0)
		Usr 0 00:32:07, Sys 0 00:03:18  -  Run Remote Usage
		Usr 0 00:00:00, Sys 0 00:00:00  -  Run Local Usage
		Usr 0 00:32:07, Sys 0 00:03:18  -  Total Remote Usage
		Usr 0 00:00:00, Sys 0 00:00:00  -  Total Local Usage
	0  -  Run Bytes Sent By Job
	0  -  Run Bytes Received By Job
	0  -  Total Bytes Sent By Job
	0  -  Total Bytes Received By Job
	Partitionable Resources :    Usage  Request Allocated 
	   Cpus                 :     1.00        6         6 
	   Disk (KB)            :     1           1     28578 
	   Memory (MB)          :   717        2048      2048 

	Job terminated of its own accord at 2026-02-20T17:29:50Z with exit-code 0.
...
