000 (42165124.005.000) 2026-02-20 10:38:12 Job submitted from host: <10.5.0.107:9618?addrs=10.5.0.107-9618&alias=sugwg-login.syr.edu&noUDP&sock=schedd_873_6244>
...
001 (42165124.005.000) 2026-02-20 10:38:42 Job executing on host: <10.5.205.252:9618?addrs=10.5.205.252-9618&alias=CRUSH-OG-10-5-205-252&noUDP&sock=startd_1524_ea6c>
...
006 (42165124.005.000) 2026-02-20 10:38:50 Image size of job updated: 332900
	58  -  MemoryUsage of job (MB)
	58848  -  ResidentSetSize of job (KB)
...
006 (42165124.005.000) 2026-02-20 10:43:50 Image size of job updated: 1552116
	251  -  MemoryUsage of job (MB)
	256204  -  ResidentSetSize of job (KB)
...
006 (42165124.005.000) 2026-02-20 10:48:51 Image size of job updated: 1615604
	335  -  MemoryUsage of job (MB)
	342184  -  ResidentSetSize of job (KB)
...
006 (42165124.005.000) 2026-02-20 11:03:53 Image size of job updated: 1615604
	354  -  MemoryUsage of job (MB)
	361704  -  ResidentSetSize of job (KB)
...
006 (42165124.005.000) 2026-02-20 11:08:54 Image size of job updated: 1615604
	360  -  MemoryUsage of job (MB)
	367852  -  ResidentSetSize of job (KB)
...
006 (42165124.005.000) 2026-02-20 11:13:54 Image size of job updated: 1615604
	436  -  MemoryUsage of job (MB)
	445660  -  ResidentSetSize of job (KB)
...
005 (42165124.005.000) 2026-02-20 11:14:26 Job terminated.
	(1) Normal termination (return value 0)
		Usr 0 00:33:21, Sys 0 00:03:27  -  Run Remote Usage
		Usr 0 00:00:00, Sys 0 00:00:00  -  Run Local Usage
		Usr 0 00:33:21, Sys 0 00:03:27  -  Total Remote Usage
		Usr 0 00:00:00, Sys 0 00:00:00  -  Total Local Usage
	0  -  Run Bytes Sent By Job
	0  -  Run Bytes Received By Job
	0  -  Total Bytes Sent By Job
	0  -  Total Bytes Received By Job
	Partitionable Resources :    Usage  Request Allocated 
	   Cpus                 :     1.05        6         6 
	   Disk (KB)            :     1           1     27382 
	   Memory (MB)          :   436        2048      2048 

	Job terminated of its own accord at 2026-02-20T16:14:26Z with exit-code 0.
...
