000 (42165124.001.000) 2026-02-20 10:38:12 Job submitted from host: <10.5.0.107:9618?addrs=10.5.0.107-9618&alias=sugwg-login.syr.edu&noUDP&sock=schedd_873_6244>
...
001 (42165124.001.000) 2026-02-20 10:38:37 Job executing on host: <10.5.189.111:9618?addrs=10.5.189.111-9618&alias=OG-NODE-10-5-189-111&noUDP&sock=startd_1603_1a67>
...
006 (42165124.001.000) 2026-02-20 10:38:45 Image size of job updated: 102380
	64  -  MemoryUsage of job (MB)
	65156  -  ResidentSetSize of job (KB)
...
006 (42165124.001.000) 2026-02-20 10:43:45 Image size of job updated: 1503324
	331  -  MemoryUsage of job (MB)
	338620  -  ResidentSetSize of job (KB)
...
006 (42165124.001.000) 2026-02-20 10:48:46 Image size of job updated: 1630040
	789  -  MemoryUsage of job (MB)
	807360  -  ResidentSetSize of job (KB)
...
006 (42165124.001.000) 2026-02-20 10:53:47 Image size of job updated: 1630040
	794  -  MemoryUsage of job (MB)
	812904  -  ResidentSetSize of job (KB)
...
005 (42165124.001.000) 2026-02-20 11:11:24 Job terminated.
	(1) Normal termination (return value 0)
		Usr 0 00:30:32, Sys 0 00:03:12  -  Run Remote Usage
		Usr 0 00:00:00, Sys 0 00:00:00  -  Run Local Usage
		Usr 0 00:30:32, Sys 0 00:03:12  -  Total Remote Usage
		Usr 0 00:00:00, Sys 0 00:00:00  -  Total Local Usage
	0  -  Run Bytes Sent By Job
	0  -  Run Bytes Received By Job
	0  -  Total Bytes Sent By Job
	0  -  Total Bytes Received By Job
	Partitionable Resources :    Usage  Request Allocated 
	   Cpus                 :     1.08        6         6 
	   Disk (KB)            :     1           1     23543 
	   Memory (MB)          :   794        2048      2048 

	Job terminated of its own accord at 2026-02-20T16:11:24Z with exit-code 0.
...
