000 (42165124.004.000) 2026-02-20 10:38:12 Job submitted from host: <10.5.0.107:9618?addrs=10.5.0.107-9618&alias=sugwg-login.syr.edu&noUDP&sock=schedd_873_6244>
...
001 (42165124.004.000) 2026-02-20 10:38:39 Job executing on host: <10.5.201.196:9618?addrs=10.5.201.196-9618&alias=OG-NODE-10-5-201-196&noUDP&sock=startd_1509_a080>
...
006 (42165124.004.000) 2026-02-20 10:38:47 Image size of job updated: 374072
	53  -  MemoryUsage of job (MB)
	54060  -  ResidentSetSize of job (KB)
...
006 (42165124.004.000) 2026-02-20 10:43:47 Image size of job updated: 1607096
	942  -  MemoryUsage of job (MB)
	964232  -  ResidentSetSize of job (KB)
...
006 (42165124.004.000) 2026-02-20 10:53:49 Image size of job updated: 1617812
	942  -  MemoryUsage of job (MB)
	964232  -  ResidentSetSize of job (KB)
...
005 (42165124.004.000) 2026-02-20 11:13:03 Job terminated.
	(1) Normal termination (return value 0)
		Usr 0 00:32:15, Sys 0 00:03:06  -  Run Remote Usage
		Usr 0 00:00:00, Sys 0 00:00:00  -  Run Local Usage
		Usr 0 00:32:15, Sys 0 00:03:06  -  Total Remote Usage
		Usr 0 00:00:00, Sys 0 00:00:00  -  Total Local Usage
	0  -  Run Bytes Sent By Job
	0  -  Run Bytes Received By Job
	0  -  Total Bytes Sent By Job
	0  -  Total Bytes Received By Job
	Partitionable Resources :    Usage  Request Allocated 
	   Cpus                 :     1.05        6         6 
	   Disk (KB)            :     1           1     21389 
	   Memory (MB)          :   942        2048      2048 

	Job terminated of its own accord at 2026-02-20T16:13:02Z with exit-code 0.
...
