000 (42165127.008.000) 2026-02-20 10:38:49 Job submitted from host: <10.5.0.107:9618?addrs=10.5.0.107-9618&alias=sugwg-login.syr.edu&noUDP&sock=schedd_873_6244>
...
001 (42165127.008.000) 2026-02-20 10:39:00 Job executing on host: <10.5.201.228:9618?addrs=10.5.201.228-9618&alias=OG-NODE-10-5-201-228&noUDP&sock=startd_1499_c48e>
...
006 (42165127.008.000) 2026-02-20 10:39:09 Image size of job updated: 66284
	37  -  MemoryUsage of job (MB)
	37772  -  ResidentSetSize of job (KB)
...
006 (42165127.008.000) 2026-02-20 10:44:09 Image size of job updated: 1639372
	259  -  MemoryUsage of job (MB)
	264276  -  ResidentSetSize of job (KB)
...
006 (42165127.008.000) 2026-02-20 10:49:09 Image size of job updated: 1639372
	345  -  MemoryUsage of job (MB)
	353120  -  ResidentSetSize of job (KB)
...
006 (42165127.008.000) 2026-02-20 11:04:11 Image size of job updated: 1639372
	400  -  MemoryUsage of job (MB)
	409308  -  ResidentSetSize of job (KB)
...
006 (42165127.008.000) 2026-02-20 11:14:13 Image size of job updated: 1639372
	915  -  MemoryUsage of job (MB)
	936688  -  ResidentSetSize of job (KB)
...
005 (42165127.008.000) 2026-02-20 11:14:21 Job terminated.
	(1) Normal termination (return value 0)
		Usr 0 00:32:39, Sys 0 00:03:31  -  Run Remote Usage
		Usr 0 00:00:00, Sys 0 00:00:00  -  Run Local Usage
		Usr 0 00:32:39, Sys 0 00:03:31  -  Total Remote Usage
		Usr 0 00:00:00, Sys 0 00:00:00  -  Total Local Usage
	0  -  Run Bytes Sent By Job
	0  -  Run Bytes Received By Job
	0  -  Total Bytes Sent By Job
	0  -  Total Bytes Received By Job
	Partitionable Resources :    Usage  Request Allocated 
	   Cpus                 :     1.05        6         6 
	   Disk (KB)            :     1           1     11863 
	   Memory (MB)          :   915        2048      2048 

	Job terminated of its own accord at 2026-02-20T16:14:21Z with exit-code 0.
...
