000 (42165127.007.000) 2026-02-20 10:38:49 Job submitted from host: <10.5.0.107:9618?addrs=10.5.0.107-9618&alias=sugwg-login.syr.edu&noUDP&sock=schedd_873_6244>
...
001 (42165127.007.000) 2026-02-20 10:38:55 Job executing on host: <10.5.215.207:9618?addrs=10.5.215.207-9618&alias=OG-NODE-10-5-215-207&noUDP&sock=startd_1226_8333>
...
006 (42165127.007.000) 2026-02-20 10:39:04 Image size of job updated: 59388
	37  -  MemoryUsage of job (MB)
	37476  -  ResidentSetSize of job (KB)
...
006 (42165127.007.000) 2026-02-20 10:44:05 Image size of job updated: 1549972
	226  -  MemoryUsage of job (MB)
	230992  -  ResidentSetSize of job (KB)
...
006 (42165127.007.000) 2026-02-20 10:49:06 Image size of job updated: 1611416
	360  -  MemoryUsage of job (MB)
	368188  -  ResidentSetSize of job (KB)
...
006 (42165127.007.000) 2026-02-20 10:54:06 Image size of job updated: 1611416
	787  -  MemoryUsage of job (MB)
	804936  -  ResidentSetSize of job (KB)
...
006 (42165127.007.000) 2026-02-20 10:59:07 Image size of job updated: 1611416
	852  -  MemoryUsage of job (MB)
	872124  -  ResidentSetSize of job (KB)
...
006 (42165127.007.000) 2026-02-20 11:14:08 Image size of job updated: 1624092
	852  -  MemoryUsage of job (MB)
	872124  -  ResidentSetSize of job (KB)
...
005 (42165127.007.000) 2026-02-20 11:21:50 Job terminated.
	(1) Normal termination (return value 0)
		Usr 0 00:39:49, Sys 0 00:04:07  -  Run Remote Usage
		Usr 0 00:00:00, Sys 0 00:00:00  -  Run Local Usage
		Usr 0 00:39:49, Sys 0 00:04:07  -  Total Remote Usage
		Usr 0 00:00:00, Sys 0 00:00:00  -  Total Local Usage
	0  -  Run Bytes Sent By Job
	0  -  Run Bytes Received By Job
	0  -  Total Bytes Sent By Job
	0  -  Total Bytes Received By Job
	Partitionable Resources :    Usage  Request Allocated 
	   Cpus                 :     1.00        6         6 
	   Disk (KB)            :     1           1     13949 
	   Memory (MB)          :   852        2048      2048 

	Job terminated of its own accord at 2026-02-20T16:21:50Z with exit-code 0.
...
000 (42165148.007.000) 2026-02-20 11:54:30 Job submitted from host: <10.5.0.107:9618?addrs=10.5.0.107-9618&alias=sugwg-login.syr.edu&noUDP&sock=schedd_873_6244>
...
001 (42165148.007.000) 2026-02-20 11:54:52 Job executing on host: <10.5.158.172:9618?addrs=10.5.158.172-9618&alias=CRUSH-OG-10-5-158-172&noUDP&sock=startd_1528_a8cd>
...
006 (42165148.007.000) 2026-02-20 11:55:01 Image size of job updated: 63576
	59  -  MemoryUsage of job (MB)
	59616  -  ResidentSetSize of job (KB)
...
006 (42165148.007.000) 2026-02-20 12:00:01 Image size of job updated: 1574684
	273  -  MemoryUsage of job (MB)
	278980  -  ResidentSetSize of job (KB)
...
006 (42165148.007.000) 2026-02-20 12:05:01 Image size of job updated: 1638172
	448  -  MemoryUsage of job (MB)
	458684  -  ResidentSetSize of job (KB)
...
006 (42165148.007.000) 2026-02-20 12:10:02 Image size of job updated: 1638172
	454  -  MemoryUsage of job (MB)
	464828  -  ResidentSetSize of job (KB)
...
006 (42165148.007.000) 2026-02-20 12:20:03 Image size of job updated: 1638172
	782  -  MemoryUsage of job (MB)
	800496  -  ResidentSetSize of job (KB)
...
006 (42165148.007.000) 2026-02-20 12:25:03 Image size of job updated: 1638172
	787  -  MemoryUsage of job (MB)
	805512  -  ResidentSetSize of job (KB)
...
005 (42165148.007.000) 2026-02-20 12:30:08 Job terminated.
	(1) Normal termination (return value 0)
		Usr 0 00:33:01, Sys 0 00:03:19  -  Run Remote Usage
		Usr 0 00:00:00, Sys 0 00:00:00  -  Run Local Usage
		Usr 0 00:33:01, Sys 0 00:03:19  -  Total Remote Usage
		Usr 0 00:00:00, Sys 0 00:00:00  -  Total Local Usage
	0  -  Run Bytes Sent By Job
	0  -  Run Bytes Received By Job
	0  -  Total Bytes Sent By Job
	0  -  Total Bytes Received By Job
	Partitionable Resources :    Usage  Request Allocated 
	   Cpus                 :     1.00        6         6 
	   Disk (KB)            :     1           1     27429 
	   Memory (MB)          :   787        2048      2048 

	Job terminated of its own accord at 2026-02-20T17:30:08Z with exit-code 0.
...
