000 (42165127.002.000) 2026-02-20 10:38:49 Job submitted from host: <10.5.0.107:9618?addrs=10.5.0.107-9618&alias=sugwg-login.syr.edu&noUDP&sock=schedd_873_6244>
...
001 (42165127.002.000) 2026-02-20 10:39:00 Job executing on host: <10.5.172.165:9618?addrs=10.5.172.165-9618&alias=OG-NODE-10-5-172-165&noUDP&sock=startd_1538_84bf>
...
006 (42165127.002.000) 2026-02-20 10:39:09 Image size of job updated: 285740
	135  -  MemoryUsage of job (MB)
	137496  -  ResidentSetSize of job (KB)
...
006 (42165127.002.000) 2026-02-20 10:44:10 Image size of job updated: 1678636
	237  -  MemoryUsage of job (MB)
	241888  -  ResidentSetSize of job (KB)
...
006 (42165127.002.000) 2026-02-20 10:49:11 Image size of job updated: 1678636
	265  -  MemoryUsage of job (MB)
	270408  -  ResidentSetSize of job (KB)
...
006 (42165127.002.000) 2026-02-20 10:54:11 Image size of job updated: 1678636
	446  -  MemoryUsage of job (MB)
	456072  -  ResidentSetSize of job (KB)
...
006 (42165127.002.000) 2026-02-20 10:59:12 Image size of job updated: 1678636
	821  -  MemoryUsage of job (MB)
	840564  -  ResidentSetSize of job (KB)
...
005 (42165127.002.000) 2026-02-20 11:14:15 Job terminated.
	(1) Normal termination (return value 0)
		Usr 0 00:32:53, Sys 0 00:03:32  -  Run Remote Usage
		Usr 0 00:00:00, Sys 0 00:00:00  -  Run Local Usage
		Usr 0 00:32:53, Sys 0 00:03:32  -  Total Remote Usage
		Usr 0 00:00:00, Sys 0 00:00:00  -  Total Local Usage
	0  -  Run Bytes Sent By Job
	0  -  Run Bytes Received By Job
	0  -  Total Bytes Sent By Job
	0  -  Total Bytes Received By Job
	Partitionable Resources :    Usage  Request Allocated 
	   Cpus                 :     1.01        6         6 
	   Disk (KB)            :     1           1     23543 
	   Memory (MB)          :   821        2048      2048 

	Job terminated of its own accord at 2026-02-20T16:14:15Z with exit-code 0.
...
