000 (42165127.006.000) 2026-02-20 10:38:49 Job submitted from host: <10.5.0.107:9618?addrs=10.5.0.107-9618&alias=sugwg-login.syr.edu&noUDP&sock=schedd_873_6244>
...
001 (42165127.006.000) 2026-02-20 10:39:00 Job executing on host: <10.5.213.219:9618?addrs=10.5.213.219-9618&alias=OG-NODE-10-5-213-219&noUDP&sock=startd_1505_e21f>
...
006 (42165127.006.000) 2026-02-20 10:39:09 Image size of job updated: 718900
	94  -  MemoryUsage of job (MB)
	95464  -  ResidentSetSize of job (KB)
...
006 (42165127.006.000) 2026-02-20 10:44:10 Image size of job updated: 1616564
	232  -  MemoryUsage of job (MB)
	236848  -  ResidentSetSize of job (KB)
...
006 (42165127.006.000) 2026-02-20 10:49:10 Image size of job updated: 1616564
	287  -  MemoryUsage of job (MB)
	293672  -  ResidentSetSize of job (KB)
...
006 (42165127.006.000) 2026-02-20 10:59:12 Image size of job updated: 1616564
	827  -  MemoryUsage of job (MB)
	846404  -  ResidentSetSize of job (KB)
...
006 (42165127.006.000) 2026-02-20 11:04:12 Image size of job updated: 1616564
	832  -  MemoryUsage of job (MB)
	851156  -  ResidentSetSize of job (KB)
...
006 (42165127.006.000) 2026-02-20 11:09:12 Image size of job updated: 1616564
	858  -  MemoryUsage of job (MB)
	878540  -  ResidentSetSize of job (KB)
...
005 (42165127.006.000) 2026-02-20 11:12:59 Job terminated.
	(1) Normal termination (return value 0)
		Usr 0 00:31:56, Sys 0 00:03:09  -  Run Remote Usage
		Usr 0 00:00:00, Sys 0 00:00:00  -  Run Local Usage
		Usr 0 00:31:56, Sys 0 00:03:09  -  Total Remote Usage
		Usr 0 00:00:00, Sys 0 00:00:00  -  Total Local Usage
	0  -  Run Bytes Sent By Job
	0  -  Run Bytes Received By Job
	0  -  Total Bytes Sent By Job
	0  -  Total Bytes Received By Job
	Partitionable Resources :    Usage  Request Allocated 
	   Cpus                 :     1.13        6         6 
	   Disk (KB)            :     1           1     12104 
	   Memory (MB)          :   858        2048      2048 

	Job terminated of its own accord at 2026-02-20T16:12:59Z with exit-code 0.
...
000 (42165148.006.000) 2026-02-20 11:54:30 Job submitted from host: <10.5.0.107:9618?addrs=10.5.0.107-9618&alias=sugwg-login.syr.edu&noUDP&sock=schedd_873_6244>
...
001 (42165148.006.000) 2026-02-20 11:54:53 Job executing on host: <10.5.145.42:9618?addrs=10.5.145.42-9618&alias=OG-NODE-10-5-145-42&noUDP&sock=startd_1506_91b7>
...
006 (42165148.006.000) 2026-02-20 11:55:01 Image size of job updated: 73072
	43  -  MemoryUsage of job (MB)
	43768  -  ResidentSetSize of job (KB)
...
006 (42165148.006.000) 2026-02-20 12:00:01 Image size of job updated: 1576752
	943  -  MemoryUsage of job (MB)
	964984  -  ResidentSetSize of job (KB)
...
006 (42165148.006.000) 2026-02-20 12:20:02 Image size of job updated: 1616820
	943  -  MemoryUsage of job (MB)
	964984  -  ResidentSetSize of job (KB)
...
005 (42165148.006.000) 2026-02-20 12:28:44 Job terminated.
	(1) Normal termination (return value 0)
		Usr 0 00:31:42, Sys 0 00:03:03  -  Run Remote Usage
		Usr 0 00:00:00, Sys 0 00:00:00  -  Run Local Usage
		Usr 0 00:31:42, Sys 0 00:03:03  -  Total Remote Usage
		Usr 0 00:00:00, Sys 0 00:00:00  -  Total Local Usage
	0  -  Run Bytes Sent By Job
	0  -  Run Bytes Received By Job
	0  -  Total Bytes Sent By Job
	0  -  Total Bytes Received By Job
	Partitionable Resources :    Usage  Request Allocated 
	   Cpus                 :     1.05        6         6 
	   Disk (KB)            :     1           1     17610 
	   Memory (MB)          :   943        2048      2048 

	Job terminated of its own accord at 2026-02-20T17:28:44Z with exit-code 0.
...
000 (42257308.006.000) 2026-02-27 10:27:31 Job submitted from host: <10.5.0.107:9618?addrs=10.5.0.107-9618&alias=sugwg-login.syr.edu&noUDP&sock=schedd_873_6244>
...
001 (42257308.006.000) 2026-02-27 10:28:02 Job executing on host: <10.5.211.192:9618?addrs=10.5.211.192-9618&alias=OG-NODE-10-5-211-192&noUDP&sock=startd_1229_91fc>
...
006 (42257308.006.000) 2026-02-27 10:28:10 Image size of job updated: 56412
	29  -  MemoryUsage of job (MB)
	29220  -  ResidentSetSize of job (KB)
...
006 (42257308.006.000) 2026-02-27 10:33:10 Image size of job updated: 1580392
	433  -  MemoryUsage of job (MB)
	442724  -  ResidentSetSize of job (KB)
...
006 (42257308.006.000) 2026-02-27 10:38:11 Image size of job updated: 1615732
	433  -  MemoryUsage of job (MB)
	442724  -  ResidentSetSize of job (KB)
...
006 (42257308.006.000) 2026-02-27 10:48:12 Image size of job updated: 1642360
	433  -  MemoryUsage of job (MB)
	442724  -  ResidentSetSize of job (KB)
...
006 (42257308.006.000) 2026-02-27 11:03:14 Image size of job updated: 1644408
	877  -  MemoryUsage of job (MB)
	897576  -  ResidentSetSize of job (KB)
...
006 (42257308.006.000) 2026-02-27 11:13:14 Image size of job updated: 1646456
	877  -  MemoryUsage of job (MB)
	897576  -  ResidentSetSize of job (KB)
...
005 (42257308.006.000) 2026-02-27 11:20:17 Job terminated.
	(1) Normal termination (return value 0)
		Usr 0 00:49:46, Sys 0 00:04:09  -  Run Remote Usage
		Usr 0 00:00:00, Sys 0 00:00:00  -  Run Local Usage
		Usr 0 00:49:46, Sys 0 00:04:09  -  Total Remote Usage
		Usr 0 00:00:00, Sys 0 00:00:00  -  Total Local Usage
	0  -  Run Bytes Sent By Job
	0  -  Run Bytes Received By Job
	0  -  Total Bytes Sent By Job
	0  -  Total Bytes Received By Job
	Partitionable Resources :    Usage  Request Allocated 
	   Cpus                 :     1.07        6         6 
	   Disk (KB)            :     1           1     14053 
	   Memory (MB)          :   877        2048      2048 

	Job terminated of its own accord at 2026-02-27T16:20:16Z with exit-code 0.
...
