000 (42165127.001.000) 2026-02-20 10:38:49 Job submitted from host: <10.5.0.107:9618?addrs=10.5.0.107-9618&alias=sugwg-login.syr.edu&noUDP&sock=schedd_873_6244>
...
001 (42165127.001.000) 2026-02-20 10:39:00 Job executing on host: <10.5.198.224:9618?addrs=10.5.198.224-9618&alias=OG-NODE-10-5-198-224&noUDP&sock=startd_1505_e21f>
...
006 (42165127.001.000) 2026-02-20 10:39:09 Image size of job updated: 281652
	69  -  MemoryUsage of job (MB)
	70336  -  ResidentSetSize of job (KB)
...
006 (42165127.001.000) 2026-02-20 10:44:10 Image size of job updated: 1615628
	306  -  MemoryUsage of job (MB)
	312556  -  ResidentSetSize of job (KB)
...
006 (42165127.001.000) 2026-02-20 10:49:11 Image size of job updated: 1615628
	790  -  MemoryUsage of job (MB)
	808480  -  ResidentSetSize of job (KB)
...
005 (42165127.001.000) 2026-02-20 11:13:12 Job terminated.
	(1) Normal termination (return value 0)
		Usr 0 00:32:07, Sys 0 00:03:04  -  Run Remote Usage
		Usr 0 00:00:00, Sys 0 00:00:00  -  Run Local Usage
		Usr 0 00:32:07, Sys 0 00:03:04  -  Total Remote Usage
		Usr 0 00:00:00, Sys 0 00:00:00  -  Total Local Usage
	0  -  Run Bytes Sent By Job
	0  -  Run Bytes Received By Job
	0  -  Total Bytes Sent By Job
	0  -  Total Bytes Received By Job
	Partitionable Resources :    Usage  Request Allocated 
	   Cpus                 :     1.01        6         6 
	   Disk (KB)            :     1           1     13257 
	   Memory (MB)          :   790        2048      2048 

	Job terminated of its own accord at 2026-02-20T16:13:12Z with exit-code 0.
...
000 (42165148.001.000) 2026-02-20 11:54:30 Job submitted from host: <10.5.0.107:9618?addrs=10.5.0.107-9618&alias=sugwg-login.syr.edu&noUDP&sock=schedd_873_6244>
...
001 (42165148.001.000) 2026-02-20 11:54:58 Job executing on host: <10.5.186.128:9618?addrs=10.5.186.128-9618&alias=CRUSH-OG-10-5-186-128&noUDP&sock=startd_1546_0181>
...
006 (42165148.001.000) 2026-02-20 11:55:06 Image size of job updated: 338300
	40  -  MemoryUsage of job (MB)
	40508  -  ResidentSetSize of job (KB)
...
006 (42165148.001.000) 2026-02-20 12:00:06 Image size of job updated: 1679248
	491  -  MemoryUsage of job (MB)
	502692  -  ResidentSetSize of job (KB)
...
006 (42165148.001.000) 2026-02-20 12:05:06 Image size of job updated: 1679248
	882  -  MemoryUsage of job (MB)
	902880  -  ResidentSetSize of job (KB)
...
005 (42165148.001.000) 2026-02-20 12:28:37 Job terminated.
	(1) Normal termination (return value 0)
		Usr 0 00:31:13, Sys 0 00:03:20  -  Run Remote Usage
		Usr 0 00:00:00, Sys 0 00:00:00  -  Run Local Usage
		Usr 0 00:31:13, Sys 0 00:03:20  -  Total Remote Usage
		Usr 0 00:00:00, Sys 0 00:00:00  -  Total Local Usage
	0  -  Run Bytes Sent By Job
	0  -  Run Bytes Received By Job
	0  -  Total Bytes Sent By Job
	0  -  Total Bytes Received By Job
	Partitionable Resources :    Usage  Request Allocated 
	   Cpus                 :     1.02        6         6 
	   Disk (KB)            :     1           1     28017 
	   Memory (MB)          :   882        2048      2048 

	Job terminated of its own accord at 2026-02-20T17:28:37Z with exit-code 0.
...
000 (42257308.001.000) 2026-02-27 10:27:31 Job submitted from host: <10.5.0.107:9618?addrs=10.5.0.107-9618&alias=sugwg-login.syr.edu&noUDP&sock=schedd_873_6244>
...
001 (42257308.001.000) 2026-02-27 10:28:02 Job executing on host: <10.5.189.67:9618?addrs=10.5.189.67-9618&alias=OG-NODE-10-5-189-67&noUDP&sock=startd_1500_7426>
...
006 (42257308.001.000) 2026-02-27 10:28:10 Image size of job updated: 361592
	43  -  MemoryUsage of job (MB)
	43620  -  ResidentSetSize of job (KB)
...
006 (42257308.001.000) 2026-02-27 10:33:10 Image size of job updated: 1509864
	264  -  MemoryUsage of job (MB)
	269716  -  ResidentSetSize of job (KB)
...
006 (42257308.001.000) 2026-02-27 10:38:10 Image size of job updated: 1627948
	349  -  MemoryUsage of job (MB)
	357148  -  ResidentSetSize of job (KB)
...
006 (42257308.001.000) 2026-02-27 10:48:11 Image size of job updated: 1627948
	910  -  MemoryUsage of job (MB)
	931640  -  ResidentSetSize of job (KB)
...
005 (42257308.001.000) 2026-02-27 11:13:51 Job terminated.
	(1) Normal termination (return value 0)
		Usr 0 00:43:50, Sys 0 00:03:27  -  Run Remote Usage
		Usr 0 00:00:00, Sys 0 00:00:00  -  Run Local Usage
		Usr 0 00:43:50, Sys 0 00:03:27  -  Total Remote Usage
		Usr 0 00:00:00, Sys 0 00:00:00  -  Total Local Usage
	0  -  Run Bytes Sent By Job
	0  -  Run Bytes Received By Job
	0  -  Total Bytes Sent By Job
	0  -  Total Bytes Received By Job
	Partitionable Resources :    Usage  Request Allocated 
	   Cpus                 :     1.06        6         6 
	   Disk (KB)            :     1           1     21529 
	   Memory (MB)          :   910        2048      2048 

	Job terminated of its own accord at 2026-02-27T16:13:51Z with exit-code 0.
...
