000 (42165127.009.000) 2026-02-20 10:38:49 Job submitted from host: <10.5.0.107:9618?addrs=10.5.0.107-9618&alias=sugwg-login.syr.edu&noUDP&sock=schedd_873_6244>
...
001 (42165127.009.000) 2026-02-20 10:39:00 Job executing on host: <10.5.218.88:9618?addrs=10.5.218.88-9618&alias=OG-NODE-10-5-218-88&noUDP&sock=startd_1507_4150>
...
006 (42165127.009.000) 2026-02-20 10:39:09 Image size of job updated: 369320
	60  -  MemoryUsage of job (MB)
	60596  -  ResidentSetSize of job (KB)
...
006 (42165127.009.000) 2026-02-20 10:44:10 Image size of job updated: 1611528
	454  -  MemoryUsage of job (MB)
	464884  -  ResidentSetSize of job (KB)
...
006 (42165127.009.000) 2026-02-20 10:49:10 Image size of job updated: 1611528
	464  -  MemoryUsage of job (MB)
	475124  -  ResidentSetSize of job (KB)
...
006 (42165127.009.000) 2026-02-20 10:54:10 Image size of job updated: 1629512
	464  -  MemoryUsage of job (MB)
	475124  -  ResidentSetSize of job (KB)
...
005 (42165127.009.000) 2026-02-20 11:13:04 Job terminated.
	(1) Normal termination (return value 0)
		Usr 0 00:32:07, Sys 0 00:02:58  -  Run Remote Usage
		Usr 0 00:00:00, Sys 0 00:00:00  -  Run Local Usage
		Usr 0 00:32:07, Sys 0 00:02:58  -  Total Remote Usage
		Usr 0 00:00:00, Sys 0 00:00:00  -  Total Local Usage
	0  -  Run Bytes Sent By Job
	0  -  Run Bytes Received By Job
	0  -  Total Bytes Sent By Job
	0  -  Total Bytes Received By Job
	Partitionable Resources :    Usage  Request Allocated 
	   Cpus                 :     1.00        6         6 
	   Disk (KB)            :     1           1     14738 
	   Memory (MB)          :   464        2048      2048 

	Job terminated of its own accord at 2026-02-20T16:13:04Z with exit-code 0.
...
