000 (42165127.003.000) 2026-02-20 10:38:49 Job submitted from host: <10.5.0.107:9618?addrs=10.5.0.107-9618&alias=sugwg-login.syr.edu&noUDP&sock=schedd_873_6244>
...
001 (42165127.003.000) 2026-02-20 10:39:05 Job executing on host: <10.5.163.197:9618?addrs=10.5.163.197-9618&alias=CRUSH-OG-10-5-163-197&noUDP&sock=startd_1556_dd74>
...
006 (42165127.003.000) 2026-02-20 10:39:14 Image size of job updated: 285340
	61  -  MemoryUsage of job (MB)
	62208  -  ResidentSetSize of job (KB)
...
006 (42165127.003.000) 2026-02-20 10:44:15 Image size of job updated: 1613760
	312  -  MemoryUsage of job (MB)
	319012  -  ResidentSetSize of job (KB)
...
006 (42165127.003.000) 2026-02-20 10:49:15 Image size of job updated: 1647400
	888  -  MemoryUsage of job (MB)
	909176  -  ResidentSetSize of job (KB)
...
006 (42165127.003.000) 2026-02-20 11:04:17 Image size of job updated: 1649512
	888  -  MemoryUsage of job (MB)
	909176  -  ResidentSetSize of job (KB)
...
005 (42165127.003.000) 2026-02-20 11:14:56 Job terminated.
	(1) Normal termination (return value 0)
		Usr 0 00:33:12, Sys 0 00:03:37  -  Run Remote Usage
		Usr 0 00:00:00, Sys 0 00:00:00  -  Run Local Usage
		Usr 0 00:33:12, Sys 0 00:03:37  -  Total Remote Usage
		Usr 0 00:00:00, Sys 0 00:00:00  -  Total Local Usage
	0  -  Run Bytes Sent By Job
	0  -  Run Bytes Received By Job
	0  -  Total Bytes Sent By Job
	0  -  Total Bytes Received By Job
	Partitionable Resources :    Usage  Request Allocated 
	   Cpus                 :     1.05        6         6 
	   Disk (KB)            :     1           1     27433 
	   Memory (MB)          :   888        2048      2048 

	Job terminated of its own accord at 2026-02-20T16:14:56Z with exit-code 0.
...
