000 (42162736.001.000) 2026-02-19 23:38:39 Job submitted from host: <10.5.0.107:9618?addrs=10.5.0.107-9618&alias=sugwg-login.syr.edu&noUDP&sock=schedd_873_6244>
...
001 (42162736.001.000) 2026-02-19 23:39:03 Job executing on host: <10.5.211.150:9618?addrs=10.5.211.150-9618&alias=OG-NODE-10-5-211-150&noUDP&sock=startd_1511_ffb1>
...
006 (42162736.001.000) 2026-02-19 23:39:12 Image size of job updated: 105204
	65  -  MemoryUsage of job (MB)
	66528  -  ResidentSetSize of job (KB)
...
006 (42162736.001.000) 2026-02-19 23:40:09 Image size of job updated: 1480036
	65  -  MemoryUsage of job (MB)
	66528  -  ResidentSetSize of job (KB)
...
005 (42162736.001.000) 2026-02-19 23:40:09 Job terminated.
	(1) Normal termination (return value 1)
		Usr 0 00:00:45, Sys 0 00:00:06  -  Run Remote Usage
		Usr 0 00:00:00, Sys 0 00:00:00  -  Run Local Usage
		Usr 0 00:00:45, Sys 0 00:00:06  -  Total Remote Usage
		Usr 0 00:00:00, Sys 0 00:00:00  -  Total Local Usage
	0  -  Run Bytes Sent By Job
	0  -  Run Bytes Received By Job
	0  -  Total Bytes Sent By Job
	0  -  Total Bytes Received By Job
	Partitionable Resources :    Usage  Request Allocated 
	   Cpus                 :                 6         6 
	   Disk (KB)            :        1        1     16162 
	   Memory (MB)          :       65     2048      2048 

	Job terminated of its own accord at 2026-02-20T04:40:09Z with exit-code 1.
...
000 (42162740.001.000) 2026-02-19 23:46:29 Job submitted from host: <10.5.0.107:9618?addrs=10.5.0.107-9618&alias=sugwg-login.syr.edu&noUDP&sock=schedd_873_6244>
...
001 (42162740.001.000) 2026-02-19 23:46:42 Job executing on host: <10.5.211.150:9618?addrs=10.5.211.150-9618&alias=OG-NODE-10-5-211-150&noUDP&sock=startd_1511_ffb1>
...
006 (42162740.001.000) 2026-02-19 23:46:50 Image size of job updated: 677812
	100  -  MemoryUsage of job (MB)
	101756  -  ResidentSetSize of job (KB)
...
006 (42162740.001.000) 2026-02-19 23:51:50 Image size of job updated: 1578984
	296  -  MemoryUsage of job (MB)
	302688  -  ResidentSetSize of job (KB)
...
006 (42162740.001.000) 2026-02-19 23:56:50 Image size of job updated: 1646348
	296  -  MemoryUsage of job (MB)
	302688  -  ResidentSetSize of job (KB)
...
006 (42162740.001.000) 2026-02-20 00:01:51 Image size of job updated: 1646348
	930  -  MemoryUsage of job (MB)
	951348  -  ResidentSetSize of job (KB)
...
006 (42162740.001.000) 2026-02-20 00:21:35 Image size of job updated: 1650444
	930  -  MemoryUsage of job (MB)
	951348  -  ResidentSetSize of job (KB)
...
005 (42162740.001.000) 2026-02-20 00:21:35 Job terminated.
	(1) Normal termination (return value 0)
		Usr 0 00:32:53, Sys 0 00:03:09  -  Run Remote Usage
		Usr 0 00:00:00, Sys 0 00:00:00  -  Run Local Usage
		Usr 0 00:32:53, Sys 0 00:03:09  -  Total Remote Usage
		Usr 0 00:00:00, Sys 0 00:00:00  -  Total Local Usage
	0  -  Run Bytes Sent By Job
	0  -  Run Bytes Received By Job
	0  -  Total Bytes Sent By Job
	0  -  Total Bytes Received By Job
	Partitionable Resources :    Usage  Request Allocated 
	   Cpus                 :     1.05        6         6 
	   Disk (KB)            :     1           1     16162 
	   Memory (MB)          :   930        2048      2048 

	Job terminated of its own accord at 2026-02-20T05:21:35Z with exit-code 0.
...
