000 (42162736.003.000) 2026-02-19 23:38:39 Job submitted from host: <10.5.0.107:9618?addrs=10.5.0.107-9618&alias=sugwg-login.syr.edu&noUDP&sock=schedd_873_6244>
...
001 (42162736.003.000) 2026-02-19 23:39:08 Job executing on host: <10.5.209.83:9618?addrs=10.5.209.83-9618&alias=CRUSH-OG-10-5-209-83&noUDP&sock=startd_1208_2a7e>
...
006 (42162736.003.000) 2026-02-19 23:39:16 Image size of job updated: 829704
	158  -  MemoryUsage of job (MB)
	161612  -  ResidentSetSize of job (KB)
...
006 (42162736.003.000) 2026-02-19 23:39:45 Image size of job updated: 1439024
	158  -  MemoryUsage of job (MB)
	161612  -  ResidentSetSize of job (KB)
...
005 (42162736.003.000) 2026-02-19 23:39:45 Job terminated.
	(1) Normal termination (return value 1)
		Usr 0 00:00:29, Sys 0 00:00:04  -  Run Remote Usage
		Usr 0 00:00:00, Sys 0 00:00:00  -  Run Local Usage
		Usr 0 00:00:29, Sys 0 00:00:04  -  Total Remote Usage
		Usr 0 00:00:00, Sys 0 00:00:00  -  Total Local Usage
	0  -  Run Bytes Sent By Job
	0  -  Run Bytes Received By Job
	0  -  Total Bytes Sent By Job
	0  -  Total Bytes Received By Job
	Partitionable Resources :    Usage  Request Allocated 
	   Cpus                 :                 6         6 
	   Disk (KB)            :        1        1     27662 
	   Memory (MB)          :      158     2048      2048 

	Job terminated of its own accord at 2026-02-20T04:39:45Z with exit-code 1.
...
000 (42162740.003.000) 2026-02-19 23:46:29 Job submitted from host: <10.5.0.107:9618?addrs=10.5.0.107-9618&alias=sugwg-login.syr.edu&noUDP&sock=schedd_873_6244>
...
001 (42162740.003.000) 2026-02-19 23:46:47 Job executing on host: <10.5.209.83:9618?addrs=10.5.209.83-9618&alias=CRUSH-OG-10-5-209-83&noUDP&sock=startd_1208_2a7e>
...
006 (42162740.003.000) 2026-02-19 23:46:55 Image size of job updated: 306068
	299  -  MemoryUsage of job (MB)
	306068  -  ResidentSetSize of job (KB)
...
006 (42162740.003.000) 2026-02-19 23:51:55 Image size of job updated: 1578272
	301  -  MemoryUsage of job (MB)
	308116  -  ResidentSetSize of job (KB)
...
006 (42162740.003.000) 2026-02-19 23:56:55 Image size of job updated: 1610360
	837  -  MemoryUsage of job (MB)
	856780  -  ResidentSetSize of job (KB)
...
006 (42162740.003.000) 2026-02-20 00:10:22 Image size of job updated: 1614456
	837  -  MemoryUsage of job (MB)
	856780  -  ResidentSetSize of job (KB)
...
005 (42162740.003.000) 2026-02-20 00:10:23 Job terminated.
	(1) Normal termination (return value 0)
		Usr 0 00:21:39, Sys 0 00:02:42  -  Run Remote Usage
		Usr 0 00:00:00, Sys 0 00:00:00  -  Run Local Usage
		Usr 0 00:21:39, Sys 0 00:02:42  -  Total Remote Usage
		Usr 0 00:00:00, Sys 0 00:00:00  -  Total Local Usage
	0  -  Run Bytes Sent By Job
	0  -  Run Bytes Received By Job
	0  -  Total Bytes Sent By Job
	0  -  Total Bytes Received By Job
	Partitionable Resources :    Usage  Request Allocated 
	   Cpus                 :     1.08        6         6 
	   Disk (KB)            :     1           1     27662 
	   Memory (MB)          :   837        2048      2048 

	Job terminated of its own accord at 2026-02-20T05:10:22Z with exit-code 0.
...
