000 (42162736.004.000) 2026-02-19 23:38:39 Job submitted from host: <10.5.0.107:9618?addrs=10.5.0.107-9618&alias=sugwg-login.syr.edu&noUDP&sock=schedd_873_6244>
...
001 (42162736.004.000) 2026-02-19 23:39:09 Job executing on host: <10.5.160.54:9618?addrs=10.5.160.54-9618&alias=CRUSH-OG-10-5-160-54&noUDP&sock=startd_1529_5865>
...
006 (42162736.004.000) 2026-02-19 23:39:17 Image size of job updated: 76772
	46  -  MemoryUsage of job (MB)
	46676  -  ResidentSetSize of job (KB)
...
006 (42162736.004.000) 2026-02-19 23:40:18 Image size of job updated: 898320
	46  -  MemoryUsage of job (MB)
	46676  -  ResidentSetSize of job (KB)
...
005 (42162736.004.000) 2026-02-19 23:40:18 Job terminated.
	(1) Normal termination (return value 1)
		Usr 0 00:00:44, Sys 0 00:00:07  -  Run Remote Usage
		Usr 0 00:00:00, Sys 0 00:00:00  -  Run Local Usage
		Usr 0 00:00:44, Sys 0 00:00:07  -  Total Remote Usage
		Usr 0 00:00:00, Sys 0 00:00:00  -  Total Local Usage
	0  -  Run Bytes Sent By Job
	0  -  Run Bytes Received By Job
	0  -  Total Bytes Sent By Job
	0  -  Total Bytes Received By Job
	Partitionable Resources :    Usage  Request Allocated 
	   Cpus                 :     0.28        6         6 
	   Disk (KB)            :     1           1     27361 
	   Memory (MB)          :    46        2048      2048 

	Job terminated of its own accord at 2026-02-20T04:40:18Z with exit-code 1.
...
000 (42162740.004.000) 2026-02-19 23:46:29 Job submitted from host: <10.5.0.107:9618?addrs=10.5.0.107-9618&alias=sugwg-login.syr.edu&noUDP&sock=schedd_873_6244>
...
001 (42162740.004.000) 2026-02-19 23:46:47 Job executing on host: <10.5.160.54:9618?addrs=10.5.160.54-9618&alias=CRUSH-OG-10-5-160-54&noUDP&sock=startd_1529_5865>
...
006 (42162740.004.000) 2026-02-19 23:46:55 Image size of job updated: 718932
	110  -  MemoryUsage of job (MB)
	112436  -  ResidentSetSize of job (KB)
...
006 (42162740.004.000) 2026-02-19 23:51:55 Image size of job updated: 1621132
	380  -  MemoryUsage of job (MB)
	388400  -  ResidentSetSize of job (KB)
...
006 (42162740.004.000) 2026-02-19 23:56:55 Image size of job updated: 1621268
	392  -  MemoryUsage of job (MB)
	400532  -  ResidentSetSize of job (KB)
...
006 (42162740.004.000) 2026-02-20 00:01:56 Image size of job updated: 1621268
	931  -  MemoryUsage of job (MB)
	952936  -  ResidentSetSize of job (KB)
...
006 (42162740.004.000) 2026-02-20 00:06:57 Image size of job updated: 1644172
	931  -  MemoryUsage of job (MB)
	952936  -  ResidentSetSize of job (KB)
...
005 (42162740.004.000) 2026-02-20 00:20:08 Job terminated.
	(1) Normal termination (return value 0)
		Usr 0 00:31:22, Sys 0 00:03:07  -  Run Remote Usage
		Usr 0 00:00:00, Sys 0 00:00:00  -  Run Local Usage
		Usr 0 00:31:22, Sys 0 00:03:07  -  Total Remote Usage
		Usr 0 00:00:00, Sys 0 00:00:00  -  Total Local Usage
	0  -  Run Bytes Sent By Job
	0  -  Run Bytes Received By Job
	0  -  Total Bytes Sent By Job
	0  -  Total Bytes Received By Job
	Partitionable Resources :    Usage  Request Allocated 
	   Cpus                 :     1.02        6         6 
	   Disk (KB)            :     1           1     27361 
	   Memory (MB)          :   931        2048      2048 

	Job terminated of its own accord at 2026-02-20T05:20:08Z with exit-code 0.
...
