000 (42162736.009.000) 2026-02-19 23:38:39 Job submitted from host: <10.5.0.107:9618?addrs=10.5.0.107-9618&alias=sugwg-login.syr.edu&noUDP&sock=schedd_873_6244>
...
001 (42162736.009.000) 2026-02-19 23:38:58 Job executing on host: <10.5.87.2:9618?addrs=10.5.87.2-9618&alias=AS-PRIEVELAB04-S1-its-u20-nfs-20210413&noUDP&sock=startd_917_906f>
...
006 (42162736.009.000) 2026-02-19 23:39:06 Image size of job updated: 47888
	43  -  MemoryUsage of job (MB)
	43664  -  ResidentSetSize of job (KB)
...
006 (42162736.009.000) 2026-02-19 23:39:36 Image size of job updated: 896780
	43  -  MemoryUsage of job (MB)
	43664  -  ResidentSetSize of job (KB)
...
005 (42162736.009.000) 2026-02-19 23:39:36 Job terminated.
	(1) Normal termination (return value 1)
		Usr 0 00:00:29, Sys 0 00:00:01  -  Run Remote Usage
		Usr 0 00:00:00, Sys 0 00:00:00  -  Run Local Usage
		Usr 0 00:00:29, Sys 0 00:00:01  -  Total Remote Usage
		Usr 0 00:00:00, Sys 0 00:00:00  -  Total Local Usage
	0  -  Run Bytes Sent By Job
	0  -  Run Bytes Received By Job
	0  -  Total Bytes Sent By Job
	0  -  Total Bytes Received By Job
	Partitionable Resources :    Usage  Request Allocated 
	   Cpus                 :                 6         6 
	   Disk (KB)            :        1        1     31084 
	   Memory (MB)          :       43     2048      2048 

	Job terminated of its own accord at 2026-02-20T04:39:36Z with exit-code 1.
...
000 (42162740.009.000) 2026-02-19 23:46:29 Job submitted from host: <10.5.0.107:9618?addrs=10.5.0.107-9618&alias=sugwg-login.syr.edu&noUDP&sock=schedd_873_6244>
...
001 (42162740.009.000) 2026-02-19 23:46:42 Job executing on host: <10.5.87.2:9618?addrs=10.5.87.2-9618&alias=AS-PRIEVELAB04-S1-its-u20-nfs-20210413&noUDP&sock=startd_917_906f>
...
006 (42162740.009.000) 2026-02-19 23:46:50 Image size of job updated: 118084
	116  -  MemoryUsage of job (MB)
	118084  -  ResidentSetSize of job (KB)
...
006 (42162740.009.000) 2026-02-19 23:51:50 Image size of job updated: 1612372
	392  -  MemoryUsage of job (MB)
	401088  -  ResidentSetSize of job (KB)
...
006 (42162740.009.000) 2026-02-19 23:56:50 Image size of job updated: 1615544
	409  -  MemoryUsage of job (MB)
	418284  -  ResidentSetSize of job (KB)
...
006 (42162740.009.000) 2026-02-20 00:01:51 Image size of job updated: 1615544
	451  -  MemoryUsage of job (MB)
	461312  -  ResidentSetSize of job (KB)
...
006 (42162740.009.000) 2026-02-20 00:04:45 Image size of job updated: 1619128
	451  -  MemoryUsage of job (MB)
	461312  -  ResidentSetSize of job (KB)
...
005 (42162740.009.000) 2026-02-20 00:04:46 Job terminated.
	(1) Normal termination (return value 0)
		Usr 0 00:22:45, Sys 0 00:01:10  -  Run Remote Usage
		Usr 0 00:00:00, Sys 0 00:00:00  -  Run Local Usage
		Usr 0 00:22:45, Sys 0 00:01:10  -  Total Remote Usage
		Usr 0 00:00:00, Sys 0 00:00:00  -  Total Local Usage
	0  -  Run Bytes Sent By Job
	0  -  Run Bytes Received By Job
	0  -  Total Bytes Sent By Job
	0  -  Total Bytes Received By Job
	Partitionable Resources :    Usage  Request Allocated 
	   Cpus                 :     1.33        6         6 
	   Disk (KB)            :     1           1     31084 
	   Memory (MB)          :   451        2048      2048 

	Job terminated of its own accord at 2026-02-20T05:04:45Z with exit-code 0.
...
