000 (42162736.008.000) 2026-02-19 23:38:39 Job submitted from host: <10.5.0.107:9618?addrs=10.5.0.107-9618&alias=sugwg-login.syr.edu&noUDP&sock=schedd_873_6244>
...
001 (42162736.008.000) 2026-02-19 23:38:58 Job executing on host: <10.5.33.3:9618?addrs=10.5.33.3-9618&alias=AS-PALANE-S1-its-u20-nfs-20210413&noUDP&sock=startd_914_81a6>
...
006 (42162736.008.000) 2026-02-19 23:39:07 Image size of job updated: 325812
	30  -  MemoryUsage of job (MB)
	30476  -  ResidentSetSize of job (KB)
...
006 (42162736.008.000) 2026-02-19 23:40:04 Image size of job updated: 1000208
	30  -  MemoryUsage of job (MB)
	30608  -  ResidentSetSize of job (KB)
...
005 (42162736.008.000) 2026-02-19 23:40:04 Job terminated.
	(1) Normal termination (return value 1)
		Usr 0 00:00:30, Sys 0 00:00:01  -  Run Remote Usage
		Usr 0 00:00:00, Sys 0 00:00:00  -  Run Local Usage
		Usr 0 00:00:30, Sys 0 00:00:01  -  Total Remote Usage
		Usr 0 00:00:00, Sys 0 00:00:00  -  Total Local Usage
	0  -  Run Bytes Sent By Job
	0  -  Run Bytes Received By Job
	0  -  Total Bytes Sent By Job
	0  -  Total Bytes Received By Job
	Partitionable Resources :    Usage  Request Allocated 
	   Cpus                 :                 6         6 
	   Disk (KB)            :        1        1     31084 
	   Memory (MB)          :       30     2048      2048 

	Job terminated of its own accord at 2026-02-20T04:40:04Z with exit-code 1.
...
000 (42162740.008.000) 2026-02-19 23:46:29 Job submitted from host: <10.5.0.107:9618?addrs=10.5.0.107-9618&alias=sugwg-login.syr.edu&noUDP&sock=schedd_873_6244>
...
001 (42162740.008.000) 2026-02-19 23:46:42 Job executing on host: <10.5.33.3:9618?addrs=10.5.33.3-9618&alias=AS-PALANE-S1-its-u20-nfs-20210413&noUDP&sock=startd_914_81a6>
...
006 (42162740.008.000) 2026-02-19 23:46:50 Image size of job updated: 723440
	87  -  MemoryUsage of job (MB)
	88376  -  ResidentSetSize of job (KB)
...
006 (42162740.008.000) 2026-02-19 23:51:50 Image size of job updated: 1581548
	556  -  MemoryUsage of job (MB)
	568980  -  ResidentSetSize of job (KB)
...
006 (42162740.008.000) 2026-02-19 23:56:50 Image size of job updated: 1581548
	754  -  MemoryUsage of job (MB)
	771648  -  ResidentSetSize of job (KB)
...
006 (42162740.008.000) 2026-02-20 00:01:51 Image size of job updated: 1613612
	754  -  MemoryUsage of job (MB)
	771648  -  ResidentSetSize of job (KB)
...
005 (42162740.008.000) 2026-02-20 00:04:41 Job terminated.
	(1) Normal termination (return value 0)
		Usr 0 00:22:43, Sys 0 00:01:01  -  Run Remote Usage
		Usr 0 00:00:00, Sys 0 00:00:00  -  Run Local Usage
		Usr 0 00:22:43, Sys 0 00:01:01  -  Total Remote Usage
		Usr 0 00:00:00, Sys 0 00:00:00  -  Total Local Usage
	0  -  Run Bytes Sent By Job
	0  -  Run Bytes Received By Job
	0  -  Total Bytes Sent By Job
	0  -  Total Bytes Received By Job
	Partitionable Resources :    Usage  Request Allocated 
	   Cpus                 :     1.48        6         6 
	   Disk (KB)            :     1           1     31084 
	   Memory (MB)          :   754        2048      2048 

	Job terminated of its own accord at 2026-02-20T05:04:40Z with exit-code 0.
...
