000 (42233295.004.000) 2026-02-26 16:00:50 Job submitted from host: <10.5.0.107:9618?addrs=10.5.0.107-9618&alias=sugwg-login.syr.edu&noUDP&sock=schedd_873_6244>
...
001 (42233295.004.000) 2026-02-26 16:01:17 Job executing on host: <10.5.238.87:9618?addrs=10.5.238.87-9618&alias=CRUSH-OG-10-5-238-87&noUDP&sock=startd_1577_44f1>
...
006 (42233295.004.000) 2026-02-26 16:01:25 Image size of job updated: 122740
	120  -  MemoryUsage of job (MB)
	122740  -  ResidentSetSize of job (KB)
...
006 (42233295.004.000) 2026-02-26 16:06:25 Image size of job updated: 1611468
	276  -  MemoryUsage of job (MB)
	282096  -  ResidentSetSize of job (KB)
...
006 (42233295.004.000) 2026-02-26 16:16:27 Image size of job updated: 1611468
	853  -  MemoryUsage of job (MB)
	873204  -  ResidentSetSize of job (KB)
...
006 (42233295.004.000) 2026-02-26 16:26:27 Image size of job updated: 1615564
	853  -  MemoryUsage of job (MB)
	873204  -  ResidentSetSize of job (KB)
...
005 (42233295.004.000) 2026-02-26 16:33:29 Job terminated.
	(1) Normal termination (return value 0)
		Usr 0 00:31:15, Sys 0 00:03:27  -  Run Remote Usage
		Usr 0 00:00:00, Sys 0 00:00:00  -  Run Local Usage
		Usr 0 00:31:15, Sys 0 00:03:27  -  Total Remote Usage
		Usr 0 00:00:00, Sys 0 00:00:00  -  Total Local Usage
	0  -  Run Bytes Sent By Job
	0  -  Run Bytes Received By Job
	0  -  Total Bytes Sent By Job
	0  -  Total Bytes Received By Job
	Partitionable Resources :    Usage  Request Allocated 
	   Cpus                 :     1.02        6         6 
	   Disk (KB)            :     1           1     27449 
	   Memory (MB)          :   853        2048      2048 

	Job terminated of its own accord at 2026-02-26T21:33:29Z with exit-code 0.
...
