000 (42233295.005.000) 2026-02-26 16:00:50 Job submitted from host: <10.5.0.107:9618?addrs=10.5.0.107-9618&alias=sugwg-login.syr.edu&noUDP&sock=schedd_873_6244>
...
001 (42233295.005.000) 2026-02-26 16:01:17 Job executing on host: <10.5.212.41:9618?addrs=10.5.212.41-9618&alias=OG-NODE-10-5-212-41&noUDP&sock=startd_1509_a080>
...
006 (42233295.005.000) 2026-02-26 16:01:25 Image size of job updated: 72148
	42  -  MemoryUsage of job (MB)
	42580  -  ResidentSetSize of job (KB)
...
006 (42233295.005.000) 2026-02-26 16:06:25 Image size of job updated: 1558356
	328  -  MemoryUsage of job (MB)
	334948  -  ResidentSetSize of job (KB)
...
006 (42233295.005.000) 2026-02-26 16:11:26 Image size of job updated: 1619800
	364  -  MemoryUsage of job (MB)
	372116  -  ResidentSetSize of job (KB)
...
006 (42233295.005.000) 2026-02-26 16:16:26 Image size of job updated: 1619800
	366  -  MemoryUsage of job (MB)
	374164  -  ResidentSetSize of job (KB)
...
006 (42233295.005.000) 2026-02-26 16:26:27 Image size of job updated: 1619800
	760  -  MemoryUsage of job (MB)
	778160  -  ResidentSetSize of job (KB)
...
005 (42233295.005.000) 2026-02-26 16:34:23 Job terminated.
	(1) Normal termination (return value 0)
		Usr 0 00:31:00, Sys 0 00:03:06  -  Run Remote Usage
		Usr 0 00:00:00, Sys 0 00:00:00  -  Run Local Usage
		Usr 0 00:31:00, Sys 0 00:03:06  -  Total Remote Usage
		Usr 0 00:00:00, Sys 0 00:00:00  -  Total Local Usage
	0  -  Run Bytes Sent By Job
	0  -  Run Bytes Received By Job
	0  -  Total Bytes Sent By Job
	0  -  Total Bytes Received By Job
	Partitionable Resources :    Usage  Request Allocated 
	   Cpus                 :     1.01        6         6 
	   Disk (KB)            :     1           1     16899 
	   Memory (MB)          :   760        2048      2048 

	Job terminated of its own accord at 2026-02-26T21:34:23Z with exit-code 0.
...
