000 (42233295.008.000) 2026-02-26 16:00:50 Job submitted from host: <10.5.0.107:9618?addrs=10.5.0.107-9618&alias=sugwg-login.syr.edu&noUDP&sock=schedd_873_6244>
...
001 (42233295.008.000) 2026-02-26 16:01:17 Job executing on host: <10.5.198.193:9618?addrs=10.5.198.193-9618&alias=OG-NODE-10-5-198-193&noUDP&sock=startd_1510_5018>
...
006 (42233295.008.000) 2026-02-26 16:01:25 Image size of job updated: 340664
	59  -  MemoryUsage of job (MB)
	60156  -  ResidentSetSize of job (KB)
...
006 (42233295.008.000) 2026-02-26 16:06:25 Image size of job updated: 1674892
	415  -  MemoryUsage of job (MB)
	424724  -  ResidentSetSize of job (KB)
...
006 (42233295.008.000) 2026-02-26 16:21:27 Image size of job updated: 1674892
	507  -  MemoryUsage of job (MB)
	519036  -  ResidentSetSize of job (KB)
...
006 (42233295.008.000) 2026-02-26 16:26:27 Image size of job updated: 1674892
	781  -  MemoryUsage of job (MB)
	799256  -  ResidentSetSize of job (KB)
...
006 (42233295.008.000) 2026-02-26 16:31:28 Image size of job updated: 1674892
	785  -  MemoryUsage of job (MB)
	802820  -  ResidentSetSize of job (KB)
...
005 (42233295.008.000) 2026-02-26 16:34:25 Job terminated.
	(1) Normal termination (return value 0)
		Usr 0 00:31:28, Sys 0 00:02:53  -  Run Remote Usage
		Usr 0 00:00:00, Sys 0 00:00:00  -  Run Local Usage
		Usr 0 00:31:28, Sys 0 00:02:53  -  Total Remote Usage
		Usr 0 00:00:00, Sys 0 00:00:00  -  Total Local Usage
	0  -  Run Bytes Sent By Job
	0  -  Run Bytes Received By Job
	0  -  Total Bytes Sent By Job
	0  -  Total Bytes Received By Job
	Partitionable Resources :    Usage  Request Allocated 
	   Cpus                 :     1.13        6         6 
	   Disk (KB)            :     1           1     16113 
	   Memory (MB)          :   785        2048      2048 

	Job terminated of its own accord at 2026-02-26T21:34:25Z with exit-code 0.
...
