000 (42233295.000.000) 2026-02-26 16:00:50 Job submitted from host: <10.5.0.107:9618?addrs=10.5.0.107-9618&alias=sugwg-login.syr.edu&noUDP&sock=schedd_873_6244>
...
001 (42233295.000.000) 2026-02-26 16:01:17 Job executing on host: <10.5.229.40:9618?addrs=10.5.229.40-9618&alias=CRUSH-OG-10-5-229-40&noUDP&sock=startd_1282_ec81>
...
006 (42233295.000.000) 2026-02-26 16:01:25 Image size of job updated: 370392
	81  -  MemoryUsage of job (MB)
	82820  -  ResidentSetSize of job (KB)
...
006 (42233295.000.000) 2026-02-26 16:06:25 Image size of job updated: 1549060
	209  -  MemoryUsage of job (MB)
	213708  -  ResidentSetSize of job (KB)
...
006 (42233295.000.000) 2026-02-26 16:11:26 Image size of job updated: 1612548
	288  -  MemoryUsage of job (MB)
	294836  -  ResidentSetSize of job (KB)
...
006 (42233295.000.000) 2026-02-26 16:16:27 Image size of job updated: 1612548
	754  -  MemoryUsage of job (MB)
	772044  -  ResidentSetSize of job (KB)
...
006 (42233295.000.000) 2026-02-26 16:36:29 Image size of job updated: 1612548
	757  -  MemoryUsage of job (MB)
	774284  -  ResidentSetSize of job (KB)
...
005 (42233295.000.000) 2026-02-26 16:42:27 Job terminated.
	(1) Normal termination (return value 0)
		Usr 0 00:39:23, Sys 0 00:03:33  -  Run Remote Usage
		Usr 0 00:00:00, Sys 0 00:00:00  -  Run Local Usage
		Usr 0 00:39:23, Sys 0 00:03:33  -  Total Remote Usage
		Usr 0 00:00:00, Sys 0 00:00:00  -  Total Local Usage
	0  -  Run Bytes Sent By Job
	0  -  Run Bytes Received By Job
	0  -  Total Bytes Sent By Job
	0  -  Total Bytes Received By Job
	Partitionable Resources :    Usage  Request Allocated 
	   Cpus                 :     1.01        6         6 
	   Disk (KB)            :     1           1     27405 
	   Memory (MB)          :   757        2048      2048 

	Job terminated of its own accord at 2026-02-26T21:42:27Z with exit-code 0.
...
