000 (42233295.009.000) 2026-02-26 16:00:50 Job submitted from host: <10.5.0.107:9618?addrs=10.5.0.107-9618&alias=sugwg-login.syr.edu&noUDP&sock=schedd_873_6244>
...
001 (42233295.009.000) 2026-02-26 16:01:17 Job executing on host: <10.5.200.72:9618?addrs=10.5.200.72-9618&alias=OG-NODE-10-5-200-72&noUDP&sock=startd_1514_0e79>
...
006 (42233295.009.000) 2026-02-26 16:01:25 Image size of job updated: 353396
	43  -  MemoryUsage of job (MB)
	43864  -  ResidentSetSize of job (KB)
...
006 (42233295.009.000) 2026-02-26 16:06:25 Image size of job updated: 1576680
	204  -  MemoryUsage of job (MB)
	208064  -  ResidentSetSize of job (KB)
...
006 (42233295.009.000) 2026-02-26 16:11:26 Image size of job updated: 1614672
	366  -  MemoryUsage of job (MB)
	373944  -  ResidentSetSize of job (KB)
...
006 (42233295.009.000) 2026-02-26 16:16:26 Image size of job updated: 1614672
	387  -  MemoryUsage of job (MB)
	395508  -  ResidentSetSize of job (KB)
...
006 (42233295.009.000) 2026-02-26 16:26:27 Image size of job updated: 1614672
	424  -  MemoryUsage of job (MB)
	434012  -  ResidentSetSize of job (KB)
...
006 (42233295.009.000) 2026-02-26 16:31:28 Image size of job updated: 1614672
	839  -  MemoryUsage of job (MB)
	858624  -  ResidentSetSize of job (KB)
...
006 (42233295.009.000) 2026-02-26 16:34:56 Image size of job updated: 1614672
	841  -  MemoryUsage of job (MB)
	860868  -  ResidentSetSize of job (KB)
...
005 (42233295.009.000) 2026-02-26 16:34:56 Job terminated.
	(1) Normal termination (return value 0)
		Usr 0 00:31:56, Sys 0 00:03:09  -  Run Remote Usage
		Usr 0 00:00:00, Sys 0 00:00:00  -  Run Local Usage
		Usr 0 00:31:56, Sys 0 00:03:09  -  Total Remote Usage
		Usr 0 00:00:00, Sys 0 00:00:00  -  Total Local Usage
	0  -  Run Bytes Sent By Job
	0  -  Run Bytes Received By Job
	0  -  Total Bytes Sent By Job
	0  -  Total Bytes Received By Job
	Partitionable Resources :    Usage  Request Allocated 
	   Cpus                 :     1.03        6         6 
	   Disk (KB)            :     1           1     16411 
	   Memory (MB)          :   841        2048      2048 

	Job terminated of its own accord at 2026-02-26T21:34:56Z with exit-code 0.
...
