000 (42233295.002.000) 2026-02-26 16:00:50 Job submitted from host: <10.5.0.107:9618?addrs=10.5.0.107-9618&alias=sugwg-login.syr.edu&noUDP&sock=schedd_873_6244>
...
001 (42233295.002.000) 2026-02-26 16:01:17 Job executing on host: <10.5.214.111:9618?addrs=10.5.214.111-9618&alias=OG-NODE-10-5-214-111&noUDP&sock=startd_1228_e263>
...
006 (42233295.002.000) 2026-02-26 16:01:25 Image size of job updated: 206020
	138  -  MemoryUsage of job (MB)
	140416  -  ResidentSetSize of job (KB)
...
006 (42233295.002.000) 2026-02-26 16:06:25 Image size of job updated: 1480320
	245  -  MemoryUsage of job (MB)
	250580  -  ResidentSetSize of job (KB)
...
006 (42233295.002.000) 2026-02-26 16:11:26 Image size of job updated: 1610884
	360  -  MemoryUsage of job (MB)
	368352  -  ResidentSetSize of job (KB)
...
006 (42233295.002.000) 2026-02-26 16:16:27 Image size of job updated: 1610884
	785  -  MemoryUsage of job (MB)
	803664  -  ResidentSetSize of job (KB)
...
006 (42233295.002.000) 2026-02-26 16:21:27 Image size of job updated: 1610884
	849  -  MemoryUsage of job (MB)
	869016  -  ResidentSetSize of job (KB)
...
006 (42233295.002.000) 2026-02-26 16:26:27 Image size of job updated: 1612932
	849  -  MemoryUsage of job (MB)
	869016  -  ResidentSetSize of job (KB)
...
005 (42233295.002.000) 2026-02-26 16:26:41 Job terminated.
	(1) Normal termination (return value 0)
		Usr 0 00:23:34, Sys 0 00:03:19  -  Run Remote Usage
		Usr 0 00:00:00, Sys 0 00:00:00  -  Run Local Usage
		Usr 0 00:23:34, Sys 0 00:03:19  -  Total Remote Usage
		Usr 0 00:00:00, Sys 0 00:00:00  -  Total Local Usage
	0  -  Run Bytes Sent By Job
	0  -  Run Bytes Received By Job
	0  -  Total Bytes Sent By Job
	0  -  Total Bytes Received By Job
	Partitionable Resources :    Usage  Request Allocated 
	   Cpus                 :     1.05        6         6 
	   Disk (KB)            :     1           1     13389 
	   Memory (MB)          :   849        2048      2048 

	Job terminated of its own accord at 2026-02-26T21:26:41Z with exit-code 0.
...
