000 (42233295.003.000) 2026-02-26 16:00:50 Job submitted from host: <10.5.0.107:9618?addrs=10.5.0.107-9618&alias=sugwg-login.syr.edu&noUDP&sock=schedd_873_6244>
...
001 (42233295.003.000) 2026-02-26 16:01:17 Job executing on host: <10.5.174.158:9618?addrs=10.5.174.158-9618&alias=OG-NODE-10-5-174-158&noUDP&sock=startd_1539_3457>
...
006 (42233295.003.000) 2026-02-26 16:01:26 Image size of job updated: 354020
	49  -  MemoryUsage of job (MB)
	50012  -  ResidentSetSize of job (KB)
...
006 (42233295.003.000) 2026-02-26 16:06:27 Image size of job updated: 1554260
	327  -  MemoryUsage of job (MB)
	334404  -  ResidentSetSize of job (KB)
...
006 (42233295.003.000) 2026-02-26 16:16:28 Image size of job updated: 1612600
	327  -  MemoryUsage of job (MB)
	334404  -  ResidentSetSize of job (KB)
...
006 (42233295.003.000) 2026-02-26 16:21:28 Image size of job updated: 1612600
	348  -  MemoryUsage of job (MB)
	356240  -  ResidentSetSize of job (KB)
...
006 (42233295.003.000) 2026-02-26 16:31:30 Image size of job updated: 1612600
	349  -  MemoryUsage of job (MB)
	356744  -  ResidentSetSize of job (KB)
...
005 (42233295.003.000) 2026-02-26 16:35:51 Job terminated.
	(1) Normal termination (return value 0)
		Usr 0 00:32:26, Sys 0 00:03:18  -  Run Remote Usage
		Usr 0 00:00:00, Sys 0 00:00:00  -  Run Local Usage
		Usr 0 00:32:26, Sys 0 00:03:18  -  Total Remote Usage
		Usr 0 00:00:00, Sys 0 00:00:00  -  Total Local Usage
	0  -  Run Bytes Sent By Job
	0  -  Run Bytes Received By Job
	0  -  Total Bytes Sent By Job
	0  -  Total Bytes Received By Job
	Partitionable Resources :    Usage  Request Allocated 
	   Cpus                 :     1.01        6         6 
	   Disk (KB)            :     1           1     23543 
	   Memory (MB)          :   349        2048      2048 

	Job terminated of its own accord at 2026-02-26T21:35:51Z with exit-code 0.
...
