000 (42257294.000.000) 2026-02-27 10:24:42 Job submitted from host: <10.5.0.107:9618?addrs=10.5.0.107-9618&alias=sugwg-login.syr.edu&noUDP&sock=schedd_873_6244>
...
001 (42257294.000.000) 2026-02-27 10:25:21 Job executing on host: <10.5.172.225:9618?addrs=10.5.172.225-9618&alias=OG-NODE-10-5-172-225&noUDP&sock=startd_1534_c65e>
...
006 (42257294.000.000) 2026-02-27 10:25:29 Image size of job updated: 360324
	43  -  MemoryUsage of job (MB)
	43312  -  ResidentSetSize of job (KB)
...
006 (42257294.000.000) 2026-02-27 10:30:29 Image size of job updated: 1508552
	408  -  MemoryUsage of job (MB)
	417400  -  ResidentSetSize of job (KB)
...
006 (42257294.000.000) 2026-02-27 10:35:29 Image size of job updated: 1577196
	495  -  MemoryUsage of job (MB)
	506344  -  ResidentSetSize of job (KB)
...
006 (42257294.000.000) 2026-02-27 10:45:30 Image size of job updated: 1582896
	786  -  MemoryUsage of job (MB)
	803860  -  ResidentSetSize of job (KB)
...
006 (42257294.000.000) 2026-02-27 11:00:32 Image size of job updated: 1644340
	786  -  MemoryUsage of job (MB)
	803860  -  ResidentSetSize of job (KB)
...
006 (42257294.000.000) 2026-02-27 11:10:32 Image size of job updated: 1648436
	786  -  MemoryUsage of job (MB)
	803860  -  ResidentSetSize of job (KB)
...
005 (42257294.000.000) 2026-02-27 11:12:44 Job terminated.
	(1) Normal termination (return value 0)
		Usr 0 00:45:42, Sys 0 00:03:48  -  Run Remote Usage
		Usr 0 00:00:00, Sys 0 00:00:00  -  Run Local Usage
		Usr 0 00:45:42, Sys 0 00:03:48  -  Total Remote Usage
		Usr 0 00:00:00, Sys 0 00:00:00  -  Total Local Usage
	0  -  Run Bytes Sent By Job
	0  -  Run Bytes Received By Job
	0  -  Total Bytes Sent By Job
	0  -  Total Bytes Received By Job
	Partitionable Resources :    Usage  Request Allocated 
	   Cpus                 :     1.03        6         6 
	   Disk (KB)            :     1           1     23543 
	   Memory (MB)          :   786        2048      2048 

	Job terminated of its own accord at 2026-02-27T16:12:44Z with exit-code 0.
...
