000 (42257294.001.000) 2026-02-27 10:24:42 Job submitted from host: <10.5.0.107:9618?addrs=10.5.0.107-9618&alias=sugwg-login.syr.edu&noUDP&sock=schedd_873_6244>
...
001 (42257294.001.000) 2026-02-27 10:25:22 Job executing on host: <10.5.245.97:9618?addrs=10.5.245.97-9618&alias=OG-NODE-10-5-245-97&noUDP&sock=startd_1528_a8cd>
...
006 (42257294.001.000) 2026-02-27 10:25:31 Image size of job updated: 278580
	10  -  MemoryUsage of job (MB)
	9764  -  ResidentSetSize of job (KB)
...
006 (42257294.001.000) 2026-02-27 10:30:32 Image size of job updated: 1505068
	420  -  MemoryUsage of job (MB)
	429916  -  ResidentSetSize of job (KB)
...
006 (42257294.001.000) 2026-02-27 10:35:32 Image size of job updated: 1575980
	875  -  MemoryUsage of job (MB)
	895284  -  ResidentSetSize of job (KB)
...
006 (42257294.001.000) 2026-02-27 10:40:32 Image size of job updated: 1640496
	875  -  MemoryUsage of job (MB)
	895284  -  ResidentSetSize of job (KB)
...
006 (42257294.001.000) 2026-02-27 10:45:33 Image size of job updated: 1642672
	875  -  MemoryUsage of job (MB)
	895284  -  ResidentSetSize of job (KB)
...
006 (42257294.001.000) 2026-02-27 11:55:40 Image size of job updated: 1642672
	913  -  MemoryUsage of job (MB)
	934880  -  ResidentSetSize of job (KB)
...
006 (42257294.001.000) 2026-02-27 12:55:46 Image size of job updated: 1654864
	913  -  MemoryUsage of job (MB)
	934880  -  ResidentSetSize of job (KB)
...
005 (42257294.001.000) 2026-02-27 13:28:26 Job terminated.
	(1) Normal termination (return value 0)
		Usr 0 02:43:44, Sys 0 00:19:12  -  Run Remote Usage
		Usr 0 00:00:00, Sys 0 00:00:00  -  Run Local Usage
		Usr 0 02:43:44, Sys 0 00:19:12  -  Total Remote Usage
		Usr 0 00:00:00, Sys 0 00:00:00  -  Total Local Usage
	0  -  Run Bytes Sent By Job
	0  -  Run Bytes Received By Job
	0  -  Total Bytes Sent By Job
	0  -  Total Bytes Received By Job
	Partitionable Resources :    Usage  Request Allocated 
	   Cpus                 :     1.04        6         6 
	   Disk (KB)            :     1           1     23543 
	   Memory (MB)          :   913        2048      2048 

	Job terminated of its own accord at 2026-02-27T18:28:26Z with exit-code 0.
...
