000 (42257294.005.000) 2026-02-27 10:24:42 Job submitted from host: <10.5.0.107:9618?addrs=10.5.0.107-9618&alias=sugwg-login.syr.edu&noUDP&sock=schedd_873_6244>
...
001 (42257294.005.000) 2026-02-27 10:25:21 Job executing on host: <10.5.201.176:9618?addrs=10.5.201.176-9618&alias=OG-NODE-10-5-201-176&noUDP&sock=startd_1525_9a04>
...
006 (42257294.005.000) 2026-02-27 10:25:29 Image size of job updated: 281648
	39  -  MemoryUsage of job (MB)
	39460  -  ResidentSetSize of job (KB)
...
006 (42257294.005.000) 2026-02-27 10:30:29 Image size of job updated: 1616280
	370  -  MemoryUsage of job (MB)
	378600  -  ResidentSetSize of job (KB)
...
006 (42257294.005.000) 2026-02-27 10:35:29 Image size of job updated: 1616892
	370  -  MemoryUsage of job (MB)
	378600  -  ResidentSetSize of job (KB)
...
006 (42257294.005.000) 2026-02-27 10:50:30 Image size of job updated: 1645056
	370  -  MemoryUsage of job (MB)
	378600  -  ResidentSetSize of job (KB)
...
006 (42257294.005.000) 2026-02-27 10:55:31 Image size of job updated: 1645056
	434  -  MemoryUsage of job (MB)
	444252  -  ResidentSetSize of job (KB)
...
005 (42257294.005.000) 2026-02-27 11:22:02 Job terminated.
	(1) Normal termination (return value 0)
		Usr 0 00:54:14, Sys 0 00:03:58  -  Run Remote Usage
		Usr 0 00:00:00, Sys 0 00:00:00  -  Run Local Usage
		Usr 0 00:54:14, Sys 0 00:03:58  -  Total Remote Usage
		Usr 0 00:00:00, Sys 0 00:00:00  -  Total Local Usage
	0  -  Run Bytes Sent By Job
	0  -  Run Bytes Received By Job
	0  -  Total Bytes Sent By Job
	0  -  Total Bytes Received By Job
	Partitionable Resources :    Usage  Request Allocated 
	   Cpus                 :     1.01        6         6 
	   Disk (KB)            :     1           1     20275 
	   Memory (MB)          :   434        2048      2048 

	Job terminated of its own accord at 2026-02-27T16:22:02Z with exit-code 0.
...
