000 (42257294.006.000) 2026-02-27 10:24:42 Job submitted from host: <10.5.0.107:9618?addrs=10.5.0.107-9618&alias=sugwg-login.syr.edu&noUDP&sock=schedd_873_6244>
...
001 (42257294.006.000) 2026-02-27 10:25:52 Job executing on host: <10.5.185.243:9618?addrs=10.5.185.243-9618&alias=CRUSH-OG-10-5-185-243&noUDP&sock=startd_1525_9a04>
...
006 (42257294.006.000) 2026-02-27 10:26:01 Image size of job updated: 69940
	41  -  MemoryUsage of job (MB)
	41296  -  ResidentSetSize of job (KB)
...
006 (42257294.006.000) 2026-02-27 10:31:02 Image size of job updated: 1413332
	279  -  MemoryUsage of job (MB)
	285288  -  ResidentSetSize of job (KB)
...
006 (42257294.006.000) 2026-02-27 10:36:03 Image size of job updated: 1642204
	305  -  MemoryUsage of job (MB)
	311424  -  ResidentSetSize of job (KB)
...
006 (42257294.006.000) 2026-02-27 10:41:03 Image size of job updated: 1642204
	399  -  MemoryUsage of job (MB)
	407732  -  ResidentSetSize of job (KB)
...
006 (42257294.006.000) 2026-02-27 10:46:03 Image size of job updated: 1642204
	884  -  MemoryUsage of job (MB)
	904556  -  ResidentSetSize of job (KB)
...
006 (42257294.006.000) 2026-02-27 10:51:04 Image size of job updated: 1644252
	884  -  MemoryUsage of job (MB)
	904556  -  ResidentSetSize of job (KB)
...
006 (42257294.006.000) 2026-02-27 11:03:19 Image size of job updated: 1650528
	884  -  MemoryUsage of job (MB)
	904556  -  ResidentSetSize of job (KB)
...
005 (42257294.006.000) 2026-02-27 11:03:19 Job terminated.
	(1) Normal termination (return value 0)
		Usr 0 00:34:55, Sys 0 00:03:25  -  Run Remote Usage
		Usr 0 00:00:00, Sys 0 00:00:00  -  Run Local Usage
		Usr 0 00:34:55, Sys 0 00:03:25  -  Total Remote Usage
		Usr 0 00:00:00, Sys 0 00:00:00  -  Total Local Usage
	0  -  Run Bytes Sent By Job
	0  -  Run Bytes Received By Job
	0  -  Total Bytes Sent By Job
	0  -  Total Bytes Received By Job
	Partitionable Resources :    Usage  Request Allocated 
	   Cpus                 :     1.05        6         6 
	   Disk (KB)            :     1           1     27416 
	   Memory (MB)          :   884        2048      2048 

	Job terminated of its own accord at 2026-02-27T16:03:19Z with exit-code 0.
...
