000 (42257294.008.000) 2026-02-27 10:24:42 Job submitted from host: <10.5.0.107:9618?addrs=10.5.0.107-9618&alias=sugwg-login.syr.edu&noUDP&sock=schedd_873_6244>
...
001 (42257294.008.000) 2026-02-27 10:25:21 Job executing on host: <10.5.199.26:9618?addrs=10.5.199.26-9618&alias=OG-NODE-10-5-199-26&noUDP&sock=startd_1499_c48e>
...
006 (42257294.008.000) 2026-02-27 10:25:29 Image size of job updated: 64492
	30  -  MemoryUsage of job (MB)
	30268  -  ResidentSetSize of job (KB)
...
006 (42257294.008.000) 2026-02-27 10:30:29 Image size of job updated: 1576744
	384  -  MemoryUsage of job (MB)
	392668  -  ResidentSetSize of job (KB)
...
006 (42257294.008.000) 2026-02-27 10:45:30 Image size of job updated: 1611564
	384  -  MemoryUsage of job (MB)
	392668  -  ResidentSetSize of job (KB)
...
006 (42257294.008.000) 2026-02-27 11:00:32 Image size of job updated: 1611564
	749  -  MemoryUsage of job (MB)
	766736  -  ResidentSetSize of job (KB)
...
006 (42257294.008.000) 2026-02-27 11:15:33 Image size of job updated: 1611564
	852  -  MemoryUsage of job (MB)
	871644  -  ResidentSetSize of job (KB)
...
006 (42257294.008.000) 2026-02-27 11:20:33 Image size of job updated: 1613612
	852  -  MemoryUsage of job (MB)
	871644  -  ResidentSetSize of job (KB)
...
005 (42257294.008.000) 2026-02-27 11:23:06 Job terminated.
	(1) Normal termination (return value 0)
		Usr 0 00:54:54, Sys 0 00:04:41  -  Run Remote Usage
		Usr 0 00:00:00, Sys 0 00:00:00  -  Run Local Usage
		Usr 0 00:54:54, Sys 0 00:04:41  -  Total Remote Usage
		Usr 0 00:00:00, Sys 0 00:00:00  -  Total Local Usage
	0  -  Run Bytes Sent By Job
	0  -  Run Bytes Received By Job
	0  -  Total Bytes Sent By Job
	0  -  Total Bytes Received By Job
	Partitionable Resources :    Usage  Request Allocated 
	   Cpus                 :     1.08        6         6 
	   Disk (KB)            :     1           1     20734 
	   Memory (MB)          :   852        2048      2048 

	Job terminated of its own accord at 2026-02-27T16:23:06Z with exit-code 0.
...
