000 (42257294.004.000) 2026-02-27 10:24:42 Job submitted from host: <10.5.0.107:9618?addrs=10.5.0.107-9618&alias=sugwg-login.syr.edu&noUDP&sock=schedd_873_6244>
...
001 (42257294.004.000) 2026-02-27 10:25:15 Job executing on host: <10.5.214.111:9618?addrs=10.5.214.111-9618&alias=OG-NODE-10-5-214-111&noUDP&sock=startd_1228_e263>
...
006 (42257294.004.000) 2026-02-27 10:25:24 Image size of job updated: 723424
	125  -  MemoryUsage of job (MB)
	127128  -  ResidentSetSize of job (KB)
...
006 (42257294.004.000) 2026-02-27 10:30:25 Image size of job updated: 1594432
	307  -  MemoryUsage of job (MB)
	313560  -  ResidentSetSize of job (KB)
...
006 (42257294.004.000) 2026-02-27 10:35:25 Image size of job updated: 1604004
	684  -  MemoryUsage of job (MB)
	699776  -  ResidentSetSize of job (KB)
...
006 (42257294.004.000) 2026-02-27 10:40:25 Image size of job updated: 1607396
	686  -  MemoryUsage of job (MB)
	702004  -  ResidentSetSize of job (KB)
...
006 (42257294.004.000) 2026-02-27 10:45:26 Image size of job updated: 1607396
	691  -  MemoryUsage of job (MB)
	706624  -  ResidentSetSize of job (KB)
...
005 (42257294.004.000) 2026-02-27 10:52:13 Job terminated.
	(1) Normal termination (return value 0)
		Usr 0 00:24:39, Sys 0 00:03:07  -  Run Remote Usage
		Usr 0 00:00:00, Sys 0 00:00:00  -  Run Local Usage
		Usr 0 00:24:39, Sys 0 00:03:07  -  Total Remote Usage
		Usr 0 00:00:00, Sys 0 00:00:00  -  Total Local Usage
	0  -  Run Bytes Sent By Job
	0  -  Run Bytes Received By Job
	0  -  Total Bytes Sent By Job
	0  -  Total Bytes Received By Job
	Partitionable Resources :    Usage  Request Allocated 
	   Cpus                 :     1.04        6         6 
	   Disk (KB)            :     1           1     13389 
	   Memory (MB)          :   691        2048      2048 

	Job terminated of its own accord at 2026-02-27T15:52:13Z with exit-code 0.
...
