000 (42162737.000.000) 2026-02-19 23:40:03 Job submitted from host: <10.5.0.107:9618?addrs=10.5.0.107-9618&alias=sugwg-login.syr.edu&noUDP&sock=schedd_873_6244>
...
001 (42162737.000.000) 2026-02-19 23:40:05 Job executing on host: <10.5.33.3:9618?addrs=10.5.33.3-9618&alias=AS-PALANE-S1-its-u20-nfs-20210413&noUDP&sock=startd_914_81a6>
...
006 (42162737.000.000) 2026-02-19 23:40:13 Image size of job updated: 92052
	90  -  MemoryUsage of job (MB)
	92052  -  ResidentSetSize of job (KB)
...
006 (42162737.000.000) 2026-02-19 23:40:41 Image size of job updated: 1516832
	91  -  MemoryUsage of job (MB)
	92184  -  ResidentSetSize of job (KB)
...
005 (42162737.000.000) 2026-02-19 23:40:41 Job terminated.
	(1) Normal termination (return value 1)
		Usr 0 00:00:30, Sys 0 00:00:01  -  Run Remote Usage
		Usr 0 00:00:00, Sys 0 00:00:00  -  Run Local Usage
		Usr 0 00:00:30, Sys 0 00:00:01  -  Total Remote Usage
		Usr 0 00:00:00, Sys 0 00:00:00  -  Total Local Usage
	0  -  Run Bytes Sent By Job
	0  -  Run Bytes Received By Job
	0  -  Total Bytes Sent By Job
	0  -  Total Bytes Received By Job
	Partitionable Resources :    Usage  Request Allocated 
	   Cpus                 :        0        6         6 
	   Disk (KB)            :        1        1     31084 
	   Memory (MB)          :       91     2048      2048 

	Job terminated of its own accord at 2026-02-20T04:40:41Z with exit-code 1.
...
000 (42162741.000.000) 2026-02-19 23:46:40 Job submitted from host: <10.5.0.107:9618?addrs=10.5.0.107-9618&alias=sugwg-login.syr.edu&noUDP&sock=schedd_873_6244>
...
001 (42162741.000.000) 2026-02-19 23:47:08 Job executing on host: <10.5.34.5:9618?addrs=10.5.34.5-9618&alias=AS-DAPRATT-S1-its-u20-nfs-20210413&noUDP&sock=startd_923_ae01>
...
006 (42162741.000.000) 2026-02-19 23:47:16 Image size of job updated: 296844
	18  -  MemoryUsage of job (MB)
	18012  -  ResidentSetSize of job (KB)
...
006 (42162741.000.000) 2026-02-19 23:52:16 Image size of job updated: 1639420
	309  -  MemoryUsage of job (MB)
	315612  -  ResidentSetSize of job (KB)
...
022 (42162741.000.000) 2026-02-20 00:04:38 Job disconnected, attempting to reconnect
    Socket between submit and execute hosts closed unexpectedly
    Trying to reconnect to slot1_2@AS-DAPRATT-S1-its-u20-nfs-20210413 <10.5.34.5:9618?addrs=10.5.34.5-9618&alias=AS-DAPRATT-S1-its-u20-nfs-20210413&noUDP&sock=startd_923_ae01>
...
024 (42162741.000.000) 2026-02-20 00:44:58 Job reconnection failed
    Job disconnected too long: JobLeaseDuration (2400 seconds) expired
    Can not reconnect to slot1_2@AS-DAPRATT-S1-its-u20-nfs-20210413, rescheduling job
...
001 (42162741.000.000) 2026-02-20 00:45:40 Job executing on host: <10.5.141.84:9618?addrs=10.5.141.84-9618&alias=CRUSH-OG-10-5-141-84&noUDP&sock=startd_1527_f935>
...
006 (42162741.000.000) 2026-02-20 00:50:49 Image size of job updated: 1750000
	480  -  MemoryUsage of job (MB)
	490612  -  ResidentSetSize of job (KB)
...
006 (42162741.000.000) 2026-02-20 00:55:50 Image size of job updated: 1750000
	482  -  MemoryUsage of job (MB)
	493132  -  ResidentSetSize of job (KB)
...
006 (42162741.000.000) 2026-02-20 01:00:50 Image size of job updated: 1750000
	483  -  MemoryUsage of job (MB)
	494188  -  ResidentSetSize of job (KB)
...
006 (42162741.000.000) 2026-02-20 01:10:51 Image size of job updated: 1750000
	768  -  MemoryUsage of job (MB)
	785940  -  ResidentSetSize of job (KB)
...
005 (42162741.000.000) 2026-02-20 01:19:51 Job terminated.
	(1) Normal termination (return value 0)
		Usr 0 00:31:55, Sys 0 00:03:11  -  Run Remote Usage
		Usr 0 00:00:00, Sys 0 00:00:00  -  Run Local Usage
		Usr 0 00:37:07, Sys 0 00:03:28  -  Total Remote Usage
		Usr 0 00:00:00, Sys 0 00:00:00  -  Total Local Usage
	0  -  Run Bytes Sent By Job
	0  -  Run Bytes Received By Job
	0  -  Total Bytes Sent By Job
	0  -  Total Bytes Received By Job
	Partitionable Resources :    Usage  Request Allocated 
	   Cpus                 :     1.07        6         6 
	   Disk (KB)            :     1           1     27386 
	   Memory (MB)          :   768        2048      2048 

	Job terminated of its own accord at 2026-02-20T06:19:51Z with exit-code 0.
...
