000 (42162737.003.000) 2026-02-19 23:40:03 Job submitted from host: <10.5.0.107:9618?addrs=10.5.0.107-9618&alias=sugwg-login.syr.edu&noUDP&sock=schedd_873_6244>
...
001 (42162737.003.000) 2026-02-19 23:40:16 Job executing on host: <10.5.228.141:9618?addrs=10.5.228.141-9618&alias=CRUSH-OG-10-5-228-141&noUDP&sock=startd_1526_499c>
...
006 (42162737.003.000) 2026-02-19 23:40:25 Image size of job updated: 815836
	146  -  MemoryUsage of job (MB)
	149504  -  ResidentSetSize of job (KB)
...
006 (42162737.003.000) 2026-02-19 23:41:07 Image size of job updated: 1111332
	147  -  MemoryUsage of job (MB)
	149636  -  ResidentSetSize of job (KB)
...
005 (42162737.003.000) 2026-02-19 23:41:07 Job terminated.
	(1) Normal termination (return value 1)
		Usr 0 00:00:44, Sys 0 00:00:05  -  Run Remote Usage
		Usr 0 00:00:00, Sys 0 00:00:00  -  Run Local Usage
		Usr 0 00:00:44, Sys 0 00:00:05  -  Total Remote Usage
		Usr 0 00:00:00, Sys 0 00:00:00  -  Total Local Usage
	0  -  Run Bytes Sent By Job
	0  -  Run Bytes Received By Job
	0  -  Total Bytes Sent By Job
	0  -  Total Bytes Received By Job
	Partitionable Resources :    Usage  Request Allocated 
	   Cpus                 :                 6         6 
	   Disk (KB)            :        1        1     27428 
	   Memory (MB)          :      147     2048      2048 

	Job terminated of its own accord at 2026-02-20T04:41:07Z with exit-code 1.
...
000 (42162741.003.000) 2026-02-19 23:46:40 Job submitted from host: <10.5.0.107:9618?addrs=10.5.0.107-9618&alias=sugwg-login.syr.edu&noUDP&sock=schedd_873_6244>
...
001 (42162741.003.000) 2026-02-19 23:47:08 Job executing on host: <10.5.203.70:9618?addrs=10.5.203.70-9618&alias=OG-NODE-10-5-203-70&noUDP&sock=startd_1511_ffb1>
...
006 (42162741.003.000) 2026-02-19 23:47:16 Image size of job updated: 723448
	96  -  MemoryUsage of job (MB)
	98040  -  ResidentSetSize of job (KB)
...
006 (42162741.003.000) 2026-02-19 23:52:16 Image size of job updated: 1623256
	447  -  MemoryUsage of job (MB)
	457516  -  ResidentSetSize of job (KB)
...
006 (42162741.003.000) 2026-02-19 23:57:18 Image size of job updated: 1623256
	938  -  MemoryUsage of job (MB)
	959956  -  ResidentSetSize of job (KB)
...
006 (42162741.003.000) 2026-02-20 00:02:18 Image size of job updated: 1642264
	938  -  MemoryUsage of job (MB)
	959956  -  ResidentSetSize of job (KB)
...
006 (42162741.003.000) 2026-02-20 00:12:19 Image size of job updated: 1645720
	938  -  MemoryUsage of job (MB)
	959956  -  ResidentSetSize of job (KB)
...
005 (42162741.003.000) 2026-02-20 00:21:08 Job terminated.
	(1) Normal termination (return value 0)
		Usr 0 00:32:06, Sys 0 00:03:06  -  Run Remote Usage
		Usr 0 00:00:00, Sys 0 00:00:00  -  Run Local Usage
		Usr 0 00:32:06, Sys 0 00:03:06  -  Total Remote Usage
		Usr 0 00:00:00, Sys 0 00:00:00  -  Total Local Usage
	0  -  Run Bytes Sent By Job
	0  -  Run Bytes Received By Job
	0  -  Total Bytes Sent By Job
	0  -  Total Bytes Received By Job
	Partitionable Resources :    Usage  Request Allocated 
	   Cpus                 :     1.01        6         6 
	   Disk (KB)            :     1           1     20905 
	   Memory (MB)          :   938        2048      2048 

	Job terminated of its own accord at 2026-02-20T05:21:08Z with exit-code 0.
...
