000 (42162737.006.000) 2026-02-19 23:40:03 Job submitted from host: <10.5.0.107:9618?addrs=10.5.0.107-9618&alias=sugwg-login.syr.edu&noUDP&sock=schedd_873_6244>
...
001 (42162737.006.000) 2026-02-19 23:40:12 Job executing on host: <10.5.87.2:9618?addrs=10.5.87.2-9618&alias=AS-PRIEVELAB04-S1-its-u20-nfs-20210413&noUDP&sock=startd_917_906f>
...
006 (42162737.006.000) 2026-02-19 23:40:20 Image size of job updated: 105388
	103  -  MemoryUsage of job (MB)
	105388  -  ResidentSetSize of job (KB)
...
006 (42162737.006.000) 2026-02-19 23:40:46 Image size of job updated: 904516
	104  -  MemoryUsage of job (MB)
	105784  -  ResidentSetSize of job (KB)
...
005 (42162737.006.000) 2026-02-19 23:40:46 Job terminated.
	(1) Normal termination (return value 1)
		Usr 0 00:00:30, Sys 0 00:00:01  -  Run Remote Usage
		Usr 0 00:00:00, Sys 0 00:00:00  -  Run Local Usage
		Usr 0 00:00:30, Sys 0 00:00:01  -  Total Remote Usage
		Usr 0 00:00:00, Sys 0 00:00:00  -  Total Local Usage
	0  -  Run Bytes Sent By Job
	0  -  Run Bytes Received By Job
	0  -  Total Bytes Sent By Job
	0  -  Total Bytes Received By Job
	Partitionable Resources :    Usage  Request Allocated 
	   Cpus                 :     1.22        6         6 
	   Disk (KB)            :     1           1     31084 
	   Memory (MB)          :   104        2048      2048 

	Job terminated of its own accord at 2026-02-20T04:40:46Z with exit-code 1.
...
000 (42162741.006.000) 2026-02-19 23:46:40 Job submitted from host: <10.5.0.107:9618?addrs=10.5.0.107-9618&alias=sugwg-login.syr.edu&noUDP&sock=schedd_873_6244>
...
001 (42162741.006.000) 2026-02-19 23:47:18 Job executing on host: <10.5.206.65:9618?addrs=10.5.206.65-9618&alias=CRUSH-OG-10-5-206-65&noUDP&sock=startd_1521_dba3>
...
006 (42162741.006.000) 2026-02-19 23:47:27 Image size of job updated: 294556
	44  -  MemoryUsage of job (MB)
	44120  -  ResidentSetSize of job (KB)
...
006 (42162741.006.000) 2026-02-19 23:52:28 Image size of job updated: 1640260
	540  -  MemoryUsage of job (MB)
	552608  -  ResidentSetSize of job (KB)
...
006 (42162741.006.000) 2026-02-20 00:17:31 Image size of job updated: 1640260
	833  -  MemoryUsage of job (MB)
	852752  -  ResidentSetSize of job (KB)
...
005 (42162741.006.000) 2026-02-20 00:27:22 Job terminated.
	(1) Normal termination (return value 0)
		Usr 0 00:37:21, Sys 0 00:03:34  -  Run Remote Usage
		Usr 0 00:00:00, Sys 0 00:00:00  -  Run Local Usage
		Usr 0 00:37:21, Sys 0 00:03:34  -  Total Remote Usage
		Usr 0 00:00:00, Sys 0 00:00:00  -  Total Local Usage
	0  -  Run Bytes Sent By Job
	0  -  Run Bytes Received By Job
	0  -  Total Bytes Sent By Job
	0  -  Total Bytes Received By Job
	Partitionable Resources :    Usage  Request Allocated 
	   Cpus                 :     1.04        6         6 
	   Disk (KB)            :     1           1     27393 
	   Memory (MB)          :   833        2048      2048 

	Job terminated of its own accord at 2026-02-20T05:27:22Z with exit-code 0.
...
