000 (42162737.008.000) 2026-02-19 23:40:03 Job submitted from host: <10.5.0.107:9618?addrs=10.5.0.107-9618&alias=sugwg-login.syr.edu&noUDP&sock=schedd_873_6244>
...
001 (42162737.008.000) 2026-02-19 23:40:17 Job executing on host: <10.5.167.153:9618?addrs=10.5.167.153-9618&alias=OG-NODE-10-5-167-153&noUDP&sock=startd_1507_4150>
...
006 (42162737.008.000) 2026-02-19 23:40:26 Image size of job updated: 277976
	59  -  MemoryUsage of job (MB)
	60024  -  ResidentSetSize of job (KB)
...
006 (42162737.008.000) 2026-02-19 23:41:30 Image size of job updated: 1469216
	59  -  MemoryUsage of job (MB)
	60024  -  ResidentSetSize of job (KB)
...
005 (42162737.008.000) 2026-02-19 23:41:30 Job terminated.
	(1) Normal termination (return value 1)
		Usr 0 00:00:48, Sys 0 00:00:06  -  Run Remote Usage
		Usr 0 00:00:00, Sys 0 00:00:00  -  Run Local Usage
		Usr 0 00:00:48, Sys 0 00:00:06  -  Total Remote Usage
		Usr 0 00:00:00, Sys 0 00:00:00  -  Total Local Usage
	0  -  Run Bytes Sent By Job
	0  -  Run Bytes Received By Job
	0  -  Total Bytes Sent By Job
	0  -  Total Bytes Received By Job
	Partitionable Resources :    Usage  Request Allocated 
	   Cpus                 :                 6         6 
	   Disk (KB)            :        1        1     21835 
	   Memory (MB)          :       59     2048      2048 

	Job terminated of its own accord at 2026-02-20T04:41:30Z with exit-code 1.
...
000 (42162741.008.000) 2026-02-19 23:46:40 Job submitted from host: <10.5.0.107:9618?addrs=10.5.0.107-9618&alias=sugwg-login.syr.edu&noUDP&sock=schedd_873_6244>
...
001 (42162741.008.000) 2026-02-19 23:47:13 Job executing on host: <10.5.205.190:9618?addrs=10.5.205.190-9618&alias=OG-NODE-10-5-205-190&noUDP&sock=startd_1507_4150>
...
006 (42162741.008.000) 2026-02-19 23:47:22 Image size of job updated: 82664
	52  -  MemoryUsage of job (MB)
	52964  -  ResidentSetSize of job (KB)
...
006 (42162741.008.000) 2026-02-19 23:52:23 Image size of job updated: 1555372
	859  -  MemoryUsage of job (MB)
	878884  -  ResidentSetSize of job (KB)
...
006 (42162741.008.000) 2026-02-19 23:57:24 Image size of job updated: 1616816
	859  -  MemoryUsage of job (MB)
	878884  -  ResidentSetSize of job (KB)
...
005 (42162741.008.000) 2026-02-20 00:22:10 Job terminated.
	(1) Normal termination (return value 0)
		Usr 0 00:32:24, Sys 0 00:03:28  -  Run Remote Usage
		Usr 0 00:00:00, Sys 0 00:00:00  -  Run Local Usage
		Usr 0 00:32:24, Sys 0 00:03:28  -  Total Remote Usage
		Usr 0 00:00:00, Sys 0 00:00:00  -  Total Local Usage
	0  -  Run Bytes Sent By Job
	0  -  Run Bytes Received By Job
	0  -  Total Bytes Sent By Job
	0  -  Total Bytes Received By Job
	Partitionable Resources :    Usage  Request Allocated 
	   Cpus                 :     1.00        6         6 
	   Disk (KB)            :     1           1     16466 
	   Memory (MB)          :   859        2048      2048 

	Job terminated of its own accord at 2026-02-20T05:22:10Z with exit-code 0.
...
