000 (42162737.007.000) 2026-02-19 23:40:03 Job submitted from host: <10.5.0.107:9618?addrs=10.5.0.107-9618&alias=sugwg-login.syr.edu&noUDP&sock=schedd_873_6244>
...
001 (42162737.007.000) 2026-02-19 23:40:12 Job executing on host: <10.5.34.5:9618?addrs=10.5.34.5-9618&alias=AS-DAPRATT-S1-its-u20-nfs-20210413&noUDP&sock=startd_923_ae01>
...
006 (42162737.007.000) 2026-02-19 23:40:21 Image size of job updated: 352360
	93  -  MemoryUsage of job (MB)
	95168  -  ResidentSetSize of job (KB)
...
006 (42162737.007.000) 2026-02-19 23:40:52 Image size of job updated: 1153440
	93  -  MemoryUsage of job (MB)
	95168  -  ResidentSetSize of job (KB)
...
005 (42162737.007.000) 2026-02-19 23:40:52 Job terminated.
	(1) Normal termination (return value 1)
		Usr 0 00:00:32, Sys 0 00:00:01  -  Run Remote Usage
		Usr 0 00:00:00, Sys 0 00:00:00  -  Run Local Usage
		Usr 0 00:00:32, Sys 0 00:00:01  -  Total Remote Usage
		Usr 0 00:00:00, Sys 0 00:00:00  -  Total Local Usage
	0  -  Run Bytes Sent By Job
	0  -  Run Bytes Received By Job
	0  -  Total Bytes Sent By Job
	0  -  Total Bytes Received By Job
	Partitionable Resources :    Usage  Request Allocated 
	   Cpus                 :                 6         6 
	   Disk (KB)            :        1        1     31084 
	   Memory (MB)          :       93     2048      2048 

	Job terminated of its own accord at 2026-02-20T04:40:52Z with exit-code 1.
...
000 (42162741.007.000) 2026-02-19 23:46:40 Job submitted from host: <10.5.0.107:9618?addrs=10.5.0.107-9618&alias=sugwg-login.syr.edu&noUDP&sock=schedd_873_6244>
...
001 (42162741.007.000) 2026-02-19 23:47:18 Job executing on host: <10.5.238.87:9618?addrs=10.5.238.87-9618&alias=CRUSH-OG-10-5-238-87&noUDP&sock=startd_1577_44f1>
...
006 (42162741.007.000) 2026-02-19 23:47:27 Image size of job updated: 375668
	86  -  MemoryUsage of job (MB)
	87284  -  ResidentSetSize of job (KB)
...
006 (42162741.007.000) 2026-02-19 23:52:28 Image size of job updated: 1673900
	410  -  MemoryUsage of job (MB)
	419816  -  ResidentSetSize of job (KB)
...
006 (42162741.007.000) 2026-02-20 00:07:30 Image size of job updated: 1673900
	786  -  MemoryUsage of job (MB)
	804312  -  ResidentSetSize of job (KB)
...
005 (42162741.007.000) 2026-02-20 00:17:02 Job terminated.
	(1) Normal termination (return value 0)
		Usr 0 00:29:16, Sys 0 00:02:58  -  Run Remote Usage
		Usr 0 00:00:00, Sys 0 00:00:00  -  Run Local Usage
		Usr 0 00:29:16, Sys 0 00:02:58  -  Total Remote Usage
		Usr 0 00:00:00, Sys 0 00:00:00  -  Total Local Usage
	0  -  Run Bytes Sent By Job
	0  -  Run Bytes Received By Job
	0  -  Total Bytes Sent By Job
	0  -  Total Bytes Received By Job
	Partitionable Resources :    Usage  Request Allocated 
	   Cpus                 :     1.04        6         6 
	   Disk (KB)            :     1           1     27449 
	   Memory (MB)          :   786        2048      2048 

	Job terminated of its own accord at 2026-02-20T05:17:02Z with exit-code 0.
...
