000 (42233292.009.000) 2026-02-26 15:31:02 Job submitted from host: <10.5.0.107:9618?addrs=10.5.0.107-9618&alias=sugwg-login.syr.edu&noUDP&sock=schedd_873_6244>
...
001 (42233292.009.000) 2026-02-26 15:31:33 Job executing on host: <10.5.200.40:9618?addrs=10.5.200.40-9618&alias=OG-NODE-10-5-200-40&noUDP&sock=startd_1522_8b3b>
...
006 (42233292.009.000) 2026-02-26 15:31:42 Image size of job updated: 74568
	44  -  MemoryUsage of job (MB)
	44868  -  ResidentSetSize of job (KB)
...
006 (42233292.009.000) 2026-02-26 15:36:43 Image size of job updated: 1677580
	716  -  MemoryUsage of job (MB)
	732464  -  ResidentSetSize of job (KB)
...
006 (42233292.009.000) 2026-02-26 15:41:44 Image size of job updated: 1677580
	814  -  MemoryUsage of job (MB)
	833136  -  ResidentSetSize of job (KB)
...
005 (42233292.009.000) 2026-02-26 16:08:07 Job terminated.
	(1) Normal termination (return value 0)
		Usr 0 00:35:08, Sys 0 00:03:17  -  Run Remote Usage
		Usr 0 00:00:00, Sys 0 00:00:00  -  Run Local Usage
		Usr 0 00:35:08, Sys 0 00:03:17  -  Total Remote Usage
		Usr 0 00:00:00, Sys 0 00:00:00  -  Total Local Usage
	0  -  Run Bytes Sent By Job
	0  -  Run Bytes Received By Job
	0  -  Total Bytes Sent By Job
	0  -  Total Bytes Received By Job
	Partitionable Resources :    Usage  Request Allocated 
	   Cpus                 :     1.05        6         6 
	   Disk (KB)            :     1           1      9744 
	   Memory (MB)          :   814        2048      2048 

	Job terminated of its own accord at 2026-02-26T21:08:07Z with exit-code 0.
...
