000 (42233292.007.000) 2026-02-26 15:31:02 Job submitted from host: <10.5.0.107:9618?addrs=10.5.0.107-9618&alias=sugwg-login.syr.edu&noUDP&sock=schedd_873_6244>
...
001 (42233292.007.000) 2026-02-26 15:31:33 Job executing on host: <10.5.214.16:9618?addrs=10.5.214.16-9618&alias=OG-NODE-10-5-214-16&noUDP&sock=startd_1503_82ef>
...
006 (42233292.007.000) 2026-02-26 15:31:42 Image size of job updated: 90496
	59  -  MemoryUsage of job (MB)
	60268  -  ResidentSetSize of job (KB)
...
006 (42233292.007.000) 2026-02-26 15:36:43 Image size of job updated: 1638016
	204  -  MemoryUsage of job (MB)
	208368  -  ResidentSetSize of job (KB)
...
006 (42233292.007.000) 2026-02-26 15:41:44 Image size of job updated: 1638016
	362  -  MemoryUsage of job (MB)
	370688  -  ResidentSetSize of job (KB)
...
006 (42233292.007.000) 2026-02-26 15:51:44 Image size of job updated: 1638016
	383  -  MemoryUsage of job (MB)
	391980  -  ResidentSetSize of job (KB)
...
006 (42233292.007.000) 2026-02-26 15:56:45 Image size of job updated: 1638016
	852  -  MemoryUsage of job (MB)
	872128  -  ResidentSetSize of job (KB)
...
005 (42233292.007.000) 2026-02-26 16:05:45 Job terminated.
	(1) Normal termination (return value 0)
		Usr 0 00:32:31, Sys 0 00:03:12  -  Run Remote Usage
		Usr 0 00:00:00, Sys 0 00:00:00  -  Run Local Usage
		Usr 0 00:32:31, Sys 0 00:03:12  -  Total Remote Usage
		Usr 0 00:00:00, Sys 0 00:00:00  -  Total Local Usage
	0  -  Run Bytes Sent By Job
	0  -  Run Bytes Received By Job
	0  -  Total Bytes Sent By Job
	0  -  Total Bytes Received By Job
	Partitionable Resources :    Usage  Request Allocated 
	   Cpus                 :     1.12        6         6 
	   Disk (KB)            :     1           1      9772 
	   Memory (MB)          :   852        2048      2048 

	Job terminated of its own accord at 2026-02-26T21:05:45Z with exit-code 0.
...
