000 (42233292.001.000) 2026-02-26 15:31:02 Job submitted from host: <10.5.0.107:9618?addrs=10.5.0.107-9618&alias=sugwg-login.syr.edu&noUDP&sock=schedd_873_6244>
...
001 (42233292.001.000) 2026-02-26 15:31:33 Job executing on host: <10.5.158.57:9618?addrs=10.5.158.57-9618&alias=OG-NODE-10-5-158-57&noUDP&sock=startd_1364_2b45>
...
006 (42233292.001.000) 2026-02-26 15:31:41 Image size of job updated: 342428
	64  -  MemoryUsage of job (MB)
	65532  -  ResidentSetSize of job (KB)
...
006 (42233292.001.000) 2026-02-26 15:36:41 Image size of job updated: 1615700
	299  -  MemoryUsage of job (MB)
	305568  -  ResidentSetSize of job (KB)
...
006 (42233292.001.000) 2026-02-26 15:41:42 Image size of job updated: 1615700
	351  -  MemoryUsage of job (MB)
	359392  -  ResidentSetSize of job (KB)
...
006 (42233292.001.000) 2026-02-26 15:56:43 Image size of job updated: 1615700
	453  -  MemoryUsage of job (MB)
	463508  -  ResidentSetSize of job (KB)
...
006 (42233292.001.000) 2026-02-26 16:01:44 Image size of job updated: 1627620
	454  -  MemoryUsage of job (MB)
	464036  -  ResidentSetSize of job (KB)
...
006 (42233292.001.000) 2026-02-26 16:11:45 Image size of job updated: 1627620
	756  -  MemoryUsage of job (MB)
	773708  -  ResidentSetSize of job (KB)
...
005 (42233292.001.000) 2026-02-26 16:11:54 Job terminated.
	(1) Normal termination (return value 0)
		Usr 0 00:38:34, Sys 0 00:03:24  -  Run Remote Usage
		Usr 0 00:00:00, Sys 0 00:00:00  -  Run Local Usage
		Usr 0 00:38:34, Sys 0 00:03:24  -  Total Remote Usage
		Usr 0 00:00:00, Sys 0 00:00:00  -  Total Local Usage
	0  -  Run Bytes Sent By Job
	0  -  Run Bytes Received By Job
	0  -  Total Bytes Sent By Job
	0  -  Total Bytes Received By Job
	Partitionable Resources :    Usage  Request Allocated 
	   Cpus                 :     1.00        6         6 
	   Disk (KB)            :     1           1     23543 
	   Memory (MB)          :   756        2048      2048 

	Job terminated of its own accord at 2026-02-26T21:11:54Z with exit-code 0.
...
