000 (42233292.008.000) 2026-02-26 15:31:02 Job submitted from host: <10.5.0.107:9618?addrs=10.5.0.107-9618&alias=sugwg-login.syr.edu&noUDP&sock=schedd_873_6244>
...
001 (42233292.008.000) 2026-02-26 15:31:33 Job executing on host: <10.5.229.154:9618?addrs=10.5.229.154-9618&alias=OG-NODE-10-5-229-154&noUDP&sock=startd_1525_9a04>
...
006 (42233292.008.000) 2026-02-26 15:31:42 Image size of job updated: 114112
	70  -  MemoryUsage of job (MB)
	70684  -  ResidentSetSize of job (KB)
...
006 (42233292.008.000) 2026-02-26 15:36:43 Image size of job updated: 1611624
	483  -  MemoryUsage of job (MB)
	494152  -  ResidentSetSize of job (KB)
...
006 (42233292.008.000) 2026-02-26 15:41:44 Image size of job updated: 1611624
	494  -  MemoryUsage of job (MB)
	504852  -  ResidentSetSize of job (KB)
...
005 (42233292.008.000) 2026-02-26 16:03:45 Job terminated.
	(1) Normal termination (return value 0)
		Usr 0 00:30:59, Sys 0 00:03:02  -  Run Remote Usage
		Usr 0 00:00:00, Sys 0 00:00:00  -  Run Local Usage
		Usr 0 00:30:59, Sys 0 00:03:02  -  Total Remote Usage
		Usr 0 00:00:00, Sys 0 00:00:00  -  Total Local Usage
	0  -  Run Bytes Sent By Job
	0  -  Run Bytes Received By Job
	0  -  Total Bytes Sent By Job
	0  -  Total Bytes Received By Job
	Partitionable Resources :    Usage  Request Allocated 
	   Cpus                 :     1.04        6         6 
	   Disk (KB)            :     1           1     10975 
	   Memory (MB)          :   494        2048      2048 

	Job terminated of its own accord at 2026-02-26T21:03:45Z with exit-code 0.
...
