000 (42233292.006.000) 2026-02-26 15:31:02 Job submitted from host: <10.5.0.107:9618?addrs=10.5.0.107-9618&alias=sugwg-login.syr.edu&noUDP&sock=schedd_873_6244>
...
001 (42233292.006.000) 2026-02-26 15:31:33 Job executing on host: <10.5.214.97:9618?addrs=10.5.214.97-9618&alias=OG-NODE-10-5-214-97&noUDP&sock=startd_1507_4150>
...
006 (42233292.006.000) 2026-02-26 15:31:42 Image size of job updated: 372316
	59  -  MemoryUsage of job (MB)
	59660  -  ResidentSetSize of job (KB)
...
006 (42233292.006.000) 2026-02-26 15:36:43 Image size of job updated: 1613480
	360  -  MemoryUsage of job (MB)
	368368  -  ResidentSetSize of job (KB)
...
006 (42233292.006.000) 2026-02-26 15:41:44 Image size of job updated: 1613480
	692  -  MemoryUsage of job (MB)
	708188  -  ResidentSetSize of job (KB)
...
006 (42233292.006.000) 2026-02-26 15:46:44 Image size of job updated: 1615532
	692  -  MemoryUsage of job (MB)
	708188  -  ResidentSetSize of job (KB)
...
005 (42233292.006.000) 2026-02-26 16:05:38 Job terminated.
	(1) Normal termination (return value 0)
		Usr 0 00:32:52, Sys 0 00:03:07  -  Run Remote Usage
		Usr 0 00:00:00, Sys 0 00:00:00  -  Run Local Usage
		Usr 0 00:32:52, Sys 0 00:03:07  -  Total Remote Usage
		Usr 0 00:00:00, Sys 0 00:00:00  -  Total Local Usage
	0  -  Run Bytes Sent By Job
	0  -  Run Bytes Received By Job
	0  -  Total Bytes Sent By Job
	0  -  Total Bytes Received By Job
	Partitionable Resources :    Usage  Request Allocated 
	   Cpus                 :     1.14        6         6 
	   Disk (KB)            :     1           1      8974 
	   Memory (MB)          :   692        2048      2048 

	Job terminated of its own accord at 2026-02-26T21:05:38Z with exit-code 0.
...
