000 (41515723.008.000) 2026-02-13 13:53:35 Job submitted from host: <10.5.0.107:9618?addrs=10.5.0.107-9618&alias=sugwg-login.syr.edu&noUDP&sock=schedd_873_6244>
...
001 (41515723.008.000) 2026-02-13 13:54:35 Job executing on host: <10.5.207.98:9618?addrs=10.5.207.98-9618&alias=CRUSH-OG-10-5-207-98&noUDP&sock=startd_1542_4320>
...
007 (41515723.008.000) 2026-02-13 13:54:35 Shadow exception!
	Error from slot1_13@CRUSH-OG-10-5-207-98: Failed to execute '/home/vjadhavy/hmphase/hm-phase-marg/outputs/noise/hm_1/run_model.sh' with arguments 80 90: (errno=13: 'Permission denied')
	0  -  Run Bytes Sent By Job
	0  -  Run Bytes Received By Job
...
012 (41515723.008.000) 2026-02-13 13:54:35 Job was held.
	Error from slot1_13@CRUSH-OG-10-5-207-98: Failed to execute '/home/vjadhavy/hmphase/hm-phase-marg/outputs/noise/hm_1/run_model.sh' with arguments 80 90: (errno=13: 'Permission denied')
	Code 6 Subcode 13
...
009 (41515723.008.000) 2026-02-13 13:59:07 Job was aborted.
	via condor_rm (by user vjadhavy)
...
000 (41516575.008.000) 2026-02-13 13:59:28 Job submitted from host: <10.5.0.107:9618?addrs=10.5.0.107-9618&alias=sugwg-login.syr.edu&noUDP&sock=schedd_873_6244>
...
001 (41516575.008.000) 2026-02-13 14:00:52 Job executing on host: <10.5.206.236:9618?addrs=10.5.206.236-9618&alias=CRUSH-OG-10-5-206-236&noUDP&sock=startd_1530_07fd>
...
006 (41516575.008.000) 2026-02-13 14:00:52 Image size of job updated: 1
	0  -  MemoryUsage of job (MB)
	0  -  ResidentSetSize of job (KB)
...
005 (41516575.008.000) 2026-02-13 14:00:52 Job terminated.
	(1) Normal termination (return value 0)
		Usr 0 00:00:00, Sys 0 00:00:00  -  Run Remote Usage
		Usr 0 00:00:00, Sys 0 00:00:00  -  Run Local Usage
		Usr 0 00:00:00, Sys 0 00:00:00  -  Total Remote Usage
		Usr 0 00:00:00, Sys 0 00:00:00  -  Total Local Usage
	0  -  Run Bytes Sent By Job
	0  -  Run Bytes Received By Job
	0  -  Total Bytes Sent By Job
	0  -  Total Bytes Received By Job
	Partitionable Resources :    Usage  Request Allocated 
	   Cpus                 :                 6         6 
	   Disk (KB)            :        1        1     27409 
	   Memory (MB)          :        0     2048      2048 

	Job terminated of its own accord at 2026-02-13T19:00:52Z with exit-code 0.
...
000 (41518228.008.000) 2026-02-13 14:10:41 Job submitted from host: <10.5.0.107:9618?addrs=10.5.0.107-9618&alias=sugwg-login.syr.edu&noUDP&sock=schedd_873_6244>
...
001 (41518228.008.000) 2026-02-13 14:11:53 Job executing on host: <10.5.206.236:9618?addrs=10.5.206.236-9618&alias=CRUSH-OG-10-5-206-236&noUDP&sock=startd_1530_07fd>
...
006 (41518228.008.000) 2026-02-13 14:12:02 Image size of job updated: 281584
	24  -  MemoryUsage of job (MB)
	24448  -  ResidentSetSize of job (KB)
...
006 (41518228.008.000) 2026-02-13 14:12:56 Image size of job updated: 816328
	24  -  MemoryUsage of job (MB)
	24448  -  ResidentSetSize of job (KB)
...
005 (41518228.008.000) 2026-02-13 14:12:57 Job terminated.
	(1) Normal termination (return value 2)
		Usr 0 00:00:07, Sys 0 00:00:02  -  Run Remote Usage
		Usr 0 00:00:00, Sys 0 00:00:00  -  Run Local Usage
		Usr 0 00:00:07, Sys 0 00:00:02  -  Total Remote Usage
		Usr 0 00:00:00, Sys 0 00:00:00  -  Total Local Usage
	0  -  Run Bytes Sent By Job
	0  -  Run Bytes Received By Job
	0  -  Total Bytes Sent By Job
	0  -  Total Bytes Received By Job
	Partitionable Resources :    Usage  Request Allocated 
	   Cpus                 :                 6         6 
	   Disk (KB)            :        1        1     27409 
	   Memory (MB)          :       24     2048      2048 

	Job terminated of its own accord at 2026-02-13T19:12:56Z with exit-code 2.
...
000 (41894317.008.000) 2026-02-15 18:28:14 Job submitted from host: <10.5.0.107:9618?addrs=10.5.0.107-9618&alias=sugwg-login.syr.edu&noUDP&sock=schedd_873_6244>
...
022 (41894317.008.000) 2026-02-15 18:28:49 Job disconnected, attempting to reconnect
    Socket between submit and execute hosts closed unexpectedly
    Trying to reconnect to slot1_1@OG-NODE-10-5-203-71 <10.5.203.71:9618?addrs=10.5.203.71-9618&alias=OG-NODE-10-5-203-71&noUDP&sock=startd_1150_6200>
...
024 (41894317.008.000) 2026-02-15 18:28:49 Job reconnection failed
    Job not found at execution machine
    Can not reconnect to slot1_1@OG-NODE-10-5-203-71, rescheduling job
...
001 (41894317.008.000) 2026-02-15 18:29:11 Job executing on host: <10.5.203.11:9618?addrs=10.5.203.11-9618&alias=OG-NODE-10-5-203-11&noUDP&sock=startd_1494_5694>
...
006 (41894317.008.000) 2026-02-15 18:29:19 Image size of job updated: 142784
	140  -  MemoryUsage of job (MB)
	142784  -  ResidentSetSize of job (KB)
...
005 (41894317.008.000) 2026-02-15 18:29:20 Job terminated.
	(1) Normal termination (return value 1)
		Usr 0 00:00:05, Sys 0 00:00:01  -  Run Remote Usage
		Usr 0 00:00:00, Sys 0 00:00:00  -  Run Local Usage
		Usr 0 00:00:05, Sys 0 00:00:01  -  Total Remote Usage
		Usr 0 00:00:00, Sys 0 00:00:00  -  Total Local Usage
	0  -  Run Bytes Sent By Job
	0  -  Run Bytes Received By Job
	0  -  Total Bytes Sent By Job
	0  -  Total Bytes Received By Job
	Partitionable Resources :    Usage  Request Allocated 
	   Cpus                 :                 6         6 
	   Disk (KB)            :        1        1     18419 
	   Memory (MB)          :      140     2048      2048 

	Job terminated of its own accord at 2026-02-15T23:29:20Z with exit-code 1.
...
000 (41894519.008.000) 2026-02-15 18:37:48 Job submitted from host: <10.5.0.107:9618?addrs=10.5.0.107-9618&alias=sugwg-login.syr.edu&noUDP&sock=schedd_873_6244>
...
001 (41894519.008.000) 2026-02-15 18:38:26 Job executing on host: <10.5.214.80:9618?addrs=10.5.214.80-9618&alias=OG-NODE-10-5-214-80&noUDP&sock=startd_1515_be12>
...
006 (41894519.008.000) 2026-02-15 18:38:34 Image size of job updated: 69296
	41  -  MemoryUsage of job (MB)
	41048  -  ResidentSetSize of job (KB)
...
006 (41894519.008.000) 2026-02-15 18:38:57 Image size of job updated: 807448
	41  -  MemoryUsage of job (MB)
	41048  -  ResidentSetSize of job (KB)
...
005 (41894519.008.000) 2026-02-15 18:38:57 Job terminated.
	(1) Normal termination (return value 1)
		Usr 0 00:00:07, Sys 0 00:00:01  -  Run Remote Usage
		Usr 0 00:00:00, Sys 0 00:00:00  -  Run Local Usage
		Usr 0 00:00:07, Sys 0 00:00:01  -  Total Remote Usage
		Usr 0 00:00:00, Sys 0 00:00:00  -  Total Local Usage
	0  -  Run Bytes Sent By Job
	0  -  Run Bytes Received By Job
	0  -  Total Bytes Sent By Job
	0  -  Total Bytes Received By Job
	Partitionable Resources :    Usage  Request Allocated 
	   Cpus                 :                 6         6 
	   Disk (KB)            :        1        1     18976 
	   Memory (MB)          :       41     2048      2048 

	Job terminated of its own accord at 2026-02-15T23:38:57Z with exit-code 1.
...
000 (41894821.008.000) 2026-02-15 18:43:33 Job submitted from host: <10.5.0.107:9618?addrs=10.5.0.107-9618&alias=sugwg-login.syr.edu&noUDP&sock=schedd_873_6244>
...
001 (41894821.008.000) 2026-02-15 18:44:16 Job executing on host: <10.5.186.72:9618?addrs=10.5.186.72-9618&alias=CRUSH-OG-10-5-186-72&noUDP&sock=startd_1522_8b3b>
...
006 (41894821.008.000) 2026-02-15 18:44:24 Image size of job updated: 71484
	41  -  MemoryUsage of job (MB)
	41916  -  ResidentSetSize of job (KB)
...
006 (41894821.008.000) 2026-02-15 18:45:31 Image size of job updated: 1048304
	41  -  MemoryUsage of job (MB)
	41916  -  ResidentSetSize of job (KB)
...
005 (41894821.008.000) 2026-02-15 18:45:31 Job terminated.
	(1) Normal termination (return value 1)
		Usr 0 00:00:47, Sys 0 00:00:05  -  Run Remote Usage
		Usr 0 00:00:00, Sys 0 00:00:00  -  Run Local Usage
		Usr 0 00:00:47, Sys 0 00:00:05  -  Total Remote Usage
		Usr 0 00:00:00, Sys 0 00:00:00  -  Total Local Usage
	0  -  Run Bytes Sent By Job
	0  -  Run Bytes Received By Job
	0  -  Total Bytes Sent By Job
	0  -  Total Bytes Received By Job
	Partitionable Resources :    Usage  Request Allocated 
	   Cpus                 :     0.26        6         6 
	   Disk (KB)            :     1           1     27428 
	   Memory (MB)          :    41        2048      2048 

	Job terminated of its own accord at 2026-02-15T23:45:31Z with exit-code 1.
...
000 (42059682.008.000) 2026-02-16 15:11:41 Job submitted from host: <10.5.0.107:9618?addrs=10.5.0.107-9618&alias=sugwg-login.syr.edu&noUDP&sock=schedd_873_6244>
...
001 (42059682.008.000) 2026-02-16 15:12:03 Job executing on host: <10.5.187.70:9618?addrs=10.5.187.70-9618&alias=OG-NODE-10-5-187-70&noUDP&sock=startd_1270_b15e>
...
006 (42059682.008.000) 2026-02-16 15:12:11 Image size of job updated: 73256
	44  -  MemoryUsage of job (MB)
	44216  -  ResidentSetSize of job (KB)
...
006 (42059682.008.000) 2026-02-16 15:13:30 Image size of job updated: 1109324
	44  -  MemoryUsage of job (MB)
	44216  -  ResidentSetSize of job (KB)
...
005 (42059682.008.000) 2026-02-16 15:13:30 Job terminated.
	(1) Normal termination (return value 1)
		Usr 0 00:01:02, Sys 0 00:00:08  -  Run Remote Usage
		Usr 0 00:00:00, Sys 0 00:00:00  -  Run Local Usage
		Usr 0 00:01:02, Sys 0 00:00:08  -  Total Remote Usage
		Usr 0 00:00:00, Sys 0 00:00:00  -  Total Local Usage
	0  -  Run Bytes Sent By Job
	0  -  Run Bytes Received By Job
	0  -  Total Bytes Sent By Job
	0  -  Total Bytes Received By Job
	Partitionable Resources :    Usage  Request Allocated 
	   Cpus                 :     0.29        6         6 
	   Disk (KB)            :     1           1     23543 
	   Memory (MB)          :    44        2048      2048 

	Job terminated of its own accord at 2026-02-16T20:13:30Z with exit-code 1.
...
