000 (41515723.007.000) 2026-02-13 13:53:35 Job submitted from host: <10.5.0.107:9618?addrs=10.5.0.107-9618&alias=sugwg-login.syr.edu&noUDP&sock=schedd_873_6244>
...
001 (41515723.007.000) 2026-02-13 13:54:36 Job executing on host: <10.5.186.128:9618?addrs=10.5.186.128-9618&alias=CRUSH-OG-10-5-186-128&noUDP&sock=startd_1546_0181>
...
007 (41515723.007.000) 2026-02-13 13:54:36 Shadow exception!
	Error from slot1_35@CRUSH-OG-10-5-186-128: Failed to execute '/home/vjadhavy/hmphase/hm-phase-marg/outputs/noise/hm_1/run_model.sh' with arguments 70 80: (errno=13: 'Permission denied')
	0  -  Run Bytes Sent By Job
	0  -  Run Bytes Received By Job
...
012 (41515723.007.000) 2026-02-13 13:54:36 Job was held.
	Error from slot1_35@CRUSH-OG-10-5-186-128: Failed to execute '/home/vjadhavy/hmphase/hm-phase-marg/outputs/noise/hm_1/run_model.sh' with arguments 70 80: (errno=13: 'Permission denied')
	Code 6 Subcode 13
...
009 (41515723.007.000) 2026-02-13 13:59:07 Job was aborted.
	via condor_rm (by user vjadhavy)
...
000 (41516575.007.000) 2026-02-13 13:59:28 Job submitted from host: <10.5.0.107:9618?addrs=10.5.0.107-9618&alias=sugwg-login.syr.edu&noUDP&sock=schedd_873_6244>
...
001 (41516575.007.000) 2026-02-13 14:00:46 Job executing on host: <10.5.202.21:9618?addrs=10.5.202.21-9618&alias=CRUSH-OG-10-5-202-21&noUDP&sock=startd_1539_3457>
...
006 (41516575.007.000) 2026-02-13 14:00:47 Image size of job updated: 1
	0  -  MemoryUsage of job (MB)
	0  -  ResidentSetSize of job (KB)
...
005 (41516575.007.000) 2026-02-13 14:00:47 Job terminated.
	(1) Normal termination (return value 0)
		Usr 0 00:00:00, Sys 0 00:00:00  -  Run Remote Usage
		Usr 0 00:00:00, Sys 0 00:00:00  -  Run Local Usage
		Usr 0 00:00:00, Sys 0 00:00:00  -  Total Remote Usage
		Usr 0 00:00:00, Sys 0 00:00:00  -  Total Local Usage
	0  -  Run Bytes Sent By Job
	0  -  Run Bytes Received By Job
	0  -  Total Bytes Sent By Job
	0  -  Total Bytes Received By Job
	Partitionable Resources :    Usage  Request Allocated 
	   Cpus                 :                 6         6 
	   Disk (KB)            :        1        1     27335 
	   Memory (MB)          :        0     2048      2048 

	Job terminated of its own accord at 2026-02-13T19:00:47Z with exit-code 0.
...
000 (41518228.007.000) 2026-02-13 14:10:41 Job submitted from host: <10.5.0.107:9618?addrs=10.5.0.107-9618&alias=sugwg-login.syr.edu&noUDP&sock=schedd_873_6244>
...
001 (41518228.007.000) 2026-02-13 14:11:53 Job executing on host: <10.5.135.236:9618?addrs=10.5.135.236-9618&alias=CRUSH-OG-10-5-135-236&noUDP&sock=startd_1513_5ee1>
...
006 (41518228.007.000) 2026-02-13 14:12:02 Image size of job updated: 47292
	25  -  MemoryUsage of job (MB)
	24720  -  ResidentSetSize of job (KB)
...
006 (41518228.007.000) 2026-02-13 14:12:56 Image size of job updated: 808972
	25  -  MemoryUsage of job (MB)
	24720  -  ResidentSetSize of job (KB)
...
005 (41518228.007.000) 2026-02-13 14:12:56 Job terminated.
	(1) Normal termination (return value 2)
		Usr 0 00:00:07, Sys 0 00:00:01  -  Run Remote Usage
		Usr 0 00:00:00, Sys 0 00:00:00  -  Run Local Usage
		Usr 0 00:00:07, Sys 0 00:00:01  -  Total Remote Usage
		Usr 0 00:00:00, Sys 0 00:00:00  -  Total Local Usage
	0  -  Run Bytes Sent By Job
	0  -  Run Bytes Received By Job
	0  -  Total Bytes Sent By Job
	0  -  Total Bytes Received By Job
	Partitionable Resources :    Usage  Request Allocated 
	   Cpus                 :                 6         6 
	   Disk (KB)            :        1        1     27265 
	   Memory (MB)          :       25     2048      2048 

	Job terminated of its own accord at 2026-02-13T19:12:56Z with exit-code 2.
...
000 (41894317.007.000) 2026-02-15 18:28:14 Job submitted from host: <10.5.0.107:9618?addrs=10.5.0.107-9618&alias=sugwg-login.syr.edu&noUDP&sock=schedd_873_6244>
...
001 (41894317.007.000) 2026-02-15 18:28:59 Job executing on host: <10.5.205.28:9618?addrs=10.5.205.28-9618&alias=CRUSH-OG-10-5-205-28&noUDP&sock=startd_1372_a807>
...
006 (41894317.007.000) 2026-02-15 18:29:08 Image size of job updated: 326828
	133  -  MemoryUsage of job (MB)
	135368  -  ResidentSetSize of job (KB)
...
006 (41894317.007.000) 2026-02-15 18:29:11 Image size of job updated: 326828
	133  -  MemoryUsage of job (MB)
	135500  -  ResidentSetSize of job (KB)
...
005 (41894317.007.000) 2026-02-15 18:29:11 Job terminated.
	(1) Normal termination (return value 1)
		Usr 0 00:00:03, Sys 0 00:00:00  -  Run Remote Usage
		Usr 0 00:00:00, Sys 0 00:00:00  -  Run Local Usage
		Usr 0 00:00:03, Sys 0 00:00:00  -  Total Remote Usage
		Usr 0 00:00:00, Sys 0 00:00:00  -  Total Local Usage
	0  -  Run Bytes Sent By Job
	0  -  Run Bytes Received By Job
	0  -  Total Bytes Sent By Job
	0  -  Total Bytes Received By Job
	Partitionable Resources :    Usage  Request Allocated 
	   Cpus                 :     0.31        6         6 
	   Disk (KB)            :     1           1     27359 
	   Memory (MB)          :   133        2048      2048 

	Job terminated of its own accord at 2026-02-15T23:29:11Z with exit-code 1.
...
000 (41894519.007.000) 2026-02-15 18:37:48 Job submitted from host: <10.5.0.107:9618?addrs=10.5.0.107-9618&alias=sugwg-login.syr.edu&noUDP&sock=schedd_873_6244>
...
001 (41894519.007.000) 2026-02-15 18:38:26 Job executing on host: <10.5.173.31:9618?addrs=10.5.173.31-9618&alias=OG-NODE-10-5-173-31&noUDP&sock=startd_1280_8d50>
...
006 (41894519.007.000) 2026-02-15 18:38:34 Image size of job updated: 332904
	44  -  MemoryUsage of job (MB)
	44600  -  ResidentSetSize of job (KB)
...
006 (41894519.007.000) 2026-02-15 18:38:50 Image size of job updated: 768708
	44  -  MemoryUsage of job (MB)
	44600  -  ResidentSetSize of job (KB)
...
005 (41894519.007.000) 2026-02-15 18:38:50 Job terminated.
	(1) Normal termination (return value 1)
		Usr 0 00:00:06, Sys 0 00:00:01  -  Run Remote Usage
		Usr 0 00:00:00, Sys 0 00:00:00  -  Run Local Usage
		Usr 0 00:00:06, Sys 0 00:00:01  -  Total Remote Usage
		Usr 0 00:00:00, Sys 0 00:00:00  -  Total Local Usage
	0  -  Run Bytes Sent By Job
	0  -  Run Bytes Received By Job
	0  -  Total Bytes Sent By Job
	0  -  Total Bytes Received By Job
	Partitionable Resources :    Usage  Request Allocated 
	   Cpus                 :                 6         6 
	   Disk (KB)            :        1        1     23543 
	   Memory (MB)          :       44     2048      2048 

	Job terminated of its own accord at 2026-02-15T23:38:50Z with exit-code 1.
...
000 (41894821.007.000) 2026-02-15 18:43:33 Job submitted from host: <10.5.0.107:9618?addrs=10.5.0.107-9618&alias=sugwg-login.syr.edu&noUDP&sock=schedd_873_6244>
...
001 (41894821.007.000) 2026-02-15 18:44:10 Job executing on host: <10.5.200.41:9618?addrs=10.5.200.41-9618&alias=OG-NODE-10-5-200-41&noUDP&sock=startd_1509_a080>
...
006 (41894821.007.000) 2026-02-15 18:44:19 Image size of job updated: 351664
	57  -  MemoryUsage of job (MB)
	57408  -  ResidentSetSize of job (KB)
...
006 (41894821.007.000) 2026-02-15 18:45:29 Image size of job updated: 1514756
	57  -  MemoryUsage of job (MB)
	57408  -  ResidentSetSize of job (KB)
...
005 (41894821.007.000) 2026-02-15 18:45:29 Job terminated.
	(1) Normal termination (return value 1)
		Usr 0 00:00:52, Sys 0 00:00:10  -  Run Remote Usage
		Usr 0 00:00:00, Sys 0 00:00:00  -  Run Local Usage
		Usr 0 00:00:52, Sys 0 00:00:10  -  Total Remote Usage
		Usr 0 00:00:00, Sys 0 00:00:00  -  Total Local Usage
	0  -  Run Bytes Sent By Job
	0  -  Run Bytes Received By Job
	0  -  Total Bytes Sent By Job
	0  -  Total Bytes Received By Job
	Partitionable Resources :    Usage  Request Allocated 
	   Cpus                 :                 6         6 
	   Disk (KB)            :        1        1     13635 
	   Memory (MB)          :       57     2048      2048 

	Job terminated of its own accord at 2026-02-15T23:45:29Z with exit-code 1.
...
000 (42059682.007.000) 2026-02-16 15:11:41 Job submitted from host: <10.5.0.107:9618?addrs=10.5.0.107-9618&alias=sugwg-login.syr.edu&noUDP&sock=schedd_873_6244>
...
001 (42059682.007.000) 2026-02-16 15:12:02 Job executing on host: <10.5.202.225:9618?addrs=10.5.202.225-9618&alias=OG-NODE-10-5-202-225&noUDP&sock=startd_1511_ffb1>
...
006 (42059682.007.000) 2026-02-16 15:12:11 Image size of job updated: 73748
	44  -  MemoryUsage of job (MB)
	44972  -  ResidentSetSize of job (KB)
...
006 (42059682.007.000) 2026-02-16 15:13:15 Image size of job updated: 898284
	44  -  MemoryUsage of job (MB)
	44972  -  ResidentSetSize of job (KB)
...
005 (42059682.007.000) 2026-02-16 15:13:15 Job terminated.
	(1) Normal termination (return value 1)
		Usr 0 00:00:48, Sys 0 00:00:05  -  Run Remote Usage
		Usr 0 00:00:00, Sys 0 00:00:00  -  Run Local Usage
		Usr 0 00:00:48, Sys 0 00:00:05  -  Total Remote Usage
		Usr 0 00:00:00, Sys 0 00:00:00  -  Total Local Usage
	0  -  Run Bytes Sent By Job
	0  -  Run Bytes Received By Job
	0  -  Total Bytes Sent By Job
	0  -  Total Bytes Received By Job
	Partitionable Resources :    Usage  Request Allocated 
	   Cpus                 :     0.36        6         6 
	   Disk (KB)            :     1           1     19837 
	   Memory (MB)          :    44        2048      2048 

	Job terminated of its own accord at 2026-02-16T20:13:15Z with exit-code 1.
...
