000 (41515723.001.000) 2026-02-13 13:53:35 Job submitted from host: <10.5.0.107:9618?addrs=10.5.0.107-9618&alias=sugwg-login.syr.edu&noUDP&sock=schedd_873_6244>
...
001 (41515723.001.000) 2026-02-13 13:54:35 Job executing on host: <10.5.206.196:9618?addrs=10.5.206.196-9618&alias=CRUSH-OG-10-5-206-196&noUDP&sock=startd_1216_a740>
...
007 (41515723.001.000) 2026-02-13 13:54:35 Shadow exception!
	Error from slot1_31@CRUSH-OG-10-5-206-196: Failed to execute '/home/vjadhavy/hmphase/hm-phase-marg/outputs/noise/hm_1/run_model.sh' with arguments 10 20: (errno=13: 'Permission denied')
	0  -  Run Bytes Sent By Job
	0  -  Run Bytes Received By Job
...
012 (41515723.001.000) 2026-02-13 13:54:35 Job was held.
	Error from slot1_31@CRUSH-OG-10-5-206-196: Failed to execute '/home/vjadhavy/hmphase/hm-phase-marg/outputs/noise/hm_1/run_model.sh' with arguments 10 20: (errno=13: 'Permission denied')
	Code 6 Subcode 13
...
009 (41515723.001.000) 2026-02-13 13:59:07 Job was aborted.
	via condor_rm (by user vjadhavy)
...
000 (41516575.001.000) 2026-02-13 13:59:28 Job submitted from host: <10.5.0.107:9618?addrs=10.5.0.107-9618&alias=sugwg-login.syr.edu&noUDP&sock=schedd_873_6244>
...
001 (41516575.001.000) 2026-02-13 14:00:52 Job executing on host: <10.5.152.180:9618?addrs=10.5.152.180-9618&alias=CRUSH-OG-10-5-152-180&noUDP&sock=startd_1517_1d42>
...
006 (41516575.001.000) 2026-02-13 14:00:52 Image size of job updated: 1
	0  -  MemoryUsage of job (MB)
	0  -  ResidentSetSize of job (KB)
...
005 (41516575.001.000) 2026-02-13 14:00:52 Job terminated.
	(1) Normal termination (return value 0)
		Usr 0 00:00:00, Sys 0 00:00:00  -  Run Remote Usage
		Usr 0 00:00:00, Sys 0 00:00:00  -  Run Local Usage
		Usr 0 00:00:00, Sys 0 00:00:00  -  Total Remote Usage
		Usr 0 00:00:00, Sys 0 00:00:00  -  Total Local Usage
	0  -  Run Bytes Sent By Job
	0  -  Run Bytes Received By Job
	0  -  Total Bytes Sent By Job
	0  -  Total Bytes Received By Job
	Partitionable Resources :    Usage  Request Allocated 
	   Cpus                 :                 6         6 
	   Disk (KB)            :        1        1     27409 
	   Memory (MB)          :        0     2048      2048 

	Job terminated of its own accord at 2026-02-13T19:00:52Z with exit-code 0.
...
000 (41518228.001.000) 2026-02-13 14:10:41 Job submitted from host: <10.5.0.107:9618?addrs=10.5.0.107-9618&alias=sugwg-login.syr.edu&noUDP&sock=schedd_873_6244>
...
001 (41518228.001.000) 2026-02-13 14:11:59 Job executing on host: <10.5.135.34:9618?addrs=10.5.135.34-9618&alias=CRUSH-OG-10-5-135-34&noUDP&sock=startd_1527_f935>
...
006 (41518228.001.000) 2026-02-13 14:12:07 Image size of job updated: 66600
	37  -  MemoryUsage of job (MB)
	37560  -  ResidentSetSize of job (KB)
...
006 (41518228.001.000) 2026-02-13 14:12:57 Image size of job updated: 771644
	37  -  MemoryUsage of job (MB)
	37560  -  ResidentSetSize of job (KB)
...
005 (41518228.001.000) 2026-02-13 14:12:57 Job terminated.
	(1) Normal termination (return value 2)
		Usr 0 00:00:08, Sys 0 00:00:02  -  Run Remote Usage
		Usr 0 00:00:00, Sys 0 00:00:00  -  Run Local Usage
		Usr 0 00:00:08, Sys 0 00:00:02  -  Total Remote Usage
		Usr 0 00:00:00, Sys 0 00:00:00  -  Total Local Usage
	0  -  Run Bytes Sent By Job
	0  -  Run Bytes Received By Job
	0  -  Total Bytes Sent By Job
	0  -  Total Bytes Received By Job
	Partitionable Resources :    Usage  Request Allocated 
	   Cpus                 :                 6         6 
	   Disk (KB)            :        1        1     27396 
	   Memory (MB)          :       37     2048      2048 

	Job terminated of its own accord at 2026-02-13T19:12:57Z with exit-code 2.
...
000 (41894317.001.000) 2026-02-15 18:28:14 Job submitted from host: <10.5.0.107:9618?addrs=10.5.0.107-9618&alias=sugwg-login.syr.edu&noUDP&sock=schedd_873_6244>
...
001 (41894317.001.000) 2026-02-15 18:28:59 Job executing on host: <10.5.185.243:9618?addrs=10.5.185.243-9618&alias=CRUSH-OG-10-5-185-243&noUDP&sock=startd_1525_9a04>
...
006 (41894317.001.000) 2026-02-15 18:29:08 Image size of job updated: 281588
	53  -  MemoryUsage of job (MB)
	53428  -  ResidentSetSize of job (KB)
...
006 (41894317.001.000) 2026-02-15 18:29:26 Image size of job updated: 734772
	53  -  MemoryUsage of job (MB)
	53428  -  ResidentSetSize of job (KB)
...
005 (41894317.001.000) 2026-02-15 18:29:26 Job terminated.
	(1) Normal termination (return value 1)
		Usr 0 00:00:06, Sys 0 00:00:01  -  Run Remote Usage
		Usr 0 00:00:00, Sys 0 00:00:00  -  Run Local Usage
		Usr 0 00:00:06, Sys 0 00:00:01  -  Total Remote Usage
		Usr 0 00:00:00, Sys 0 00:00:00  -  Total Local Usage
	0  -  Run Bytes Sent By Job
	0  -  Run Bytes Received By Job
	0  -  Total Bytes Sent By Job
	0  -  Total Bytes Received By Job
	Partitionable Resources :    Usage  Request Allocated 
	   Cpus                 :                 6         6 
	   Disk (KB)            :        1        1     27416 
	   Memory (MB)          :       53     2048      2048 

	Job terminated of its own accord at 2026-02-15T23:29:26Z with exit-code 1.
...
000 (41894519.001.000) 2026-02-15 18:37:48 Job submitted from host: <10.5.0.107:9618?addrs=10.5.0.107-9618&alias=sugwg-login.syr.edu&noUDP&sock=schedd_873_6244>
...
001 (41894519.001.000) 2026-02-15 18:38:25 Job executing on host: <10.5.185.243:9618?addrs=10.5.185.243-9618&alias=CRUSH-OG-10-5-185-243&noUDP&sock=startd_1525_9a04>
...
006 (41894519.001.000) 2026-02-15 18:38:34 Image size of job updated: 722372
	100  -  MemoryUsage of job (MB)
	101992  -  ResidentSetSize of job (KB)
...
005 (41894519.001.000) 2026-02-15 18:38:39 Job terminated.
	(1) Normal termination (return value 1)
		Usr 0 00:00:06, Sys 0 00:00:01  -  Run Remote Usage
		Usr 0 00:00:00, Sys 0 00:00:00  -  Run Local Usage
		Usr 0 00:00:06, Sys 0 00:00:01  -  Total Remote Usage
		Usr 0 00:00:00, Sys 0 00:00:00  -  Total Local Usage
	0  -  Run Bytes Sent By Job
	0  -  Run Bytes Received By Job
	0  -  Total Bytes Sent By Job
	0  -  Total Bytes Received By Job
	Partitionable Resources :    Usage  Request Allocated 
	   Cpus                 :                 6         6 
	   Disk (KB)            :        1        1     27416 
	   Memory (MB)          :      100     2048      2048 

	Job terminated of its own accord at 2026-02-15T23:38:39Z with exit-code 1.
...
000 (41894821.001.000) 2026-02-15 18:43:33 Job submitted from host: <10.5.0.107:9618?addrs=10.5.0.107-9618&alias=sugwg-login.syr.edu&noUDP&sock=schedd_873_6244>
...
001 (41894821.001.000) 2026-02-15 18:44:10 Job executing on host: <10.5.185.243:9618?addrs=10.5.185.243-9618&alias=CRUSH-OG-10-5-185-243&noUDP&sock=startd_1525_9a04>
...
006 (41894821.001.000) 2026-02-15 18:44:19 Image size of job updated: 723648
	87  -  MemoryUsage of job (MB)
	89084  -  ResidentSetSize of job (KB)
...
006 (41894821.001.000) 2026-02-15 18:45:20 Image size of job updated: 1500416
	87  -  MemoryUsage of job (MB)
	89084  -  ResidentSetSize of job (KB)
...
005 (41894821.001.000) 2026-02-15 18:45:20 Job terminated.
	(1) Normal termination (return value 1)
		Usr 0 00:00:57, Sys 0 00:00:06  -  Run Remote Usage
		Usr 0 00:00:00, Sys 0 00:00:00  -  Run Local Usage
		Usr 0 00:00:57, Sys 0 00:00:06  -  Total Remote Usage
		Usr 0 00:00:00, Sys 0 00:00:00  -  Total Local Usage
	0  -  Run Bytes Sent By Job
	0  -  Run Bytes Received By Job
	0  -  Total Bytes Sent By Job
	0  -  Total Bytes Received By Job
	Partitionable Resources :    Usage  Request Allocated 
	   Cpus                 :     0.50        6         6 
	   Disk (KB)            :     1           1     27416 
	   Memory (MB)          :    87        2048      2048 

	Job terminated of its own accord at 2026-02-15T23:45:20Z with exit-code 1.
...
000 (42059682.001.000) 2026-02-16 15:11:41 Job submitted from host: <10.5.0.107:9618?addrs=10.5.0.107-9618&alias=sugwg-login.syr.edu&noUDP&sock=schedd_873_6244>
...
001 (42059682.001.000) 2026-02-16 15:12:08 Job executing on host: <10.5.208.142:9618?addrs=10.5.208.142-9618&alias=CRUSH-OG-10-5-208-142&noUDP&sock=startd_1249_49e0>
...
006 (42059682.001.000) 2026-02-16 15:12:16 Image size of job updated: 66388
	37  -  MemoryUsage of job (MB)
	37216  -  ResidentSetSize of job (KB)
...
006 (42059682.001.000) 2026-02-16 15:13:42 Image size of job updated: 1504504
	37  -  MemoryUsage of job (MB)
	37348  -  ResidentSetSize of job (KB)
...
005 (42059682.001.000) 2026-02-16 15:13:42 Job terminated.
	(1) Normal termination (return value 1)
		Usr 0 00:01:07, Sys 0 00:00:07  -  Run Remote Usage
		Usr 0 00:00:00, Sys 0 00:00:00  -  Run Local Usage
		Usr 0 00:01:07, Sys 0 00:00:07  -  Total Remote Usage
		Usr 0 00:00:00, Sys 0 00:00:00  -  Total Local Usage
	0  -  Run Bytes Sent By Job
	0  -  Run Bytes Received By Job
	0  -  Total Bytes Sent By Job
	0  -  Total Bytes Received By Job
	Partitionable Resources :    Usage  Request Allocated 
	   Cpus                 :                 6         6 
	   Disk (KB)            :        1        1     27388 
	   Memory (MB)          :       37     2048      2048 

	Job terminated of its own accord at 2026-02-16T20:13:42Z with exit-code 1.
...
