000 (42233293.002.000) 2026-02-26 15:57:27 Job submitted from host: <10.5.0.107:9618?addrs=10.5.0.107-9618&alias=sugwg-login.syr.edu&noUDP&sock=schedd_873_6244>
...
001 (42233293.002.000) 2026-02-26 15:57:49 Job executing on host: <10.5.196.11:9618?addrs=10.5.196.11-9618&alias=OG-NODE-10-5-196-11&noUDP&sock=startd_1515_be12>
...
006 (42233293.002.000) 2026-02-26 15:57:57 Image size of job updated: 99532
	98  -  MemoryUsage of job (MB)
	99532  -  ResidentSetSize of job (KB)
...
006 (42233293.002.000) 2026-02-26 16:02:57 Image size of job updated: 1641904
	525  -  MemoryUsage of job (MB)
	537044  -  ResidentSetSize of job (KB)
...
006 (42233293.002.000) 2026-02-26 16:07:57 Image size of job updated: 1641904
	530  -  MemoryUsage of job (MB)
	542192  -  ResidentSetSize of job (KB)
...
006 (42233293.002.000) 2026-02-26 16:17:59 Image size of job updated: 1641904
	914  -  MemoryUsage of job (MB)
	935464  -  ResidentSetSize of job (KB)
...
005 (42233293.002.000) 2026-02-26 16:31:49 Job terminated.
	(1) Normal termination (return value 0)
		Usr 0 00:32:57, Sys 0 00:02:51  -  Run Remote Usage
		Usr 0 00:00:00, Sys 0 00:00:00  -  Run Local Usage
		Usr 0 00:32:57, Sys 0 00:02:51  -  Total Remote Usage
		Usr 0 00:00:00, Sys 0 00:00:00  -  Total Local Usage
	0  -  Run Bytes Sent By Job
	0  -  Run Bytes Received By Job
	0  -  Total Bytes Sent By Job
	0  -  Total Bytes Received By Job
	Partitionable Resources :    Usage  Request Allocated 
	   Cpus                 :     1.03        6         6 
	   Disk (KB)            :     1           1     21846 
	   Memory (MB)          :   914        2048      2048 

	Job terminated of its own accord at 2026-02-26T21:31:48Z with exit-code 0.
...
