000 (42233293.009.000) 2026-02-26 15:57:27 Job submitted from host: <10.5.0.107:9618?addrs=10.5.0.107-9618&alias=sugwg-login.syr.edu&noUDP&sock=schedd_873_6244>
...
001 (42233293.009.000) 2026-02-26 15:57:49 Job executing on host: <10.5.201.192:9618?addrs=10.5.201.192-9618&alias=OG-NODE-10-5-201-192&noUDP&sock=startd_1514_0e79>
...
006 (42233293.009.000) 2026-02-26 15:57:57 Image size of job updated: 297704
	97  -  MemoryUsage of job (MB)
	98716  -  ResidentSetSize of job (KB)
...
006 (42233293.009.000) 2026-02-26 16:02:57 Image size of job updated: 1548056
	232  -  MemoryUsage of job (MB)
	237428  -  ResidentSetSize of job (KB)
...
006 (42233293.009.000) 2026-02-26 16:07:57 Image size of job updated: 1548056
	283  -  MemoryUsage of job (MB)
	289492  -  ResidentSetSize of job (KB)
...
006 (42233293.009.000) 2026-02-26 16:12:58 Image size of job updated: 1611548
	572  -  MemoryUsage of job (MB)
	584736  -  ResidentSetSize of job (KB)
...
006 (42233293.009.000) 2026-02-26 16:17:58 Image size of job updated: 1611548
	577  -  MemoryUsage of job (MB)
	590676  -  ResidentSetSize of job (KB)
...
005 (42233293.009.000) 2026-02-26 16:39:01 Job terminated.
	(1) Normal termination (return value 0)
		Usr 0 00:38:43, Sys 0 00:03:30  -  Run Remote Usage
		Usr 0 00:00:00, Sys 0 00:00:00  -  Run Local Usage
		Usr 0 00:38:43, Sys 0 00:03:30  -  Total Remote Usage
		Usr 0 00:00:00, Sys 0 00:00:00  -  Total Local Usage
	0  -  Run Bytes Sent By Job
	0  -  Run Bytes Received By Job
	0  -  Total Bytes Sent By Job
	0  -  Total Bytes Received By Job
	Partitionable Resources :    Usage  Request Allocated 
	   Cpus                 :     1.04        6         6 
	   Disk (KB)            :     1           1     16273 
	   Memory (MB)          :   577        2048      2048 

	Job terminated of its own accord at 2026-02-26T21:39:01Z with exit-code 0.
...
