000 (42233293.007.000) 2026-02-26 15:57:27 Job submitted from host: <10.5.0.107:9618?addrs=10.5.0.107-9618&alias=sugwg-login.syr.edu&noUDP&sock=schedd_873_6244>
...
001 (42233293.007.000) 2026-02-26 15:57:49 Job executing on host: <10.5.203.70:9618?addrs=10.5.203.70-9618&alias=OG-NODE-10-5-203-70&noUDP&sock=startd_1511_ffb1>
...
006 (42233293.007.000) 2026-02-26 15:57:57 Image size of job updated: 717396
	99  -  MemoryUsage of job (MB)
	100960  -  ResidentSetSize of job (KB)
...
006 (42233293.007.000) 2026-02-26 16:02:57 Image size of job updated: 1611740
	296  -  MemoryUsage of job (MB)
	302280  -  ResidentSetSize of job (KB)
...
006 (42233293.007.000) 2026-02-26 16:07:57 Image size of job updated: 1611740
	876  -  MemoryUsage of job (MB)
	896344  -  ResidentSetSize of job (KB)
...
006 (42233293.007.000) 2026-02-26 16:12:58 Image size of job updated: 1638044
	876  -  MemoryUsage of job (MB)
	896344  -  ResidentSetSize of job (KB)
...
006 (42233293.007.000) 2026-02-26 16:17:58 Image size of job updated: 1642204
	876  -  MemoryUsage of job (MB)
	896344  -  ResidentSetSize of job (KB)
...
005 (42233293.007.000) 2026-02-26 16:31:48 Job terminated.
	(1) Normal termination (return value 0)
		Usr 0 00:32:54, Sys 0 00:02:58  -  Run Remote Usage
		Usr 0 00:00:00, Sys 0 00:00:00  -  Run Local Usage
		Usr 0 00:32:54, Sys 0 00:02:58  -  Total Remote Usage
		Usr 0 00:00:00, Sys 0 00:00:00  -  Total Local Usage
	0  -  Run Bytes Sent By Job
	0  -  Run Bytes Received By Job
	0  -  Total Bytes Sent By Job
	0  -  Total Bytes Received By Job
	Partitionable Resources :    Usage  Request Allocated 
	   Cpus                 :     1.08        6         6 
	   Disk (KB)            :     1           1     20905 
	   Memory (MB)          :   876        2048      2048 

	Job terminated of its own accord at 2026-02-26T21:31:48Z with exit-code 0.
...
