000 (42233293.003.000) 2026-02-26 15:57:27 Job submitted from host: <10.5.0.107:9618?addrs=10.5.0.107-9618&alias=sugwg-login.syr.edu&noUDP&sock=schedd_873_6244>
...
001 (42233293.003.000) 2026-02-26 15:57:54 Job executing on host: <10.5.222.251:9618?addrs=10.5.222.251-9618&alias=CRUSH-OG-10-5-222-251&noUDP&sock=startd_1534_c65e>
...
006 (42233293.003.000) 2026-02-26 15:58:02 Image size of job updated: 126684
	124  -  MemoryUsage of job (MB)
	126684  -  ResidentSetSize of job (KB)
...
006 (42233293.003.000) 2026-02-26 16:03:02 Image size of job updated: 1615540
	428  -  MemoryUsage of job (MB)
	437932  -  ResidentSetSize of job (KB)
...
006 (42233293.003.000) 2026-02-26 16:08:02 Image size of job updated: 1615540
	682  -  MemoryUsage of job (MB)
	697396  -  ResidentSetSize of job (KB)
...
006 (42233293.003.000) 2026-02-26 16:13:03 Image size of job updated: 1615540
	686  -  MemoryUsage of job (MB)
	701884  -  ResidentSetSize of job (KB)
...
006 (42233293.003.000) 2026-02-26 16:23:04 Image size of job updated: 1641588
	686  -  MemoryUsage of job (MB)
	701884  -  ResidentSetSize of job (KB)
...
006 (42233293.003.000) 2026-02-26 16:28:04 Image size of job updated: 1658484
	916  -  MemoryUsage of job (MB)
	937528  -  ResidentSetSize of job (KB)
...
005 (42233293.003.000) 2026-02-26 16:31:31 Job terminated.
	(1) Normal termination (return value 0)
		Usr 0 00:31:43, Sys 0 00:03:07  -  Run Remote Usage
		Usr 0 00:00:00, Sys 0 00:00:00  -  Run Local Usage
		Usr 0 00:31:43, Sys 0 00:03:07  -  Total Remote Usage
		Usr 0 00:00:00, Sys 0 00:00:00  -  Total Local Usage
	0  -  Run Bytes Sent By Job
	0  -  Run Bytes Received By Job
	0  -  Total Bytes Sent By Job
	0  -  Total Bytes Received By Job
	Partitionable Resources :    Usage  Request Allocated 
	   Cpus                 :     1.05        6         6 
	   Disk (KB)            :     1           1     27352 
	   Memory (MB)          :   916        2048      2048 

	Job terminated of its own accord at 2026-02-26T21:31:31Z with exit-code 0.
...
