000 (42233293.000.000) 2026-02-26 15:57:27 Job submitted from host: <10.5.0.107:9618?addrs=10.5.0.107-9618&alias=sugwg-login.syr.edu&noUDP&sock=schedd_873_6244>
...
001 (42233293.000.000) 2026-02-26 15:57:48 Job executing on host: <10.5.4.2:9618?addrs=10.5.4.2-9618&alias=AS-PRIEVELAB04-S1-its-u20-nfs-20210413&noUDP&sock=startd_897_d88a>
...
006 (42233293.000.000) 2026-02-26 15:57:57 Image size of job updated: 328508
	157  -  MemoryUsage of job (MB)
	160196  -  ResidentSetSize of job (KB)
...
006 (42233293.000.000) 2026-02-26 16:02:58 Image size of job updated: 1638116
	361  -  MemoryUsage of job (MB)
	369204  -  ResidentSetSize of job (KB)
...
006 (42233293.000.000) 2026-02-26 16:12:59 Image size of job updated: 1640164
	885  -  MemoryUsage of job (MB)
	905464  -  ResidentSetSize of job (KB)
...
005 (42233293.000.000) 2026-02-26 16:16:24 Job terminated.
	(1) Normal termination (return value 0)
		Usr 0 00:23:37, Sys 0 00:01:03  -  Run Remote Usage
		Usr 0 00:00:00, Sys 0 00:00:00  -  Run Local Usage
		Usr 0 00:23:37, Sys 0 00:01:03  -  Total Remote Usage
		Usr 0 00:00:00, Sys 0 00:00:00  -  Total Local Usage
	0  -  Run Bytes Sent By Job
	0  -  Run Bytes Received By Job
	0  -  Total Bytes Sent By Job
	0  -  Total Bytes Received By Job
	Partitionable Resources :    Usage  Request Allocated 
	   Cpus                 :     1.40        6         6 
	   Disk (KB)            :     1           1     31084 
	   Memory (MB)          :   885        2048      2048 

	Job terminated of its own accord at 2026-02-26T21:16:24Z with exit-code 0.
...
