000 (42233293.008.000) 2026-02-26 15:57:27 Job submitted from host: <10.5.0.107:9618?addrs=10.5.0.107-9618&alias=sugwg-login.syr.edu&noUDP&sock=schedd_873_6244>
...
001 (42233293.008.000) 2026-02-26 15:57:49 Job executing on host: <10.5.179.21:9618?addrs=10.5.179.21-9618&alias=OG-NODE-10-5-179-21&noUDP&sock=startd_1509_a080>
...
006 (42233293.008.000) 2026-02-26 15:57:57 Image size of job updated: 86776
	85  -  MemoryUsage of job (MB)
	86776  -  ResidentSetSize of job (KB)
...
006 (42233293.008.000) 2026-02-26 16:02:57 Image size of job updated: 1616580
	791  -  MemoryUsage of job (MB)
	809692  -  ResidentSetSize of job (KB)
...
005 (42233293.008.000) 2026-02-26 16:31:14 Job terminated.
	(1) Normal termination (return value 0)
		Usr 0 00:32:08, Sys 0 00:03:06  -  Run Remote Usage
		Usr 0 00:00:00, Sys 0 00:00:00  -  Run Local Usage
		Usr 0 00:32:08, Sys 0 00:03:06  -  Total Remote Usage
		Usr 0 00:00:00, Sys 0 00:00:00  -  Total Local Usage
	0  -  Run Bytes Sent By Job
	0  -  Run Bytes Received By Job
	0  -  Total Bytes Sent By Job
	0  -  Total Bytes Received By Job
	Partitionable Resources :    Usage  Request Allocated 
	   Cpus                 :     1.02        6         6 
	   Disk (KB)            :     1           1     20795 
	   Memory (MB)          :   791        2048      2048 

	Job terminated of its own accord at 2026-02-26T21:31:14Z with exit-code 0.
...
