000 (42233293.004.000) 2026-02-26 15:57:27 Job submitted from host: <10.5.0.107:9618?addrs=10.5.0.107-9618&alias=sugwg-login.syr.edu&noUDP&sock=schedd_873_6244>
...
001 (42233293.004.000) 2026-02-26 15:57:49 Job executing on host: <10.5.212.57:9618?addrs=10.5.212.57-9618&alias=OG-NODE-10-5-212-57&noUDP&sock=startd_1508_f0e8>
...
006 (42233293.004.000) 2026-02-26 15:57:57 Image size of job updated: 381492
	74  -  MemoryUsage of job (MB)
	74868  -  ResidentSetSize of job (KB)
...
006 (42233293.004.000) 2026-02-26 16:02:57 Image size of job updated: 1611880
	232  -  MemoryUsage of job (MB)
	236892  -  ResidentSetSize of job (KB)
...
006 (42233293.004.000) 2026-02-26 16:07:57 Image size of job updated: 1611880
	247  -  MemoryUsage of job (MB)
	252512  -  ResidentSetSize of job (KB)
...
006 (42233293.004.000) 2026-02-26 16:12:58 Image size of job updated: 1611880
	434  -  MemoryUsage of job (MB)
	443440  -  ResidentSetSize of job (KB)
...
006 (42233293.004.000) 2026-02-26 16:17:58 Image size of job updated: 1615560
	434  -  MemoryUsage of job (MB)
	443968  -  ResidentSetSize of job (KB)
...
005 (42233293.004.000) 2026-02-26 16:32:11 Job terminated.
	(1) Normal termination (return value 0)
		Usr 0 00:32:40, Sys 0 00:03:11  -  Run Remote Usage
		Usr 0 00:00:00, Sys 0 00:00:00  -  Run Local Usage
		Usr 0 00:32:40, Sys 0 00:03:11  -  Total Remote Usage
		Usr 0 00:00:00, Sys 0 00:00:00  -  Total Local Usage
	0  -  Run Bytes Sent By Job
	0  -  Run Bytes Received By Job
	0  -  Total Bytes Sent By Job
	0  -  Total Bytes Received By Job
	Partitionable Resources :    Usage  Request Allocated 
	   Cpus                 :     1.11        6         6 
	   Disk (KB)            :     1           1     20927 
	   Memory (MB)          :   434        2048      2048 

	Job terminated of its own accord at 2026-02-26T21:32:11Z with exit-code 0.
...
