000 (42233293.001.000) 2026-02-26 15:57:27 Job submitted from host: <10.5.0.107:9618?addrs=10.5.0.107-9618&alias=sugwg-login.syr.edu&noUDP&sock=schedd_873_6244>
...
001 (42233293.001.000) 2026-02-26 15:57:54 Job executing on host: <10.5.180.40:9618?addrs=10.5.180.40-9618&alias=CRUSH-OG-10-5-180-40&noUDP&sock=startd_1531_b796>
...
006 (42233293.001.000) 2026-02-26 15:58:02 Image size of job updated: 128068
	126  -  MemoryUsage of job (MB)
	128068  -  ResidentSetSize of job (KB)
...
006 (42233293.001.000) 2026-02-26 16:03:02 Image size of job updated: 1618656
	412  -  MemoryUsage of job (MB)
	421768  -  ResidentSetSize of job (KB)
...
006 (42233293.001.000) 2026-02-26 16:08:02 Image size of job updated: 1648356
	437  -  MemoryUsage of job (MB)
	447144  -  ResidentSetSize of job (KB)
...
006 (42233293.001.000) 2026-02-26 16:28:04 Image size of job updated: 1648356
	873  -  MemoryUsage of job (MB)
	893144  -  ResidentSetSize of job (KB)
...
005 (42233293.001.000) 2026-02-26 16:31:50 Job terminated.
	(1) Normal termination (return value 0)
		Usr 0 00:32:10, Sys 0 00:02:59  -  Run Remote Usage
		Usr 0 00:00:00, Sys 0 00:00:00  -  Run Local Usage
		Usr 0 00:32:10, Sys 0 00:02:59  -  Total Remote Usage
		Usr 0 00:00:00, Sys 0 00:00:00  -  Total Local Usage
	0  -  Run Bytes Sent By Job
	0  -  Run Bytes Received By Job
	0  -  Total Bytes Sent By Job
	0  -  Total Bytes Received By Job
	Partitionable Resources :    Usage  Request Allocated 
	   Cpus                 :     1.05        6         6 
	   Disk (KB)            :     1           1     27316 
	   Memory (MB)          :   873        2048      2048 

	Job terminated of its own accord at 2026-02-26T21:31:50Z with exit-code 0.
...
