000 (42233293.006.000) 2026-02-26 15:57:27 Job submitted from host: <10.5.0.107:9618?addrs=10.5.0.107-9618&alias=sugwg-login.syr.edu&noUDP&sock=schedd_873_6244>
...
001 (42233293.006.000) 2026-02-26 15:57:54 Job executing on host: <10.5.200.82:9618?addrs=10.5.200.82-9618&alias=OG-NODE-10-5-200-82&noUDP&sock=startd_1514_0e79>
...
006 (42233293.006.000) 2026-02-26 15:58:02 Image size of job updated: 62596
	35  -  MemoryUsage of job (MB)
	34876  -  ResidentSetSize of job (KB)
...
006 (42233293.006.000) 2026-02-26 16:03:02 Image size of job updated: 1552068
	318  -  MemoryUsage of job (MB)
	324780  -  ResidentSetSize of job (KB)
...
006 (42233293.006.000) 2026-02-26 16:08:03 Image size of job updated: 1615556
	318  -  MemoryUsage of job (MB)
	324780  -  ResidentSetSize of job (KB)
...
006 (42233293.006.000) 2026-02-26 16:13:04 Image size of job updated: 1615556
	524  -  MemoryUsage of job (MB)
	535692  -  ResidentSetSize of job (KB)
...
006 (42233293.006.000) 2026-02-26 16:18:04 Image size of job updated: 1615556
	531  -  MemoryUsage of job (MB)
	543612  -  ResidentSetSize of job (KB)
...
006 (42233293.006.000) 2026-02-26 16:23:04 Image size of job updated: 1615556
	880  -  MemoryUsage of job (MB)
	900980  -  ResidentSetSize of job (KB)
...
006 (42233293.006.000) 2026-02-26 16:33:05 Image size of job updated: 1627052
	880  -  MemoryUsage of job (MB)
	900980  -  ResidentSetSize of job (KB)
...
005 (42233293.006.000) 2026-02-26 16:35:25 Job terminated.
	(1) Normal termination (return value 0)
		Usr 0 00:36:44, Sys 0 00:03:11  -  Run Remote Usage
		Usr 0 00:00:00, Sys 0 00:00:00  -  Run Local Usage
		Usr 0 00:36:44, Sys 0 00:03:11  -  Total Remote Usage
		Usr 0 00:00:00, Sys 0 00:00:00  -  Total Local Usage
	0  -  Run Bytes Sent By Job
	0  -  Run Bytes Received By Job
	0  -  Total Bytes Sent By Job
	0  -  Total Bytes Received By Job
	Partitionable Resources :    Usage  Request Allocated 
	   Cpus                 :     1.16        6         6 
	   Disk (KB)            :     1           1     19485 
	   Memory (MB)          :   880        2048      2048 

	Job terminated of its own accord at 2026-02-26T21:35:25Z with exit-code 0.
...
