000 (42233296.000.000) 2026-02-26 16:02:10 Job submitted from host: <10.5.0.107:9618?addrs=10.5.0.107-9618&alias=sugwg-login.syr.edu&noUDP&sock=schedd_873_6244>
...
001 (42233296.000.000) 2026-02-26 16:02:20 Job executing on host: <10.5.197.47:9618?addrs=10.5.197.47-9618&alias=OG-NODE-10-5-197-47&noUDP&sock=startd_1535_75f7>
...
006 (42233296.000.000) 2026-02-26 16:02:29 Image size of job updated: 102248
	100  -  MemoryUsage of job (MB)
	102248  -  ResidentSetSize of job (KB)
...
006 (42233296.000.000) 2026-02-26 16:07:30 Image size of job updated: 1185444
	231  -  MemoryUsage of job (MB)
	236368  -  ResidentSetSize of job (KB)
...
006 (42233296.000.000) 2026-02-26 16:12:31 Image size of job updated: 1611432
	853  -  MemoryUsage of job (MB)
	873008  -  ResidentSetSize of job (KB)
...
006 (42233296.000.000) 2026-02-26 16:32:32 Image size of job updated: 1613544
	853  -  MemoryUsage of job (MB)
	873008  -  ResidentSetSize of job (KB)
...
005 (42233296.000.000) 2026-02-26 16:48:08 Job terminated.
	(1) Normal termination (return value 0)
		Usr 0 00:44:23, Sys 0 00:03:19  -  Run Remote Usage
		Usr 0 00:00:00, Sys 0 00:00:00  -  Run Local Usage
		Usr 0 00:44:23, Sys 0 00:03:19  -  Total Remote Usage
		Usr 0 00:00:00, Sys 0 00:00:00  -  Total Local Usage
	0  -  Run Bytes Sent By Job
	0  -  Run Bytes Received By Job
	0  -  Total Bytes Sent By Job
	0  -  Total Bytes Received By Job
	Partitionable Resources :    Usage  Request Allocated 
	   Cpus                 :     1.04        6         6 
	   Disk (KB)            :     1           1     23543 
	   Memory (MB)          :   853        2048      2048 

	Job terminated of its own accord at 2026-02-26T21:48:08Z with exit-code 0.
...
