000 (42233296.005.000) 2026-02-26 16:02:10 Job submitted from host: <10.5.0.107:9618?addrs=10.5.0.107-9618&alias=sugwg-login.syr.edu&noUDP&sock=schedd_873_6244>
...
001 (42233296.005.000) 2026-02-26 16:02:30 Job executing on host: <10.5.138.43:9618?addrs=10.5.138.43-9618&alias=CRUSH-OG-10-5-138-43&noUDP&sock=startd_1536_258f>
...
006 (42233296.005.000) 2026-02-26 16:02:39 Image size of job updated: 74780
	45  -  MemoryUsage of job (MB)
	45344  -  ResidentSetSize of job (KB)
...
006 (42233296.005.000) 2026-02-26 16:07:40 Image size of job updated: 1619652
	351  -  MemoryUsage of job (MB)
	359072  -  ResidentSetSize of job (KB)
...
006 (42233296.005.000) 2026-02-26 16:12:40 Image size of job updated: 1619652
	368  -  MemoryUsage of job (MB)
	376240  -  ResidentSetSize of job (KB)
...
006 (42233296.005.000) 2026-02-26 16:17:40 Image size of job updated: 1619652
	756  -  MemoryUsage of job (MB)
	773312  -  ResidentSetSize of job (KB)
...
005 (42233296.005.000) 2026-02-26 16:37:48 Job terminated.
	(1) Normal termination (return value 0)
		Usr 0 00:33:14, Sys 0 00:03:19  -  Run Remote Usage
		Usr 0 00:00:00, Sys 0 00:00:00  -  Run Local Usage
		Usr 0 00:33:14, Sys 0 00:03:19  -  Total Remote Usage
		Usr 0 00:00:00, Sys 0 00:00:00  -  Total Local Usage
	0  -  Run Bytes Sent By Job
	0  -  Run Bytes Received By Job
	0  -  Total Bytes Sent By Job
	0  -  Total Bytes Received By Job
	Partitionable Resources :    Usage  Request Allocated 
	   Cpus                 :     1.04        6         6 
	   Disk (KB)            :     1           1     27431 
	   Memory (MB)          :   756        2048      2048 

	Job terminated of its own accord at 2026-02-26T21:37:48Z with exit-code 0.
...
