000 (42233296.007.000) 2026-02-26 16:02:10 Job submitted from host: <10.5.0.107:9618?addrs=10.5.0.107-9618&alias=sugwg-login.syr.edu&noUDP&sock=schedd_873_6244>
...
001 (42233296.007.000) 2026-02-26 16:02:25 Job executing on host: <10.5.217.124:9618?addrs=10.5.217.124-9618&alias=OG-NODE-10-5-217-124&noUDP&sock=startd_1510_5018>
...
006 (42233296.007.000) 2026-02-26 16:02:34 Image size of job updated: 354808
	59  -  MemoryUsage of job (MB)
	60260  -  ResidentSetSize of job (KB)
...
006 (42233296.007.000) 2026-02-26 16:07:35 Image size of job updated: 1611564
	313  -  MemoryUsage of job (MB)
	320412  -  ResidentSetSize of job (KB)
...
006 (42233296.007.000) 2026-02-26 16:12:35 Image size of job updated: 1611564
	336  -  MemoryUsage of job (MB)
	343436  -  ResidentSetSize of job (KB)
...
006 (42233296.007.000) 2026-02-26 16:17:35 Image size of job updated: 1611564
	884  -  MemoryUsage of job (MB)
	904468  -  ResidentSetSize of job (KB)
...
006 (42233296.007.000) 2026-02-26 16:22:36 Image size of job updated: 1611564
	888  -  MemoryUsage of job (MB)
	909220  -  ResidentSetSize of job (KB)
...
006 (42233296.007.000) 2026-02-26 16:27:36 Image size of job updated: 1621204
	888  -  MemoryUsage of job (MB)
	909220  -  ResidentSetSize of job (KB)
...
005 (42233296.007.000) 2026-02-26 16:46:13 Job terminated.
	(1) Normal termination (return value 0)
		Usr 0 00:41:47, Sys 0 00:03:42  -  Run Remote Usage
		Usr 0 00:00:00, Sys 0 00:00:00  -  Run Local Usage
		Usr 0 00:41:47, Sys 0 00:03:42  -  Total Remote Usage
		Usr 0 00:00:00, Sys 0 00:00:00  -  Total Local Usage
	0  -  Run Bytes Sent By Job
	0  -  Run Bytes Received By Job
	0  -  Total Bytes Sent By Job
	0  -  Total Bytes Received By Job
	Partitionable Resources :    Usage  Request Allocated 
	   Cpus                 :     1.00        6         6 
	   Disk (KB)            :     1           1     16758 
	   Memory (MB)          :   888        2048      2048 

	Job terminated of its own accord at 2026-02-26T21:46:13Z with exit-code 0.
...
