000 (42233296.008.000) 2026-02-26 16:02:10 Job submitted from host: <10.5.0.107:9618?addrs=10.5.0.107-9618&alias=sugwg-login.syr.edu&noUDP&sock=schedd_873_6244>
...
001 (42233296.008.000) 2026-02-26 16:02:25 Job executing on host: <10.5.208.6:9618?addrs=10.5.208.6-9618&alias=OG-NODE-10-5-208-6&noUDP&sock=startd_1501_23be>
...
006 (42233296.008.000) 2026-02-26 16:02:34 Image size of job updated: 107108
	66  -  MemoryUsage of job (MB)
	66980  -  ResidentSetSize of job (KB)
...
006 (42233296.008.000) 2026-02-26 16:07:35 Image size of job updated: 1513248
	396  -  MemoryUsage of job (MB)
	405280  -  ResidentSetSize of job (KB)
...
006 (42233296.008.000) 2026-02-26 16:12:35 Image size of job updated: 1547944
	427  -  MemoryUsage of job (MB)
	436568  -  ResidentSetSize of job (KB)
...
006 (42233296.008.000) 2026-02-26 16:22:36 Image size of job updated: 1549988
	464  -  MemoryUsage of job (MB)
	474472  -  ResidentSetSize of job (KB)
...
006 (42233296.008.000) 2026-02-26 16:32:37 Image size of job updated: 1549988
	750  -  MemoryUsage of job (MB)
	767596  -  ResidentSetSize of job (KB)
...
005 (42233296.008.000) 2026-02-26 16:35:20 Job terminated.
	(1) Normal termination (return value 0)
		Usr 0 00:31:00, Sys 0 00:03:07  -  Run Remote Usage
		Usr 0 00:00:00, Sys 0 00:00:00  -  Run Local Usage
		Usr 0 00:31:00, Sys 0 00:03:07  -  Total Remote Usage
		Usr 0 00:00:00, Sys 0 00:00:00  -  Total Local Usage
	0  -  Run Bytes Sent By Job
	0  -  Run Bytes Received By Job
	0  -  Total Bytes Sent By Job
	0  -  Total Bytes Received By Job
	Partitionable Resources :    Usage  Request Allocated 
	   Cpus                 :     1.04        6         6 
	   Disk (KB)            :     1           1     16410 
	   Memory (MB)          :   750        2048      2048 

	Job terminated of its own accord at 2026-02-26T21:35:20Z with exit-code 0.
...
