000 (42233296.009.000) 2026-02-26 16:02:10 Job submitted from host: <10.5.0.107:9618?addrs=10.5.0.107-9618&alias=sugwg-login.syr.edu&noUDP&sock=schedd_873_6244>
...
001 (42233296.009.000) 2026-02-26 16:02:20 Job executing on host: <10.5.200.41:9618?addrs=10.5.200.41-9618&alias=OG-NODE-10-5-200-41&noUDP&sock=startd_1509_a080>
...
006 (42233296.009.000) 2026-02-26 16:02:29 Image size of job updated: 71808
	42  -  MemoryUsage of job (MB)
	42240  -  ResidentSetSize of job (KB)
...
006 (42233296.009.000) 2026-02-26 16:07:30 Image size of job updated: 1550116
	456  -  MemoryUsage of job (MB)
	466604  -  ResidentSetSize of job (KB)
...
006 (42233296.009.000) 2026-02-26 16:12:30 Image size of job updated: 1550116
	912  -  MemoryUsage of job (MB)
	933676  -  ResidentSetSize of job (KB)
...
006 (42233296.009.000) 2026-02-26 16:22:31 Image size of job updated: 1611560
	912  -  MemoryUsage of job (MB)
	933676  -  ResidentSetSize of job (KB)
...
005 (42233296.009.000) 2026-02-26 16:38:03 Job terminated.
	(1) Normal termination (return value 0)
		Usr 0 00:33:48, Sys 0 00:03:18  -  Run Remote Usage
		Usr 0 00:00:00, Sys 0 00:00:00  -  Run Local Usage
		Usr 0 00:33:48, Sys 0 00:03:18  -  Total Remote Usage
		Usr 0 00:00:00, Sys 0 00:00:00  -  Total Local Usage
	0  -  Run Bytes Sent By Job
	0  -  Run Bytes Received By Job
	0  -  Total Bytes Sent By Job
	0  -  Total Bytes Received By Job
	Partitionable Resources :    Usage  Request Allocated 
	   Cpus                 :     1.12        6         6 
	   Disk (KB)            :     1           1     13635 
	   Memory (MB)          :   912        2048      2048 

	Job terminated of its own accord at 2026-02-26T21:38:03Z with exit-code 0.
...
