000 (42233296.002.000) 2026-02-26 16:02:10 Job submitted from host: <10.5.0.107:9618?addrs=10.5.0.107-9618&alias=sugwg-login.syr.edu&noUDP&sock=schedd_873_6244>
...
001 (42233296.002.000) 2026-02-26 16:02:25 Job executing on host: <10.5.206.169:9618?addrs=10.5.206.169-9618&alias=OG-NODE-10-5-206-169&noUDP&sock=startd_1502_d356>
...
006 (42233296.002.000) 2026-02-26 16:02:34 Image size of job updated: 91172
	59  -  MemoryUsage of job (MB)
	60416  -  ResidentSetSize of job (KB)
...
006 (42233296.002.000) 2026-02-26 16:07:35 Image size of job updated: 1615328
	291  -  MemoryUsage of job (MB)
	297592  -  ResidentSetSize of job (KB)
...
006 (42233296.002.000) 2026-02-26 16:12:35 Image size of job updated: 1643860
	323  -  MemoryUsage of job (MB)
	330416  -  ResidentSetSize of job (KB)
...
006 (42233296.002.000) 2026-02-26 16:22:36 Image size of job updated: 1643860
	685  -  MemoryUsage of job (MB)
	701148  -  ResidentSetSize of job (KB)
...
006 (42233296.002.000) 2026-02-26 16:27:36 Image size of job updated: 1643860
	749  -  MemoryUsage of job (MB)
	765960  -  ResidentSetSize of job (KB)
...
005 (42233296.002.000) 2026-02-26 16:37:14 Job terminated.
	(1) Normal termination (return value 0)
		Usr 0 00:32:44, Sys 0 00:03:14  -  Run Remote Usage
		Usr 0 00:00:00, Sys 0 00:00:00  -  Run Local Usage
		Usr 0 00:32:44, Sys 0 00:03:14  -  Total Remote Usage
		Usr 0 00:00:00, Sys 0 00:00:00  -  Total Local Usage
	0  -  Run Bytes Sent By Job
	0  -  Run Bytes Received By Job
	0  -  Total Bytes Sent By Job
	0  -  Total Bytes Received By Job
	Partitionable Resources :    Usage  Request Allocated 
	   Cpus                 :     1.08        6         6 
	   Disk (KB)            :     1           1     19547 
	   Memory (MB)          :   749        2048      2048 

	Job terminated of its own accord at 2026-02-26T21:37:14Z with exit-code 0.
...
