000 (42233296.003.000) 2026-02-26 16:02:10 Job submitted from host: <10.5.0.107:9618?addrs=10.5.0.107-9618&alias=sugwg-login.syr.edu&noUDP&sock=schedd_873_6244>
...
001 (42233296.003.000) 2026-02-26 16:02:20 Job executing on host: <10.5.205.190:9618?addrs=10.5.205.190-9618&alias=OG-NODE-10-5-205-190&noUDP&sock=startd_1507_4150>
...
006 (42233296.003.000) 2026-02-26 16:02:29 Image size of job updated: 275444
	55  -  MemoryUsage of job (MB)
	56124  -  ResidentSetSize of job (KB)
...
006 (42233296.003.000) 2026-02-26 16:07:30 Image size of job updated: 1556788
	447  -  MemoryUsage of job (MB)
	456884  -  ResidentSetSize of job (KB)
...
006 (42233296.003.000) 2026-02-26 16:17:30 Image size of job updated: 1556788
	455  -  MemoryUsage of job (MB)
	465520  -  ResidentSetSize of job (KB)
...
006 (42233296.003.000) 2026-02-26 16:22:31 Image size of job updated: 1558832
	455  -  MemoryUsage of job (MB)
	465520  -  ResidentSetSize of job (KB)
...
006 (42233296.003.000) 2026-02-26 16:27:32 Image size of job updated: 1620276
	455  -  MemoryUsage of job (MB)
	465520  -  ResidentSetSize of job (KB)
...
005 (42233296.003.000) 2026-02-26 16:35:42 Job terminated.
	(1) Normal termination (return value 0)
		Usr 0 00:31:59, Sys 0 00:03:08  -  Run Remote Usage
		Usr 0 00:00:00, Sys 0 00:00:00  -  Run Local Usage
		Usr 0 00:31:59, Sys 0 00:03:08  -  Total Remote Usage
		Usr 0 00:00:00, Sys 0 00:00:00  -  Total Local Usage
	0  -  Run Bytes Sent By Job
	0  -  Run Bytes Received By Job
	0  -  Total Bytes Sent By Job
	0  -  Total Bytes Received By Job
	Partitionable Resources :    Usage  Request Allocated 
	   Cpus                 :     1.04        6         6 
	   Disk (KB)            :     1           1     16466 
	   Memory (MB)          :   455        2048      2048 

	Job terminated of its own accord at 2026-02-26T21:35:42Z with exit-code 0.
...
