000 (42233296.006.000) 2026-02-26 16:02:10 Job submitted from host: <10.5.0.107:9618?addrs=10.5.0.107-9618&alias=sugwg-login.syr.edu&noUDP&sock=schedd_873_6244>
...
001 (42233296.006.000) 2026-02-26 16:02:25 Job executing on host: <10.5.212.66:9618?addrs=10.5.212.66-9618&alias=OG-NODE-10-5-212-66&noUDP&sock=startd_1502_d356>
...
006 (42233296.006.000) 2026-02-26 16:02:34 Image size of job updated: 328152
	42  -  MemoryUsage of job (MB)
	42812  -  ResidentSetSize of job (KB)
...
006 (42233296.006.000) 2026-02-26 16:07:35 Image size of job updated: 1555304
	210  -  MemoryUsage of job (MB)
	214260  -  ResidentSetSize of job (KB)
...
006 (42233296.006.000) 2026-02-26 16:12:35 Image size of job updated: 1555304
	333  -  MemoryUsage of job (MB)
	340020  -  ResidentSetSize of job (KB)
...
006 (42233296.006.000) 2026-02-26 16:17:35 Image size of job updated: 1555304
	338  -  MemoryUsage of job (MB)
	345132  -  ResidentSetSize of job (KB)
...
006 (42233296.006.000) 2026-02-26 16:22:36 Image size of job updated: 1555304
	391  -  MemoryUsage of job (MB)
	399476  -  ResidentSetSize of job (KB)
...
006 (42233296.006.000) 2026-02-26 16:27:37 Image size of job updated: 1555304
	398  -  MemoryUsage of job (MB)
	407244  -  ResidentSetSize of job (KB)
...
006 (42233296.006.000) 2026-02-26 16:32:37 Image size of job updated: 1555304
	793  -  MemoryUsage of job (MB)
	811480  -  ResidentSetSize of job (KB)
...
005 (42233296.006.000) 2026-02-26 16:35:35 Job terminated.
	(1) Normal termination (return value 0)
		Usr 0 00:31:10, Sys 0 00:03:03  -  Run Remote Usage
		Usr 0 00:00:00, Sys 0 00:00:00  -  Run Local Usage
		Usr 0 00:31:10, Sys 0 00:03:03  -  Total Remote Usage
		Usr 0 00:00:00, Sys 0 00:00:00  -  Total Local Usage
	0  -  Run Bytes Sent By Job
	0  -  Run Bytes Received By Job
	0  -  Total Bytes Sent By Job
	0  -  Total Bytes Received By Job
	Partitionable Resources :    Usage  Request Allocated 
	   Cpus                 :     1.01        6         6 
	   Disk (KB)            :     1           1     16116 
	   Memory (MB)          :   793        2048      2048 

	Job terminated of its own accord at 2026-02-26T21:35:34Z with exit-code 0.
...
