000 (42233296.004.000) 2026-02-26 16:02:10 Job submitted from host: <10.5.0.107:9618?addrs=10.5.0.107-9618&alias=sugwg-login.syr.edu&noUDP&sock=schedd_873_6244>
...
001 (42233296.004.000) 2026-02-26 16:02:25 Job executing on host: <10.5.198.199:9618?addrs=10.5.198.199-9618&alias=OG-NODE-10-5-198-199&noUDP&sock=startd_1853294_1cb2>
...
006 (42233296.004.000) 2026-02-26 16:02:34 Image size of job updated: 350136
	59  -  MemoryUsage of job (MB)
	60008  -  ResidentSetSize of job (KB)
...
006 (42233296.004.000) 2026-02-26 16:07:35 Image size of job updated: 1513460
	238  -  MemoryUsage of job (MB)
	243324  -  ResidentSetSize of job (KB)
...
006 (42233296.004.000) 2026-02-26 16:12:35 Image size of job updated: 1616504
	385  -  MemoryUsage of job (MB)
	393472  -  ResidentSetSize of job (KB)
...
006 (42233296.004.000) 2026-02-26 16:17:35 Image size of job updated: 1616504
	393  -  MemoryUsage of job (MB)
	401664  -  ResidentSetSize of job (KB)
...
006 (42233296.004.000) 2026-02-26 16:22:36 Image size of job updated: 1616504
	444  -  MemoryUsage of job (MB)
	454164  -  ResidentSetSize of job (KB)
...
006 (42233296.004.000) 2026-02-26 16:27:37 Image size of job updated: 1616504
	445  -  MemoryUsage of job (MB)
	454692  -  ResidentSetSize of job (KB)
...
005 (42233296.004.000) 2026-02-26 16:36:47 Job terminated.
	(1) Normal termination (return value 0)
		Usr 0 00:32:08, Sys 0 00:03:25  -  Run Remote Usage
		Usr 0 00:00:00, Sys 0 00:00:00  -  Run Local Usage
		Usr 0 00:32:08, Sys 0 00:03:25  -  Total Remote Usage
		Usr 0 00:00:00, Sys 0 00:00:00  -  Total Local Usage
	0  -  Run Bytes Sent By Job
	0  -  Run Bytes Received By Job
	0  -  Total Bytes Sent By Job
	0  -  Total Bytes Received By Job
	Partitionable Resources :    Usage  Request Allocated 
	   Cpus                 :     1.05        6         6 
	   Disk (KB)            :     1           1     14294 
	   Memory (MB)          :   445        2048      2048 

	Job terminated of its own accord at 2026-02-26T21:36:47Z with exit-code 0.
...
