000 (42233296.001.000) 2026-02-26 16:02:10 Job submitted from host: <10.5.0.107:9618?addrs=10.5.0.107-9618&alias=sugwg-login.syr.edu&noUDP&sock=schedd_873_6244>
...
001 (42233296.001.000) 2026-02-26 16:02:25 Job executing on host: <10.5.199.129:9618?addrs=10.5.199.129-9618&alias=OG-NODE-10-5-199-129&noUDP&sock=startd_1505_e21f>
...
006 (42233296.001.000) 2026-02-26 16:02:34 Image size of job updated: 360384
	54  -  MemoryUsage of job (MB)
	54388  -  ResidentSetSize of job (KB)
...
006 (42233296.001.000) 2026-02-26 16:07:35 Image size of job updated: 1642164
	469  -  MemoryUsage of job (MB)
	479572  -  ResidentSetSize of job (KB)
...
006 (42233296.001.000) 2026-02-26 16:32:36 Image size of job updated: 1642164
	694  -  MemoryUsage of job (MB)
	710064  -  ResidentSetSize of job (KB)
...
005 (42233296.001.000) 2026-02-26 16:35:31 Job terminated.
	(1) Normal termination (return value 0)
		Usr 0 00:31:06, Sys 0 00:03:12  -  Run Remote Usage
		Usr 0 00:00:00, Sys 0 00:00:00  -  Run Local Usage
		Usr 0 00:31:06, Sys 0 00:03:12  -  Total Remote Usage
		Usr 0 00:00:00, Sys 0 00:00:00  -  Total Local Usage
	0  -  Run Bytes Sent By Job
	0  -  Run Bytes Received By Job
	0  -  Total Bytes Sent By Job
	0  -  Total Bytes Received By Job
	Partitionable Resources :    Usage  Request Allocated 
	   Cpus                 :     1.05        6         6 
	   Disk (KB)            :     1           1     13323 
	   Memory (MB)          :   694        2048      2048 

	Job terminated of its own accord at 2026-02-26T21:35:31Z with exit-code 0.
...
