000 (42232797.000.000) 2026-02-26 15:29:20 Job submitted from host: <10.5.0.107:9618?addrs=10.5.0.107-9618&alias=sugwg-login.syr.edu&noUDP&sock=schedd_873_6244>
...
001 (42232797.000.000) 2026-02-26 15:29:56 Job executing on host: <10.5.204.225:9618?addrs=10.5.204.225-9618&alias=CRUSH-OG-10-5-204-225&noUDP&sock=startd_1529_5865>
...
006 (42232797.000.000) 2026-02-26 15:30:04 Image size of job updated: 78288
	49  -  MemoryUsage of job (MB)
	49248  -  ResidentSetSize of job (KB)
...
006 (42232797.000.000) 2026-02-26 15:35:04 Image size of job updated: 1654112
	336  -  MemoryUsage of job (MB)
	343864  -  ResidentSetSize of job (KB)
...
006 (42232797.000.000) 2026-02-26 15:45:06 Image size of job updated: 1654112
	400  -  MemoryUsage of job (MB)
	409268  -  ResidentSetSize of job (KB)
...
006 (42232797.000.000) 2026-02-26 15:50:06 Image size of job updated: 1654112
	453  -  MemoryUsage of job (MB)
	463612  -  ResidentSetSize of job (KB)
...
006 (42232797.000.000) 2026-02-26 15:55:06 Image size of job updated: 1656928
	453  -  MemoryUsage of job (MB)
	463612  -  ResidentSetSize of job (KB)
...
006 (42232797.000.000) 2026-02-26 16:00:07 Image size of job updated: 1656928
	519  -  MemoryUsage of job (MB)
	531208  -  ResidentSetSize of job (KB)
...
006 (42232797.000.000) 2026-02-26 16:05:08 Image size of job updated: 1656928
	537  -  MemoryUsage of job (MB)
	548920  -  ResidentSetSize of job (KB)
...
006 (42232797.000.000) 2026-02-26 16:05:45 Image size of job updated: 1656928
	537  -  MemoryUsage of job (MB)
	549448  -  ResidentSetSize of job (KB)
...
005 (42232797.000.000) 2026-02-26 16:05:45 Job terminated.
	(1) Normal termination (return value 0)
		Usr 0 00:35:02, Sys 0 00:03:07  -  Run Remote Usage
		Usr 0 00:00:00, Sys 0 00:00:00  -  Run Local Usage
		Usr 0 00:35:02, Sys 0 00:03:07  -  Total Remote Usage
		Usr 0 00:00:00, Sys 0 00:00:00  -  Total Local Usage
	0  -  Run Bytes Sent By Job
	0  -  Run Bytes Received By Job
	0  -  Total Bytes Sent By Job
	0  -  Total Bytes Received By Job
	Partitionable Resources :    Usage  Request Allocated 
	   Cpus                 :     1.06        6         6 
	   Disk (KB)            :     1           1     27725 
	   Memory (MB)          :   537        2048      2048 

	Job terminated of its own accord at 2026-02-26T21:05:45Z with exit-code 0.
...
