000 (42232797.007.000) 2026-02-26 15:29:20 Job submitted from host: <10.5.0.107:9618?addrs=10.5.0.107-9618&alias=sugwg-login.syr.edu&noUDP&sock=schedd_873_6244>
...
001 (42232797.007.000) 2026-02-26 15:29:51 Job executing on host: <10.5.199.57:9618?addrs=10.5.199.57-9618&alias=OG-NODE-10-5-199-57&noUDP&sock=startd_1511_ffb1>
...
006 (42232797.007.000) 2026-02-26 15:29:59 Image size of job updated: 293832
	49  -  MemoryUsage of job (MB)
	49296  -  ResidentSetSize of job (KB)
...
006 (42232797.007.000) 2026-02-26 15:34:59 Image size of job updated: 1637712
	289  -  MemoryUsage of job (MB)
	295140  -  ResidentSetSize of job (KB)
...
006 (42232797.007.000) 2026-02-26 15:40:00 Image size of job updated: 1637712
	347  -  MemoryUsage of job (MB)
	354692  -  ResidentSetSize of job (KB)
...
006 (42232797.007.000) 2026-02-26 15:50:01 Image size of job updated: 1637712
	457  -  MemoryUsage of job (MB)
	467024  -  ResidentSetSize of job (KB)
...
006 (42232797.007.000) 2026-02-26 15:55:01 Image size of job updated: 1637712
	459  -  MemoryUsage of job (MB)
	469072  -  ResidentSetSize of job (KB)
...
005 (42232797.007.000) 2026-02-26 16:03:24 Job terminated.
	(1) Normal termination (return value 0)
		Usr 0 00:31:44, Sys 0 00:03:11  -  Run Remote Usage
		Usr 0 00:00:00, Sys 0 00:00:00  -  Run Local Usage
		Usr 0 00:31:44, Sys 0 00:03:11  -  Total Remote Usage
		Usr 0 00:00:00, Sys 0 00:00:00  -  Total Local Usage
	0  -  Run Bytes Sent By Job
	0  -  Run Bytes Received By Job
	0  -  Total Bytes Sent By Job
	0  -  Total Bytes Received By Job
	Partitionable Resources :    Usage  Request Allocated 
	   Cpus                 :     1.01        6         6 
	   Disk (KB)            :     1           1     16534 
	   Memory (MB)          :   459        2048      2048 

	Job terminated of its own accord at 2026-02-26T21:03:24Z with exit-code 0.
...
