000 (42232797.003.000) 2026-02-26 15:29:20 Job submitted from host: <10.5.0.107:9618?addrs=10.5.0.107-9618&alias=sugwg-login.syr.edu&noUDP&sock=schedd_873_6244>
...
001 (42232797.003.000) 2026-02-26 15:29:51 Job executing on host: <10.5.200.137:9618?addrs=10.5.200.137-9618&alias=OG-NODE-10-5-200-137&noUDP&sock=startd_1492_f764>
...
006 (42232797.003.000) 2026-02-26 15:29:59 Image size of job updated: 356172
	51  -  MemoryUsage of job (MB)
	52128  -  ResidentSetSize of job (KB)
...
006 (42232797.003.000) 2026-02-26 15:34:59 Image size of job updated: 1638948
	379  -  MemoryUsage of job (MB)
	387324  -  ResidentSetSize of job (KB)
...
006 (42232797.003.000) 2026-02-26 15:45:01 Image size of job updated: 1638948
	444  -  MemoryUsage of job (MB)
	454184  -  ResidentSetSize of job (KB)
...
006 (42232797.003.000) 2026-02-26 15:50:01 Image size of job updated: 1638948
	686  -  MemoryUsage of job (MB)
	701532  -  ResidentSetSize of job (KB)
...
006 (42232797.003.000) 2026-02-26 15:55:02 Image size of job updated: 1638948
	852  -  MemoryUsage of job (MB)
	871996  -  ResidentSetSize of job (KB)
...
005 (42232797.003.000) 2026-02-26 16:04:51 Job terminated.
	(1) Normal termination (return value 0)
		Usr 0 00:33:22, Sys 0 00:03:15  -  Run Remote Usage
		Usr 0 00:00:00, Sys 0 00:00:00  -  Run Local Usage
		Usr 0 00:33:22, Sys 0 00:03:15  -  Total Remote Usage
		Usr 0 00:00:00, Sys 0 00:00:00  -  Total Local Usage
	0  -  Run Bytes Sent By Job
	0  -  Run Bytes Received By Job
	0  -  Total Bytes Sent By Job
	0  -  Total Bytes Received By Job
	Partitionable Resources :    Usage  Request Allocated 
	   Cpus                 :     1.03        6         6 
	   Disk (KB)            :     1           1     18907 
	   Memory (MB)          :   852        2048      2048 

	Job terminated of its own accord at 2026-02-26T21:04:51Z with exit-code 0.
...
