000 (42232797.005.000) 2026-02-26 15:29:20 Job submitted from host: <10.5.0.107:9618?addrs=10.5.0.107-9618&alias=sugwg-login.syr.edu&noUDP&sock=schedd_873_6244>
...
001 (42232797.005.000) 2026-02-26 15:29:51 Job executing on host: <10.5.223.46:9618?addrs=10.5.223.46-9618&alias=OG-NODE-10-5-223-46&noUDP&sock=startd_1511_ffb1>
...
006 (42232797.005.000) 2026-02-26 15:29:59 Image size of job updated: 364648
	63  -  MemoryUsage of job (MB)
	64348  -  ResidentSetSize of job (KB)
...
006 (42232797.005.000) 2026-02-26 15:34:59 Image size of job updated: 1642212
	207  -  MemoryUsage of job (MB)
	211856  -  ResidentSetSize of job (KB)
...
006 (42232797.005.000) 2026-02-26 15:40:00 Image size of job updated: 1642212
	594  -  MemoryUsage of job (MB)
	608064  -  ResidentSetSize of job (KB)
...
005 (42232797.005.000) 2026-02-26 16:04:02 Job terminated.
	(1) Normal termination (return value 0)
		Usr 0 00:32:58, Sys 0 00:03:15  -  Run Remote Usage
		Usr 0 00:00:00, Sys 0 00:00:00  -  Run Local Usage
		Usr 0 00:32:58, Sys 0 00:03:15  -  Total Remote Usage
		Usr 0 00:00:00, Sys 0 00:00:00  -  Total Local Usage
	0  -  Run Bytes Sent By Job
	0  -  Run Bytes Received By Job
	0  -  Total Bytes Sent By Job
	0  -  Total Bytes Received By Job
	Partitionable Resources :    Usage  Request Allocated 
	   Cpus                 :     1.08        6         6 
	   Disk (KB)            :     1           1     16416 
	   Memory (MB)          :   594        2048      2048 

	Job terminated of its own accord at 2026-02-26T21:04:02Z with exit-code 0.
...
