000 (42232797.004.000) 2026-02-26 15:29:20 Job submitted from host: <10.5.0.107:9618?addrs=10.5.0.107-9618&alias=sugwg-login.syr.edu&noUDP&sock=schedd_873_6244>
...
001 (42232797.004.000) 2026-02-26 15:29:51 Job executing on host: <10.5.200.68:9618?addrs=10.5.200.68-9618&alias=OG-NODE-10-5-200-68&noUDP&sock=startd_1506_91b7>
...
006 (42232797.004.000) 2026-02-26 15:29:59 Image size of job updated: 73352
	44  -  MemoryUsage of job (MB)
	44048  -  ResidentSetSize of job (KB)
...
006 (42232797.004.000) 2026-02-26 15:34:59 Image size of job updated: 1612504
	441  -  MemoryUsage of job (MB)
	450692  -  ResidentSetSize of job (KB)
...
006 (42232797.004.000) 2026-02-26 15:40:00 Image size of job updated: 1612504
	443  -  MemoryUsage of job (MB)
	452740  -  ResidentSetSize of job (KB)
...
006 (42232797.004.000) 2026-02-26 16:04:36 Image size of job updated: 1633620
	443  -  MemoryUsage of job (MB)
	452740  -  ResidentSetSize of job (KB)
...
005 (42232797.004.000) 2026-02-26 16:04:36 Job terminated.
	(1) Normal termination (return value 0)
		Usr 0 00:33:39, Sys 0 00:02:59  -  Run Remote Usage
		Usr 0 00:00:00, Sys 0 00:00:00  -  Run Local Usage
		Usr 0 00:33:39, Sys 0 00:02:59  -  Total Remote Usage
		Usr 0 00:00:00, Sys 0 00:00:00  -  Total Local Usage
	0  -  Run Bytes Sent By Job
	0  -  Run Bytes Received By Job
	0  -  Total Bytes Sent By Job
	0  -  Total Bytes Received By Job
	Partitionable Resources :    Usage  Request Allocated 
	   Cpus                 :     1.07        6         6 
	   Disk (KB)            :     1           1     16134 
	   Memory (MB)          :   443        2048      2048 

	Job terminated of its own accord at 2026-02-26T21:04:36Z with exit-code 0.
...
