000 (42232797.002.000) 2026-02-26 15:29:20 Job submitted from host: <10.5.0.107:9618?addrs=10.5.0.107-9618&alias=sugwg-login.syr.edu&noUDP&sock=schedd_873_6244>
...
001 (42232797.002.000) 2026-02-26 15:29:46 Job executing on host: <10.5.202.86:9618?addrs=10.5.202.86-9618&alias=OG-NODE-10-5-202-86&noUDP&sock=startd_1500_7426>
...
006 (42232797.002.000) 2026-02-26 15:29:54 Image size of job updated: 136396
	85  -  MemoryUsage of job (MB)
	86368  -  ResidentSetSize of job (KB)
...
006 (42232797.002.000) 2026-02-26 15:34:54 Image size of job updated: 1616584
	450  -  MemoryUsage of job (MB)
	460800  -  ResidentSetSize of job (KB)
...
006 (42232797.002.000) 2026-02-26 15:44:55 Image size of job updated: 1616584
	693  -  MemoryUsage of job (MB)
	709332  -  ResidentSetSize of job (KB)
...
005 (42232797.002.000) 2026-02-26 16:05:55 Job terminated.
	(1) Normal termination (return value 0)
		Usr 0 00:34:44, Sys 0 00:03:30  -  Run Remote Usage
		Usr 0 00:00:00, Sys 0 00:00:00  -  Run Local Usage
		Usr 0 00:34:44, Sys 0 00:03:30  -  Total Remote Usage
		Usr 0 00:00:00, Sys 0 00:00:00  -  Total Local Usage
	0  -  Run Bytes Sent By Job
	0  -  Run Bytes Received By Job
	0  -  Total Bytes Sent By Job
	0  -  Total Bytes Received By Job
	Partitionable Resources :    Usage  Request Allocated 
	   Cpus                 :     1.06        6         6 
	   Disk (KB)            :     1           1     16967 
	   Memory (MB)          :   693        2048      2048 

	Job terminated of its own accord at 2026-02-26T21:05:55Z with exit-code 0.
...
