0 100
using numerical
0.015770789002999663
0
using numerical
0.008524394012056291
1
using numerical
0.005927995953243226
2
using numerical
0.017842787958215922
3
using numerical
0.01955368695780635
4
using numerical
0.007179095002356917
5
using numerical
0.01579918898642063
6
using numerical
0.009236494021024555
7
using numerical
0.015881988976616412
8
using numerical
0.007549394969828427
9
using numerical
0.009489137039054185
10
using numerical
0.017074998992029577
11
using numerical
0.013731327024288476
12
using numerical
0.020127603027503937
13
using numerical
0.018025522003881633
14
using numerical
0.008162168029230088
15
using numerical
0.017364736006129533
16
using numerical
0.017845839960500598
17
using numerical
0.016624948009848595
18
using numerical
0.012344165006652474
19
using numerical
0.010780872020404786
20
using numerical
0.009263877989724278
21
using numerical
0.022668947000056505
22
using numerical
0.021432652953080833
23
using numerical
0.017973562004044652
24
using numerical
0.025700549012981355
25
using numerical
0.023627154994755983
26
using numerical
0.02245015901280567
27
using numerical
0.010130182025022805
28
using numerical
0.023757759016007185
29
using numerical
0.014212276029866189
30
using numerical
0.007308188010938466
31
using numerical
0.007775087025947869
32
using numerical
0.00924228597432375
33
using numerical
0.008158288022968918
34
using numerical
0.006378290010616183
35
using numerical
0.0068952899891883135
36
using numerical
0.0066836909973062575
37
using numerical
0.015506876981817186
38
using numerical
0.012803175020962954
39
using numerical
0.006994835974182934
40
using numerical
0.007057530980091542
41
using numerical
0.017964567989110947
42
using numerical
0.014280945993959904
43
using numerical
0.008445022976957262
44
using numerical
0.006547014985699207
45
using numerical
0.007435114996042103
46
using numerical
0.005623209988698363
47
using numerical
0.022633032000157982
48
using numerical
0.015190217993222177
49
