000 (42162720.001.000) 2026-02-19 17:53:24 Job submitted from host: <10.5.0.107:9618?addrs=10.5.0.107-9618&alias=sugwg-login.syr.edu&noUDP&sock=schedd_873_6244>
...
001 (42162720.001.000) 2026-02-19 17:54:05 Job executing on host: <10.5.206.243:9618?addrs=10.5.206.243-9618&alias=CRUSH-OG-10-5-206-243&noUDP&sock=startd_1531_b796>
...
006 (42162720.001.000) 2026-02-19 17:54:14 Image size of job updated: 326988
	90  -  MemoryUsage of job (MB)
	91908  -  ResidentSetSize of job (KB)
...
006 (42162720.001.000) 2026-02-19 17:59:14 Image size of job updated: 1546384
	362  -  MemoryUsage of job (MB)
	370032  -  ResidentSetSize of job (KB)
...
006 (42162720.001.000) 2026-02-19 18:01:42 Image size of job updated: 1577104
	364  -  MemoryUsage of job (MB)
	371748  -  ResidentSetSize of job (KB)
...
004 (42162720.001.000) 2026-02-19 18:01:42 Job was evicted.
	(0) CPU times
		Usr 0 00:07:04, Sys 0 00:00:39  -  Run Remote Usage
		Usr 0 00:00:00, Sys 0 00:00:00  -  Run Local Usage
	0  -  Run Bytes Sent By Job
	0  -  Run Bytes Received By Job
	Partitionable Resources :    Usage  Request Allocated 
	   Cpus                 :     1.04        6         6 
	   Disk (KB)            :     1           1     27397 
	   Memory (MB)          :   364        2048      2048 
...
009 (42162720.001.000) 2026-02-19 18:01:42 Job was aborted.
	via condor_rm (by user vjadhavy)
...
000 (42162723.001.000) 2026-02-19 18:02:08 Job submitted from host: <10.5.0.107:9618?addrs=10.5.0.107-9618&alias=sugwg-login.syr.edu&noUDP&sock=schedd_873_6244>
...
001 (42162723.001.000) 2026-02-19 18:02:34 Job executing on host: <10.5.200.37:9618?addrs=10.5.200.37-9618&alias=OG-NODE-10-5-200-37&noUDP&sock=startd_1502_d356>
...
006 (42162723.001.000) 2026-02-19 18:02:42 Image size of job updated: 367120
	81  -  MemoryUsage of job (MB)
	81940  -  ResidentSetSize of job (KB)
...
006 (42162723.001.000) 2026-02-19 18:07:42 Image size of job updated: 1552132
	705  -  MemoryUsage of job (MB)
	721776  -  ResidentSetSize of job (KB)
...
006 (42162723.001.000) 2026-02-19 18:12:42 Image size of job updated: 1615620
	711  -  MemoryUsage of job (MB)
	727320  -  ResidentSetSize of job (KB)
...
006 (42162723.001.000) 2026-02-19 18:17:43 Image size of job updated: 1615620
	856  -  MemoryUsage of job (MB)
	876024  -  ResidentSetSize of job (KB)
...
005 (42162723.001.000) 2026-02-19 18:55:44 Job terminated.
	(1) Normal termination (return value 0)
		Usr 0 00:48:13, Sys 0 00:06:11  -  Run Remote Usage
		Usr 0 00:00:00, Sys 0 00:00:00  -  Run Local Usage
		Usr 0 00:48:13, Sys 0 00:06:11  -  Total Remote Usage
		Usr 0 00:00:00, Sys 0 00:00:00  -  Total Local Usage
	0  -  Run Bytes Sent By Job
	0  -  Run Bytes Received By Job
	0  -  Total Bytes Sent By Job
	0  -  Total Bytes Received By Job
	Partitionable Resources :    Usage  Request Allocated 
	   Cpus                 :     1.00        6         6 
	   Disk (KB)            :     1           1     17567 
	   Memory (MB)          :   856        2048      2048 

	Job terminated of its own accord at 2026-02-19T23:55:44Z with exit-code 0.
...
