000 (42162720.000.000) 2026-02-19 17:53:24 Job submitted from host: <10.5.0.107:9618?addrs=10.5.0.107-9618&alias=sugwg-login.syr.edu&noUDP&sock=schedd_873_6244>
...
001 (42162720.000.000) 2026-02-19 17:54:06 Job executing on host: <10.5.206.77:9618?addrs=10.5.206.77-9618&alias=CRUSH-OG-10-5-206-77&noUDP&sock=startd_1546_0181>
...
006 (42162720.000.000) 2026-02-19 17:54:14 Image size of job updated: 370472
	113  -  MemoryUsage of job (MB)
	115480  -  ResidentSetSize of job (KB)
...
006 (42162720.000.000) 2026-02-19 17:59:14 Image size of job updated: 1525664
	235  -  MemoryUsage of job (MB)
	240368  -  ResidentSetSize of job (KB)
...
006 (42162720.000.000) 2026-02-19 18:01:42 Image size of job updated: 1590692
	235  -  MemoryUsage of job (MB)
	240368  -  ResidentSetSize of job (KB)
...
004 (42162720.000.000) 2026-02-19 18:01:42 Job was evicted.
	(0) CPU times
		Usr 0 00:07:09, Sys 0 00:00:40  -  Run Remote Usage
		Usr 0 00:00:00, Sys 0 00:00:00  -  Run Local Usage
	0  -  Run Bytes Sent By Job
	0  -  Run Bytes Received By Job
	Partitionable Resources :    Usage  Request Allocated 
	   Cpus                 :     1.05        6         6 
	   Disk (KB)            :     1           1     27428 
	   Memory (MB)          :   235        2048      2048 
...
009 (42162720.000.000) 2026-02-19 18:01:42 Job was aborted.
	via condor_rm (by user vjadhavy)
...
000 (42162723.000.000) 2026-02-19 18:02:08 Job submitted from host: <10.5.0.107:9618?addrs=10.5.0.107-9618&alias=sugwg-login.syr.edu&noUDP&sock=schedd_873_6244>
...
001 (42162723.000.000) 2026-02-19 18:02:38 Job executing on host: <10.5.206.243:9618?addrs=10.5.206.243-9618&alias=CRUSH-OG-10-5-206-243&noUDP&sock=startd_1531_b796>
...
006 (42162723.000.000) 2026-02-19 18:02:47 Image size of job updated: 276152
	157  -  MemoryUsage of job (MB)
	159900  -  ResidentSetSize of job (KB)
...
006 (42162723.000.000) 2026-02-19 18:07:48 Image size of job updated: 1552088
	206  -  MemoryUsage of job (MB)
	210284  -  ResidentSetSize of job (KB)
...
006 (42162723.000.000) 2026-02-19 18:12:48 Image size of job updated: 1552088
	447  -  MemoryUsage of job (MB)
	457432  -  ResidentSetSize of job (KB)
...
006 (42162723.000.000) 2026-02-19 18:17:49 Image size of job updated: 1611452
	447  -  MemoryUsage of job (MB)
	457432  -  ResidentSetSize of job (KB)
...
006 (42162723.000.000) 2026-02-19 18:22:50 Image size of job updated: 1611452
	526  -  MemoryUsage of job (MB)
	538492  -  ResidentSetSize of job (KB)
...
006 (42162723.000.000) 2026-02-19 18:27:50 Image size of job updated: 1613500
	756  -  MemoryUsage of job (MB)
	773496  -  ResidentSetSize of job (KB)
...
006 (42162723.000.000) 2026-02-19 18:32:50 Image size of job updated: 1615616
	756  -  MemoryUsage of job (MB)
	773496  -  ResidentSetSize of job (KB)
...
005 (42162723.000.000) 2026-02-19 18:38:51 Job terminated.
	(1) Normal termination (return value 0)
		Usr 0 00:33:50, Sys 0 00:03:29  -  Run Remote Usage
		Usr 0 00:00:00, Sys 0 00:00:00  -  Run Local Usage
		Usr 0 00:33:50, Sys 0 00:03:29  -  Total Remote Usage
		Usr 0 00:00:00, Sys 0 00:00:00  -  Total Local Usage
	0  -  Run Bytes Sent By Job
	0  -  Run Bytes Received By Job
	0  -  Total Bytes Sent By Job
	0  -  Total Bytes Received By Job
	Partitionable Resources :    Usage  Request Allocated 
	   Cpus                 :     1.02        6         6 
	   Disk (KB)            :     1           1     27397 
	   Memory (MB)          :   756        2048      2048 

	Job terminated of its own accord at 2026-02-19T23:38:51Z with exit-code 0.
...
