000 (42162720.007.000) 2026-02-19 17:53:24 Job submitted from host: <10.5.0.107:9618?addrs=10.5.0.107-9618&alias=sugwg-login.syr.edu&noUDP&sock=schedd_873_6244>
...
001 (42162720.007.000) 2026-02-19 17:54:06 Job executing on host: <10.5.202.21:9618?addrs=10.5.202.21-9618&alias=CRUSH-OG-10-5-202-21&noUDP&sock=startd_1539_3457>
...
006 (42162720.007.000) 2026-02-19 17:54:14 Image size of job updated: 725984
	117  -  MemoryUsage of job (MB)
	119648  -  ResidentSetSize of job (KB)
...
006 (42162720.007.000) 2026-02-19 17:59:14 Image size of job updated: 1148636
	911  -  MemoryUsage of job (MB)
	932720  -  ResidentSetSize of job (KB)
...
006 (42162720.007.000) 2026-02-19 18:01:42 Image size of job updated: 1550564
	911  -  MemoryUsage of job (MB)
	932720  -  ResidentSetSize of job (KB)
...
004 (42162720.007.000) 2026-02-19 18:01:42 Job was evicted.
	(0) CPU times
		Usr 0 00:07:11, Sys 0 00:00:39  -  Run Remote Usage
		Usr 0 00:00:00, Sys 0 00:00:00  -  Run Local Usage
	0  -  Run Bytes Sent By Job
	0  -  Run Bytes Received By Job
	Partitionable Resources :    Usage  Request Allocated 
	   Cpus                 :     1.05        6         6 
	   Disk (KB)            :     1           1     27335 
	   Memory (MB)          :   911        2048      2048 
...
009 (42162720.007.000) 2026-02-19 18:01:42 Job was aborted.
	via condor_rm (by user vjadhavy)
...
000 (42162723.007.000) 2026-02-19 18:02:08 Job submitted from host: <10.5.0.107:9618?addrs=10.5.0.107-9618&alias=sugwg-login.syr.edu&noUDP&sock=schedd_873_6244>
...
001 (42162723.007.000) 2026-02-19 18:02:38 Job executing on host: <10.5.213.122:9618?addrs=10.5.213.122-9618&alias=CRUSH-OG-10-5-213-122&noUDP&sock=startd_1536_258f>
...
006 (42162723.007.000) 2026-02-19 18:02:47 Image size of job updated: 160676
	104  -  MemoryUsage of job (MB)
	105500  -  ResidentSetSize of job (KB)
...
006 (42162723.007.000) 2026-02-19 18:07:47 Image size of job updated: 1674072
	269  -  MemoryUsage of job (MB)
	274884  -  ResidentSetSize of job (KB)
...
006 (42162723.007.000) 2026-02-19 18:12:47 Image size of job updated: 1674072
	292  -  MemoryUsage of job (MB)
	298980  -  ResidentSetSize of job (KB)
...
006 (42162723.007.000) 2026-02-19 18:22:49 Image size of job updated: 1674072
	817  -  MemoryUsage of job (MB)
	836116  -  ResidentSetSize of job (KB)
...
005 (42162723.007.000) 2026-02-19 18:37:34 Job terminated.
	(1) Normal termination (return value 0)
		Usr 0 00:32:55, Sys 0 00:03:13  -  Run Remote Usage
		Usr 0 00:00:00, Sys 0 00:00:00  -  Run Local Usage
		Usr 0 00:32:55, Sys 0 00:03:13  -  Total Remote Usage
		Usr 0 00:00:00, Sys 0 00:00:00  -  Total Local Usage
	0  -  Run Bytes Sent By Job
	0  -  Run Bytes Received By Job
	0  -  Total Bytes Sent By Job
	0  -  Total Bytes Received By Job
	Partitionable Resources :    Usage  Request Allocated 
	   Cpus                 :     1.03        6         6 
	   Disk (KB)            :     1           1     27375 
	   Memory (MB)          :   817        2048      2048 

	Job terminated of its own accord at 2026-02-19T23:37:34Z with exit-code 0.
...
