000 (42162720.002.000) 2026-02-19 17:53:24 Job submitted from host: <10.5.0.107:9618?addrs=10.5.0.107-9618&alias=sugwg-login.syr.edu&noUDP&sock=schedd_873_6244>
...
001 (42162720.002.000) 2026-02-19 17:54:06 Job executing on host: <10.5.160.54:9618?addrs=10.5.160.54-9618&alias=CRUSH-OG-10-5-160-54&noUDP&sock=startd_1529_5865>
...
006 (42162720.002.000) 2026-02-19 17:54:14 Image size of job updated: 80884
	79  -  MemoryUsage of job (MB)
	80488  -  ResidentSetSize of job (KB)
...
006 (42162720.002.000) 2026-02-19 17:59:14 Image size of job updated: 1487112
	755  -  MemoryUsage of job (MB)
	773020  -  ResidentSetSize of job (KB)
...
006 (42162720.002.000) 2026-02-19 18:01:42 Image size of job updated: 1554184
	755  -  MemoryUsage of job (MB)
	773020  -  ResidentSetSize of job (KB)
...
004 (42162720.002.000) 2026-02-19 18:01:42 Job was evicted.
	(0) CPU times
		Usr 0 00:06:57, Sys 0 00:00:46  -  Run Remote Usage
		Usr 0 00:00:00, Sys 0 00:00:00  -  Run Local Usage
	0  -  Run Bytes Sent By Job
	0  -  Run Bytes Received By Job
	Partitionable Resources :    Usage  Request Allocated 
	   Cpus                 :     1.01        6         6 
	   Disk (KB)            :     1           1     27361 
	   Memory (MB)          :   755        2048      2048 
...
009 (42162720.002.000) 2026-02-19 18:01:42 Job was aborted.
	via condor_rm (by user vjadhavy)
...
000 (42162723.002.000) 2026-02-19 18:02:08 Job submitted from host: <10.5.0.107:9618?addrs=10.5.0.107-9618&alias=sugwg-login.syr.edu&noUDP&sock=schedd_873_6244>
...
001 (42162723.002.000) 2026-02-19 18:02:38 Job executing on host: <10.5.180.40:9618?addrs=10.5.180.40-9618&alias=CRUSH-OG-10-5-180-40&noUDP&sock=startd_1531_b796>
...
006 (42162723.002.000) 2026-02-19 18:02:47 Image size of job updated: 370472
	158  -  MemoryUsage of job (MB)
	161016  -  ResidentSetSize of job (KB)
...
006 (42162723.002.000) 2026-02-19 18:07:48 Image size of job updated: 1641592
	343  -  MemoryUsage of job (MB)
	350220  -  ResidentSetSize of job (KB)
...
006 (42162723.002.000) 2026-02-19 18:12:48 Image size of job updated: 1641592
	348  -  MemoryUsage of job (MB)
	356160  -  ResidentSetSize of job (KB)
...
006 (42162723.002.000) 2026-02-19 18:17:48 Image size of job updated: 1641592
	848  -  MemoryUsage of job (MB)
	868084  -  ResidentSetSize of job (KB)
...
005 (42162723.002.000) 2026-02-19 18:36:20 Job terminated.
	(1) Normal termination (return value 0)
		Usr 0 00:31:48, Sys 0 00:03:04  -  Run Remote Usage
		Usr 0 00:00:00, Sys 0 00:00:00  -  Run Local Usage
		Usr 0 00:31:48, Sys 0 00:03:04  -  Total Remote Usage
		Usr 0 00:00:00, Sys 0 00:00:00  -  Total Local Usage
	0  -  Run Bytes Sent By Job
	0  -  Run Bytes Received By Job
	0  -  Total Bytes Sent By Job
	0  -  Total Bytes Received By Job
	Partitionable Resources :    Usage  Request Allocated 
	   Cpus                 :     1.05        6         6 
	   Disk (KB)            :     1           1     27316 
	   Memory (MB)          :   848        2048      2048 

	Job terminated of its own accord at 2026-02-19T23:36:20Z with exit-code 0.
...
